<?xml version="1.0" encoding="UTF-8"?>
<testsuite name="org.retailmanager.init.BaseControllerTest" tests="1" skipped="1" failures="0" errors="0" timestamp="2016-08-17T05:44:40" hostname="Soni" time="0.001">
  <properties/>
  <testcase name="initializationError" classname="org.retailmanager.init.BaseControllerTest" time="0.001">
    <skipped/>
  </testcase>
  <system-out><![CDATA[]]></system-out>
  <system-err><![CDATA[]]></system-err>
</testsuite>
