<?xml version="1.0" encoding="UTF-8"?>
<testsuite name="org.retailmanager.init.RetailManagerControllerTest" tests="4" skipped="1" failures="0" errors="0" timestamp="2016-08-17T05:44:49" hostname="Soni" time="0.609">
  <properties/>
  <testcase name="testGetShops" classname="org.retailmanager.init.RetailManagerControllerTest" time="0.421"/>
  <testcase name="testCreateShops" classname="org.retailmanager.init.RetailManagerControllerTest" time="0.15"/>
  <testcase name="testGetShopsNotFound" classname="org.retailmanager.init.RetailManagerControllerTest" time="0.024"/>
  <testcase name="contextLoads" classname="org.retailmanager.init.RetailManagerControllerTest" time="0.0">
    <skipped/>
  </testcase>
  <system-out><![CDATA[11:14:40.994 [Test worker] DEBUG org.springframework.test.context.junit4.SpringJUnit4ClassRunner - SpringJUnit4ClassRunner constructor called with [class org.retailmanager.init.RetailManagerControllerTest]
11:14:41.011 [Test worker] DEBUG org.springframework.test.context.BootstrapUtils - Instantiating CacheAwareContextLoaderDelegate from class [org.springframework.test.context.cache.DefaultCacheAwareContextLoaderDelegate]
11:14:41.026 [Test worker] DEBUG org.springframework.test.context.BootstrapUtils - Instantiating BootstrapContext using constructor [public org.springframework.test.context.support.DefaultBootstrapContext(java.lang.Class,org.springframework.test.context.CacheAwareContextLoaderDelegate)]
11:14:41.059 [Test worker] DEBUG org.springframework.test.context.BootstrapUtils - Instantiating TestContextBootstrapper for test class [org.retailmanager.init.RetailManagerControllerTest] from class [org.springframework.test.context.web.WebTestContextBootstrapper]
11:14:41.131 [Test worker] DEBUG org.springframework.test.context.support.AbstractDelegatingSmartContextLoader - Delegating to AnnotationConfigWebContextLoader to process context configuration [ContextConfigurationAttributes@429a9179 declaringClass = 'org.retailmanager.init.BaseTest', classes = '{class org.retailmanager.init.Application}', locations = '{}', inheritLocations = true, initializers = '{}', inheritInitializers = true, name = [null], contextLoaderClass = 'org.springframework.test.context.ContextLoader'].
11:14:41.137 [Test worker] DEBUG org.springframework.test.context.support.ActiveProfilesUtils - Could not find an 'annotation declaring class' for annotation type [org.springframework.test.context.ActiveProfiles] and class [org.retailmanager.init.RetailManagerControllerTest]
11:14:41.151 [Test worker] DEBUG org.springframework.test.context.web.WebTestContextBootstrapper - @TestExecutionListeners is not present for class [org.retailmanager.init.RetailManagerControllerTest]: using defaults.
11:14:41.180 [Test worker] INFO org.springframework.test.context.web.WebTestContextBootstrapper - Loaded default TestExecutionListener class names from location [META-INF/spring.factories]: [org.springframework.test.context.web.ServletTestExecutionListener, org.springframework.test.context.support.DirtiesContextBeforeModesTestExecutionListener, org.springframework.test.context.support.DependencyInjectionTestExecutionListener, org.springframework.test.context.support.DirtiesContextTestExecutionListener, org.springframework.test.context.transaction.TransactionalTestExecutionListener, org.springframework.test.context.jdbc.SqlScriptsTestExecutionListener]
11:14:41.205 [Test worker] INFO org.springframework.test.context.web.WebTestContextBootstrapper - Could not instantiate TestExecutionListener [org.springframework.test.context.transaction.TransactionalTestExecutionListener]. Specify custom listener classes or make the default listener classes (and their required dependencies) available. Offending class: [org/springframework/transaction/interceptor/TransactionAttributeSource]
11:14:41.208 [Test worker] INFO org.springframework.test.context.web.WebTestContextBootstrapper - Could not instantiate TestExecutionListener [org.springframework.test.context.jdbc.SqlScriptsTestExecutionListener]. Specify custom listener classes or make the default listener classes (and their required dependencies) available. Offending class: [org/springframework/transaction/interceptor/TransactionAttribute]
11:14:41.213 [Test worker] INFO org.springframework.test.context.web.WebTestContextBootstrapper - Using TestExecutionListeners: [org.springframework.test.context.web.ServletTestExecutionListener@698cd675, org.springframework.test.context.support.DirtiesContextBeforeModesTestExecutionListener@41999184, org.springframework.test.context.support.DependencyInjectionTestExecutionListener@53b42a65, org.springframework.test.context.support.DirtiesContextTestExecutionListener@5e70dc41]
11:14:41.219 [Test worker] DEBUG org.springframework.test.annotation.ProfileValueUtils - Retrieved @ProfileValueSourceConfiguration [null] for test class [org.retailmanager.init.RetailManagerControllerTest]
11:14:41.221 [Test worker] DEBUG org.springframework.test.annotation.ProfileValueUtils - Retrieved ProfileValueSource type [class org.springframework.test.annotation.SystemProfileValueSource] for class [org.retailmanager.init.RetailManagerControllerTest]
11:14:41.224 [Test worker] DEBUG org.springframework.test.annotation.ProfileValueUtils - Retrieved @ProfileValueSourceConfiguration [null] for test class [org.retailmanager.init.RetailManagerControllerTest]
11:14:41.224 [Test worker] DEBUG org.springframework.test.annotation.ProfileValueUtils - Retrieved ProfileValueSource type [class org.springframework.test.annotation.SystemProfileValueSource] for class [org.retailmanager.init.RetailManagerControllerTest]
11:14:41.231 [Test worker] DEBUG org.springframework.test.context.support.AbstractDirtiesContextTestExecutionListener - Before test class: context [DefaultTestContext@5d1680aa testClass = RetailManagerControllerTest, testInstance = [null], testMethod = [null], testException = [null], mergedContextConfiguration = [WebMergedContextConfiguration@409d89a8 testClass = RetailManagerControllerTest, locations = '{}', classes = '{class org.retailmanager.init.Application}', contextInitializerClasses = '[]', activeProfiles = '{}', propertySourceLocations = '{}', propertySourceProperties = '{}', resourceBasePath = 'src/main/webapp', contextLoader = 'org.springframework.test.context.web.WebDelegatingSmartContextLoader', parent = [null]]], class annotated with @DirtiesContext [false] with mode [null].
11:14:41.234 [Test worker] DEBUG org.springframework.test.annotation.ProfileValueUtils - Retrieved @ProfileValueSourceConfiguration [null] for test class [org.retailmanager.init.RetailManagerControllerTest]
11:14:41.234 [Test worker] DEBUG org.springframework.test.annotation.ProfileValueUtils - Retrieved ProfileValueSource type [class org.springframework.test.annotation.SystemProfileValueSource] for class [org.retailmanager.init.RetailManagerControllerTest]
11:14:41.240 [Test worker] DEBUG org.springframework.test.context.support.AbstractDelegatingSmartContextLoader - Delegating to AnnotationConfigWebContextLoader to load context from [WebMergedContextConfiguration@409d89a8 testClass = RetailManagerControllerTest, locations = '{}', classes = '{class org.retailmanager.init.Application}', contextInitializerClasses = '[]', activeProfiles = '{}', propertySourceLocations = '{}', propertySourceProperties = '{}', resourceBasePath = 'src/main/webapp', contextLoader = 'org.springframework.test.context.web.WebDelegatingSmartContextLoader', parent = [null]].
11:14:41.241 [Test worker] DEBUG org.springframework.test.context.web.AbstractGenericWebContextLoader - Loading WebApplicationContext for merged context configuration [WebMergedContextConfiguration@409d89a8 testClass = RetailManagerControllerTest, locations = '{}', classes = '{class org.retailmanager.init.Application}', contextInitializerClasses = '[]', activeProfiles = '{}', propertySourceLocations = '{}', propertySourceProperties = '{}', resourceBasePath = 'src/main/webapp', contextLoader = 'org.springframework.test.context.web.WebDelegatingSmartContextLoader', parent = [null]].
11:14:41.506 [Test worker] DEBUG org.springframework.web.context.support.StandardServletEnvironment - Adding [servletConfigInitParams] PropertySource with lowest search precedence
11:14:41.506 [Test worker] DEBUG org.springframework.web.context.support.StandardServletEnvironment - Adding [servletContextInitParams] PropertySource with lowest search precedence
11:14:41.514 [Test worker] DEBUG org.springframework.web.context.support.StandardServletEnvironment - Adding [systemProperties] PropertySource with lowest search precedence
11:14:41.517 [Test worker] DEBUG org.springframework.web.context.support.StandardServletEnvironment - Adding [systemEnvironment] PropertySource with lowest search precedence
11:14:41.518 [Test worker] DEBUG org.springframework.web.context.support.StandardServletEnvironment - Initialized StandardServletEnvironment with PropertySources [servletConfigInitParams,servletContextInitParams,systemProperties,systemEnvironment]
11:14:41.519 [Test worker] DEBUG org.springframework.test.context.web.AnnotationConfigWebContextLoader - Registering annotated classes: {class org.retailmanager.init.Application}
11:14:41.666 [Test worker] INFO org.springframework.web.context.support.GenericWebApplicationContext - Refreshing org.springframework.web.context.support.GenericWebApplicationContext@3678e173: startup date [Wed Aug 17 11:14:41 IST 2016]; root of context hierarchy
11:14:41.673 [Test worker] DEBUG org.springframework.web.context.support.StandardServletEnvironment - Replacing [servletContextInitParams] PropertySource with [servletContextInitParams]
11:14:41.675 [Test worker] DEBUG org.springframework.web.context.support.GenericWebApplicationContext - Bean factory for org.springframework.web.context.support.GenericWebApplicationContext@3678e173: org.springframework.beans.factory.support.DefaultListableBeanFactory@28947f6: defining beans [org.springframework.context.annotation.internalConfigurationAnnotationProcessor,org.springframework.context.annotation.internalAutowiredAnnotationProcessor,org.springframework.context.annotation.internalRequiredAnnotationProcessor,org.springframework.context.annotation.internalCommonAnnotationProcessor,org.springframework.context.event.internalEventListenerProcessor,org.springframework.context.event.internalEventListenerFactory,application]; root of factory hierarchy
11:14:41.706 [Test worker] DEBUG org.springframework.beans.factory.support.DefaultListableBeanFactory - Registering scope 'request' with implementation [org.springframework.web.context.request.RequestScope@2eaf227c]
11:14:41.707 [Test worker] DEBUG org.springframework.beans.factory.support.DefaultListableBeanFactory - Registering scope 'session' with implementation [org.springframework.web.context.request.SessionScope@513eaaa1]
11:14:41.708 [Test worker] DEBUG org.springframework.beans.factory.support.DefaultListableBeanFactory - Registering scope 'globalSession' with implementation [org.springframework.web.context.request.SessionScope@655ce38]
11:14:41.710 [Test worker] DEBUG org.springframework.beans.factory.support.DefaultListableBeanFactory - Registering scope 'application' with implementation [org.springframework.web.context.support.ServletContextScope@1bd7772e]
11:14:41.723 [Test worker] DEBUG org.springframework.beans.factory.support.DefaultListableBeanFactory - Creating shared instance of singleton bean 'org.springframework.context.annotation.internalConfigurationAnnotationProcessor'
11:14:41.724 [Test worker] DEBUG org.springframework.beans.factory.support.DefaultListableBeanFactory - Creating instance of bean 'org.springframework.context.annotation.internalConfigurationAnnotationProcessor'
11:14:41.778 [Test worker] DEBUG org.springframework.beans.factory.support.DefaultListableBeanFactory - Eagerly caching bean 'org.springframework.context.annotation.internalConfigurationAnnotationProcessor' to allow for resolving potential circular references
11:14:41.784 [Test worker] DEBUG org.springframework.beans.factory.support.DefaultListableBeanFactory - Finished creating instance of bean 'org.springframework.context.annotation.internalConfigurationAnnotationProcessor'
11:14:41.841 [Test worker] DEBUG org.springframework.core.env.StandardEnvironment - Adding [systemProperties] PropertySource with lowest search precedence
11:14:41.842 [Test worker] DEBUG org.springframework.core.env.StandardEnvironment - Adding [systemEnvironment] PropertySource with lowest search precedence
11:14:41.843 [Test worker] DEBUG org.springframework.core.env.StandardEnvironment - Initialized StandardEnvironment with PropertySources [systemProperties,systemEnvironment]
11:14:41.849 [Test worker] DEBUG org.springframework.context.annotation.ClassPathBeanDefinitionScanner - JSR-250 'javax.annotation.ManagedBean' found and supported for component scanning
11:14:41.859 [Test worker] DEBUG org.springframework.core.io.support.PathMatchingResourcePatternResolver - Resolved classpath location [org/retailmanager/] to resources [URL [file:/C:/Viru/db/gittest/retailmanager/build/classes/test/org/retailmanager/], URL [file:/C:/Viru/db/gittest/retailmanager/build/classes/main/org/retailmanager/]]
11:14:41.862 [Test worker] DEBUG org.springframework.core.io.support.PathMatchingResourcePatternResolver - Looking for matching resources in directory tree [C:\Viru\db\gittest\retailmanager\build\classes\test\org\retailmanager]
11:14:41.863 [Test worker] DEBUG org.springframework.core.io.support.PathMatchingResourcePatternResolver - Searching directory [C:\Viru\db\gittest\retailmanager\build\classes\test\org\retailmanager] for files matching pattern [C:/Viru/db/gittest/retailmanager/build/classes/test/org/retailmanager/*/**/*.class]
11:14:41.870 [Test worker] DEBUG org.springframework.core.io.support.PathMatchingResourcePatternResolver - Searching directory [C:\Viru\db\gittest\retailmanager\build\classes\test\org\retailmanager\init] for files matching pattern [C:/Viru/db/gittest/retailmanager/build/classes/test/org/retailmanager/*/**/*.class]
11:14:41.874 [Test worker] DEBUG org.springframework.core.io.support.PathMatchingResourcePatternResolver - Looking for matching resources in directory tree [C:\Viru\db\gittest\retailmanager\build\classes\main\org\retailmanager]
11:14:41.875 [Test worker] DEBUG org.springframework.core.io.support.PathMatchingResourcePatternResolver - Searching directory [C:\Viru\db\gittest\retailmanager\build\classes\main\org\retailmanager] for files matching pattern [C:/Viru/db/gittest/retailmanager/build/classes/main/org/retailmanager/*/**/*.class]
11:14:41.877 [Test worker] DEBUG org.springframework.core.io.support.PathMatchingResourcePatternResolver - Searching directory [C:\Viru\db\gittest\retailmanager\build\classes\main\org\retailmanager\api] for files matching pattern [C:/Viru/db/gittest/retailmanager/build/classes/main/org/retailmanager/*/**/*.class]
11:14:41.878 [Test worker] DEBUG org.springframework.core.io.support.PathMatchingResourcePatternResolver - Searching directory [C:\Viru\db\gittest\retailmanager\build\classes\main\org\retailmanager\api\error] for files matching pattern [C:/Viru/db/gittest/retailmanager/build/classes/main/org/retailmanager/*/**/*.class]
11:14:41.880 [Test worker] DEBUG org.springframework.core.io.support.PathMatchingResourcePatternResolver - Searching directory [C:\Viru\db\gittest\retailmanager\build\classes\main\org\retailmanager\api\request] for files matching pattern [C:/Viru/db/gittest/retailmanager/build/classes/main/org/retailmanager/*/**/*.class]
11:14:41.881 [Test worker] DEBUG org.springframework.core.io.support.PathMatchingResourcePatternResolver - Searching directory [C:\Viru\db\gittest\retailmanager\build\classes\main\org\retailmanager\api\response] for files matching pattern [C:/Viru/db/gittest/retailmanager/build/classes/main/org/retailmanager/*/**/*.class]
11:14:41.883 [Test worker] DEBUG org.springframework.core.io.support.PathMatchingResourcePatternResolver - Searching directory [C:\Viru\db\gittest\retailmanager\build\classes\main\org\retailmanager\geocode] for files matching pattern [C:/Viru/db/gittest/retailmanager/build/classes/main/org/retailmanager/*/**/*.class]
11:14:41.884 [Test worker] DEBUG org.springframework.core.io.support.PathMatchingResourcePatternResolver - Searching directory [C:\Viru\db\gittest\retailmanager\build\classes\main\org\retailmanager\geocode\restclient] for files matching pattern [C:/Viru/db/gittest/retailmanager/build/classes/main/org/retailmanager/*/**/*.class]
11:14:41.887 [Test worker] DEBUG org.springframework.core.io.support.PathMatchingResourcePatternResolver - Searching directory [C:\Viru\db\gittest\retailmanager\build\classes\main\org\retailmanager\init] for files matching pattern [C:/Viru/db/gittest/retailmanager/build/classes/main/org/retailmanager/*/**/*.class]
11:14:41.888 [Test worker] DEBUG org.springframework.core.io.support.PathMatchingResourcePatternResolver - Searching directory [C:\Viru\db\gittest\retailmanager\build\classes\main\org\retailmanager\rest] for files matching pattern [C:/Viru/db/gittest/retailmanager/build/classes/main/org/retailmanager/*/**/*.class]
11:14:41.889 [Test worker] DEBUG org.springframework.core.io.support.PathMatchingResourcePatternResolver - Searching directory [C:\Viru\db\gittest\retailmanager\build\classes\main\org\retailmanager\rest\bs] for files matching pattern [C:/Viru/db/gittest/retailmanager/build/classes/main/org/retailmanager/*/**/*.class]
11:14:41.890 [Test worker] DEBUG org.springframework.core.io.support.PathMatchingResourcePatternResolver - Searching directory [C:\Viru\db\gittest\retailmanager\build\classes\main\org\retailmanager\rest\modal] for files matching pattern [C:/Viru/db/gittest/retailmanager/build/classes/main/org/retailmanager/*/**/*.class]
11:14:41.893 [Test worker] DEBUG org.springframework.core.io.support.PathMatchingResourcePatternResolver - Searching directory [C:\Viru\db\gittest\retailmanager\build\classes\main\org\retailmanager\rest\repository] for files matching pattern [C:/Viru/db/gittest/retailmanager/build/classes/main/org/retailmanager/*/**/*.class]
11:14:41.896 [Test worker] DEBUG org.springframework.core.io.support.PathMatchingResourcePatternResolver - Resolved location pattern [classpath*:org/retailmanager/*/**/*.class] to resources [file [C:\Viru\db\gittest\retailmanager\build\classes\test\org\retailmanager\init\BaseControllerTest.class], file [C:\Viru\db\gittest\retailmanager\build\classes\test\org\retailmanager\init\BaseTest.class], file [C:\Viru\db\gittest\retailmanager\build\classes\test\org\retailmanager\init\RetailManagerControllerTest.class], file [C:\Viru\db\gittest\retailmanager\build\classes\main\org\retailmanager\api\error\GlobalExceptionHandler.class], file [C:\Viru\db\gittest\retailmanager\build\classes\main\org\retailmanager\api\IRetailManagerController.class], file [C:\Viru\db\gittest\retailmanager\build\classes\main\org\retailmanager\api\request\ShopRequestVO.class], file [C:\Viru\db\gittest\retailmanager\build\classes\main\org\retailmanager\api\response\ShopsResponseVO.class], file [C:\Viru\db\gittest\retailmanager\build\classes\main\org\retailmanager\api\RetailsManagerController.class], file [C:\Viru\db\gittest\retailmanager\build\classes\main\org\retailmanager\geocode\restclient\GoogleGeoCodeClient.class], file [C:\Viru\db\gittest\retailmanager\build\classes\main\org\retailmanager\geocode\restclient\IGoogleGeoCodeClient.class], file [C:\Viru\db\gittest\retailmanager\build\classes\main\org\retailmanager\init\Application.class], file [C:\Viru\db\gittest\retailmanager\build\classes\main\org\retailmanager\rest\bs\IRetailsManager.class], file [C:\Viru\db\gittest\retailmanager\build\classes\main\org\retailmanager\rest\bs\RetailManagerService.class], file [C:\Viru\db\gittest\retailmanager\build\classes\main\org\retailmanager\rest\modal\ShopAddress.class], file [C:\Viru\db\gittest\retailmanager\build\classes\main\org\retailmanager\rest\modal\ShopGeoInfo.class], file [C:\Viru\db\gittest\retailmanager\build\classes\main\org\retailmanager\rest\modal\ShopInfo.class], file [C:\Viru\db\gittest\retailmanager\build\classes\main\org\retailmanager\rest\modal\StoreGeoCode.class], file [C:\Viru\db\gittest\retailmanager\build\classes\main\org\retailmanager\rest\repository\IShopsRepository.class], file [C:\Viru\db\gittest\retailmanager\build\classes\main\org\retailmanager\rest\repository\ShopsRepository.class]]
11:14:41.964 [Test worker] DEBUG org.springframework.context.annotation.ClassPathBeanDefinitionScanner - Identified candidate component class: file [C:\Viru\db\gittest\retailmanager\build\classes\main\org\retailmanager\api\error\GlobalExceptionHandler.class]
11:14:41.975 [Test worker] DEBUG org.springframework.context.annotation.ClassPathBeanDefinitionScanner - Identified candidate component class: file [C:\Viru\db\gittest\retailmanager\build\classes\main\org\retailmanager\api\RetailsManagerController.class]
11:14:41.977 [Test worker] DEBUG org.springframework.context.annotation.ClassPathBeanDefinitionScanner - Identified candidate component class: file [C:\Viru\db\gittest\retailmanager\build\classes\main\org\retailmanager\geocode\restclient\GoogleGeoCodeClient.class]
11:14:41.993 [Test worker] DEBUG org.springframework.context.annotation.ClassPathBeanDefinitionScanner - Identified candidate component class: file [C:\Viru\db\gittest\retailmanager\build\classes\main\org\retailmanager\rest\bs\RetailManagerService.class]
11:14:42.000 [Test worker] DEBUG org.springframework.context.annotation.ClassPathBeanDefinitionScanner - Identified candidate component class: file [C:\Viru\db\gittest\retailmanager\build\classes\main\org\retailmanager\rest\repository\ShopsRepository.class]
11:14:42.005 [Test worker] DEBUG org.springframework.core.io.support.PathMatchingResourcePatternResolver - Resolved classpath location [org/retailmanager/api/] to resources [URL [file:/C:/Viru/db/gittest/retailmanager/build/classes/main/org/retailmanager/api/]]
11:14:42.005 [Test worker] DEBUG org.springframework.core.io.support.PathMatchingResourcePatternResolver - Looking for matching resources in directory tree [C:\Viru\db\gittest\retailmanager\build\classes\main\org\retailmanager\api]
11:14:42.006 [Test worker] DEBUG org.springframework.core.io.support.PathMatchingResourcePatternResolver - Searching directory [C:\Viru\db\gittest\retailmanager\build\classes\main\org\retailmanager\api] for files matching pattern [C:/Viru/db/gittest/retailmanager/build/classes/main/org/retailmanager/api/*/**/*.class]
11:14:42.007 [Test worker] DEBUG org.springframework.core.io.support.PathMatchingResourcePatternResolver - Searching directory [C:\Viru\db\gittest\retailmanager\build\classes\main\org\retailmanager\api\error] for files matching pattern [C:/Viru/db/gittest/retailmanager/build/classes/main/org/retailmanager/api/*/**/*.class]
11:14:42.009 [Test worker] DEBUG org.springframework.core.io.support.PathMatchingResourcePatternResolver - Searching directory [C:\Viru\db\gittest\retailmanager\build\classes\main\org\retailmanager\api\request] for files matching pattern [C:/Viru/db/gittest/retailmanager/build/classes/main/org/retailmanager/api/*/**/*.class]
11:14:42.011 [Test worker] DEBUG org.springframework.core.io.support.PathMatchingResourcePatternResolver - Searching directory [C:\Viru\db\gittest\retailmanager\build\classes\main\org\retailmanager\api\response] for files matching pattern [C:/Viru/db/gittest/retailmanager/build/classes/main/org/retailmanager/api/*/**/*.class]
11:14:42.012 [Test worker] DEBUG org.springframework.core.io.support.PathMatchingResourcePatternResolver - Resolved location pattern [classpath*:org/retailmanager/api/*/**/*.class] to resources [file [C:\Viru\db\gittest\retailmanager\build\classes\main\org\retailmanager\api\error\GlobalExceptionHandler.class], file [C:\Viru\db\gittest\retailmanager\build\classes\main\org\retailmanager\api\request\ShopRequestVO.class], file [C:\Viru\db\gittest\retailmanager\build\classes\main\org\retailmanager\api\response\ShopsResponseVO.class]]
11:14:42.013 [Test worker] DEBUG org.springframework.context.annotation.ClassPathBeanDefinitionScanner - Identified candidate component class: file [C:\Viru\db\gittest\retailmanager\build\classes\main\org\retailmanager\api\error\GlobalExceptionHandler.class]
11:14:42.017 [Test worker] DEBUG org.springframework.core.io.support.PathMatchingResourcePatternResolver - Resolved classpath location [org/retailmanager/rest/] to resources [URL [file:/C:/Viru/db/gittest/retailmanager/build/classes/main/org/retailmanager/rest/]]
11:14:42.017 [Test worker] DEBUG org.springframework.core.io.support.PathMatchingResourcePatternResolver - Looking for matching resources in directory tree [C:\Viru\db\gittest\retailmanager\build\classes\main\org\retailmanager\rest]
11:14:42.018 [Test worker] DEBUG org.springframework.core.io.support.PathMatchingResourcePatternResolver - Searching directory [C:\Viru\db\gittest\retailmanager\build\classes\main\org\retailmanager\rest] for files matching pattern [C:/Viru/db/gittest/retailmanager/build/classes/main/org/retailmanager/rest/*/**/*.class]
11:14:42.019 [Test worker] DEBUG org.springframework.core.io.support.PathMatchingResourcePatternResolver - Searching directory [C:\Viru\db\gittest\retailmanager\build\classes\main\org\retailmanager\rest\bs] for files matching pattern [C:/Viru/db/gittest/retailmanager/build/classes/main/org/retailmanager/rest/*/**/*.class]
11:14:42.021 [Test worker] DEBUG org.springframework.core.io.support.PathMatchingResourcePatternResolver - Searching directory [C:\Viru\db\gittest\retailmanager\build\classes\main\org\retailmanager\rest\modal] for files matching pattern [C:/Viru/db/gittest/retailmanager/build/classes/main/org/retailmanager/rest/*/**/*.class]
11:14:42.024 [Test worker] DEBUG org.springframework.core.io.support.PathMatchingResourcePatternResolver - Searching directory [C:\Viru\db\gittest\retailmanager\build\classes\main\org\retailmanager\rest\repository] for files matching pattern [C:/Viru/db/gittest/retailmanager/build/classes/main/org/retailmanager/rest/*/**/*.class]
11:14:42.027 [Test worker] DEBUG org.springframework.core.io.support.PathMatchingResourcePatternResolver - Resolved location pattern [classpath*:org/retailmanager/rest/*/**/*.class] to resources [file [C:\Viru\db\gittest\retailmanager\build\classes\main\org\retailmanager\rest\bs\IRetailsManager.class], file [C:\Viru\db\gittest\retailmanager\build\classes\main\org\retailmanager\rest\bs\RetailManagerService.class], file [C:\Viru\db\gittest\retailmanager\build\classes\main\org\retailmanager\rest\modal\ShopAddress.class], file [C:\Viru\db\gittest\retailmanager\build\classes\main\org\retailmanager\rest\modal\ShopGeoInfo.class], file [C:\Viru\db\gittest\retailmanager\build\classes\main\org\retailmanager\rest\modal\ShopInfo.class], file [C:\Viru\db\gittest\retailmanager\build\classes\main\org\retailmanager\rest\modal\StoreGeoCode.class], file [C:\Viru\db\gittest\retailmanager\build\classes\main\org\retailmanager\rest\repository\IShopsRepository.class], file [C:\Viru\db\gittest\retailmanager\build\classes\main\org\retailmanager\rest\repository\ShopsRepository.class]]
11:14:42.028 [Test worker] DEBUG org.springframework.context.annotation.ClassPathBeanDefinitionScanner - Identified candidate component class: file [C:\Viru\db\gittest\retailmanager\build\classes\main\org\retailmanager\rest\bs\RetailManagerService.class]
11:14:42.030 [Test worker] DEBUG org.springframework.context.annotation.ClassPathBeanDefinitionScanner - Identified candidate component class: file [C:\Viru\db\gittest\retailmanager\build\classes\main\org\retailmanager\rest\repository\ShopsRepository.class]
11:14:42.127 [Test worker] DEBUG org.springframework.core.env.PropertySourcesPropertyResolver - Searching for key 'java.runtime.name' in [servletConfigInitParams]
11:14:42.129 [Test worker] DEBUG org.springframework.core.env.PropertySourcesPropertyResolver - Searching for key 'java.runtime.name' in [servletContextInitParams]
11:14:42.129 [Test worker] DEBUG org.springframework.core.env.PropertySourcesPropertyResolver - Searching for key 'java.runtime.name' in [systemProperties]
11:14:42.130 [Test worker] DEBUG org.springframework.core.env.PropertySourcesPropertyResolver - Found key 'java.runtime.name' in [systemProperties] with type [String] and value 'Java(TM) SE Runtime Environment'
11:14:42.136 [Test worker] DEBUG org.springframework.core.env.PropertySourcesPropertyResolver - Searching for key 'sun.boot.library.path' in [servletConfigInitParams]
11:14:42.137 [Test worker] DEBUG org.springframework.core.env.PropertySourcesPropertyResolver - Searching for key 'sun.boot.library.path' in [servletContextInitParams]
11:14:42.138 [Test worker] DEBUG org.springframework.core.env.PropertySourcesPropertyResolver - Searching for key 'sun.boot.library.path' in [systemProperties]
11:14:42.138 [Test worker] DEBUG org.springframework.core.env.PropertySourcesPropertyResolver - Found key 'sun.boot.library.path' in [systemProperties] with type [String] and value 'C:\Program Files\Java\jdk1.8.0_101\jre\bin'
11:14:42.139 [Test worker] DEBUG org.springframework.core.env.PropertySourcesPropertyResolver - Searching for key 'java.vm.version' in [servletConfigInitParams]
11:14:42.140 [Test worker] DEBUG org.springframework.core.env.PropertySourcesPropertyResolver - Searching for key 'java.vm.version' in [servletContextInitParams]
11:14:42.141 [Test worker] DEBUG org.springframework.core.env.PropertySourcesPropertyResolver - Searching for key 'java.vm.version' in [systemProperties]
11:14:42.141 [Test worker] DEBUG org.springframework.core.env.PropertySourcesPropertyResolver - Found key 'java.vm.version' in [systemProperties] with type [String] and value '25.101-b13'
11:14:42.146 [Test worker] DEBUG org.springframework.core.env.PropertySourcesPropertyResolver - Searching for key 'java.vm.vendor' in [servletConfigInitParams]
11:14:42.147 [Test worker] DEBUG org.springframework.core.env.PropertySourcesPropertyResolver - Searching for key 'java.vm.vendor' in [servletContextInitParams]
11:14:42.148 [Test worker] DEBUG org.springframework.core.env.PropertySourcesPropertyResolver - Searching for key 'java.vm.vendor' in [systemProperties]
11:14:42.149 [Test worker] DEBUG org.springframework.core.env.PropertySourcesPropertyResolver - Found key 'java.vm.vendor' in [systemProperties] with type [String] and value 'Oracle Corporation'
11:14:42.150 [Test worker] DEBUG org.springframework.core.env.PropertySourcesPropertyResolver - Searching for key 'java.vendor.url' in [servletConfigInitParams]
11:14:42.151 [Test worker] DEBUG org.springframework.core.env.PropertySourcesPropertyResolver - Searching for key 'java.vendor.url' in [servletContextInitParams]
11:14:42.152 [Test worker] DEBUG org.springframework.core.env.PropertySourcesPropertyResolver - Searching for key 'java.vendor.url' in [systemProperties]
11:14:42.153 [Test worker] DEBUG org.springframework.core.env.PropertySourcesPropertyResolver - Found key 'java.vendor.url' in [systemProperties] with type [String] and value 'http://java.oracle.com/'
11:14:42.154 [Test worker] DEBUG org.springframework.core.env.PropertySourcesPropertyResolver - Searching for key 'path.separator' in [servletConfigInitParams]
11:14:42.155 [Test worker] DEBUG org.springframework.core.env.PropertySourcesPropertyResolver - Searching for key 'path.separator' in [servletContextInitParams]
11:14:42.157 [Test worker] DEBUG org.springframework.core.env.PropertySourcesPropertyResolver - Searching for key 'path.separator' in [systemProperties]
11:14:42.159 [Test worker] DEBUG org.springframework.core.env.PropertySourcesPropertyResolver - Found key 'path.separator' in [systemProperties] with type [String] and value ';'
11:14:42.160 [Test worker] DEBUG org.springframework.core.env.PropertySourcesPropertyResolver - Searching for key 'java.vm.name' in [servletConfigInitParams]
11:14:42.161 [Test worker] DEBUG org.springframework.core.env.PropertySourcesPropertyResolver - Searching for key 'java.vm.name' in [servletContextInitParams]
11:14:42.162 [Test worker] DEBUG org.springframework.core.env.PropertySourcesPropertyResolver - Searching for key 'java.vm.name' in [systemProperties]
11:14:42.163 [Test worker] DEBUG org.springframework.core.env.PropertySourcesPropertyResolver - Found key 'java.vm.name' in [systemProperties] with type [String] and value 'Java HotSpot(TM) 64-Bit Server VM'
11:14:42.163 [Test worker] DEBUG org.springframework.core.env.PropertySourcesPropertyResolver - Searching for key 'file.encoding.pkg' in [servletConfigInitParams]
11:14:42.164 [Test worker] DEBUG org.springframework.core.env.PropertySourcesPropertyResolver - Searching for key 'file.encoding.pkg' in [servletContextInitParams]
11:14:42.165 [Test worker] DEBUG org.springframework.core.env.PropertySourcesPropertyResolver - Searching for key 'file.encoding.pkg' in [systemProperties]
11:14:42.166 [Test worker] DEBUG org.springframework.core.env.PropertySourcesPropertyResolver - Found key 'file.encoding.pkg' in [systemProperties] with type [String] and value 'sun.io'
11:14:42.167 [Test worker] DEBUG org.springframework.core.env.PropertySourcesPropertyResolver - Searching for key 'user.script' in [servletConfigInitParams]
11:14:42.167 [Test worker] DEBUG org.springframework.core.env.PropertySourcesPropertyResolver - Searching for key 'user.script' in [servletContextInitParams]
11:14:42.167 [Test worker] DEBUG org.springframework.core.env.PropertySourcesPropertyResolver - Searching for key 'user.script' in [systemProperties]
11:14:42.168 [Test worker] DEBUG org.springframework.core.env.PropertySourcesPropertyResolver - Found key 'user.script' in [systemProperties] with type [String] and value ''
11:14:42.169 [Test worker] DEBUG org.springframework.core.env.PropertySourcesPropertyResolver - Searching for key 'sun.java.launcher' in [servletConfigInitParams]
11:14:42.169 [Test worker] DEBUG org.springframework.core.env.PropertySourcesPropertyResolver - Searching for key 'sun.java.launcher' in [servletContextInitParams]
11:14:42.170 [Test worker] DEBUG org.springframework.core.env.PropertySourcesPropertyResolver - Searching for key 'sun.java.launcher' in [systemProperties]
11:14:42.170 [Test worker] DEBUG org.springframework.core.env.PropertySourcesPropertyResolver - Found key 'sun.java.launcher' in [systemProperties] with type [String] and value 'SUN_STANDARD'
11:14:42.171 [Test worker] DEBUG org.springframework.core.env.PropertySourcesPropertyResolver - Searching for key 'user.country' in [servletConfigInitParams]
11:14:42.171 [Test worker] DEBUG org.springframework.core.env.PropertySourcesPropertyResolver - Searching for key 'user.country' in [servletContextInitParams]
11:14:42.172 [Test worker] DEBUG org.springframework.core.env.PropertySourcesPropertyResolver - Searching for key 'user.country' in [systemProperties]
11:14:42.172 [Test worker] DEBUG org.springframework.core.env.PropertySourcesPropertyResolver - Found key 'user.country' in [systemProperties] with type [String] and value 'IN'
11:14:42.173 [Test worker] DEBUG org.springframework.core.env.PropertySourcesPropertyResolver - Searching for key 'sun.os.patch.level' in [servletConfigInitParams]
11:14:42.174 [Test worker] DEBUG org.springframework.core.env.PropertySourcesPropertyResolver - Searching for key 'sun.os.patch.level' in [servletContextInitParams]
11:14:42.174 [Test worker] DEBUG org.springframework.core.env.PropertySourcesPropertyResolver - Searching for key 'sun.os.patch.level' in [systemProperties]
11:14:42.175 [Test worker] DEBUG org.springframework.core.env.PropertySourcesPropertyResolver - Found key 'sun.os.patch.level' in [systemProperties] with type [String] and value ''
11:14:42.175 [Test worker] DEBUG org.springframework.core.env.PropertySourcesPropertyResolver - Searching for key 'java.vm.specification.name' in [servletConfigInitParams]
11:14:42.176 [Test worker] DEBUG org.springframework.core.env.PropertySourcesPropertyResolver - Searching for key 'java.vm.specification.name' in [servletContextInitParams]
11:14:42.176 [Test worker] DEBUG org.springframework.core.env.PropertySourcesPropertyResolver - Searching for key 'java.vm.specification.name' in [systemProperties]
11:14:42.177 [Test worker] DEBUG org.springframework.core.env.PropertySourcesPropertyResolver - Found key 'java.vm.specification.name' in [systemProperties] with type [String] and value 'Java Virtual Machine Specification'
11:14:42.177 [Test worker] DEBUG org.springframework.core.env.PropertySourcesPropertyResolver - Searching for key 'user.dir' in [servletConfigInitParams]
11:14:42.177 [Test worker] DEBUG org.springframework.core.env.PropertySourcesPropertyResolver - Searching for key 'user.dir' in [servletContextInitParams]
11:14:42.178 [Test worker] DEBUG org.springframework.core.env.PropertySourcesPropertyResolver - Searching for key 'user.dir' in [systemProperties]
11:14:42.178 [Test worker] DEBUG org.springframework.core.env.PropertySourcesPropertyResolver - Found key 'user.dir' in [systemProperties] with type [String] and value 'C:\Viru\db\gittest\retailmanager'
11:14:42.179 [Test worker] DEBUG org.springframework.core.env.PropertySourcesPropertyResolver - Searching for key 'java.runtime.version' in [servletConfigInitParams]
11:14:42.179 [Test worker] DEBUG org.springframework.core.env.PropertySourcesPropertyResolver - Searching for key 'java.runtime.version' in [servletContextInitParams]
11:14:42.180 [Test worker] DEBUG org.springframework.core.env.PropertySourcesPropertyResolver - Searching for key 'java.runtime.version' in [systemProperties]
11:14:42.181 [Test worker] DEBUG org.springframework.core.env.PropertySourcesPropertyResolver - Found key 'java.runtime.version' in [systemProperties] with type [String] and value '1.8.0_101-b13'
11:14:42.181 [Test worker] DEBUG org.springframework.core.env.PropertySourcesPropertyResolver - Searching for key 'java.awt.graphicsenv' in [servletConfigInitParams]
11:14:42.182 [Test worker] DEBUG org.springframework.core.env.PropertySourcesPropertyResolver - Searching for key 'java.awt.graphicsenv' in [servletContextInitParams]
11:14:42.183 [Test worker] DEBUG org.springframework.core.env.PropertySourcesPropertyResolver - Searching for key 'java.awt.graphicsenv' in [systemProperties]
11:14:42.184 [Test worker] DEBUG org.springframework.core.env.PropertySourcesPropertyResolver - Found key 'java.awt.graphicsenv' in [systemProperties] with type [String] and value 'sun.awt.Win32GraphicsEnvironment'
11:14:42.185 [Test worker] DEBUG org.springframework.core.env.PropertySourcesPropertyResolver - Searching for key 'java.endorsed.dirs' in [servletConfigInitParams]
11:14:42.186 [Test worker] DEBUG org.springframework.core.env.PropertySourcesPropertyResolver - Searching for key 'java.endorsed.dirs' in [servletContextInitParams]
11:14:42.187 [Test worker] DEBUG org.springframework.core.env.PropertySourcesPropertyResolver - Searching for key 'java.endorsed.dirs' in [systemProperties]
11:14:42.188 [Test worker] DEBUG org.springframework.core.env.PropertySourcesPropertyResolver - Found key 'java.endorsed.dirs' in [systemProperties] with type [String] and value 'C:\Program Files\Java\jdk1.8.0_101\jre\lib\endorsed'
11:14:42.190 [Test worker] DEBUG org.springframework.core.env.PropertySourcesPropertyResolver - Searching for key 'os.arch' in [servletConfigInitParams]
11:14:42.191 [Test worker] DEBUG org.springframework.core.env.PropertySourcesPropertyResolver - Searching for key 'os.arch' in [servletContextInitParams]
11:14:42.192 [Test worker] DEBUG org.springframework.core.env.PropertySourcesPropertyResolver - Searching for key 'os.arch' in [systemProperties]
11:14:42.192 [Test worker] DEBUG org.springframework.core.env.PropertySourcesPropertyResolver - Found key 'os.arch' in [systemProperties] with type [String] and value 'amd64'
11:14:42.192 [Test worker] DEBUG org.springframework.core.env.PropertySourcesPropertyResolver - Searching for key 'java.io.tmpdir' in [servletConfigInitParams]
11:14:42.193 [Test worker] DEBUG org.springframework.core.env.PropertySourcesPropertyResolver - Searching for key 'java.io.tmpdir' in [servletContextInitParams]
11:14:42.193 [Test worker] DEBUG org.springframework.core.env.PropertySourcesPropertyResolver - Searching for key 'java.io.tmpdir' in [systemProperties]
11:14:42.193 [Test worker] DEBUG org.springframework.core.env.PropertySourcesPropertyResolver - Found key 'java.io.tmpdir' in [systemProperties] with type [String] and value 'C:\Users\Soniya\AppData\Local\Temp\'
11:14:42.193 [Test worker] DEBUG org.springframework.core.env.PropertySourcesPropertyResolver - Searching for key 'line.separator' in [servletConfigInitParams]
11:14:42.194 [Test worker] DEBUG org.springframework.core.env.PropertySourcesPropertyResolver - Searching for key 'line.separator' in [servletContextInitParams]
11:14:42.194 [Test worker] DEBUG org.springframework.core.env.PropertySourcesPropertyResolver - Searching for key 'line.separator' in [systemProperties]
11:14:42.194 [Test worker] DEBUG org.springframework.core.env.PropertySourcesPropertyResolver - Found key 'line.separator' in [systemProperties] with type [String] and value '
'
11:14:42.194 [Test worker] DEBUG org.springframework.core.env.PropertySourcesPropertyResolver - Searching for key 'java.vm.specification.vendor' in [servletConfigInitParams]
11:14:42.196 [Test worker] DEBUG org.springframework.core.env.PropertySourcesPropertyResolver - Searching for key 'java.vm.specification.vendor' in [servletContextInitParams]
11:14:42.197 [Test worker] DEBUG org.springframework.core.env.PropertySourcesPropertyResolver - Searching for key 'java.vm.specification.vendor' in [systemProperties]
11:14:42.198 [Test worker] DEBUG org.springframework.core.env.PropertySourcesPropertyResolver - Found key 'java.vm.specification.vendor' in [systemProperties] with type [String] and value 'Oracle Corporation'
11:14:42.199 [Test worker] DEBUG org.springframework.core.env.PropertySourcesPropertyResolver - Searching for key 'user.variant' in [servletConfigInitParams]
11:14:42.200 [Test worker] DEBUG org.springframework.core.env.PropertySourcesPropertyResolver - Searching for key 'user.variant' in [servletContextInitParams]
11:14:42.200 [Test worker] DEBUG org.springframework.core.env.PropertySourcesPropertyResolver - Searching for key 'user.variant' in [systemProperties]
11:14:42.201 [Test worker] DEBUG org.springframework.core.env.PropertySourcesPropertyResolver - Found key 'user.variant' in [systemProperties] with type [String] and value ''
11:14:42.202 [Test worker] DEBUG org.springframework.core.env.PropertySourcesPropertyResolver - Searching for key 'os.name' in [servletConfigInitParams]
11:14:42.203 [Test worker] DEBUG org.springframework.core.env.PropertySourcesPropertyResolver - Searching for key 'os.name' in [servletContextInitParams]
11:14:42.203 [Test worker] DEBUG org.springframework.core.env.PropertySourcesPropertyResolver - Searching for key 'os.name' in [systemProperties]
11:14:42.204 [Test worker] DEBUG org.springframework.core.env.PropertySourcesPropertyResolver - Found key 'os.name' in [systemProperties] with type [String] and value 'Windows 10'
11:14:42.205 [Test worker] DEBUG org.springframework.core.env.PropertySourcesPropertyResolver - Searching for key 'sun.jnu.encoding' in [servletConfigInitParams]
11:14:42.207 [Test worker] DEBUG org.springframework.core.env.PropertySourcesPropertyResolver - Searching for key 'sun.jnu.encoding' in [servletContextInitParams]
11:14:42.207 [Test worker] DEBUG org.springframework.core.env.PropertySourcesPropertyResolver - Searching for key 'sun.jnu.encoding' in [systemProperties]
11:14:42.208 [Test worker] DEBUG org.springframework.core.env.PropertySourcesPropertyResolver - Found key 'sun.jnu.encoding' in [systemProperties] with type [String] and value 'Cp1252'
11:14:42.209 [Test worker] DEBUG org.springframework.core.env.PropertySourcesPropertyResolver - Searching for key 'java.library.path' in [servletConfigInitParams]
11:14:42.210 [Test worker] DEBUG org.springframework.core.env.PropertySourcesPropertyResolver - Searching for key 'java.library.path' in [servletContextInitParams]
11:14:42.211 [Test worker] DEBUG org.springframework.core.env.PropertySourcesPropertyResolver - Searching for key 'java.library.path' in [systemProperties]
11:14:42.212 [Test worker] DEBUG org.springframework.core.env.PropertySourcesPropertyResolver - Found key 'java.library.path' in [systemProperties] with type [String] and value 'C:\Program Files\Java\jdk1.8.0_101\bin;C:\Windows\Sun\Java\bin;C:\Windows\system32;C:\Windows;C:\Users\Soniya\bin;C:\Program Files\Git\mingw64\bin;C:\Program Files\Git\usr\local\bin;C:\Program Files\Git\usr\bin;C:\Program Files\Git\usr\bin;C:\Program Files\Git\mingw64\bin;C:\Program Files\Git\usr\bin;C:\Users\Soniya\bin;C:\ProgramData\Oracle\Java\javapath;C:\Program Files (x86)\Common Files\Intel\Shared Files\cpp\bin\Intel64;C:\Windows\system32;C:\Windows;C:\Windows\System32\Wbem;C:\Windows\System32\WindowsPowerShell\v1.0;C:\Program Files (x86)\ATI Technologies\ATI.ACE\Core-Static;C:\Program Files (x86)\Skype\Phone;C:\Viru\apache-maven-3.3.9-bin\apache-maven-3.3.9\bin;C:\Viru\gradle-3.0-bin\gradle-3.0\bin;C:\Program Files\Git\usr\bin\vendor_perl;C:\Program Files\Git\usr\bin\core_perl;.'
11:14:42.213 [Test worker] DEBUG org.springframework.core.env.PropertySourcesPropertyResolver - Searching for key 'java.specification.name' in [servletConfigInitParams]
11:14:42.213 [Test worker] DEBUG org.springframework.core.env.PropertySourcesPropertyResolver - Searching for key 'java.specification.name' in [servletContextInitParams]
11:14:42.214 [Test worker] DEBUG org.springframework.core.env.PropertySourcesPropertyResolver - Searching for key 'java.specification.name' in [systemProperties]
11:14:42.214 [Test worker] DEBUG org.springframework.core.env.PropertySourcesPropertyResolver - Found key 'java.specification.name' in [systemProperties] with type [String] and value 'Java Platform API Specification'
11:14:42.215 [Test worker] DEBUG org.springframework.core.env.PropertySourcesPropertyResolver - Searching for key 'java.class.version' in [servletConfigInitParams]
11:14:42.216 [Test worker] DEBUG org.springframework.core.env.PropertySourcesPropertyResolver - Searching for key 'java.class.version' in [servletContextInitParams]
11:14:42.216 [Test worker] DEBUG org.springframework.core.env.PropertySourcesPropertyResolver - Searching for key 'java.class.version' in [systemProperties]
11:14:42.217 [Test worker] DEBUG org.springframework.core.env.PropertySourcesPropertyResolver - Found key 'java.class.version' in [systemProperties] with type [String] and value '52.0'
11:14:42.218 [Test worker] DEBUG org.springframework.core.env.PropertySourcesPropertyResolver - Searching for key 'sun.management.compiler' in [servletConfigInitParams]
11:14:42.219 [Test worker] DEBUG org.springframework.core.env.PropertySourcesPropertyResolver - Searching for key 'sun.management.compiler' in [servletContextInitParams]
11:14:42.220 [Test worker] DEBUG org.springframework.core.env.PropertySourcesPropertyResolver - Searching for key 'sun.management.compiler' in [systemProperties]
11:14:42.221 [Test worker] DEBUG org.springframework.core.env.PropertySourcesPropertyResolver - Found key 'sun.management.compiler' in [systemProperties] with type [String] and value 'HotSpot 64-Bit Tiered Compilers'
11:14:42.222 [Test worker] DEBUG org.springframework.core.env.PropertySourcesPropertyResolver - Searching for key 'os.version' in [servletConfigInitParams]
11:14:42.224 [Test worker] DEBUG org.springframework.core.env.PropertySourcesPropertyResolver - Searching for key 'os.version' in [servletContextInitParams]
11:14:42.225 [Test worker] DEBUG org.springframework.core.env.PropertySourcesPropertyResolver - Searching for key 'os.version' in [systemProperties]
11:14:42.226 [Test worker] DEBUG org.springframework.core.env.PropertySourcesPropertyResolver - Found key 'os.version' in [systemProperties] with type [String] and value '10.0'
11:14:42.227 [Test worker] DEBUG org.springframework.core.env.PropertySourcesPropertyResolver - Searching for key 'user.home' in [servletConfigInitParams]
11:14:42.227 [Test worker] DEBUG org.springframework.core.env.PropertySourcesPropertyResolver - Searching for key 'user.home' in [servletContextInitParams]
11:14:42.228 [Test worker] DEBUG org.springframework.core.env.PropertySourcesPropertyResolver - Searching for key 'user.home' in [systemProperties]
11:14:42.229 [Test worker] DEBUG org.springframework.core.env.PropertySourcesPropertyResolver - Found key 'user.home' in [systemProperties] with type [String] and value 'C:\Users\Soniya'
11:14:42.230 [Test worker] DEBUG org.springframework.core.env.PropertySourcesPropertyResolver - Searching for key 'user.timezone' in [servletConfigInitParams]
11:14:42.231 [Test worker] DEBUG org.springframework.core.env.PropertySourcesPropertyResolver - Searching for key 'user.timezone' in [servletContextInitParams]
11:14:42.232 [Test worker] DEBUG org.springframework.core.env.PropertySourcesPropertyResolver - Searching for key 'user.timezone' in [systemProperties]
11:14:42.232 [Test worker] DEBUG org.springframework.core.env.PropertySourcesPropertyResolver - Found key 'user.timezone' in [systemProperties] with type [String] and value 'Asia/Calcutta'
11:14:42.233 [Test worker] DEBUG org.springframework.core.env.PropertySourcesPropertyResolver - Searching for key 'java.awt.printerjob' in [servletConfigInitParams]
11:14:42.233 [Test worker] DEBUG org.springframework.core.env.PropertySourcesPropertyResolver - Searching for key 'java.awt.printerjob' in [servletContextInitParams]
11:14:42.234 [Test worker] DEBUG org.springframework.core.env.PropertySourcesPropertyResolver - Searching for key 'java.awt.printerjob' in [systemProperties]
11:14:42.234 [Test worker] DEBUG org.springframework.core.env.PropertySourcesPropertyResolver - Found key 'java.awt.printerjob' in [systemProperties] with type [String] and value 'sun.awt.windows.WPrinterJob'
11:14:42.235 [Test worker] DEBUG org.springframework.core.env.PropertySourcesPropertyResolver - Searching for key 'file.encoding' in [servletConfigInitParams]
11:14:42.236 [Test worker] DEBUG org.springframework.core.env.PropertySourcesPropertyResolver - Searching for key 'file.encoding' in [servletContextInitParams]
11:14:42.236 [Test worker] DEBUG org.springframework.core.env.PropertySourcesPropertyResolver - Searching for key 'file.encoding' in [systemProperties]
11:14:42.237 [Test worker] DEBUG org.springframework.core.env.PropertySourcesPropertyResolver - Found key 'file.encoding' in [systemProperties] with type [String] and value 'windows-1252'
11:14:42.238 [Test worker] DEBUG org.springframework.core.env.PropertySourcesPropertyResolver - Searching for key 'java.specification.version' in [servletConfigInitParams]
11:14:42.240 [Test worker] DEBUG org.springframework.core.env.PropertySourcesPropertyResolver - Searching for key 'java.specification.version' in [servletContextInitParams]
11:14:42.240 [Test worker] DEBUG org.springframework.core.env.PropertySourcesPropertyResolver - Searching for key 'java.specification.version' in [systemProperties]
11:14:42.241 [Test worker] DEBUG org.springframework.core.env.PropertySourcesPropertyResolver - Found key 'java.specification.version' in [systemProperties] with type [String] and value '1.8'
11:14:42.244 [Test worker] DEBUG org.springframework.core.env.PropertySourcesPropertyResolver - Searching for key 'java.class.path' in [servletConfigInitParams]
11:14:42.244 [Test worker] DEBUG org.springframework.core.env.PropertySourcesPropertyResolver - Searching for key 'java.class.path' in [servletContextInitParams]
11:14:42.245 [Test worker] DEBUG org.springframework.core.env.PropertySourcesPropertyResolver - Searching for key 'java.class.path' in [systemProperties]
11:14:42.245 [Test worker] DEBUG org.springframework.core.env.PropertySourcesPropertyResolver - Found key 'java.class.path' in [systemProperties] with type [String] and value 'C:\Viru\db\gittest\retailmanager\build\classes\test;C:\Viru\db\gittest\retailmanager\build\resources\test;C:\Viru\db\gittest\retailmanager\build\classes\main;C:\Viru\db\gittest\retailmanager\build\resources\main;C:\Users\Soniya\.gradle\caches\modules-2\files-2.1\org.springframework.boot\spring-boot-starter\1.3.5.RELEASE\188c658fabbce0d1ccc1ae18a1cf58f566208c78\spring-boot-starter-1.3.5.RELEASE.jar;C:\Users\Soniya\.gradle\caches\modules-2\files-2.1\org.springframework.boot\spring-boot-starter-web\1.3.5.RELEASE\1ad40f8edd1b502fb82bfae3a6feb8be3a2b44fa\spring-boot-starter-web-1.3.5.RELEASE.jar;C:\Users\Soniya\.gradle\caches\modules-2\files-2.1\com.google.maps\google-maps-services\0.1.15\b1c15d5c6b8b6b780113205c7ea9b045897d74eb\google-maps-services-0.1.15.jar;C:\Users\Soniya\.gradle\caches\modules-2\files-2.1\org.springframework.boot\spring-boot-starter-test\1.3.5.RELEASE\5c485e918b58741eccc0012c70062df5e5efa106\spring-boot-starter-test-1.3.5.RELEASE.jar;C:\Users\Soniya\.gradle\caches\modules-2\files-2.1\org.springframework.boot\spring-boot\1.3.5.RELEASE\b218ba5f3bd01e657fbde9b085722da1fafa4f8a\spring-boot-1.3.5.RELEASE.jar;C:\Users\Soniya\.gradle\caches\modules-2\files-2.1\org.springframework.boot\spring-boot-autoconfigure\1.3.5.RELEASE\2bcfa86bb3afd95eff5252db6d78f2693b706997\spring-boot-autoconfigure-1.3.5.RELEASE.jar;C:\Users\Soniya\.gradle\caches\modules-2\files-2.1\org.springframework.boot\spring-boot-starter-logging\1.3.5.RELEASE\a71e1d7fff512b1eadd3426ea1ce5b4cc703c429\spring-boot-starter-logging-1.3.5.RELEASE.jar;C:\Users\Soniya\.gradle\caches\modules-2\files-2.1\org.springframework\spring-core\4.2.6.RELEASE\a1c6ef01f18888f51fc5054c65ef4787b7cf0a1e\spring-core-4.2.6.RELEASE.jar;C:\Users\Soniya\.gradle\caches\modules-2\files-2.1\org.yaml\snakeyaml\1.16\d64fb662c9e42789149f5078a62a22edda786c6a\snakeyaml-1.16.jar;C:\Users\Soniya\.gradle\caches\modules-2\files-2.1\org.springframework.boot\spring-boot-starter-tomcat\1.3.5.RELEASE\b4c6277ccec38c51716659886efec073c4b386ea\spring-boot-starter-tomcat-1.3.5.RELEASE.jar;C:\Users\Soniya\.gradle\caches\modules-2\files-2.1\org.springframework.boot\spring-boot-starter-validation\1.3.5.RELEASE\c83a6cc60a95faace7e03c524d60fc9de1329f57\spring-boot-starter-validation-1.3.5.RELEASE.jar;C:\Users\Soniya\.gradle\caches\modules-2\files-2.1\com.fasterxml.jackson.core\jackson-databind\2.6.6\5108dde6049374ba980b360e1ecff49847baba4a\jackson-databind-2.6.6.jar;C:\Users\Soniya\.gradle\caches\modules-2\files-2.1\org.springframework\spring-web\4.2.6.RELEASE\d5ce949da3f3266f118ed899a153413613b503ad\spring-web-4.2.6.RELEASE.jar;C:\Users\Soniya\.gradle\caches\modules-2\files-2.1\org.springframework\spring-webmvc\4.2.6.RELEASE\7c7ea475d33287e0e3a92e98ccbe0ad6a0dbb9ca\spring-webmvc-4.2.6.RELEASE.jar;C:\Users\Soniya\.gradle\caches\modules-2\files-2.1\com.squareup.okhttp\okhttp\2.5.0\4de2b4ed3445c37ec1720a7d214712e845a24636\okhttp-2.5.0.jar;C:\Users\Soniya\.gradle\caches\modules-2\files-2.1\com.google.code.gson\gson\2.3.1\ecb6e1f8e4b0e84c4b886c2f14a1500caf309757\gson-2.3.1.jar;C:\Users\Soniya\.gradle\caches\modules-2\files-2.1\joda-time\joda-time\2.8.2\d27c24204c5e507b16fec01006b3d0f1ec42aed4\joda-time-2.8.2.jar;C:\Users\Soniya\.gradle\caches\modules-2\files-2.1\junit\junit\4.12\2973d150c0dc1fefe998f834810d68f278ea58ec\junit-4.12.jar;C:\Users\Soniya\.gradle\caches\modules-2\files-2.1\org.mockito\mockito-core\1.10.19\e8546f5bef4e061d8dd73895b4e8f40e3fe6effe\mockito-core-1.10.19.jar;C:\Users\Soniya\.gradle\caches\modules-2\files-2.1\org.hamcrest\hamcrest-core\1.3\42a25dc3219429f0e5d060061f71acb49bf010a0\hamcrest-core-1.3.jar;C:\Users\Soniya\.gradle\caches\modules-2\files-2.1\org.hamcrest\hamcrest-library\1.3\4785a3c21320980282f9f33d0d1264a69040538f\hamcrest-library-1.3.jar;C:\Users\Soniya\.gradle\caches\modules-2\files-2.1\org.springframework\spring-test\4.2.6.RELEASE\1f869333b3d64f17009a613368165978af575d8c\spring-test-4.2.6.RELEASE.jar;C:\Users\Soniya\.gradle\caches\modules-2\files-2.1\org.springframework\spring-context\4.2.6.RELEASE\bbf3c8526fe37bb341507f28db17882d4348dbca\spring-context-4.2.6.RELEASE.jar;C:\Users\Soniya\.gradle\caches\modules-2\files-2.1\ch.qos.logback\logback-classic\1.1.7\9865cf6994f9ff13fce0bf93f2054ef6c65bb462\logback-classic-1.1.7.jar;C:\Users\Soniya\.gradle\caches\modules-2\files-2.1\org.slf4j\jcl-over-slf4j\1.7.21\331b564a3a42f002a0004b039c1c430da89062cd\jcl-over-slf4j-1.7.21.jar;C:\Users\Soniya\.gradle\caches\modules-2\files-2.1\org.slf4j\jul-to-slf4j\1.7.21\2f22c882ffa479d1e9ff4eb0e8e2c29f2a0871ed\jul-to-slf4j-1.7.21.jar;C:\Users\Soniya\.gradle\caches\modules-2\files-2.1\org.slf4j\log4j-over-slf4j\1.7.21\b3700d97464d99bdcd42c0177d6e7951c94d75ff\log4j-over-slf4j-1.7.21.jar;C:\Users\Soniya\.gradle\caches\modules-2\files-2.1\org.apache.tomcat.embed\tomcat-embed-core\8.0.33\4e7f547fbb2c364cb5e02a58790c5fb89e31efed\tomcat-embed-core-8.0.33.jar;C:\Users\Soniya\.gradle\caches\modules-2\files-2.1\org.apache.tomcat.embed\tomcat-embed-el\8.0.33\31423f2d493cf1f7cf5f0082c9f94640e93b8c1b\tomcat-embed-el-8.0.33.jar;C:\Users\Soniya\.gradle\caches\modules-2\files-2.1\org.apache.tomcat.embed\tomcat-embed-logging-juli\8.0.33\66bc309e0227c1ba2cf4417182d0b1583003d24b\tomcat-embed-logging-juli-8.0.33.jar;C:\Users\Soniya\.gradle\caches\modules-2\files-2.1\org.apache.tomcat.embed\tomcat-embed-websocket\8.0.33\be1f95e5d9ae00f9bc6138441d29cfe5c7c60256\tomcat-embed-websocket-8.0.33.jar;C:\Users\Soniya\.gradle\caches\modules-2\files-2.1\org.hibernate\hibernate-validator\5.2.4.Final\fb18766b576aa6632bcfe9a20a023cbd52bf9769\hibernate-validator-5.2.4.Final.jar;C:\Users\Soniya\.gradle\caches\modules-2\files-2.1\com.fasterxml.jackson.core\jackson-annotations\2.6.6\7ef6440e71531604aa44a5eb62d4b466ffbf7e8f\jackson-annotations-2.6.6.jar;C:\Users\Soniya\.gradle\caches\modules-2\files-2.1\com.fasterxml.jackson.core\jackson-core\2.6.6\2eb801df67aacaf5b1deb4ac626e1964508e47b\jackson-core-2.6.6.jar;C:\Users\Soniya\.gradle\caches\modules-2\files-2.1\org.springframework\spring-aop\4.2.6.RELEASE\5efbfccb19efda2956b8977561bf4da6b15b0d0e\spring-aop-4.2.6.RELEASE.jar;C:\Users\Soniya\.gradle\caches\modules-2\files-2.1\org.springframework\spring-beans\4.2.6.RELEASE\d4a319fb4d949fb6313f45c929947b9b4e26283e\spring-beans-4.2.6.RELEASE.jar;C:\Users\Soniya\.gradle\caches\modules-2\files-2.1\org.springframework\spring-expression\4.2.6.RELEASE\c0182d73f348ab11d51d45cbe29f3820c32d0ccc\spring-expression-4.2.6.RELEASE.jar;C:\Users\Soniya\.gradle\caches\modules-2\files-2.1\com.squareup.okio\okio\1.6.0\98476622f10715998eacf9240d6b479f12c66143\okio-1.6.0.jar;C:\Users\Soniya\.gradle\caches\modules-2\files-2.1\org.objenesis\objenesis\2.1\87c0ea803b69252868d09308b4618f766f135a96\objenesis-2.1.jar;C:\Users\Soniya\.gradle\caches\modules-2\files-2.1\ch.qos.logback\logback-core\1.1.7\7873092d39ef741575ca91378a6a21c388363ac8\logback-core-1.1.7.jar;C:\Users\Soniya\.gradle\caches\modules-2\files-2.1\org.slf4j\slf4j-api\1.7.21\139535a69a4239db087de9bab0bee568bf8e0b70\slf4j-api-1.7.21.jar;C:\Users\Soniya\.gradle\caches\modules-2\files-2.1\javax.validation\validation-api\1.1.0.Final\8613ae82954779d518631e05daa73a6a954817d5\validation-api-1.1.0.Final.jar;C:\Users\Soniya\.gradle\caches\modules-2\files-2.1\org.jboss.logging\jboss-logging\3.3.0.Final\3616bb87707910296e2c195dc016287080bba5af\jboss-logging-3.3.0.Final.jar;C:\Users\Soniya\.gradle\caches\modules-2\files-2.1\com.fasterxml\classmate\1.1.0\dbbd699a1486ad0f2ed6f5af6cfed66acacb9056\classmate-1.1.0.jar;C:\Users\Soniya\.gradle\caches\modules-2\files-2.1\aopalliance\aopalliance\1.0\235ba8b489512805ac13a8f9ea77a1ca5ebe3e8\aopalliance-1.0.jar'
11:14:42.246 [Test worker] DEBUG org.springframework.core.env.PropertySourcesPropertyResolver - Searching for key 'user.name' in [servletConfigInitParams]
11:14:42.247 [Test worker] DEBUG org.springframework.core.env.PropertySourcesPropertyResolver - Searching for key 'user.name' in [servletContextInitParams]
11:14:42.247 [Test worker] DEBUG org.springframework.core.env.PropertySourcesPropertyResolver - Searching for key 'user.name' in [systemProperties]
11:14:42.247 [Test worker] DEBUG org.springframework.core.env.PropertySourcesPropertyResolver - Found key 'user.name' in [systemProperties] with type [String] and value 'Soniya'
11:14:42.247 [Test worker] DEBUG org.springframework.core.env.PropertySourcesPropertyResolver - Searching for key 'java.vm.specification.version' in [servletConfigInitParams]
11:14:42.248 [Test worker] DEBUG org.springframework.core.env.PropertySourcesPropertyResolver - Searching for key 'java.vm.specification.version' in [servletContextInitParams]
11:14:42.249 [Test worker] DEBUG org.springframework.core.env.PropertySourcesPropertyResolver - Searching for key 'java.vm.specification.version' in [systemProperties]
11:14:42.249 [Test worker] DEBUG org.springframework.core.env.PropertySourcesPropertyResolver - Found key 'java.vm.specification.version' in [systemProperties] with type [String] and value '1.8'
11:14:42.249 [Test worker] DEBUG org.springframework.core.env.PropertySourcesPropertyResolver - Searching for key 'sun.java.command' in [servletConfigInitParams]
11:14:42.249 [Test worker] DEBUG org.springframework.core.env.PropertySourcesPropertyResolver - Searching for key 'sun.java.command' in [servletContextInitParams]
11:14:42.249 [Test worker] DEBUG org.springframework.core.env.PropertySourcesPropertyResolver - Searching for key 'sun.java.command' in [systemProperties]
11:14:42.249 [Test worker] DEBUG org.springframework.core.env.PropertySourcesPropertyResolver - Found key 'sun.java.command' in [systemProperties] with type [String] and value 'worker.org.gradle.process.internal.worker.GradleWorkerMain 'Gradle Test Executor 1''
11:14:42.250 [Test worker] DEBUG org.springframework.core.env.PropertySourcesPropertyResolver - Searching for key 'java.home' in [servletConfigInitParams]
11:14:42.250 [Test worker] DEBUG org.springframework.core.env.PropertySourcesPropertyResolver - Searching for key 'java.home' in [servletContextInitParams]
11:14:42.250 [Test worker] DEBUG org.springframework.core.env.PropertySourcesPropertyResolver - Searching for key 'java.home' in [systemProperties]
11:14:42.250 [Test worker] DEBUG org.springframework.core.env.PropertySourcesPropertyResolver - Found key 'java.home' in [systemProperties] with type [String] and value 'C:\Program Files\Java\jdk1.8.0_101\jre'
11:14:42.251 [Test worker] DEBUG org.springframework.core.env.PropertySourcesPropertyResolver - Searching for key 'sun.arch.data.model' in [servletConfigInitParams]
11:14:42.251 [Test worker] DEBUG org.springframework.core.env.PropertySourcesPropertyResolver - Searching for key 'sun.arch.data.model' in [servletContextInitParams]
11:14:42.251 [Test worker] DEBUG org.springframework.core.env.PropertySourcesPropertyResolver - Searching for key 'sun.arch.data.model' in [systemProperties]
11:14:42.251 [Test worker] DEBUG org.springframework.core.env.PropertySourcesPropertyResolver - Found key 'sun.arch.data.model' in [systemProperties] with type [String] and value '64'
11:14:42.251 [Test worker] DEBUG org.springframework.core.env.PropertySourcesPropertyResolver - Searching for key 'user.language' in [servletConfigInitParams]
11:14:42.251 [Test worker] DEBUG org.springframework.core.env.PropertySourcesPropertyResolver - Searching for key 'user.language' in [servletContextInitParams]
11:14:42.252 [Test worker] DEBUG org.springframework.core.env.PropertySourcesPropertyResolver - Searching for key 'user.language' in [systemProperties]
11:14:42.252 [Test worker] DEBUG org.springframework.core.env.PropertySourcesPropertyResolver - Found key 'user.language' in [systemProperties] with type [String] and value 'en'
11:14:42.252 [Test worker] DEBUG org.springframework.core.env.PropertySourcesPropertyResolver - Searching for key 'java.specification.vendor' in [servletConfigInitParams]
11:14:42.252 [Test worker] DEBUG org.springframework.core.env.PropertySourcesPropertyResolver - Searching for key 'java.specification.vendor' in [servletContextInitParams]
11:14:42.252 [Test worker] DEBUG org.springframework.core.env.PropertySourcesPropertyResolver - Searching for key 'java.specification.vendor' in [systemProperties]
11:14:42.253 [Test worker] DEBUG org.springframework.core.env.PropertySourcesPropertyResolver - Found key 'java.specification.vendor' in [systemProperties] with type [String] and value 'Oracle Corporation'
11:14:42.254 [Test worker] DEBUG org.springframework.core.env.PropertySourcesPropertyResolver - Searching for key 'awt.toolkit' in [servletConfigInitParams]
11:14:42.254 [Test worker] DEBUG org.springframework.core.env.PropertySourcesPropertyResolver - Searching for key 'awt.toolkit' in [servletContextInitParams]
11:14:42.254 [Test worker] DEBUG org.springframework.core.env.PropertySourcesPropertyResolver - Searching for key 'awt.toolkit' in [systemProperties]
11:14:42.254 [Test worker] DEBUG org.springframework.core.env.PropertySourcesPropertyResolver - Found key 'awt.toolkit' in [systemProperties] with type [String] and value 'sun.awt.windows.WToolkit'
11:14:42.254 [Test worker] DEBUG org.springframework.core.env.PropertySourcesPropertyResolver - Searching for key 'java.vm.info' in [servletConfigInitParams]
11:14:42.254 [Test worker] DEBUG org.springframework.core.env.PropertySourcesPropertyResolver - Searching for key 'java.vm.info' in [servletContextInitParams]
11:14:42.255 [Test worker] DEBUG org.springframework.core.env.PropertySourcesPropertyResolver - Searching for key 'java.vm.info' in [systemProperties]
11:14:42.255 [Test worker] DEBUG org.springframework.core.env.PropertySourcesPropertyResolver - Found key 'java.vm.info' in [systemProperties] with type [String] and value 'mixed mode'
11:14:42.255 [Test worker] DEBUG org.springframework.core.env.PropertySourcesPropertyResolver - Searching for key 'java.version' in [servletConfigInitParams]
11:14:42.255 [Test worker] DEBUG org.springframework.core.env.PropertySourcesPropertyResolver - Searching for key 'java.version' in [servletContextInitParams]
11:14:42.255 [Test worker] DEBUG org.springframework.core.env.PropertySourcesPropertyResolver - Searching for key 'java.version' in [systemProperties]
11:14:42.256 [Test worker] DEBUG org.springframework.core.env.PropertySourcesPropertyResolver - Found key 'java.version' in [systemProperties] with type [String] and value '1.8.0_101'
11:14:42.257 [Test worker] DEBUG org.springframework.core.env.PropertySourcesPropertyResolver - Searching for key 'java.ext.dirs' in [servletConfigInitParams]
11:14:42.257 [Test worker] DEBUG org.springframework.core.env.PropertySourcesPropertyResolver - Searching for key 'java.ext.dirs' in [servletContextInitParams]
11:14:42.257 [Test worker] DEBUG org.springframework.core.env.PropertySourcesPropertyResolver - Searching for key 'java.ext.dirs' in [systemProperties]
11:14:42.258 [Test worker] DEBUG org.springframework.core.env.PropertySourcesPropertyResolver - Found key 'java.ext.dirs' in [systemProperties] with type [String] and value 'C:\Program Files\Java\jdk1.8.0_101\jre\lib\ext;C:\Windows\Sun\Java\lib\ext'
11:14:42.258 [Test worker] DEBUG org.springframework.core.env.PropertySourcesPropertyResolver - Searching for key 'sun.boot.class.path' in [servletConfigInitParams]
11:14:42.258 [Test worker] DEBUG org.springframework.core.env.PropertySourcesPropertyResolver - Searching for key 'sun.boot.class.path' in [servletContextInitParams]
11:14:42.259 [Test worker] DEBUG org.springframework.core.env.PropertySourcesPropertyResolver - Searching for key 'sun.boot.class.path' in [systemProperties]
11:14:42.259 [Test worker] DEBUG org.springframework.core.env.PropertySourcesPropertyResolver - Found key 'sun.boot.class.path' in [systemProperties] with type [String] and value 'C:\Program Files\Java\jdk1.8.0_101\jre\lib\resources.jar;C:\Program Files\Java\jdk1.8.0_101\jre\lib\rt.jar;C:\Program Files\Java\jdk1.8.0_101\jre\lib\sunrsasign.jar;C:\Program Files\Java\jdk1.8.0_101\jre\lib\jsse.jar;C:\Program Files\Java\jdk1.8.0_101\jre\lib\jce.jar;C:\Program Files\Java\jdk1.8.0_101\jre\lib\charsets.jar;C:\Program Files\Java\jdk1.8.0_101\jre\lib\jfr.jar;C:\Program Files\Java\jdk1.8.0_101\jre\classes'
11:14:42.259 [Test worker] DEBUG org.springframework.core.env.PropertySourcesPropertyResolver - Searching for key 'java.vendor' in [servletConfigInitParams]
11:14:42.259 [Test worker] DEBUG org.springframework.core.env.PropertySourcesPropertyResolver - Searching for key 'java.vendor' in [servletContextInitParams]
11:14:42.259 [Test worker] DEBUG org.springframework.core.env.PropertySourcesPropertyResolver - Searching for key 'java.vendor' in [systemProperties]
11:14:42.260 [Test worker] DEBUG org.springframework.core.env.PropertySourcesPropertyResolver - Found key 'java.vendor' in [systemProperties] with type [String] and value 'Oracle Corporation'
11:14:42.260 [Test worker] DEBUG org.springframework.core.env.PropertySourcesPropertyResolver - Searching for key 'org.gradle.test.worker' in [servletConfigInitParams]
11:14:42.260 [Test worker] DEBUG org.springframework.core.env.PropertySourcesPropertyResolver - Searching for key 'org.gradle.test.worker' in [servletContextInitParams]
11:14:42.260 [Test worker] DEBUG org.springframework.core.env.PropertySourcesPropertyResolver - Searching for key 'org.gradle.test.worker' in [systemProperties]
11:14:42.260 [Test worker] DEBUG org.springframework.core.env.PropertySourcesPropertyResolver - Found key 'org.gradle.test.worker' in [systemProperties] with type [String] and value '1'
11:14:42.261 [Test worker] DEBUG org.springframework.core.env.PropertySourcesPropertyResolver - Searching for key 'file.separator' in [servletConfigInitParams]
11:14:42.261 [Test worker] DEBUG org.springframework.core.env.PropertySourcesPropertyResolver - Searching for key 'file.separator' in [servletContextInitParams]
11:14:42.261 [Test worker] DEBUG org.springframework.core.env.PropertySourcesPropertyResolver - Searching for key 'file.separator' in [systemProperties]
11:14:42.261 [Test worker] DEBUG org.springframework.core.env.PropertySourcesPropertyResolver - Found key 'file.separator' in [systemProperties] with type [String] and value '\'
11:14:42.261 [Test worker] DEBUG org.springframework.core.env.PropertySourcesPropertyResolver - Searching for key 'java.vendor.url.bug' in [servletConfigInitParams]
11:14:42.261 [Test worker] DEBUG org.springframework.core.env.PropertySourcesPropertyResolver - Searching for key 'java.vendor.url.bug' in [servletContextInitParams]
11:14:42.261 [Test worker] DEBUG org.springframework.core.env.PropertySourcesPropertyResolver - Searching for key 'java.vendor.url.bug' in [systemProperties]
11:14:42.262 [Test worker] DEBUG org.springframework.core.env.PropertySourcesPropertyResolver - Found key 'java.vendor.url.bug' in [systemProperties] with type [String] and value 'http://bugreport.sun.com/bugreport/'
11:14:42.262 [Test worker] DEBUG org.springframework.core.env.PropertySourcesPropertyResolver - Searching for key 'sun.io.unicode.encoding' in [servletConfigInitParams]
11:14:42.263 [Test worker] DEBUG org.springframework.core.env.PropertySourcesPropertyResolver - Searching for key 'sun.io.unicode.encoding' in [servletContextInitParams]
11:14:42.263 [Test worker] DEBUG org.springframework.core.env.PropertySourcesPropertyResolver - Searching for key 'sun.io.unicode.encoding' in [systemProperties]
11:14:42.263 [Test worker] DEBUG org.springframework.core.env.PropertySourcesPropertyResolver - Found key 'sun.io.unicode.encoding' in [systemProperties] with type [String] and value 'UnicodeLittle'
11:14:42.263 [Test worker] DEBUG org.springframework.core.env.PropertySourcesPropertyResolver - Searching for key 'sun.cpu.endian' in [servletConfigInitParams]
11:14:42.263 [Test worker] DEBUG org.springframework.core.env.PropertySourcesPropertyResolver - Searching for key 'sun.cpu.endian' in [servletContextInitParams]
11:14:42.263 [Test worker] DEBUG org.springframework.core.env.PropertySourcesPropertyResolver - Searching for key 'sun.cpu.endian' in [systemProperties]
11:14:42.264 [Test worker] DEBUG org.springframework.core.env.PropertySourcesPropertyResolver - Found key 'sun.cpu.endian' in [systemProperties] with type [String] and value 'little'
11:14:42.264 [Test worker] DEBUG org.springframework.core.env.PropertySourcesPropertyResolver - Searching for key 'sun.desktop' in [servletConfigInitParams]
11:14:42.264 [Test worker] DEBUG org.springframework.core.env.PropertySourcesPropertyResolver - Searching for key 'sun.desktop' in [servletContextInitParams]
11:14:42.264 [Test worker] DEBUG org.springframework.core.env.PropertySourcesPropertyResolver - Searching for key 'sun.desktop' in [systemProperties]
11:14:42.265 [Test worker] DEBUG org.springframework.core.env.PropertySourcesPropertyResolver - Found key 'sun.desktop' in [systemProperties] with type [String] and value 'windows'
11:14:42.265 [Test worker] DEBUG org.springframework.core.env.PropertySourcesPropertyResolver - Searching for key 'sun.cpu.isalist' in [servletConfigInitParams]
11:14:42.265 [Test worker] DEBUG org.springframework.core.env.PropertySourcesPropertyResolver - Searching for key 'sun.cpu.isalist' in [servletContextInitParams]
11:14:42.266 [Test worker] DEBUG org.springframework.core.env.PropertySourcesPropertyResolver - Searching for key 'sun.cpu.isalist' in [systemProperties]
11:14:42.266 [Test worker] DEBUG org.springframework.core.env.PropertySourcesPropertyResolver - Found key 'sun.cpu.isalist' in [systemProperties] with type [String] and value 'amd64'
11:14:42.267 [Test worker] DEBUG org.springframework.core.env.PropertySourcesPropertyResolver - Searching for key 'PATH' in [servletConfigInitParams]
11:14:42.267 [Test worker] DEBUG org.springframework.core.env.PropertySourcesPropertyResolver - Searching for key 'PATH' in [servletContextInitParams]
11:14:42.267 [Test worker] DEBUG org.springframework.core.env.PropertySourcesPropertyResolver - Searching for key 'PATH' in [systemProperties]
11:14:42.267 [Test worker] DEBUG org.springframework.core.env.PropertySourcesPropertyResolver - Searching for key 'PATH' in [systemEnvironment]
11:14:42.268 [Test worker] DEBUG org.springframework.core.env.PropertySourcesPropertyResolver - Found key 'PATH' in [systemEnvironment] with type [String] and value 'C:\Users\Soniya\bin;C:\Program Files\Git\mingw64\bin;C:\Program Files\Git\usr\local\bin;C:\Program Files\Git\usr\bin;C:\Program Files\Git\usr\bin;C:\Program Files\Git\mingw64\bin;C:\Program Files\Git\usr\bin;C:\Users\Soniya\bin;C:\ProgramData\Oracle\Java\javapath;C:\Program Files (x86)\Common Files\Intel\Shared Files\cpp\bin\Intel64;C:\Windows\system32;C:\Windows;C:\Windows\System32\Wbem;C:\Windows\System32\WindowsPowerShell\v1.0;C:\Program Files (x86)\ATI Technologies\ATI.ACE\Core-Static;C:\Program Files (x86)\Skype\Phone;C:\Viru\apache-maven-3.3.9-bin\apache-maven-3.3.9\bin;C:\Viru\gradle-3.0-bin\gradle-3.0\bin;C:\Program Files\Git\usr\bin\vendor_perl;C:\Program Files\Git\usr\bin\core_perl'
11:14:42.268 [Test worker] DEBUG org.springframework.core.env.PropertySourcesPropertyResolver - Searching for key 'USERDOMAIN_ROAMINGPROFILE' in [servletConfigInitParams]
11:14:42.268 [Test worker] DEBUG org.springframework.core.env.PropertySourcesPropertyResolver - Searching for key 'USERDOMAIN_ROAMINGPROFILE' in [servletContextInitParams]
11:14:42.269 [Test worker] DEBUG org.springframework.core.env.PropertySourcesPropertyResolver - Searching for key 'USERDOMAIN_ROAMINGPROFILE' in [systemProperties]
11:14:42.269 [Test worker] DEBUG org.springframework.core.env.PropertySourcesPropertyResolver - Searching for key 'USERDOMAIN_ROAMINGPROFILE' in [systemEnvironment]
11:14:42.269 [Test worker] DEBUG org.springframework.core.env.PropertySourcesPropertyResolver - Found key 'USERDOMAIN_ROAMINGPROFILE' in [systemEnvironment] with type [String] and value 'SONI'
11:14:42.269 [Test worker] DEBUG org.springframework.core.env.PropertySourcesPropertyResolver - Searching for key 'PKG_CONFIG_PATH' in [servletConfigInitParams]
11:14:42.269 [Test worker] DEBUG org.springframework.core.env.PropertySourcesPropertyResolver - Searching for key 'PKG_CONFIG_PATH' in [servletContextInitParams]
11:14:42.269 [Test worker] DEBUG org.springframework.core.env.PropertySourcesPropertyResolver - Searching for key 'PKG_CONFIG_PATH' in [systemProperties]
11:14:42.269 [Test worker] DEBUG org.springframework.core.env.PropertySourcesPropertyResolver - Searching for key 'PKG_CONFIG_PATH' in [systemEnvironment]
11:14:42.270 [Test worker] DEBUG org.springframework.core.env.PropertySourcesPropertyResolver - Found key 'PKG_CONFIG_PATH' in [systemEnvironment] with type [String] and value 'C:\Program Files\Git\mingw64\lib\pkgconfig;C:\Program Files\Git\mingw64\share\pkgconfig'
11:14:42.270 [Test worker] DEBUG org.springframework.core.env.PropertySourcesPropertyResolver - Searching for key 'PROCESSOR_LEVEL' in [servletConfigInitParams]
11:14:42.270 [Test worker] DEBUG org.springframework.core.env.PropertySourcesPropertyResolver - Searching for key 'PROCESSOR_LEVEL' in [servletContextInitParams]
11:14:42.270 [Test worker] DEBUG org.springframework.core.env.PropertySourcesPropertyResolver - Searching for key 'PROCESSOR_LEVEL' in [systemProperties]
11:14:42.270 [Test worker] DEBUG org.springframework.core.env.PropertySourcesPropertyResolver - Searching for key 'PROCESSOR_LEVEL' in [systemEnvironment]
11:14:42.270 [Test worker] DEBUG org.springframework.core.env.PropertySourcesPropertyResolver - Found key 'PROCESSOR_LEVEL' in [systemEnvironment] with type [String] and value '21'
11:14:42.270 [Test worker] DEBUG org.springframework.core.env.PropertySourcesPropertyResolver - Searching for key 'SYSTEMDRIVE' in [servletConfigInitParams]
11:14:42.271 [Test worker] DEBUG org.springframework.core.env.PropertySourcesPropertyResolver - Searching for key 'SYSTEMDRIVE' in [servletContextInitParams]
11:14:42.271 [Test worker] DEBUG org.springframework.core.env.PropertySourcesPropertyResolver - Searching for key 'SYSTEMDRIVE' in [systemProperties]
11:14:42.271 [Test worker] DEBUG org.springframework.core.env.PropertySourcesPropertyResolver - Searching for key 'SYSTEMDRIVE' in [systemEnvironment]
11:14:42.271 [Test worker] DEBUG org.springframework.core.env.PropertySourcesPropertyResolver - Found key 'SYSTEMDRIVE' in [systemEnvironment] with type [String] and value 'C:'
11:14:42.271 [Test worker] DEBUG org.springframework.core.env.PropertySourcesPropertyResolver - Searching for key 'SESSIONNAME' in [servletConfigInitParams]
11:14:42.272 [Test worker] DEBUG org.springframework.core.env.PropertySourcesPropertyResolver - Searching for key 'SESSIONNAME' in [servletContextInitParams]
11:14:42.272 [Test worker] DEBUG org.springframework.core.env.PropertySourcesPropertyResolver - Searching for key 'SESSIONNAME' in [systemProperties]
11:14:42.272 [Test worker] DEBUG org.springframework.core.env.PropertySourcesPropertyResolver - Searching for key 'SESSIONNAME' in [systemEnvironment]
11:14:42.272 [Test worker] DEBUG org.springframework.core.env.PropertySourcesPropertyResolver - Found key 'SESSIONNAME' in [systemEnvironment] with type [String] and value 'Console'
11:14:42.273 [Test worker] DEBUG org.springframework.core.env.PropertySourcesPropertyResolver - Searching for key 'ALLUSERSPROFILE' in [servletConfigInitParams]
11:14:42.273 [Test worker] DEBUG org.springframework.core.env.PropertySourcesPropertyResolver - Searching for key 'ALLUSERSPROFILE' in [servletContextInitParams]
11:14:42.273 [Test worker] DEBUG org.springframework.core.env.PropertySourcesPropertyResolver - Searching for key 'ALLUSERSPROFILE' in [systemProperties]
11:14:42.274 [Test worker] DEBUG org.springframework.core.env.PropertySourcesPropertyResolver - Searching for key 'ALLUSERSPROFILE' in [systemEnvironment]
11:14:42.274 [Test worker] DEBUG org.springframework.core.env.PropertySourcesPropertyResolver - Found key 'ALLUSERSPROFILE' in [systemEnvironment] with type [String] and value 'C:\ProgramData'
11:14:42.274 [Test worker] DEBUG org.springframework.core.env.PropertySourcesPropertyResolver - Searching for key 'PROCESSOR_ARCHITECTURE' in [servletConfigInitParams]
11:14:42.274 [Test worker] DEBUG org.springframework.core.env.PropertySourcesPropertyResolver - Searching for key 'PROCESSOR_ARCHITECTURE' in [servletContextInitParams]
11:14:42.274 [Test worker] DEBUG org.springframework.core.env.PropertySourcesPropertyResolver - Searching for key 'PROCESSOR_ARCHITECTURE' in [systemProperties]
11:14:42.274 [Test worker] DEBUG org.springframework.core.env.PropertySourcesPropertyResolver - Searching for key 'PROCESSOR_ARCHITECTURE' in [systemEnvironment]
11:14:42.275 [Test worker] DEBUG org.springframework.core.env.PropertySourcesPropertyResolver - Found key 'PROCESSOR_ARCHITECTURE' in [systemEnvironment] with type [String] and value 'AMD64'
11:14:42.275 [Test worker] DEBUG org.springframework.core.env.PropertySourcesPropertyResolver - Searching for key 'PSModulePath' in [servletConfigInitParams]
11:14:42.275 [Test worker] DEBUG org.springframework.core.env.PropertySourcesPropertyResolver - Searching for key 'PSModulePath' in [servletContextInitParams]
11:14:42.275 [Test worker] DEBUG org.springframework.core.env.PropertySourcesPropertyResolver - Searching for key 'PSModulePath' in [systemProperties]
11:14:42.275 [Test worker] DEBUG org.springframework.core.env.PropertySourcesPropertyResolver - Searching for key 'PSModulePath' in [systemEnvironment]
11:14:42.275 [Test worker] DEBUG org.springframework.core.env.PropertySourcesPropertyResolver - Found key 'PSModulePath' in [systemEnvironment] with type [String] and value 'C:\Program Files\WindowsPowerShell\Modules;C:\Windows\system32\WindowsPowerShell\v1.0\Modules'
11:14:42.276 [Test worker] DEBUG org.springframework.core.env.PropertySourcesPropertyResolver - Searching for key 'PROGRAMFILES' in [servletConfigInitParams]
11:14:42.276 [Test worker] DEBUG org.springframework.core.env.PropertySourcesPropertyResolver - Searching for key 'PROGRAMFILES' in [servletContextInitParams]
11:14:42.276 [Test worker] DEBUG org.springframework.core.env.PropertySourcesPropertyResolver - Searching for key 'PROGRAMFILES' in [systemProperties]
11:14:42.276 [Test worker] DEBUG org.springframework.core.env.PropertySourcesPropertyResolver - Searching for key 'PROGRAMFILES' in [systemEnvironment]
11:14:42.276 [Test worker] DEBUG org.springframework.core.env.PropertySourcesPropertyResolver - Found key 'PROGRAMFILES' in [systemEnvironment] with type [String] and value 'C:\Program Files'
11:14:42.276 [Test worker] DEBUG org.springframework.core.env.PropertySourcesPropertyResolver - Searching for key 'USERNAME' in [servletConfigInitParams]
11:14:42.277 [Test worker] DEBUG org.springframework.core.env.PropertySourcesPropertyResolver - Searching for key 'USERNAME' in [servletContextInitParams]
11:14:42.277 [Test worker] DEBUG org.springframework.core.env.PropertySourcesPropertyResolver - Searching for key 'USERNAME' in [systemProperties]
11:14:42.277 [Test worker] DEBUG org.springframework.core.env.PropertySourcesPropertyResolver - Searching for key 'USERNAME' in [systemEnvironment]
11:14:42.277 [Test worker] DEBUG org.springframework.core.env.PropertySourcesPropertyResolver - Found key 'USERNAME' in [systemEnvironment] with type [String] and value 'Soniya'
11:14:42.277 [Test worker] DEBUG org.springframework.core.env.PropertySourcesPropertyResolver - Searching for key 'PWD' in [servletConfigInitParams]
11:14:42.277 [Test worker] DEBUG org.springframework.core.env.PropertySourcesPropertyResolver - Searching for key 'PWD' in [servletContextInitParams]
11:14:42.277 [Test worker] DEBUG org.springframework.core.env.PropertySourcesPropertyResolver - Searching for key 'PWD' in [systemProperties]
11:14:42.278 [Test worker] DEBUG org.springframework.core.env.PropertySourcesPropertyResolver - Searching for key 'PWD' in [systemEnvironment]
11:14:42.278 [Test worker] DEBUG org.springframework.core.env.PropertySourcesPropertyResolver - Found key 'PWD' in [systemEnvironment] with type [String] and value 'C:/Viru/db/gittest/retailmanager'
11:14:42.278 [Test worker] DEBUG org.springframework.core.env.PropertySourcesPropertyResolver - Searching for key 'ProgramFiles(x86)' in [servletConfigInitParams]
11:14:42.278 [Test worker] DEBUG org.springframework.core.env.PropertySourcesPropertyResolver - Searching for key 'ProgramFiles(x86)' in [servletContextInitParams]
11:14:42.279 [Test worker] DEBUG org.springframework.core.env.PropertySourcesPropertyResolver - Searching for key 'ProgramFiles(x86)' in [systemProperties]
11:14:42.279 [Test worker] DEBUG org.springframework.core.env.PropertySourcesPropertyResolver - Searching for key 'ProgramFiles(x86)' in [systemEnvironment]
11:14:42.279 [Test worker] DEBUG org.springframework.core.env.PropertySourcesPropertyResolver - Found key 'ProgramFiles(x86)' in [systemEnvironment] with type [String] and value 'C:\Program Files (x86)'
11:14:42.279 [Test worker] DEBUG org.springframework.core.env.PropertySourcesPropertyResolver - Searching for key 'INFOPATH' in [servletConfigInitParams]
11:14:42.279 [Test worker] DEBUG org.springframework.core.env.PropertySourcesPropertyResolver - Searching for key 'INFOPATH' in [servletContextInitParams]
11:14:42.280 [Test worker] DEBUG org.springframework.core.env.PropertySourcesPropertyResolver - Searching for key 'INFOPATH' in [systemProperties]
11:14:42.280 [Test worker] DEBUG org.springframework.core.env.PropertySourcesPropertyResolver - Searching for key 'INFOPATH' in [systemEnvironment]
11:14:42.280 [Test worker] DEBUG org.springframework.core.env.PropertySourcesPropertyResolver - Found key 'INFOPATH' in [systemEnvironment] with type [String] and value 'C:\Program Files\Git\usr\local\info;C:\Program Files\Git\usr\share\info;C:\Program Files\Git\usr\info;C:\Program Files\Git\share\info'
11:14:42.280 [Test worker] DEBUG org.springframework.core.env.PropertySourcesPropertyResolver - Searching for key 'PATHEXT' in [servletConfigInitParams]
11:14:42.280 [Test worker] DEBUG org.springframework.core.env.PropertySourcesPropertyResolver - Searching for key 'PATHEXT' in [servletContextInitParams]
11:14:42.280 [Test worker] DEBUG org.springframework.core.env.PropertySourcesPropertyResolver - Searching for key 'PATHEXT' in [systemProperties]
11:14:42.281 [Test worker] DEBUG org.springframework.core.env.PropertySourcesPropertyResolver - Searching for key 'PATHEXT' in [systemEnvironment]
11:14:42.281 [Test worker] DEBUG org.springframework.core.env.PropertySourcesPropertyResolver - Found key 'PATHEXT' in [systemEnvironment] with type [String] and value '.COM;.EXE;.BAT;.CMD;.VBS;.VBE;.JS;.JSE;.WSF;.WSH;.MSC'
11:14:42.281 [Test worker] DEBUG org.springframework.core.env.PropertySourcesPropertyResolver - Searching for key 'SHELL' in [servletConfigInitParams]
11:14:42.281 [Test worker] DEBUG org.springframework.core.env.PropertySourcesPropertyResolver - Searching for key 'SHELL' in [servletContextInitParams]
11:14:42.281 [Test worker] DEBUG org.springframework.core.env.PropertySourcesPropertyResolver - Searching for key 'SHELL' in [systemProperties]
11:14:42.281 [Test worker] DEBUG org.springframework.core.env.PropertySourcesPropertyResolver - Searching for key 'SHELL' in [systemEnvironment]
11:14:42.281 [Test worker] DEBUG org.springframework.core.env.PropertySourcesPropertyResolver - Found key 'SHELL' in [systemEnvironment] with type [String] and value 'C:\Program Files\Git\usr\bin\bash'
11:14:42.282 [Test worker] DEBUG org.springframework.core.env.PropertySourcesPropertyResolver - Searching for key 'OLDPWD' in [servletConfigInitParams]
11:14:42.282 [Test worker] DEBUG org.springframework.core.env.PropertySourcesPropertyResolver - Searching for key 'OLDPWD' in [servletContextInitParams]
11:14:42.282 [Test worker] DEBUG org.springframework.core.env.PropertySourcesPropertyResolver - Searching for key 'OLDPWD' in [systemProperties]
11:14:42.282 [Test worker] DEBUG org.springframework.core.env.PropertySourcesPropertyResolver - Searching for key 'OLDPWD' in [systemEnvironment]
11:14:42.282 [Test worker] DEBUG org.springframework.core.env.PropertySourcesPropertyResolver - Found key 'OLDPWD' in [systemEnvironment] with type [String] and value 'C:/Viru/gradle-3.0-bin/gradle-3.0'
11:14:42.283 [Test worker] DEBUG org.springframework.core.env.PropertySourcesPropertyResolver - Searching for key 'TMPDIR' in [servletConfigInitParams]
11:14:42.283 [Test worker] DEBUG org.springframework.core.env.PropertySourcesPropertyResolver - Searching for key 'TMPDIR' in [servletContextInitParams]
11:14:42.283 [Test worker] DEBUG org.springframework.core.env.PropertySourcesPropertyResolver - Searching for key 'TMPDIR' in [systemProperties]
11:14:42.283 [Test worker] DEBUG org.springframework.core.env.PropertySourcesPropertyResolver - Searching for key 'TMPDIR' in [systemEnvironment]
11:14:42.283 [Test worker] DEBUG org.springframework.core.env.PropertySourcesPropertyResolver - Found key 'TMPDIR' in [systemEnvironment] with type [String] and value 'C:\Users\Soniya\AppData\Local\Temp'
11:14:42.283 [Test worker] DEBUG org.springframework.core.env.PropertySourcesPropertyResolver - Searching for key 'WINDIR' in [servletConfigInitParams]
11:14:42.283 [Test worker] DEBUG org.springframework.core.env.PropertySourcesPropertyResolver - Searching for key 'WINDIR' in [servletContextInitParams]
11:14:42.290 [Test worker] DEBUG org.springframework.core.env.PropertySourcesPropertyResolver - Searching for key 'WINDIR' in [systemProperties]
11:14:42.291 [Test worker] DEBUG org.springframework.core.env.PropertySourcesPropertyResolver - Searching for key 'WINDIR' in [systemEnvironment]
11:14:42.292 [Test worker] DEBUG org.springframework.core.env.PropertySourcesPropertyResolver - Found key 'WINDIR' in [systemEnvironment] with type [String] and value 'C:\Windows'
11:14:42.292 [Test worker] DEBUG org.springframework.core.env.PropertySourcesPropertyResolver - Searching for key 'ProgramData' in [servletConfigInitParams]
11:14:42.293 [Test worker] DEBUG org.springframework.core.env.PropertySourcesPropertyResolver - Searching for key 'ProgramData' in [servletContextInitParams]
11:14:42.293 [Test worker] DEBUG org.springframework.core.env.PropertySourcesPropertyResolver - Searching for key 'ProgramData' in [systemProperties]
11:14:42.294 [Test worker] DEBUG org.springframework.core.env.PropertySourcesPropertyResolver - Searching for key 'ProgramData' in [systemEnvironment]
11:14:42.295 [Test worker] DEBUG org.springframework.core.env.PropertySourcesPropertyResolver - Found key 'ProgramData' in [systemEnvironment] with type [String] and value 'C:\ProgramData'
11:14:42.296 [Test worker] DEBUG org.springframework.core.env.PropertySourcesPropertyResolver - Searching for key 'ProgramW6432' in [servletConfigInitParams]
11:14:42.296 [Test worker] DEBUG org.springframework.core.env.PropertySourcesPropertyResolver - Searching for key 'ProgramW6432' in [servletContextInitParams]
11:14:42.296 [Test worker] DEBUG org.springframework.core.env.PropertySourcesPropertyResolver - Searching for key 'ProgramW6432' in [systemProperties]
11:14:42.297 [Test worker] DEBUG org.springframework.core.env.PropertySourcesPropertyResolver - Searching for key 'ProgramW6432' in [systemEnvironment]
11:14:42.297 [Test worker] DEBUG org.springframework.core.env.PropertySourcesPropertyResolver - Found key 'ProgramW6432' in [systemEnvironment] with type [String] and value 'C:\Program Files'
11:14:42.298 [Test worker] DEBUG org.springframework.core.env.PropertySourcesPropertyResolver - Searching for key 'SSH_ASKPASS' in [servletConfigInitParams]
11:14:42.298 [Test worker] DEBUG org.springframework.core.env.PropertySourcesPropertyResolver - Searching for key 'SSH_ASKPASS' in [servletContextInitParams]
11:14:42.299 [Test worker] DEBUG org.springframework.core.env.PropertySourcesPropertyResolver - Searching for key 'SSH_ASKPASS' in [systemProperties]
11:14:42.299 [Test worker] DEBUG org.springframework.core.env.PropertySourcesPropertyResolver - Searching for key 'SSH_ASKPASS' in [systemEnvironment]
11:14:42.300 [Test worker] DEBUG org.springframework.core.env.PropertySourcesPropertyResolver - Found key 'SSH_ASKPASS' in [systemEnvironment] with type [String] and value 'C:/Program Files/Git/mingw64/libexec/git-core/git-gui--askpass'
11:14:42.300 [Test worker] DEBUG org.springframework.core.env.PropertySourcesPropertyResolver - Searching for key 'HOMEPATH' in [servletConfigInitParams]
11:14:42.301 [Test worker] DEBUG org.springframework.core.env.PropertySourcesPropertyResolver - Searching for key 'HOMEPATH' in [servletContextInitParams]
11:14:42.302 [Test worker] DEBUG org.springframework.core.env.PropertySourcesPropertyResolver - Searching for key 'HOMEPATH' in [systemProperties]
11:14:42.302 [Test worker] DEBUG org.springframework.core.env.PropertySourcesPropertyResolver - Searching for key 'HOMEPATH' in [systemEnvironment]
11:14:42.303 [Test worker] DEBUG org.springframework.core.env.PropertySourcesPropertyResolver - Found key 'HOMEPATH' in [systemEnvironment] with type [String] and value '\Users\Soniya'
11:14:42.304 [Test worker] DEBUG org.springframework.core.env.PropertySourcesPropertyResolver - Searching for key 'PROCESSOR_IDENTIFIER' in [servletConfigInitParams]
11:14:42.304 [Test worker] DEBUG org.springframework.core.env.PropertySourcesPropertyResolver - Searching for key 'PROCESSOR_IDENTIFIER' in [servletContextInitParams]
11:14:42.304 [Test worker] DEBUG org.springframework.core.env.PropertySourcesPropertyResolver - Searching for key 'PROCESSOR_IDENTIFIER' in [systemProperties]
11:14:42.304 [Test worker] DEBUG org.springframework.core.env.PropertySourcesPropertyResolver - Searching for key 'PROCESSOR_IDENTIFIER' in [systemEnvironment]
11:14:42.305 [Test worker] DEBUG org.springframework.core.env.PropertySourcesPropertyResolver - Found key 'PROCESSOR_IDENTIFIER' in [systemEnvironment] with type [String] and value 'AMD64 Family 21 Model 96 Stepping 1, AuthenticAMD'
11:14:42.306 [Test worker] DEBUG org.springframework.core.env.PropertySourcesPropertyResolver - Searching for key 'PUBLIC' in [servletConfigInitParams]
11:14:42.307 [Test worker] DEBUG org.springframework.core.env.PropertySourcesPropertyResolver - Searching for key 'PUBLIC' in [servletContextInitParams]
11:14:42.308 [Test worker] DEBUG org.springframework.core.env.PropertySourcesPropertyResolver - Searching for key 'PUBLIC' in [systemProperties]
11:14:42.308 [Test worker] DEBUG org.springframework.core.env.PropertySourcesPropertyResolver - Searching for key 'PUBLIC' in [systemEnvironment]
11:14:42.308 [Test worker] DEBUG org.springframework.core.env.PropertySourcesPropertyResolver - Found key 'PUBLIC' in [systemEnvironment] with type [String] and value 'C:\Users\Public'
11:14:42.309 [Test worker] DEBUG org.springframework.core.env.PropertySourcesPropertyResolver - Searching for key '=::' in [servletConfigInitParams]
11:14:42.309 [Test worker] DEBUG org.springframework.core.env.PropertySourcesPropertyResolver - Searching for key '=::' in [servletContextInitParams]
11:14:42.310 [Test worker] DEBUG org.springframework.core.env.PropertySourcesPropertyResolver - Searching for key '=::' in [systemProperties]
11:14:42.311 [Test worker] DEBUG org.springframework.core.env.PropertySourcesPropertyResolver - Searching for key '=::' in [systemEnvironment]
11:14:42.311 [Test worker] DEBUG org.springframework.core.env.PropertySourcesPropertyResolver - Found key '=::' in [systemEnvironment] with type [String] and value '::\'
11:14:42.313 [Test worker] DEBUG org.springframework.core.env.PropertySourcesPropertyResolver - Searching for key 'EXEPATH' in [servletConfigInitParams]
11:14:42.314 [Test worker] DEBUG org.springframework.core.env.PropertySourcesPropertyResolver - Searching for key 'EXEPATH' in [servletContextInitParams]
11:14:42.315 [Test worker] DEBUG org.springframework.core.env.PropertySourcesPropertyResolver - Searching for key 'EXEPATH' in [systemProperties]
11:14:42.316 [Test worker] DEBUG org.springframework.core.env.PropertySourcesPropertyResolver - Searching for key 'EXEPATH' in [systemEnvironment]
11:14:42.317 [Test worker] DEBUG org.springframework.core.env.PropertySourcesPropertyResolver - Found key 'EXEPATH' in [systemEnvironment] with type [String] and value 'C:\Program Files\Git'
11:14:42.318 [Test worker] DEBUG org.springframework.core.env.PropertySourcesPropertyResolver - Searching for key 'C_EM64T_REDIST11' in [servletConfigInitParams]
11:14:42.319 [Test worker] DEBUG org.springframework.core.env.PropertySourcesPropertyResolver - Searching for key 'C_EM64T_REDIST11' in [servletContextInitParams]
11:14:42.319 [Test worker] DEBUG org.springframework.core.env.PropertySourcesPropertyResolver - Searching for key 'C_EM64T_REDIST11' in [systemProperties]
11:14:42.320 [Test worker] DEBUG org.springframework.core.env.PropertySourcesPropertyResolver - Searching for key 'C_EM64T_REDIST11' in [systemEnvironment]
11:14:42.321 [Test worker] DEBUG org.springframework.core.env.PropertySourcesPropertyResolver - Found key 'C_EM64T_REDIST11' in [systemEnvironment] with type [String] and value 'C:\Program Files (x86)\Common Files\Intel\Shared Files\cpp\'
11:14:42.323 [Test worker] DEBUG org.springframework.core.env.PropertySourcesPropertyResolver - Searching for key 'SHLVL' in [servletConfigInitParams]
11:14:42.324 [Test worker] DEBUG org.springframework.core.env.PropertySourcesPropertyResolver - Searching for key 'SHLVL' in [servletContextInitParams]
11:14:42.324 [Test worker] DEBUG org.springframework.core.env.PropertySourcesPropertyResolver - Searching for key 'SHLVL' in [systemProperties]
11:14:42.325 [Test worker] DEBUG org.springframework.core.env.PropertySourcesPropertyResolver - Searching for key 'SHLVL' in [systemEnvironment]
11:14:42.326 [Test worker] DEBUG org.springframework.core.env.PropertySourcesPropertyResolver - Found key 'SHLVL' in [systemEnvironment] with type [String] and value '1'
11:14:42.327 [Test worker] DEBUG org.springframework.core.env.PropertySourcesPropertyResolver - Searching for key 'LOCALAPPDATA' in [servletConfigInitParams]
11:14:42.328 [Test worker] DEBUG org.springframework.core.env.PropertySourcesPropertyResolver - Searching for key 'LOCALAPPDATA' in [servletContextInitParams]
11:14:42.329 [Test worker] DEBUG org.springframework.core.env.PropertySourcesPropertyResolver - Searching for key 'LOCALAPPDATA' in [systemProperties]
11:14:42.329 [Test worker] DEBUG org.springframework.core.env.PropertySourcesPropertyResolver - Searching for key 'LOCALAPPDATA' in [systemEnvironment]
11:14:42.330 [Test worker] DEBUG org.springframework.core.env.PropertySourcesPropertyResolver - Found key 'LOCALAPPDATA' in [systemEnvironment] with type [String] and value 'C:\Users\Soniya\AppData\Local'
11:14:42.331 [Test worker] DEBUG org.springframework.core.env.PropertySourcesPropertyResolver - Searching for key 'MANPATH' in [servletConfigInitParams]
11:14:42.332 [Test worker] DEBUG org.springframework.core.env.PropertySourcesPropertyResolver - Searching for key 'MANPATH' in [servletContextInitParams]
11:14:42.332 [Test worker] DEBUG org.springframework.core.env.PropertySourcesPropertyResolver - Searching for key 'MANPATH' in [systemProperties]
11:14:42.333 [Test worker] DEBUG org.springframework.core.env.PropertySourcesPropertyResolver - Searching for key 'MANPATH' in [systemEnvironment]
11:14:42.334 [Test worker] DEBUG org.springframework.core.env.PropertySourcesPropertyResolver - Found key 'MANPATH' in [systemEnvironment] with type [String] and value 'C:\Program Files\Git\mingw64\share\man;C:\Program Files\Git\usr\local\man;C:\Program Files\Git\usr\share\man;C:\Program Files\Git\usr\man;C:\Program Files\Git\share\man'
11:14:42.335 [Test worker] DEBUG org.springframework.core.env.PropertySourcesPropertyResolver - Searching for key 'USERDOMAIN' in [servletConfigInitParams]
11:14:42.336 [Test worker] DEBUG org.springframework.core.env.PropertySourcesPropertyResolver - Searching for key 'USERDOMAIN' in [servletContextInitParams]
11:14:42.336 [Test worker] DEBUG org.springframework.core.env.PropertySourcesPropertyResolver - Searching for key 'USERDOMAIN' in [systemProperties]
11:14:42.337 [Test worker] DEBUG org.springframework.core.env.PropertySourcesPropertyResolver - Searching for key 'USERDOMAIN' in [systemEnvironment]
11:14:42.338 [Test worker] DEBUG org.springframework.core.env.PropertySourcesPropertyResolver - Found key 'USERDOMAIN' in [systemEnvironment] with type [String] and value 'SONI'
11:14:42.340 [Test worker] DEBUG org.springframework.core.env.PropertySourcesPropertyResolver - Searching for key 'LOGONSERVER' in [servletConfigInitParams]
11:14:42.341 [Test worker] DEBUG org.springframework.core.env.PropertySourcesPropertyResolver - Searching for key 'LOGONSERVER' in [servletContextInitParams]
11:14:42.341 [Test worker] DEBUG org.springframework.core.env.PropertySourcesPropertyResolver - Searching for key 'LOGONSERVER' in [systemProperties]
11:14:42.341 [Test worker] DEBUG org.springframework.core.env.PropertySourcesPropertyResolver - Searching for key 'LOGONSERVER' in [systemEnvironment]
11:14:42.342 [Test worker] DEBUG org.springframework.core.env.PropertySourcesPropertyResolver - Found key 'LOGONSERVER' in [systemEnvironment] with type [String] and value '\\MicrosoftAccount'
11:14:42.342 [Test worker] DEBUG org.springframework.core.env.PropertySourcesPropertyResolver - Searching for key 'JAVA_HOME' in [servletConfigInitParams]
11:14:42.342 [Test worker] DEBUG org.springframework.core.env.PropertySourcesPropertyResolver - Searching for key 'JAVA_HOME' in [servletContextInitParams]
11:14:42.343 [Test worker] DEBUG org.springframework.core.env.PropertySourcesPropertyResolver - Searching for key 'JAVA_HOME' in [systemProperties]
11:14:42.343 [Test worker] DEBUG org.springframework.core.env.PropertySourcesPropertyResolver - Searching for key 'JAVA_HOME' in [systemEnvironment]
11:14:42.344 [Test worker] DEBUG org.springframework.core.env.PropertySourcesPropertyResolver - Found key 'JAVA_HOME' in [systemEnvironment] with type [String] and value 'C:\Program Files\Java\jdk1.8.0_101'
11:14:42.344 [Test worker] DEBUG org.springframework.core.env.PropertySourcesPropertyResolver - Searching for key 'PLINK_PROTOCOL' in [servletConfigInitParams]
11:14:42.345 [Test worker] DEBUG org.springframework.core.env.PropertySourcesPropertyResolver - Searching for key 'PLINK_PROTOCOL' in [servletContextInitParams]
11:14:42.345 [Test worker] DEBUG org.springframework.core.env.PropertySourcesPropertyResolver - Searching for key 'PLINK_PROTOCOL' in [systemProperties]
11:14:42.345 [Test worker] DEBUG org.springframework.core.env.PropertySourcesPropertyResolver - Searching for key 'PLINK_PROTOCOL' in [systemEnvironment]
11:14:42.346 [Test worker] DEBUG org.springframework.core.env.PropertySourcesPropertyResolver - Found key 'PLINK_PROTOCOL' in [systemEnvironment] with type [String] and value 'ssh'
11:14:42.346 [Test worker] DEBUG org.springframework.core.env.PropertySourcesPropertyResolver - Searching for key 'TERM' in [servletConfigInitParams]
11:14:42.346 [Test worker] DEBUG org.springframework.core.env.PropertySourcesPropertyResolver - Searching for key 'TERM' in [servletContextInitParams]
11:14:42.346 [Test worker] DEBUG org.springframework.core.env.PropertySourcesPropertyResolver - Searching for key 'TERM' in [systemProperties]
11:14:42.347 [Test worker] DEBUG org.springframework.core.env.PropertySourcesPropertyResolver - Searching for key 'TERM' in [systemEnvironment]
11:14:42.347 [Test worker] DEBUG org.springframework.core.env.PropertySourcesPropertyResolver - Found key 'TERM' in [systemEnvironment] with type [String] and value 'xterm'
11:14:42.348 [Test worker] DEBUG org.springframework.core.env.PropertySourcesPropertyResolver - Searching for key 'LANG' in [servletConfigInitParams]
11:14:42.348 [Test worker] DEBUG org.springframework.core.env.PropertySourcesPropertyResolver - Searching for key 'LANG' in [servletContextInitParams]
11:14:42.349 [Test worker] DEBUG org.springframework.core.env.PropertySourcesPropertyResolver - Searching for key 'LANG' in [systemProperties]
11:14:42.349 [Test worker] DEBUG org.springframework.core.env.PropertySourcesPropertyResolver - Searching for key 'LANG' in [systemEnvironment]
11:14:42.350 [Test worker] DEBUG org.springframework.core.env.PropertySourcesPropertyResolver - Found key 'LANG' in [systemEnvironment] with type [String] and value 'en_US.UTF-8'
11:14:42.350 [Test worker] DEBUG org.springframework.core.env.PropertySourcesPropertyResolver - Searching for key 'DISPLAY' in [servletConfigInitParams]
11:14:42.351 [Test worker] DEBUG org.springframework.core.env.PropertySourcesPropertyResolver - Searching for key 'DISPLAY' in [servletContextInitParams]
11:14:42.351 [Test worker] DEBUG org.springframework.core.env.PropertySourcesPropertyResolver - Searching for key 'DISPLAY' in [systemProperties]
11:14:42.351 [Test worker] DEBUG org.springframework.core.env.PropertySourcesPropertyResolver - Searching for key 'DISPLAY' in [systemEnvironment]
11:14:42.352 [Test worker] DEBUG org.springframework.core.env.PropertySourcesPropertyResolver - Found key 'DISPLAY' in [systemEnvironment] with type [String] and value 'needs-to-be-defined'
11:14:42.352 [Test worker] DEBUG org.springframework.core.env.PropertySourcesPropertyResolver - Searching for key 'MSYSTEM' in [servletConfigInitParams]
11:14:42.352 [Test worker] DEBUG org.springframework.core.env.PropertySourcesPropertyResolver - Searching for key 'MSYSTEM' in [servletContextInitParams]
11:14:42.353 [Test worker] DEBUG org.springframework.core.env.PropertySourcesPropertyResolver - Searching for key 'MSYSTEM' in [systemProperties]
11:14:42.353 [Test worker] DEBUG org.springframework.core.env.PropertySourcesPropertyResolver - Searching for key 'MSYSTEM' in [systemEnvironment]
11:14:42.354 [Test worker] DEBUG org.springframework.core.env.PropertySourcesPropertyResolver - Found key 'MSYSTEM' in [systemEnvironment] with type [String] and value 'MINGW64'
11:14:42.354 [Test worker] DEBUG org.springframework.core.env.PropertySourcesPropertyResolver - Searching for key 'APPDATA' in [servletConfigInitParams]
11:14:42.354 [Test worker] DEBUG org.springframework.core.env.PropertySourcesPropertyResolver - Searching for key 'APPDATA' in [servletContextInitParams]
11:14:42.355 [Test worker] DEBUG org.springframework.core.env.PropertySourcesPropertyResolver - Searching for key 'APPDATA' in [systemProperties]
11:14:42.355 [Test worker] DEBUG org.springframework.core.env.PropertySourcesPropertyResolver - Searching for key 'APPDATA' in [systemEnvironment]
11:14:42.355 [Test worker] DEBUG org.springframework.core.env.PropertySourcesPropertyResolver - Found key 'APPDATA' in [systemEnvironment] with type [String] and value 'C:\Users\Soniya\AppData\Roaming'
11:14:42.357 [Test worker] DEBUG org.springframework.core.env.PropertySourcesPropertyResolver - Searching for key 'SYSTEMROOT' in [servletConfigInitParams]
11:14:42.357 [Test worker] DEBUG org.springframework.core.env.PropertySourcesPropertyResolver - Searching for key 'SYSTEMROOT' in [servletContextInitParams]
11:14:42.358 [Test worker] DEBUG org.springframework.core.env.PropertySourcesPropertyResolver - Searching for key 'SYSTEMROOT' in [systemProperties]
11:14:42.358 [Test worker] DEBUG org.springframework.core.env.PropertySourcesPropertyResolver - Searching for key 'SYSTEMROOT' in [systemEnvironment]
11:14:42.359 [Test worker] DEBUG org.springframework.core.env.PropertySourcesPropertyResolver - Found key 'SYSTEMROOT' in [systemEnvironment] with type [String] and value 'C:\Windows'
11:14:42.360 [Test worker] DEBUG org.springframework.core.env.PropertySourcesPropertyResolver - Searching for key 'OS' in [servletConfigInitParams]
11:14:42.361 [Test worker] DEBUG org.springframework.core.env.PropertySourcesPropertyResolver - Searching for key 'OS' in [servletContextInitParams]
11:14:42.362 [Test worker] DEBUG org.springframework.core.env.PropertySourcesPropertyResolver - Searching for key 'OS' in [systemProperties]
11:14:42.363 [Test worker] DEBUG org.springframework.core.env.PropertySourcesPropertyResolver - Searching for key 'OS' in [systemEnvironment]
11:14:42.364 [Test worker] DEBUG org.springframework.core.env.PropertySourcesPropertyResolver - Found key 'OS' in [systemEnvironment] with type [String] and value 'Windows_NT'
11:14:42.365 [Test worker] DEBUG org.springframework.core.env.PropertySourcesPropertyResolver - Searching for key 'COMPUTERNAME' in [servletConfigInitParams]
11:14:42.366 [Test worker] DEBUG org.springframework.core.env.PropertySourcesPropertyResolver - Searching for key 'COMPUTERNAME' in [servletContextInitParams]
11:14:42.367 [Test worker] DEBUG org.springframework.core.env.PropertySourcesPropertyResolver - Searching for key 'COMPUTERNAME' in [systemProperties]
11:14:42.368 [Test worker] DEBUG org.springframework.core.env.PropertySourcesPropertyResolver - Searching for key 'COMPUTERNAME' in [systemEnvironment]
11:14:42.368 [Test worker] DEBUG org.springframework.core.env.PropertySourcesPropertyResolver - Found key 'COMPUTERNAME' in [systemEnvironment] with type [String] and value 'SONI'
11:14:42.369 [Test worker] DEBUG org.springframework.core.env.PropertySourcesPropertyResolver - Searching for key 'COMMONPROGRAMFILES' in [servletConfigInitParams]
11:14:42.370 [Test worker] DEBUG org.springframework.core.env.PropertySourcesPropertyResolver - Searching for key 'COMMONPROGRAMFILES' in [servletContextInitParams]
11:14:42.371 [Test worker] DEBUG org.springframework.core.env.PropertySourcesPropertyResolver - Searching for key 'COMMONPROGRAMFILES' in [systemProperties]
11:14:42.372 [Test worker] DEBUG org.springframework.core.env.PropertySourcesPropertyResolver - Searching for key 'COMMONPROGRAMFILES' in [systemEnvironment]
11:14:42.373 [Test worker] DEBUG org.springframework.core.env.PropertySourcesPropertyResolver - Found key 'COMMONPROGRAMFILES' in [systemEnvironment] with type [String] and value 'C:\Program Files\Common Files'
11:14:42.374 [Test worker] DEBUG org.springframework.core.env.PropertySourcesPropertyResolver - Searching for key 'COMSPEC' in [servletConfigInitParams]
11:14:42.375 [Test worker] DEBUG org.springframework.core.env.PropertySourcesPropertyResolver - Searching for key 'COMSPEC' in [servletContextInitParams]
11:14:42.376 [Test worker] DEBUG org.springframework.core.env.PropertySourcesPropertyResolver - Searching for key 'COMSPEC' in [systemProperties]
11:14:42.378 [Test worker] DEBUG org.springframework.core.env.PropertySourcesPropertyResolver - Searching for key 'COMSPEC' in [systemEnvironment]
11:14:42.379 [Test worker] DEBUG org.springframework.core.env.PropertySourcesPropertyResolver - Found key 'COMSPEC' in [systemEnvironment] with type [String] and value 'C:\Windows\system32\cmd.exe'
11:14:42.379 [Test worker] DEBUG org.springframework.core.env.PropertySourcesPropertyResolver - Searching for key 'PROCESSOR_REVISION' in [servletConfigInitParams]
11:14:42.380 [Test worker] DEBUG org.springframework.core.env.PropertySourcesPropertyResolver - Searching for key 'PROCESSOR_REVISION' in [servletContextInitParams]
11:14:42.380 [Test worker] DEBUG org.springframework.core.env.PropertySourcesPropertyResolver - Searching for key 'PROCESSOR_REVISION' in [systemProperties]
11:14:42.380 [Test worker] DEBUG org.springframework.core.env.PropertySourcesPropertyResolver - Searching for key 'PROCESSOR_REVISION' in [systemEnvironment]
11:14:42.381 [Test worker] DEBUG org.springframework.core.env.PropertySourcesPropertyResolver - Found key 'PROCESSOR_REVISION' in [systemEnvironment] with type [String] and value '6001'
11:14:42.381 [Test worker] DEBUG org.springframework.core.env.PropertySourcesPropertyResolver - Searching for key 'CommonProgramW6432' in [servletConfigInitParams]
11:14:42.381 [Test worker] DEBUG org.springframework.core.env.PropertySourcesPropertyResolver - Searching for key 'CommonProgramW6432' in [servletContextInitParams]
11:14:42.382 [Test worker] DEBUG org.springframework.core.env.PropertySourcesPropertyResolver - Searching for key 'CommonProgramW6432' in [systemProperties]
11:14:42.383 [Test worker] DEBUG org.springframework.core.env.PropertySourcesPropertyResolver - Searching for key 'CommonProgramW6432' in [systemEnvironment]
11:14:42.383 [Test worker] DEBUG org.springframework.core.env.PropertySourcesPropertyResolver - Found key 'CommonProgramW6432' in [systemEnvironment] with type [String] and value 'C:\Program Files\Common Files'
11:14:42.384 [Test worker] DEBUG org.springframework.core.env.PropertySourcesPropertyResolver - Searching for key 'ACLOCAL_PATH' in [servletConfigInitParams]
11:14:42.384 [Test worker] DEBUG org.springframework.core.env.PropertySourcesPropertyResolver - Searching for key 'ACLOCAL_PATH' in [servletContextInitParams]
11:14:42.385 [Test worker] DEBUG org.springframework.core.env.PropertySourcesPropertyResolver - Searching for key 'ACLOCAL_PATH' in [systemProperties]
11:14:42.385 [Test worker] DEBUG org.springframework.core.env.PropertySourcesPropertyResolver - Searching for key 'ACLOCAL_PATH' in [systemEnvironment]
11:14:42.385 [Test worker] DEBUG org.springframework.core.env.PropertySourcesPropertyResolver - Found key 'ACLOCAL_PATH' in [systemEnvironment] with type [String] and value 'C:\Program Files\Git\mingw64\share\aclocal;C:\Program Files\Git\usr\share\aclocal'
11:14:42.386 [Test worker] DEBUG org.springframework.core.env.PropertySourcesPropertyResolver - Searching for key 'PRINTER' in [servletConfigInitParams]
11:14:42.386 [Test worker] DEBUG org.springframework.core.env.PropertySourcesPropertyResolver - Searching for key 'PRINTER' in [servletContextInitParams]
11:14:42.387 [Test worker] DEBUG org.springframework.core.env.PropertySourcesPropertyResolver - Searching for key 'PRINTER' in [systemProperties]
11:14:42.387 [Test worker] DEBUG org.springframework.core.env.PropertySourcesPropertyResolver - Searching for key 'PRINTER' in [systemEnvironment]
11:14:42.387 [Test worker] DEBUG org.springframework.core.env.PropertySourcesPropertyResolver - Found key 'PRINTER' in [systemEnvironment] with type [String] and value 'Microsoft Print to PDF'
11:14:42.388 [Test worker] DEBUG org.springframework.core.env.PropertySourcesPropertyResolver - Searching for key 'TEMP' in [servletConfigInitParams]
11:14:42.388 [Test worker] DEBUG org.springframework.core.env.PropertySourcesPropertyResolver - Searching for key 'TEMP' in [servletContextInitParams]
11:14:42.388 [Test worker] DEBUG org.springframework.core.env.PropertySourcesPropertyResolver - Searching for key 'TEMP' in [systemProperties]
11:14:42.389 [Test worker] DEBUG org.springframework.core.env.PropertySourcesPropertyResolver - Searching for key 'TEMP' in [systemEnvironment]
11:14:42.389 [Test worker] DEBUG org.springframework.core.env.PropertySourcesPropertyResolver - Found key 'TEMP' in [systemEnvironment] with type [String] and value 'C:\Users\Soniya\AppData\Local\Temp'
11:14:42.390 [Test worker] DEBUG org.springframework.core.env.PropertySourcesPropertyResolver - Searching for key 'HOSTNAME' in [servletConfigInitParams]
11:14:42.391 [Test worker] DEBUG org.springframework.core.env.PropertySourcesPropertyResolver - Searching for key 'HOSTNAME' in [servletContextInitParams]
11:14:42.391 [Test worker] DEBUG org.springframework.core.env.PropertySourcesPropertyResolver - Searching for key 'HOSTNAME' in [systemProperties]
11:14:42.391 [Test worker] DEBUG org.springframework.core.env.PropertySourcesPropertyResolver - Searching for key 'HOSTNAME' in [systemEnvironment]
11:14:42.392 [Test worker] DEBUG org.springframework.core.env.PropertySourcesPropertyResolver - Found key 'HOSTNAME' in [systemEnvironment] with type [String] and value 'Soni'
11:14:42.392 [Test worker] DEBUG org.springframework.core.env.PropertySourcesPropertyResolver - Searching for key 'HOMEDRIVE' in [servletConfigInitParams]
11:14:42.392 [Test worker] DEBUG org.springframework.core.env.PropertySourcesPropertyResolver - Searching for key 'HOMEDRIVE' in [servletContextInitParams]
11:14:42.393 [Test worker] DEBUG org.springframework.core.env.PropertySourcesPropertyResolver - Searching for key 'HOMEDRIVE' in [systemProperties]
11:14:42.393 [Test worker] DEBUG org.springframework.core.env.PropertySourcesPropertyResolver - Searching for key 'HOMEDRIVE' in [systemEnvironment]
11:14:42.394 [Test worker] DEBUG org.springframework.core.env.PropertySourcesPropertyResolver - Found key 'HOMEDRIVE' in [systemEnvironment] with type [String] and value 'C:'
11:14:42.395 [Test worker] DEBUG org.springframework.core.env.PropertySourcesPropertyResolver - Searching for key 'USERPROFILE' in [servletConfigInitParams]
11:14:42.395 [Test worker] DEBUG org.springframework.core.env.PropertySourcesPropertyResolver - Searching for key 'USERPROFILE' in [servletContextInitParams]
11:14:42.396 [Test worker] DEBUG org.springframework.core.env.PropertySourcesPropertyResolver - Searching for key 'USERPROFILE' in [systemProperties]
11:14:42.397 [Test worker] DEBUG org.springframework.core.env.PropertySourcesPropertyResolver - Searching for key 'USERPROFILE' in [systemEnvironment]
11:14:42.397 [Test worker] DEBUG org.springframework.core.env.PropertySourcesPropertyResolver - Found key 'USERPROFILE' in [systemEnvironment] with type [String] and value 'C:\Users\Soniya'
11:14:42.398 [Test worker] DEBUG org.springframework.core.env.PropertySourcesPropertyResolver - Searching for key 'TMP' in [servletConfigInitParams]
11:14:42.399 [Test worker] DEBUG org.springframework.core.env.PropertySourcesPropertyResolver - Searching for key 'TMP' in [servletContextInitParams]
11:14:42.400 [Test worker] DEBUG org.springframework.core.env.PropertySourcesPropertyResolver - Searching for key 'TMP' in [systemProperties]
11:14:42.400 [Test worker] DEBUG org.springframework.core.env.PropertySourcesPropertyResolver - Searching for key 'TMP' in [systemEnvironment]
11:14:42.401 [Test worker] DEBUG org.springframework.core.env.PropertySourcesPropertyResolver - Found key 'TMP' in [systemEnvironment] with type [String] and value 'C:\Users\Soniya\AppData\Local\Temp'
11:14:42.402 [Test worker] DEBUG org.springframework.core.env.PropertySourcesPropertyResolver - Searching for key 'CommonProgramFiles(x86)' in [servletConfigInitParams]
11:14:42.403 [Test worker] DEBUG org.springframework.core.env.PropertySourcesPropertyResolver - Searching for key 'CommonProgramFiles(x86)' in [servletContextInitParams]
11:14:42.403 [Test worker] DEBUG org.springframework.core.env.PropertySourcesPropertyResolver - Searching for key 'CommonProgramFiles(x86)' in [systemProperties]
11:14:42.404 [Test worker] DEBUG org.springframework.core.env.PropertySourcesPropertyResolver - Searching for key 'CommonProgramFiles(x86)' in [systemEnvironment]
11:14:42.404 [Test worker] DEBUG org.springframework.core.env.PropertySourcesPropertyResolver - Found key 'CommonProgramFiles(x86)' in [systemEnvironment] with type [String] and value 'C:\Program Files (x86)\Common Files'
11:14:42.405 [Test worker] DEBUG org.springframework.core.env.PropertySourcesPropertyResolver - Searching for key 'NUMBER_OF_PROCESSORS' in [servletConfigInitParams]
11:14:42.405 [Test worker] DEBUG org.springframework.core.env.PropertySourcesPropertyResolver - Searching for key 'NUMBER_OF_PROCESSORS' in [servletContextInitParams]
11:14:42.405 [Test worker] DEBUG org.springframework.core.env.PropertySourcesPropertyResolver - Searching for key 'NUMBER_OF_PROCESSORS' in [systemProperties]
11:14:42.406 [Test worker] DEBUG org.springframework.core.env.PropertySourcesPropertyResolver - Searching for key 'NUMBER_OF_PROCESSORS' in [systemEnvironment]
11:14:42.407 [Test worker] DEBUG org.springframework.core.env.PropertySourcesPropertyResolver - Found key 'NUMBER_OF_PROCESSORS' in [systemEnvironment] with type [String] and value '4'
11:14:42.407 [Test worker] DEBUG org.springframework.core.env.PropertySourcesPropertyResolver - Searching for key 'HOME' in [servletConfigInitParams]
11:14:42.407 [Test worker] DEBUG org.springframework.core.env.PropertySourcesPropertyResolver - Searching for key 'HOME' in [servletContextInitParams]
11:14:42.408 [Test worker] DEBUG org.springframework.core.env.PropertySourcesPropertyResolver - Searching for key 'HOME' in [systemProperties]
11:14:42.408 [Test worker] DEBUG org.springframework.core.env.PropertySourcesPropertyResolver - Searching for key 'HOME' in [systemEnvironment]
11:14:42.409 [Test worker] DEBUG org.springframework.core.env.PropertySourcesPropertyResolver - Found key 'HOME' in [systemEnvironment] with type [String] and value 'C:\Users\Soniya'
11:14:42.649 [Test worker] DEBUG org.springframework.core.type.classreading.AnnotationAttributesReadingVisitor - Failed to class-load type while reading annotation metadata. This is a non-fatal error, but certain annotation metadata may be unavailable.
java.lang.ClassNotFoundException: org.springframework.data.web.config.EnableSpringDataWebSupport
	at java.net.URLClassLoader.findClass(URLClassLoader.java:381)
	at java.lang.ClassLoader.loadClass(ClassLoader.java:424)
	at sun.misc.Launcher$AppClassLoader.loadClass(Launcher.java:331)
	at java.lang.ClassLoader.loadClass(ClassLoader.java:357)
	at org.springframework.core.type.classreading.RecursiveAnnotationAttributesVisitor.visitEnd(RecursiveAnnotationAttributesVisitor.java:47)
	at org.springframework.asm.ClassReader.readAnnotationValues(ClassReader.java:1802)
	at org.springframework.asm.ClassReader.accept(ClassReader.java:642)
	at org.springframework.asm.ClassReader.accept(ClassReader.java:508)
	at org.springframework.core.type.classreading.SimpleMetadataReader.<init>(SimpleMetadataReader.java:64)
	at org.springframework.core.type.classreading.SimpleMetadataReaderFactory.getMetadataReader(SimpleMetadataReaderFactory.java:98)
	at org.springframework.core.type.classreading.CachingMetadataReaderFactory.getMetadataReader(CachingMetadataReaderFactory.java:102)
	at org.springframework.core.type.classreading.SimpleMetadataReaderFactory.getMetadataReader(SimpleMetadataReaderFactory.java:93)
	at org.springframework.boot.autoconfigure.AutoConfigurationSorter$AutoConfigurationClasses.<init>(AutoConfigurationSorter.java:112)
	at org.springframework.boot.autoconfigure.AutoConfigurationSorter.getInPriorityOrder(AutoConfigurationSorter.java:56)
	at org.springframework.boot.autoconfigure.EnableAutoConfigurationImportSelector.sort(EnableAutoConfigurationImportSelector.java:173)
	at org.springframework.boot.autoconfigure.EnableAutoConfigurationImportSelector.selectImports(EnableAutoConfigurationImportSelector.java:82)
	at org.springframework.context.annotation.ConfigurationClassParser.processDeferredImportSelectors(ConfigurationClassParser.java:454)
	at org.springframework.context.annotation.ConfigurationClassParser.parse(ConfigurationClassParser.java:186)
	at org.springframework.context.annotation.ConfigurationClassPostProcessor.processConfigBeanDefinitions(ConfigurationClassPostProcessor.java:321)
	at org.springframework.context.annotation.ConfigurationClassPostProcessor.postProcessBeanDefinitionRegistry(ConfigurationClassPostProcessor.java:243)
	at org.springframework.context.support.PostProcessorRegistrationDelegate.invokeBeanDefinitionRegistryPostProcessors(PostProcessorRegistrationDelegate.java:273)
	at org.springframework.context.support.PostProcessorRegistrationDelegate.invokeBeanFactoryPostProcessors(PostProcessorRegistrationDelegate.java:98)
	at org.springframework.context.support.AbstractApplicationContext.invokeBeanFactoryPostProcessors(AbstractApplicationContext.java:678)
	at org.springframework.context.support.AbstractApplicationContext.refresh(AbstractApplicationContext.java:520)
	at org.springframework.test.context.web.AbstractGenericWebContextLoader.loadContext(AbstractGenericWebContextLoader.java:133)
	at org.springframework.test.context.web.AbstractGenericWebContextLoader.loadContext(AbstractGenericWebContextLoader.java:60)
	at org.springframework.test.context.support.AbstractDelegatingSmartContextLoader.delegateLoading(AbstractDelegatingSmartContextLoader.java:109)
	at org.springframework.test.context.support.AbstractDelegatingSmartContextLoader.loadContext(AbstractDelegatingSmartContextLoader.java:261)
	at org.springframework.test.context.cache.DefaultCacheAwareContextLoaderDelegate.loadContextInternal(DefaultCacheAwareContextLoaderDelegate.java:98)
	at org.springframework.test.context.cache.DefaultCacheAwareContextLoaderDelegate.loadContext(DefaultCacheAwareContextLoaderDelegate.java:116)
	at org.springframework.test.context.support.DefaultTestContext.getApplicationContext(DefaultTestContext.java:83)
	at org.springframework.test.context.web.ServletTestExecutionListener.setUpRequestContextIfNecessary(ServletTestExecutionListener.java:183)
	at org.springframework.test.context.web.ServletTestExecutionListener.prepareTestInstance(ServletTestExecutionListener.java:123)
	at org.springframework.test.context.TestContextManager.prepareTestInstance(TestContextManager.java:228)
	at org.springframework.test.context.junit4.SpringJUnit4ClassRunner.createTest(SpringJUnit4ClassRunner.java:230)
	at org.springframework.test.context.junit4.SpringJUnit4ClassRunner$1.runReflectiveCall(SpringJUnit4ClassRunner.java:289)
	at org.junit.internal.runners.model.ReflectiveCallable.run(ReflectiveCallable.java:12)
	at org.springframework.test.context.junit4.SpringJUnit4ClassRunner.methodBlock(SpringJUnit4ClassRunner.java:291)
	at org.springframework.test.context.junit4.SpringJUnit4ClassRunner.runChild(SpringJUnit4ClassRunner.java:249)
	at org.springframework.test.context.junit4.SpringJUnit4ClassRunner.runChild(SpringJUnit4ClassRunner.java:89)
	at org.junit.runners.ParentRunner$3.run(ParentRunner.java:290)
	at org.junit.runners.ParentRunner$1.schedule(ParentRunner.java:71)
	at org.junit.runners.ParentRunner.runChildren(ParentRunner.java:288)
	at org.junit.runners.ParentRunner.access$000(ParentRunner.java:58)
	at org.junit.runners.ParentRunner$2.evaluate(ParentRunner.java:268)
	at org.springframework.test.context.junit4.statements.RunBeforeTestClassCallbacks.evaluate(RunBeforeTestClassCallbacks.java:61)
	at org.springframework.test.context.junit4.statements.RunAfterTestClassCallbacks.evaluate(RunAfterTestClassCallbacks.java:70)
	at org.junit.runners.ParentRunner.run(ParentRunner.java:363)
	at org.springframework.test.context.junit4.SpringJUnit4ClassRunner.run(SpringJUnit4ClassRunner.java:193)
	at org.gradle.api.internal.tasks.testing.junit.JUnitTestClassExecuter.runTestClass(JUnitTestClassExecuter.java:114)
	at org.gradle.api.internal.tasks.testing.junit.JUnitTestClassExecuter.execute(JUnitTestClassExecuter.java:57)
	at org.gradle.api.internal.tasks.testing.junit.JUnitTestClassProcessor.processTestClass(JUnitTestClassProcessor.java:66)
	at org.gradle.api.internal.tasks.testing.SuiteTestClassProcessor.processTestClass(SuiteTestClassProcessor.java:51)
	at sun.reflect.NativeMethodAccessorImpl.invoke0(Native Method)
	at sun.reflect.NativeMethodAccessorImpl.invoke(NativeMethodAccessorImpl.java:62)
	at sun.reflect.DelegatingMethodAccessorImpl.invoke(DelegatingMethodAccessorImpl.java:43)
	at java.lang.reflect.Method.invoke(Method.java:498)
	at org.gradle.internal.dispatch.ReflectionDispatch.dispatch(ReflectionDispatch.java:35)
	at org.gradle.internal.dispatch.ReflectionDispatch.dispatch(ReflectionDispatch.java:24)
	at org.gradle.internal.dispatch.ContextClassLoaderDispatch.dispatch(ContextClassLoaderDispatch.java:32)
	at org.gradle.internal.dispatch.ProxyDispatchAdapter$DispatchingInvocationHandler.invoke(ProxyDispatchAdapter.java:93)
	at com.sun.proxy.$Proxy2.processTestClass(Unknown Source)
	at org.gradle.api.internal.tasks.testing.worker.TestWorker.processTestClass(TestWorker.java:109)
	at sun.reflect.NativeMethodAccessorImpl.invoke0(Native Method)
	at sun.reflect.NativeMethodAccessorImpl.invoke(NativeMethodAccessorImpl.java:62)
	at sun.reflect.DelegatingMethodAccessorImpl.invoke(DelegatingMethodAccessorImpl.java:43)
	at java.lang.reflect.Method.invoke(Method.java:498)
	at org.gradle.internal.dispatch.ReflectionDispatch.dispatch(ReflectionDispatch.java:35)
	at org.gradle.internal.dispatch.ReflectionDispatch.dispatch(ReflectionDispatch.java:24)
	at org.gradle.internal.remote.internal.hub.MessageHub$Handler.run(MessageHub.java:377)
	at org.gradle.internal.concurrent.ExecutorPolicy$CatchAndRecordFailures.onExecute(ExecutorPolicy.java:54)
	at org.gradle.internal.concurrent.StoppableExecutorImpl$1.run(StoppableExecutorImpl.java:40)
	at java.util.concurrent.ThreadPoolExecutor.runWorker(ThreadPoolExecutor.java:1142)
	at java.util.concurrent.ThreadPoolExecutor$Worker.run(ThreadPoolExecutor.java:617)
	at java.lang.Thread.run(Thread.java:745)
11:14:42.754 [Test worker] DEBUG org.springframework.core.type.classreading.AnnotationAttributesReadingVisitor - Failed to class-load type while reading annotation metadata. This is a non-fatal error, but certain annotation metadata may be unavailable.
java.lang.ClassNotFoundException: org.springframework.security.config.annotation.web.configuration.EnableWebSecurity
	at java.net.URLClassLoader.findClass(URLClassLoader.java:381)
	at java.lang.ClassLoader.loadClass(ClassLoader.java:424)
	at sun.misc.Launcher$AppClassLoader.loadClass(Launcher.java:331)
	at java.lang.ClassLoader.loadClass(ClassLoader.java:357)
	at org.springframework.core.type.classreading.RecursiveAnnotationAttributesVisitor.visitEnd(RecursiveAnnotationAttributesVisitor.java:47)
	at org.springframework.asm.ClassReader.readAnnotationValues(ClassReader.java:1802)
	at org.springframework.asm.ClassReader.accept(ClassReader.java:642)
	at org.springframework.asm.ClassReader.accept(ClassReader.java:508)
	at org.springframework.core.type.classreading.SimpleMetadataReader.<init>(SimpleMetadataReader.java:64)
	at org.springframework.core.type.classreading.SimpleMetadataReaderFactory.getMetadataReader(SimpleMetadataReaderFactory.java:98)
	at org.springframework.core.type.classreading.CachingMetadataReaderFactory.getMetadataReader(CachingMetadataReaderFactory.java:102)
	at org.springframework.core.type.classreading.SimpleMetadataReaderFactory.getMetadataReader(SimpleMetadataReaderFactory.java:93)
	at org.springframework.boot.autoconfigure.AutoConfigurationSorter$AutoConfigurationClasses.<init>(AutoConfigurationSorter.java:112)
	at org.springframework.boot.autoconfigure.AutoConfigurationSorter.getInPriorityOrder(AutoConfigurationSorter.java:56)
	at org.springframework.boot.autoconfigure.EnableAutoConfigurationImportSelector.sort(EnableAutoConfigurationImportSelector.java:173)
	at org.springframework.boot.autoconfigure.EnableAutoConfigurationImportSelector.selectImports(EnableAutoConfigurationImportSelector.java:82)
	at org.springframework.context.annotation.ConfigurationClassParser.processDeferredImportSelectors(ConfigurationClassParser.java:454)
	at org.springframework.context.annotation.ConfigurationClassParser.parse(ConfigurationClassParser.java:186)
	at org.springframework.context.annotation.ConfigurationClassPostProcessor.processConfigBeanDefinitions(ConfigurationClassPostProcessor.java:321)
	at org.springframework.context.annotation.ConfigurationClassPostProcessor.postProcessBeanDefinitionRegistry(ConfigurationClassPostProcessor.java:243)
	at org.springframework.context.support.PostProcessorRegistrationDelegate.invokeBeanDefinitionRegistryPostProcessors(PostProcessorRegistrationDelegate.java:273)
	at org.springframework.context.support.PostProcessorRegistrationDelegate.invokeBeanFactoryPostProcessors(PostProcessorRegistrationDelegate.java:98)
	at org.springframework.context.support.AbstractApplicationContext.invokeBeanFactoryPostProcessors(AbstractApplicationContext.java:678)
	at org.springframework.context.support.AbstractApplicationContext.refresh(AbstractApplicationContext.java:520)
	at org.springframework.test.context.web.AbstractGenericWebContextLoader.loadContext(AbstractGenericWebContextLoader.java:133)
	at org.springframework.test.context.web.AbstractGenericWebContextLoader.loadContext(AbstractGenericWebContextLoader.java:60)
	at org.springframework.test.context.support.AbstractDelegatingSmartContextLoader.delegateLoading(AbstractDelegatingSmartContextLoader.java:109)
	at org.springframework.test.context.support.AbstractDelegatingSmartContextLoader.loadContext(AbstractDelegatingSmartContextLoader.java:261)
	at org.springframework.test.context.cache.DefaultCacheAwareContextLoaderDelegate.loadContextInternal(DefaultCacheAwareContextLoaderDelegate.java:98)
	at org.springframework.test.context.cache.DefaultCacheAwareContextLoaderDelegate.loadContext(DefaultCacheAwareContextLoaderDelegate.java:116)
	at org.springframework.test.context.support.DefaultTestContext.getApplicationContext(DefaultTestContext.java:83)
	at org.springframework.test.context.web.ServletTestExecutionListener.setUpRequestContextIfNecessary(ServletTestExecutionListener.java:183)
	at org.springframework.test.context.web.ServletTestExecutionListener.prepareTestInstance(ServletTestExecutionListener.java:123)
	at org.springframework.test.context.TestContextManager.prepareTestInstance(TestContextManager.java:228)
	at org.springframework.test.context.junit4.SpringJUnit4ClassRunner.createTest(SpringJUnit4ClassRunner.java:230)
	at org.springframework.test.context.junit4.SpringJUnit4ClassRunner$1.runReflectiveCall(SpringJUnit4ClassRunner.java:289)
	at org.junit.internal.runners.model.ReflectiveCallable.run(ReflectiveCallable.java:12)
	at org.springframework.test.context.junit4.SpringJUnit4ClassRunner.methodBlock(SpringJUnit4ClassRunner.java:291)
	at org.springframework.test.context.junit4.SpringJUnit4ClassRunner.runChild(SpringJUnit4ClassRunner.java:249)
	at org.springframework.test.context.junit4.SpringJUnit4ClassRunner.runChild(SpringJUnit4ClassRunner.java:89)
	at org.junit.runners.ParentRunner$3.run(ParentRunner.java:290)
	at org.junit.runners.ParentRunner$1.schedule(ParentRunner.java:71)
	at org.junit.runners.ParentRunner.runChildren(ParentRunner.java:288)
	at org.junit.runners.ParentRunner.access$000(ParentRunner.java:58)
	at org.junit.runners.ParentRunner$2.evaluate(ParentRunner.java:268)
	at org.springframework.test.context.junit4.statements.RunBeforeTestClassCallbacks.evaluate(RunBeforeTestClassCallbacks.java:61)
	at org.springframework.test.context.junit4.statements.RunAfterTestClassCallbacks.evaluate(RunAfterTestClassCallbacks.java:70)
	at org.junit.runners.ParentRunner.run(ParentRunner.java:363)
	at org.springframework.test.context.junit4.SpringJUnit4ClassRunner.run(SpringJUnit4ClassRunner.java:193)
	at org.gradle.api.internal.tasks.testing.junit.JUnitTestClassExecuter.runTestClass(JUnitTestClassExecuter.java:114)
	at org.gradle.api.internal.tasks.testing.junit.JUnitTestClassExecuter.execute(JUnitTestClassExecuter.java:57)
	at org.gradle.api.internal.tasks.testing.junit.JUnitTestClassProcessor.processTestClass(JUnitTestClassProcessor.java:66)
	at org.gradle.api.internal.tasks.testing.SuiteTestClassProcessor.processTestClass(SuiteTestClassProcessor.java:51)
	at sun.reflect.NativeMethodAccessorImpl.invoke0(Native Method)
	at sun.reflect.NativeMethodAccessorImpl.invoke(NativeMethodAccessorImpl.java:62)
	at sun.reflect.DelegatingMethodAccessorImpl.invoke(DelegatingMethodAccessorImpl.java:43)
	at java.lang.reflect.Method.invoke(Method.java:498)
	at org.gradle.internal.dispatch.ReflectionDispatch.dispatch(ReflectionDispatch.java:35)
	at org.gradle.internal.dispatch.ReflectionDispatch.dispatch(ReflectionDispatch.java:24)
	at org.gradle.internal.dispatch.ContextClassLoaderDispatch.dispatch(ContextClassLoaderDispatch.java:32)
	at org.gradle.internal.dispatch.ProxyDispatchAdapter$DispatchingInvocationHandler.invoke(ProxyDispatchAdapter.java:93)
	at com.sun.proxy.$Proxy2.processTestClass(Unknown Source)
	at org.gradle.api.internal.tasks.testing.worker.TestWorker.processTestClass(TestWorker.java:109)
	at sun.reflect.NativeMethodAccessorImpl.invoke0(Native Method)
	at sun.reflect.NativeMethodAccessorImpl.invoke(NativeMethodAccessorImpl.java:62)
	at sun.reflect.DelegatingMethodAccessorImpl.invoke(DelegatingMethodAccessorImpl.java:43)
	at java.lang.reflect.Method.invoke(Method.java:498)
	at org.gradle.internal.dispatch.ReflectionDispatch.dispatch(ReflectionDispatch.java:35)
	at org.gradle.internal.dispatch.ReflectionDispatch.dispatch(ReflectionDispatch.java:24)
	at org.gradle.internal.remote.internal.hub.MessageHub$Handler.run(MessageHub.java:377)
	at org.gradle.internal.concurrent.ExecutorPolicy$CatchAndRecordFailures.onExecute(ExecutorPolicy.java:54)
	at org.gradle.internal.concurrent.StoppableExecutorImpl$1.run(StoppableExecutorImpl.java:40)
	at java.util.concurrent.ThreadPoolExecutor.runWorker(ThreadPoolExecutor.java:1142)
	at java.util.concurrent.ThreadPoolExecutor$Worker.run(ThreadPoolExecutor.java:617)
	at java.lang.Thread.run(Thread.java:745)
11:14:42.947 [Test worker] DEBUG org.springframework.core.type.classreading.AnnotationAttributesReadingVisitor - Failed to class-load type while reading annotation metadata. This is a non-fatal error, but certain annotation metadata may be unavailable.
java.lang.ClassNotFoundException: org.springframework.data.web.config.EnableSpringDataWebSupport
	at java.net.URLClassLoader.findClass(URLClassLoader.java:381)
	at java.lang.ClassLoader.loadClass(ClassLoader.java:424)
	at sun.misc.Launcher$AppClassLoader.loadClass(Launcher.java:331)
	at java.lang.ClassLoader.loadClass(ClassLoader.java:357)
	at org.springframework.core.type.classreading.RecursiveAnnotationAttributesVisitor.visitEnd(RecursiveAnnotationAttributesVisitor.java:47)
	at org.springframework.asm.ClassReader.readAnnotationValues(ClassReader.java:1802)
	at org.springframework.asm.ClassReader.accept(ClassReader.java:642)
	at org.springframework.asm.ClassReader.accept(ClassReader.java:508)
	at org.springframework.core.type.classreading.SimpleMetadataReader.<init>(SimpleMetadataReader.java:64)
	at org.springframework.core.type.classreading.SimpleMetadataReaderFactory.getMetadataReader(SimpleMetadataReaderFactory.java:98)
	at org.springframework.core.type.classreading.CachingMetadataReaderFactory.getMetadataReader(CachingMetadataReaderFactory.java:102)
	at org.springframework.core.type.classreading.SimpleMetadataReaderFactory.getMetadataReader(SimpleMetadataReaderFactory.java:93)
	at org.springframework.context.annotation.ConfigurationClassParser.asSourceClass(ConfigurationClassParser.java:621)
	at org.springframework.context.annotation.ConfigurationClassParser.asSourceClasses(ConfigurationClassParser.java:603)
	at org.springframework.context.annotation.ConfigurationClassParser.processDeferredImportSelectors(ConfigurationClassParser.java:455)
	at org.springframework.context.annotation.ConfigurationClassParser.parse(ConfigurationClassParser.java:186)
	at org.springframework.context.annotation.ConfigurationClassPostProcessor.processConfigBeanDefinitions(ConfigurationClassPostProcessor.java:321)
	at org.springframework.context.annotation.ConfigurationClassPostProcessor.postProcessBeanDefinitionRegistry(ConfigurationClassPostProcessor.java:243)
	at org.springframework.context.support.PostProcessorRegistrationDelegate.invokeBeanDefinitionRegistryPostProcessors(PostProcessorRegistrationDelegate.java:273)
	at org.springframework.context.support.PostProcessorRegistrationDelegate.invokeBeanFactoryPostProcessors(PostProcessorRegistrationDelegate.java:98)
	at org.springframework.context.support.AbstractApplicationContext.invokeBeanFactoryPostProcessors(AbstractApplicationContext.java:678)
	at org.springframework.context.support.AbstractApplicationContext.refresh(AbstractApplicationContext.java:520)
	at org.springframework.test.context.web.AbstractGenericWebContextLoader.loadContext(AbstractGenericWebContextLoader.java:133)
	at org.springframework.test.context.web.AbstractGenericWebContextLoader.loadContext(AbstractGenericWebContextLoader.java:60)
	at org.springframework.test.context.support.AbstractDelegatingSmartContextLoader.delegateLoading(AbstractDelegatingSmartContextLoader.java:109)
	at org.springframework.test.context.support.AbstractDelegatingSmartContextLoader.loadContext(AbstractDelegatingSmartContextLoader.java:261)
	at org.springframework.test.context.cache.DefaultCacheAwareContextLoaderDelegate.loadContextInternal(DefaultCacheAwareContextLoaderDelegate.java:98)
	at org.springframework.test.context.cache.DefaultCacheAwareContextLoaderDelegate.loadContext(DefaultCacheAwareContextLoaderDelegate.java:116)
	at org.springframework.test.context.support.DefaultTestContext.getApplicationContext(DefaultTestContext.java:83)
	at org.springframework.test.context.web.ServletTestExecutionListener.setUpRequestContextIfNecessary(ServletTestExecutionListener.java:183)
	at org.springframework.test.context.web.ServletTestExecutionListener.prepareTestInstance(ServletTestExecutionListener.java:123)
	at org.springframework.test.context.TestContextManager.prepareTestInstance(TestContextManager.java:228)
	at org.springframework.test.context.junit4.SpringJUnit4ClassRunner.createTest(SpringJUnit4ClassRunner.java:230)
	at org.springframework.test.context.junit4.SpringJUnit4ClassRunner$1.runReflectiveCall(SpringJUnit4ClassRunner.java:289)
	at org.junit.internal.runners.model.ReflectiveCallable.run(ReflectiveCallable.java:12)
	at org.springframework.test.context.junit4.SpringJUnit4ClassRunner.methodBlock(SpringJUnit4ClassRunner.java:291)
	at org.springframework.test.context.junit4.SpringJUnit4ClassRunner.runChild(SpringJUnit4ClassRunner.java:249)
	at org.springframework.test.context.junit4.SpringJUnit4ClassRunner.runChild(SpringJUnit4ClassRunner.java:89)
	at org.junit.runners.ParentRunner$3.run(ParentRunner.java:290)
	at org.junit.runners.ParentRunner$1.schedule(ParentRunner.java:71)
	at org.junit.runners.ParentRunner.runChildren(ParentRunner.java:288)
	at org.junit.runners.ParentRunner.access$000(ParentRunner.java:58)
	at org.junit.runners.ParentRunner$2.evaluate(ParentRunner.java:268)
	at org.springframework.test.context.junit4.statements.RunBeforeTestClassCallbacks.evaluate(RunBeforeTestClassCallbacks.java:61)
	at org.springframework.test.context.junit4.statements.RunAfterTestClassCallbacks.evaluate(RunAfterTestClassCallbacks.java:70)
	at org.junit.runners.ParentRunner.run(ParentRunner.java:363)
	at org.springframework.test.context.junit4.SpringJUnit4ClassRunner.run(SpringJUnit4ClassRunner.java:193)
	at org.gradle.api.internal.tasks.testing.junit.JUnitTestClassExecuter.runTestClass(JUnitTestClassExecuter.java:114)
	at org.gradle.api.internal.tasks.testing.junit.JUnitTestClassExecuter.execute(JUnitTestClassExecuter.java:57)
	at org.gradle.api.internal.tasks.testing.junit.JUnitTestClassProcessor.processTestClass(JUnitTestClassProcessor.java:66)
	at org.gradle.api.internal.tasks.testing.SuiteTestClassProcessor.processTestClass(SuiteTestClassProcessor.java:51)
	at sun.reflect.NativeMethodAccessorImpl.invoke0(Native Method)
	at sun.reflect.NativeMethodAccessorImpl.invoke(NativeMethodAccessorImpl.java:62)
	at sun.reflect.DelegatingMethodAccessorImpl.invoke(DelegatingMethodAccessorImpl.java:43)
	at java.lang.reflect.Method.invoke(Method.java:498)
	at org.gradle.internal.dispatch.ReflectionDispatch.dispatch(ReflectionDispatch.java:35)
	at org.gradle.internal.dispatch.ReflectionDispatch.dispatch(ReflectionDispatch.java:24)
	at org.gradle.internal.dispatch.ContextClassLoaderDispatch.dispatch(ContextClassLoaderDispatch.java:32)
	at org.gradle.internal.dispatch.ProxyDispatchAdapter$DispatchingInvocationHandler.invoke(ProxyDispatchAdapter.java:93)
	at com.sun.proxy.$Proxy2.processTestClass(Unknown Source)
	at org.gradle.api.internal.tasks.testing.worker.TestWorker.processTestClass(TestWorker.java:109)
	at sun.reflect.NativeMethodAccessorImpl.invoke0(Native Method)
	at sun.reflect.NativeMethodAccessorImpl.invoke(NativeMethodAccessorImpl.java:62)
	at sun.reflect.DelegatingMethodAccessorImpl.invoke(DelegatingMethodAccessorImpl.java:43)
	at java.lang.reflect.Method.invoke(Method.java:498)
	at org.gradle.internal.dispatch.ReflectionDispatch.dispatch(ReflectionDispatch.java:35)
	at org.gradle.internal.dispatch.ReflectionDispatch.dispatch(ReflectionDispatch.java:24)
	at org.gradle.internal.remote.internal.hub.MessageHub$Handler.run(MessageHub.java:377)
	at org.gradle.internal.concurrent.ExecutorPolicy$CatchAndRecordFailures.onExecute(ExecutorPolicy.java:54)
	at org.gradle.internal.concurrent.StoppableExecutorImpl$1.run(StoppableExecutorImpl.java:40)
	at java.util.concurrent.ThreadPoolExecutor.runWorker(ThreadPoolExecutor.java:1142)
	at java.util.concurrent.ThreadPoolExecutor$Worker.run(ThreadPoolExecutor.java:617)
	at java.lang.Thread.run(Thread.java:745)
11:14:43.010 [Test worker] DEBUG org.springframework.core.type.classreading.AnnotationAttributesReadingVisitor - Failed to class-load type while reading annotation metadata. This is a non-fatal error, but certain annotation metadata may be unavailable.
java.lang.ClassNotFoundException: org.springframework.security.config.annotation.web.configuration.EnableWebSecurity
	at java.net.URLClassLoader.findClass(URLClassLoader.java:381)
	at java.lang.ClassLoader.loadClass(ClassLoader.java:424)
	at sun.misc.Launcher$AppClassLoader.loadClass(Launcher.java:331)
	at java.lang.ClassLoader.loadClass(ClassLoader.java:357)
	at org.springframework.core.type.classreading.RecursiveAnnotationAttributesVisitor.visitEnd(RecursiveAnnotationAttributesVisitor.java:47)
	at org.springframework.asm.ClassReader.readAnnotationValues(ClassReader.java:1802)
	at org.springframework.asm.ClassReader.accept(ClassReader.java:642)
	at org.springframework.asm.ClassReader.accept(ClassReader.java:508)
	at org.springframework.core.type.classreading.SimpleMetadataReader.<init>(SimpleMetadataReader.java:64)
	at org.springframework.core.type.classreading.SimpleMetadataReaderFactory.getMetadataReader(SimpleMetadataReaderFactory.java:98)
	at org.springframework.core.type.classreading.CachingMetadataReaderFactory.getMetadataReader(CachingMetadataReaderFactory.java:102)
	at org.springframework.core.type.classreading.SimpleMetadataReaderFactory.getMetadataReader(SimpleMetadataReaderFactory.java:93)
	at org.springframework.context.annotation.ConfigurationClassParser.asSourceClass(ConfigurationClassParser.java:621)
	at org.springframework.context.annotation.ConfigurationClassParser.asSourceClasses(ConfigurationClassParser.java:603)
	at org.springframework.context.annotation.ConfigurationClassParser.processDeferredImportSelectors(ConfigurationClassParser.java:455)
	at org.springframework.context.annotation.ConfigurationClassParser.parse(ConfigurationClassParser.java:186)
	at org.springframework.context.annotation.ConfigurationClassPostProcessor.processConfigBeanDefinitions(ConfigurationClassPostProcessor.java:321)
	at org.springframework.context.annotation.ConfigurationClassPostProcessor.postProcessBeanDefinitionRegistry(ConfigurationClassPostProcessor.java:243)
	at org.springframework.context.support.PostProcessorRegistrationDelegate.invokeBeanDefinitionRegistryPostProcessors(PostProcessorRegistrationDelegate.java:273)
	at org.springframework.context.support.PostProcessorRegistrationDelegate.invokeBeanFactoryPostProcessors(PostProcessorRegistrationDelegate.java:98)
	at org.springframework.context.support.AbstractApplicationContext.invokeBeanFactoryPostProcessors(AbstractApplicationContext.java:678)
	at org.springframework.context.support.AbstractApplicationContext.refresh(AbstractApplicationContext.java:520)
	at org.springframework.test.context.web.AbstractGenericWebContextLoader.loadContext(AbstractGenericWebContextLoader.java:133)
	at org.springframework.test.context.web.AbstractGenericWebContextLoader.loadContext(AbstractGenericWebContextLoader.java:60)
	at org.springframework.test.context.support.AbstractDelegatingSmartContextLoader.delegateLoading(AbstractDelegatingSmartContextLoader.java:109)
	at org.springframework.test.context.support.AbstractDelegatingSmartContextLoader.loadContext(AbstractDelegatingSmartContextLoader.java:261)
	at org.springframework.test.context.cache.DefaultCacheAwareContextLoaderDelegate.loadContextInternal(DefaultCacheAwareContextLoaderDelegate.java:98)
	at org.springframework.test.context.cache.DefaultCacheAwareContextLoaderDelegate.loadContext(DefaultCacheAwareContextLoaderDelegate.java:116)
	at org.springframework.test.context.support.DefaultTestContext.getApplicationContext(DefaultTestContext.java:83)
	at org.springframework.test.context.web.ServletTestExecutionListener.setUpRequestContextIfNecessary(ServletTestExecutionListener.java:183)
	at org.springframework.test.context.web.ServletTestExecutionListener.prepareTestInstance(ServletTestExecutionListener.java:123)
	at org.springframework.test.context.TestContextManager.prepareTestInstance(TestContextManager.java:228)
	at org.springframework.test.context.junit4.SpringJUnit4ClassRunner.createTest(SpringJUnit4ClassRunner.java:230)
	at org.springframework.test.context.junit4.SpringJUnit4ClassRunner$1.runReflectiveCall(SpringJUnit4ClassRunner.java:289)
	at org.junit.internal.runners.model.ReflectiveCallable.run(ReflectiveCallable.java:12)
	at org.springframework.test.context.junit4.SpringJUnit4ClassRunner.methodBlock(SpringJUnit4ClassRunner.java:291)
	at org.springframework.test.context.junit4.SpringJUnit4ClassRunner.runChild(SpringJUnit4ClassRunner.java:249)
	at org.springframework.test.context.junit4.SpringJUnit4ClassRunner.runChild(SpringJUnit4ClassRunner.java:89)
	at org.junit.runners.ParentRunner$3.run(ParentRunner.java:290)
	at org.junit.runners.ParentRunner$1.schedule(ParentRunner.java:71)
	at org.junit.runners.ParentRunner.runChildren(ParentRunner.java:288)
	at org.junit.runners.ParentRunner.access$000(ParentRunner.java:58)
	at org.junit.runners.ParentRunner$2.evaluate(ParentRunner.java:268)
	at org.springframework.test.context.junit4.statements.RunBeforeTestClassCallbacks.evaluate(RunBeforeTestClassCallbacks.java:61)
	at org.springframework.test.context.junit4.statements.RunAfterTestClassCallbacks.evaluate(RunAfterTestClassCallbacks.java:70)
	at org.junit.runners.ParentRunner.run(ParentRunner.java:363)
	at org.springframework.test.context.junit4.SpringJUnit4ClassRunner.run(SpringJUnit4ClassRunner.java:193)
	at org.gradle.api.internal.tasks.testing.junit.JUnitTestClassExecuter.runTestClass(JUnitTestClassExecuter.java:114)
	at org.gradle.api.internal.tasks.testing.junit.JUnitTestClassExecuter.execute(JUnitTestClassExecuter.java:57)
	at org.gradle.api.internal.tasks.testing.junit.JUnitTestClassProcessor.processTestClass(JUnitTestClassProcessor.java:66)
	at org.gradle.api.internal.tasks.testing.SuiteTestClassProcessor.processTestClass(SuiteTestClassProcessor.java:51)
	at sun.reflect.NativeMethodAccessorImpl.invoke0(Native Method)
	at sun.reflect.NativeMethodAccessorImpl.invoke(NativeMethodAccessorImpl.java:62)
	at sun.reflect.DelegatingMethodAccessorImpl.invoke(DelegatingMethodAccessorImpl.java:43)
	at java.lang.reflect.Method.invoke(Method.java:498)
	at org.gradle.internal.dispatch.ReflectionDispatch.dispatch(ReflectionDispatch.java:35)
	at org.gradle.internal.dispatch.ReflectionDispatch.dispatch(ReflectionDispatch.java:24)
	at org.gradle.internal.dispatch.ContextClassLoaderDispatch.dispatch(ContextClassLoaderDispatch.java:32)
	at org.gradle.internal.dispatch.ProxyDispatchAdapter$DispatchingInvocationHandler.invoke(ProxyDispatchAdapter.java:93)
	at com.sun.proxy.$Proxy2.processTestClass(Unknown Source)
	at org.gradle.api.internal.tasks.testing.worker.TestWorker.processTestClass(TestWorker.java:109)
	at sun.reflect.NativeMethodAccessorImpl.invoke0(Native Method)
	at sun.reflect.NativeMethodAccessorImpl.invoke(NativeMethodAccessorImpl.java:62)
	at sun.reflect.DelegatingMethodAccessorImpl.invoke(DelegatingMethodAccessorImpl.java:43)
	at java.lang.reflect.Method.invoke(Method.java:498)
	at org.gradle.internal.dispatch.ReflectionDispatch.dispatch(ReflectionDispatch.java:35)
	at org.gradle.internal.dispatch.ReflectionDispatch.dispatch(ReflectionDispatch.java:24)
	at org.gradle.internal.remote.internal.hub.MessageHub$Handler.run(MessageHub.java:377)
	at org.gradle.internal.concurrent.ExecutorPolicy$CatchAndRecordFailures.onExecute(ExecutorPolicy.java:54)
	at org.gradle.internal.concurrent.StoppableExecutorImpl$1.run(StoppableExecutorImpl.java:40)
	at java.util.concurrent.ThreadPoolExecutor.runWorker(ThreadPoolExecutor.java:1142)
	at java.util.concurrent.ThreadPoolExecutor$Worker.run(ThreadPoolExecutor.java:617)
	at java.lang.Thread.run(Thread.java:745)
11:14:43.042 [Test worker] DEBUG org.springframework.core.env.PropertySourcesPropertyResolver - Searching for key 'spring.messages.basename' in [servletConfigInitParams]
11:14:43.042 [Test worker] DEBUG org.springframework.core.env.PropertySourcesPropertyResolver - Searching for key 'spring.messages.basename' in [servletContextInitParams]
11:14:43.042 [Test worker] DEBUG org.springframework.core.env.PropertySourcesPropertyResolver - Searching for key 'spring.messages.basename' in [systemProperties]
11:14:43.043 [Test worker] DEBUG org.springframework.core.env.PropertySourcesPropertyResolver - Searching for key 'spring.messages.basename' in [systemEnvironment]
11:14:43.043 [Test worker] DEBUG org.springframework.core.env.PropertySourcesPropertyResolver - Could not find key 'spring.messages.basename' in any property source. Returning [null]
11:14:43.044 [Test worker] DEBUG org.springframework.core.io.support.PathMatchingResourcePatternResolver - Resolved classpath location [messages.properties] to resources []
11:14:43.046 [Test worker] DEBUG org.springframework.beans.factory.support.DefaultListableBeanFactory - Returning cached instance of singleton bean 'autoConfigurationReport'
11:14:43.069 [Test worker] DEBUG org.springframework.beans.factory.support.DefaultListableBeanFactory - Returning cached instance of singleton bean 'autoConfigurationReport'
11:14:43.076 [Test worker] DEBUG org.springframework.beans.factory.support.DefaultListableBeanFactory - Returning cached instance of singleton bean 'autoConfigurationReport'
11:14:43.077 [Test worker] DEBUG org.springframework.beans.factory.support.DefaultListableBeanFactory - Returning cached instance of singleton bean 'autoConfigurationReport'
11:14:43.092 [Test worker] DEBUG org.springframework.beans.factory.support.DefaultListableBeanFactory - Returning cached instance of singleton bean 'autoConfigurationReport'
11:14:43.094 [Test worker] DEBUG org.springframework.beans.factory.support.DefaultListableBeanFactory - Returning cached instance of singleton bean 'autoConfigurationReport'
11:14:43.100 [Test worker] DEBUG org.springframework.beans.factory.support.DefaultListableBeanFactory - Returning cached instance of singleton bean 'autoConfigurationReport'
11:14:43.112 [Test worker] DEBUG org.springframework.beans.factory.support.DefaultListableBeanFactory - Returning cached instance of singleton bean 'autoConfigurationReport'
11:14:43.122 [Test worker] DEBUG org.springframework.beans.factory.support.DefaultListableBeanFactory - Returning cached instance of singleton bean 'autoConfigurationReport'
11:14:43.130 [Test worker] DEBUG org.springframework.beans.factory.support.DefaultListableBeanFactory - Returning cached instance of singleton bean 'autoConfigurationReport'
11:14:43.131 [Test worker] DEBUG org.springframework.beans.factory.support.DefaultListableBeanFactory - Returning cached instance of singleton bean 'autoConfigurationReport'
11:14:43.159 [Test worker] DEBUG org.springframework.beans.factory.support.DefaultListableBeanFactory - Returning cached instance of singleton bean 'autoConfigurationReport'
11:14:43.160 [Test worker] DEBUG org.springframework.beans.factory.support.DefaultListableBeanFactory - Returning cached instance of singleton bean 'autoConfigurationReport'
11:14:43.168 [Test worker] DEBUG org.springframework.beans.factory.support.DefaultListableBeanFactory - Returning cached instance of singleton bean 'autoConfigurationReport'
11:14:43.209 [Test worker] DEBUG org.springframework.beans.factory.support.DefaultListableBeanFactory - Returning cached instance of singleton bean 'autoConfigurationReport'
11:14:43.238 [Test worker] DEBUG org.springframework.beans.factory.support.DefaultListableBeanFactory - Returning cached instance of singleton bean 'autoConfigurationReport'
11:14:43.239 [Test worker] DEBUG org.springframework.beans.factory.support.DefaultListableBeanFactory - Returning cached instance of singleton bean 'autoConfigurationReport'
11:14:43.240 [Test worker] DEBUG org.springframework.beans.factory.support.DefaultListableBeanFactory - Returning cached instance of singleton bean 'autoConfigurationReport'
11:14:43.275 [Test worker] DEBUG org.springframework.beans.factory.support.DefaultListableBeanFactory - Returning cached instance of singleton bean 'autoConfigurationReport'
11:14:43.279 [Test worker] DEBUG org.springframework.beans.factory.support.DefaultListableBeanFactory - Returning cached instance of singleton bean 'autoConfigurationReport'
11:14:43.287 [Test worker] DEBUG org.springframework.beans.factory.support.DefaultListableBeanFactory - Returning cached instance of singleton bean 'autoConfigurationReport'
11:14:43.288 [Test worker] DEBUG org.springframework.beans.factory.support.DefaultListableBeanFactory - Returning cached instance of singleton bean 'autoConfigurationReport'
11:14:43.309 [Test worker] DEBUG org.springframework.core.env.PropertySourcesPropertyResolver - Searching for key 'java.runtime.name' in [servletConfigInitParams]
11:14:43.309 [Test worker] DEBUG org.springframework.core.env.PropertySourcesPropertyResolver - Searching for key 'java.runtime.name' in [servletContextInitParams]
11:14:43.310 [Test worker] DEBUG org.springframework.core.env.PropertySourcesPropertyResolver - Searching for key 'java.runtime.name' in [systemProperties]
11:14:43.311 [Test worker] DEBUG org.springframework.core.env.PropertySourcesPropertyResolver - Found key 'java.runtime.name' in [systemProperties] with type [String] and value 'Java(TM) SE Runtime Environment'
11:14:43.312 [Test worker] DEBUG org.springframework.core.env.PropertySourcesPropertyResolver - Searching for key 'sun.boot.library.path' in [servletConfigInitParams]
11:14:43.313 [Test worker] DEBUG org.springframework.core.env.PropertySourcesPropertyResolver - Searching for key 'sun.boot.library.path' in [servletContextInitParams]
11:14:43.313 [Test worker] DEBUG org.springframework.core.env.PropertySourcesPropertyResolver - Searching for key 'sun.boot.library.path' in [systemProperties]
11:14:43.313 [Test worker] DEBUG org.springframework.core.env.PropertySourcesPropertyResolver - Found key 'sun.boot.library.path' in [systemProperties] with type [String] and value 'C:\Program Files\Java\jdk1.8.0_101\jre\bin'
11:14:43.314 [Test worker] DEBUG org.springframework.core.env.PropertySourcesPropertyResolver - Searching for key 'java.vm.version' in [servletConfigInitParams]
11:14:43.315 [Test worker] DEBUG org.springframework.core.env.PropertySourcesPropertyResolver - Searching for key 'java.vm.version' in [servletContextInitParams]
11:14:43.316 [Test worker] DEBUG org.springframework.core.env.PropertySourcesPropertyResolver - Searching for key 'java.vm.version' in [systemProperties]
11:14:43.316 [Test worker] DEBUG org.springframework.core.env.PropertySourcesPropertyResolver - Found key 'java.vm.version' in [systemProperties] with type [String] and value '25.101-b13'
11:14:43.316 [Test worker] DEBUG org.springframework.core.env.PropertySourcesPropertyResolver - Searching for key 'java.vm.vendor' in [servletConfigInitParams]
11:14:43.316 [Test worker] DEBUG org.springframework.core.env.PropertySourcesPropertyResolver - Searching for key 'java.vm.vendor' in [servletContextInitParams]
11:14:43.316 [Test worker] DEBUG org.springframework.core.env.PropertySourcesPropertyResolver - Searching for key 'java.vm.vendor' in [systemProperties]
11:14:43.316 [Test worker] DEBUG org.springframework.core.env.PropertySourcesPropertyResolver - Found key 'java.vm.vendor' in [systemProperties] with type [String] and value 'Oracle Corporation'
11:14:43.316 [Test worker] DEBUG org.springframework.core.env.PropertySourcesPropertyResolver - Searching for key 'java.vendor.url' in [servletConfigInitParams]
11:14:43.317 [Test worker] DEBUG org.springframework.core.env.PropertySourcesPropertyResolver - Searching for key 'java.vendor.url' in [servletContextInitParams]
11:14:43.317 [Test worker] DEBUG org.springframework.core.env.PropertySourcesPropertyResolver - Searching for key 'java.vendor.url' in [systemProperties]
11:14:43.317 [Test worker] DEBUG org.springframework.core.env.PropertySourcesPropertyResolver - Found key 'java.vendor.url' in [systemProperties] with type [String] and value 'http://java.oracle.com/'
11:14:43.317 [Test worker] DEBUG org.springframework.core.env.PropertySourcesPropertyResolver - Searching for key 'path.separator' in [servletConfigInitParams]
11:14:43.317 [Test worker] DEBUG org.springframework.core.env.PropertySourcesPropertyResolver - Searching for key 'path.separator' in [servletContextInitParams]
11:14:43.318 [Test worker] DEBUG org.springframework.core.env.PropertySourcesPropertyResolver - Searching for key 'path.separator' in [systemProperties]
11:14:43.319 [Test worker] DEBUG org.springframework.core.env.PropertySourcesPropertyResolver - Found key 'path.separator' in [systemProperties] with type [String] and value ';'
11:14:43.320 [Test worker] DEBUG org.springframework.core.env.PropertySourcesPropertyResolver - Searching for key 'java.vm.name' in [servletConfigInitParams]
11:14:43.320 [Test worker] DEBUG org.springframework.core.env.PropertySourcesPropertyResolver - Searching for key 'java.vm.name' in [servletContextInitParams]
11:14:43.321 [Test worker] DEBUG org.springframework.core.env.PropertySourcesPropertyResolver - Searching for key 'java.vm.name' in [systemProperties]
11:14:43.322 [Test worker] DEBUG org.springframework.core.env.PropertySourcesPropertyResolver - Found key 'java.vm.name' in [systemProperties] with type [String] and value 'Java HotSpot(TM) 64-Bit Server VM'
11:14:43.322 [Test worker] DEBUG org.springframework.core.env.PropertySourcesPropertyResolver - Searching for key 'file.encoding.pkg' in [servletConfigInitParams]
11:14:43.324 [Test worker] DEBUG org.springframework.core.env.PropertySourcesPropertyResolver - Searching for key 'file.encoding.pkg' in [servletContextInitParams]
11:14:43.324 [Test worker] DEBUG org.springframework.core.env.PropertySourcesPropertyResolver - Searching for key 'file.encoding.pkg' in [systemProperties]
11:14:43.325 [Test worker] DEBUG org.springframework.core.env.PropertySourcesPropertyResolver - Found key 'file.encoding.pkg' in [systemProperties] with type [String] and value 'sun.io'
11:14:43.325 [Test worker] DEBUG org.springframework.core.env.PropertySourcesPropertyResolver - Searching for key 'user.script' in [servletConfigInitParams]
11:14:43.326 [Test worker] DEBUG org.springframework.core.env.PropertySourcesPropertyResolver - Searching for key 'user.script' in [servletContextInitParams]
11:14:43.327 [Test worker] DEBUG org.springframework.core.env.PropertySourcesPropertyResolver - Searching for key 'user.script' in [systemProperties]
11:14:43.327 [Test worker] DEBUG org.springframework.core.env.PropertySourcesPropertyResolver - Found key 'user.script' in [systemProperties] with type [String] and value ''
11:14:43.328 [Test worker] DEBUG org.springframework.core.env.PropertySourcesPropertyResolver - Searching for key 'sun.java.launcher' in [servletConfigInitParams]
11:14:43.329 [Test worker] DEBUG org.springframework.core.env.PropertySourcesPropertyResolver - Searching for key 'sun.java.launcher' in [servletContextInitParams]
11:14:43.329 [Test worker] DEBUG org.springframework.core.env.PropertySourcesPropertyResolver - Searching for key 'sun.java.launcher' in [systemProperties]
11:14:43.330 [Test worker] DEBUG org.springframework.core.env.PropertySourcesPropertyResolver - Found key 'sun.java.launcher' in [systemProperties] with type [String] and value 'SUN_STANDARD'
11:14:43.331 [Test worker] DEBUG org.springframework.core.env.PropertySourcesPropertyResolver - Searching for key 'user.country' in [servletConfigInitParams]
11:14:43.331 [Test worker] DEBUG org.springframework.core.env.PropertySourcesPropertyResolver - Searching for key 'user.country' in [servletContextInitParams]
11:14:43.332 [Test worker] DEBUG org.springframework.core.env.PropertySourcesPropertyResolver - Searching for key 'user.country' in [systemProperties]
11:14:43.333 [Test worker] DEBUG org.springframework.core.env.PropertySourcesPropertyResolver - Found key 'user.country' in [systemProperties] with type [String] and value 'IN'
11:14:43.334 [Test worker] DEBUG org.springframework.core.env.PropertySourcesPropertyResolver - Searching for key 'sun.os.patch.level' in [servletConfigInitParams]
11:14:43.334 [Test worker] DEBUG org.springframework.core.env.PropertySourcesPropertyResolver - Searching for key 'sun.os.patch.level' in [servletContextInitParams]
11:14:43.335 [Test worker] DEBUG org.springframework.core.env.PropertySourcesPropertyResolver - Searching for key 'sun.os.patch.level' in [systemProperties]
11:14:43.336 [Test worker] DEBUG org.springframework.core.env.PropertySourcesPropertyResolver - Found key 'sun.os.patch.level' in [systemProperties] with type [String] and value ''
11:14:43.336 [Test worker] DEBUG org.springframework.core.env.PropertySourcesPropertyResolver - Searching for key 'java.vm.specification.name' in [servletConfigInitParams]
11:14:43.337 [Test worker] DEBUG org.springframework.core.env.PropertySourcesPropertyResolver - Searching for key 'java.vm.specification.name' in [servletContextInitParams]
11:14:43.338 [Test worker] DEBUG org.springframework.core.env.PropertySourcesPropertyResolver - Searching for key 'java.vm.specification.name' in [systemProperties]
11:14:43.338 [Test worker] DEBUG org.springframework.core.env.PropertySourcesPropertyResolver - Found key 'java.vm.specification.name' in [systemProperties] with type [String] and value 'Java Virtual Machine Specification'
11:14:43.338 [Test worker] DEBUG org.springframework.core.env.PropertySourcesPropertyResolver - Searching for key 'user.dir' in [servletConfigInitParams]
11:14:43.338 [Test worker] DEBUG org.springframework.core.env.PropertySourcesPropertyResolver - Searching for key 'user.dir' in [servletContextInitParams]
11:14:43.339 [Test worker] DEBUG org.springframework.core.env.PropertySourcesPropertyResolver - Searching for key 'user.dir' in [systemProperties]
11:14:43.340 [Test worker] DEBUG org.springframework.core.env.PropertySourcesPropertyResolver - Found key 'user.dir' in [systemProperties] with type [String] and value 'C:\Viru\db\gittest\retailmanager'
11:14:43.340 [Test worker] DEBUG org.springframework.core.env.PropertySourcesPropertyResolver - Searching for key 'java.runtime.version' in [servletConfigInitParams]
11:14:43.340 [Test worker] DEBUG org.springframework.core.env.PropertySourcesPropertyResolver - Searching for key 'java.runtime.version' in [servletContextInitParams]
11:14:43.340 [Test worker] DEBUG org.springframework.core.env.PropertySourcesPropertyResolver - Searching for key 'java.runtime.version' in [systemProperties]
11:14:43.340 [Test worker] DEBUG org.springframework.core.env.PropertySourcesPropertyResolver - Found key 'java.runtime.version' in [systemProperties] with type [String] and value '1.8.0_101-b13'
11:14:43.341 [Test worker] DEBUG org.springframework.core.env.PropertySourcesPropertyResolver - Searching for key 'java.awt.graphicsenv' in [servletConfigInitParams]
11:14:43.341 [Test worker] DEBUG org.springframework.core.env.PropertySourcesPropertyResolver - Searching for key 'java.awt.graphicsenv' in [servletContextInitParams]
11:14:43.341 [Test worker] DEBUG org.springframework.core.env.PropertySourcesPropertyResolver - Searching for key 'java.awt.graphicsenv' in [systemProperties]
11:14:43.341 [Test worker] DEBUG org.springframework.core.env.PropertySourcesPropertyResolver - Found key 'java.awt.graphicsenv' in [systemProperties] with type [String] and value 'sun.awt.Win32GraphicsEnvironment'
11:14:43.341 [Test worker] DEBUG org.springframework.core.env.PropertySourcesPropertyResolver - Searching for key 'java.endorsed.dirs' in [servletConfigInitParams]
11:14:43.341 [Test worker] DEBUG org.springframework.core.env.PropertySourcesPropertyResolver - Searching for key 'java.endorsed.dirs' in [servletContextInitParams]
11:14:43.341 [Test worker] DEBUG org.springframework.core.env.PropertySourcesPropertyResolver - Searching for key 'java.endorsed.dirs' in [systemProperties]
11:14:43.341 [Test worker] DEBUG org.springframework.core.env.PropertySourcesPropertyResolver - Found key 'java.endorsed.dirs' in [systemProperties] with type [String] and value 'C:\Program Files\Java\jdk1.8.0_101\jre\lib\endorsed'
11:14:43.341 [Test worker] DEBUG org.springframework.core.env.PropertySourcesPropertyResolver - Searching for key 'os.arch' in [servletConfigInitParams]
11:14:43.342 [Test worker] DEBUG org.springframework.core.env.PropertySourcesPropertyResolver - Searching for key 'os.arch' in [servletContextInitParams]
11:14:43.342 [Test worker] DEBUG org.springframework.core.env.PropertySourcesPropertyResolver - Searching for key 'os.arch' in [systemProperties]
11:14:43.342 [Test worker] DEBUG org.springframework.core.env.PropertySourcesPropertyResolver - Found key 'os.arch' in [systemProperties] with type [String] and value 'amd64'
11:14:43.342 [Test worker] DEBUG org.springframework.core.env.PropertySourcesPropertyResolver - Searching for key 'java.io.tmpdir' in [servletConfigInitParams]
11:14:43.342 [Test worker] DEBUG org.springframework.core.env.PropertySourcesPropertyResolver - Searching for key 'java.io.tmpdir' in [servletContextInitParams]
11:14:43.342 [Test worker] DEBUG org.springframework.core.env.PropertySourcesPropertyResolver - Searching for key 'java.io.tmpdir' in [systemProperties]
11:14:43.342 [Test worker] DEBUG org.springframework.core.env.PropertySourcesPropertyResolver - Found key 'java.io.tmpdir' in [systemProperties] with type [String] and value 'C:\Users\Soniya\AppData\Local\Temp\'
11:14:43.342 [Test worker] DEBUG org.springframework.core.env.PropertySourcesPropertyResolver - Searching for key 'line.separator' in [servletConfigInitParams]
11:14:43.342 [Test worker] DEBUG org.springframework.core.env.PropertySourcesPropertyResolver - Searching for key 'line.separator' in [servletContextInitParams]
11:14:43.342 [Test worker] DEBUG org.springframework.core.env.PropertySourcesPropertyResolver - Searching for key 'line.separator' in [systemProperties]
11:14:43.342 [Test worker] DEBUG org.springframework.core.env.PropertySourcesPropertyResolver - Found key 'line.separator' in [systemProperties] with type [String] and value '
'
11:14:43.342 [Test worker] DEBUG org.springframework.core.env.PropertySourcesPropertyResolver - Searching for key 'java.vm.specification.vendor' in [servletConfigInitParams]
11:14:43.342 [Test worker] DEBUG org.springframework.core.env.PropertySourcesPropertyResolver - Searching for key 'java.vm.specification.vendor' in [servletContextInitParams]
11:14:43.342 [Test worker] DEBUG org.springframework.core.env.PropertySourcesPropertyResolver - Searching for key 'java.vm.specification.vendor' in [systemProperties]
11:14:43.343 [Test worker] DEBUG org.springframework.core.env.PropertySourcesPropertyResolver - Found key 'java.vm.specification.vendor' in [systemProperties] with type [String] and value 'Oracle Corporation'
11:14:43.343 [Test worker] DEBUG org.springframework.core.env.PropertySourcesPropertyResolver - Searching for key 'user.variant' in [servletConfigInitParams]
11:14:43.343 [Test worker] DEBUG org.springframework.core.env.PropertySourcesPropertyResolver - Searching for key 'user.variant' in [servletContextInitParams]
11:14:43.343 [Test worker] DEBUG org.springframework.core.env.PropertySourcesPropertyResolver - Searching for key 'user.variant' in [systemProperties]
11:14:43.343 [Test worker] DEBUG org.springframework.core.env.PropertySourcesPropertyResolver - Found key 'user.variant' in [systemProperties] with type [String] and value ''
11:14:43.343 [Test worker] DEBUG org.springframework.core.env.PropertySourcesPropertyResolver - Searching for key 'os.name' in [servletConfigInitParams]
11:14:43.343 [Test worker] DEBUG org.springframework.core.env.PropertySourcesPropertyResolver - Searching for key 'os.name' in [servletContextInitParams]
11:14:43.343 [Test worker] DEBUG org.springframework.core.env.PropertySourcesPropertyResolver - Searching for key 'os.name' in [systemProperties]
11:14:43.343 [Test worker] DEBUG org.springframework.core.env.PropertySourcesPropertyResolver - Found key 'os.name' in [systemProperties] with type [String] and value 'Windows 10'
11:14:43.343 [Test worker] DEBUG org.springframework.core.env.PropertySourcesPropertyResolver - Searching for key 'sun.jnu.encoding' in [servletConfigInitParams]
11:14:43.343 [Test worker] DEBUG org.springframework.core.env.PropertySourcesPropertyResolver - Searching for key 'sun.jnu.encoding' in [servletContextInitParams]
11:14:43.343 [Test worker] DEBUG org.springframework.core.env.PropertySourcesPropertyResolver - Searching for key 'sun.jnu.encoding' in [systemProperties]
11:14:43.343 [Test worker] DEBUG org.springframework.core.env.PropertySourcesPropertyResolver - Found key 'sun.jnu.encoding' in [systemProperties] with type [String] and value 'Cp1252'
11:14:43.344 [Test worker] DEBUG org.springframework.core.env.PropertySourcesPropertyResolver - Searching for key 'java.library.path' in [servletConfigInitParams]
11:14:43.344 [Test worker] DEBUG org.springframework.core.env.PropertySourcesPropertyResolver - Searching for key 'java.library.path' in [servletContextInitParams]
11:14:43.344 [Test worker] DEBUG org.springframework.core.env.PropertySourcesPropertyResolver - Searching for key 'java.library.path' in [systemProperties]
11:14:43.344 [Test worker] DEBUG org.springframework.core.env.PropertySourcesPropertyResolver - Found key 'java.library.path' in [systemProperties] with type [String] and value 'C:\Program Files\Java\jdk1.8.0_101\bin;C:\Windows\Sun\Java\bin;C:\Windows\system32;C:\Windows;C:\Users\Soniya\bin;C:\Program Files\Git\mingw64\bin;C:\Program Files\Git\usr\local\bin;C:\Program Files\Git\usr\bin;C:\Program Files\Git\usr\bin;C:\Program Files\Git\mingw64\bin;C:\Program Files\Git\usr\bin;C:\Users\Soniya\bin;C:\ProgramData\Oracle\Java\javapath;C:\Program Files (x86)\Common Files\Intel\Shared Files\cpp\bin\Intel64;C:\Windows\system32;C:\Windows;C:\Windows\System32\Wbem;C:\Windows\System32\WindowsPowerShell\v1.0;C:\Program Files (x86)\ATI Technologies\ATI.ACE\Core-Static;C:\Program Files (x86)\Skype\Phone;C:\Viru\apache-maven-3.3.9-bin\apache-maven-3.3.9\bin;C:\Viru\gradle-3.0-bin\gradle-3.0\bin;C:\Program Files\Git\usr\bin\vendor_perl;C:\Program Files\Git\usr\bin\core_perl;.'
11:14:43.344 [Test worker] DEBUG org.springframework.core.env.PropertySourcesPropertyResolver - Searching for key 'java.specification.name' in [servletConfigInitParams]
11:14:43.344 [Test worker] DEBUG org.springframework.core.env.PropertySourcesPropertyResolver - Searching for key 'java.specification.name' in [servletContextInitParams]
11:14:43.344 [Test worker] DEBUG org.springframework.core.env.PropertySourcesPropertyResolver - Searching for key 'java.specification.name' in [systemProperties]
11:14:43.344 [Test worker] DEBUG org.springframework.core.env.PropertySourcesPropertyResolver - Found key 'java.specification.name' in [systemProperties] with type [String] and value 'Java Platform API Specification'
11:14:43.344 [Test worker] DEBUG org.springframework.core.env.PropertySourcesPropertyResolver - Searching for key 'java.class.version' in [servletConfigInitParams]
11:14:43.345 [Test worker] DEBUG org.springframework.core.env.PropertySourcesPropertyResolver - Searching for key 'java.class.version' in [servletContextInitParams]
11:14:43.345 [Test worker] DEBUG org.springframework.core.env.PropertySourcesPropertyResolver - Searching for key 'java.class.version' in [systemProperties]
11:14:43.345 [Test worker] DEBUG org.springframework.core.env.PropertySourcesPropertyResolver - Found key 'java.class.version' in [systemProperties] with type [String] and value '52.0'
11:14:43.345 [Test worker] DEBUG org.springframework.core.env.PropertySourcesPropertyResolver - Searching for key 'sun.management.compiler' in [servletConfigInitParams]
11:14:43.345 [Test worker] DEBUG org.springframework.core.env.PropertySourcesPropertyResolver - Searching for key 'sun.management.compiler' in [servletContextInitParams]
11:14:43.345 [Test worker] DEBUG org.springframework.core.env.PropertySourcesPropertyResolver - Searching for key 'sun.management.compiler' in [systemProperties]
11:14:43.345 [Test worker] DEBUG org.springframework.core.env.PropertySourcesPropertyResolver - Found key 'sun.management.compiler' in [systemProperties] with type [String] and value 'HotSpot 64-Bit Tiered Compilers'
11:14:43.345 [Test worker] DEBUG org.springframework.core.env.PropertySourcesPropertyResolver - Searching for key 'os.version' in [servletConfigInitParams]
11:14:43.345 [Test worker] DEBUG org.springframework.core.env.PropertySourcesPropertyResolver - Searching for key 'os.version' in [servletContextInitParams]
11:14:43.345 [Test worker] DEBUG org.springframework.core.env.PropertySourcesPropertyResolver - Searching for key 'os.version' in [systemProperties]
11:14:43.345 [Test worker] DEBUG org.springframework.core.env.PropertySourcesPropertyResolver - Found key 'os.version' in [systemProperties] with type [String] and value '10.0'
11:14:43.345 [Test worker] DEBUG org.springframework.core.env.PropertySourcesPropertyResolver - Searching for key 'user.home' in [servletConfigInitParams]
11:14:43.345 [Test worker] DEBUG org.springframework.core.env.PropertySourcesPropertyResolver - Searching for key 'user.home' in [servletContextInitParams]
11:14:43.345 [Test worker] DEBUG org.springframework.core.env.PropertySourcesPropertyResolver - Searching for key 'user.home' in [systemProperties]
11:14:43.345 [Test worker] DEBUG org.springframework.core.env.PropertySourcesPropertyResolver - Found key 'user.home' in [systemProperties] with type [String] and value 'C:\Users\Soniya'
11:14:43.346 [Test worker] DEBUG org.springframework.core.env.PropertySourcesPropertyResolver - Searching for key 'user.timezone' in [servletConfigInitParams]
11:14:43.346 [Test worker] DEBUG org.springframework.core.env.PropertySourcesPropertyResolver - Searching for key 'user.timezone' in [servletContextInitParams]
11:14:43.346 [Test worker] DEBUG org.springframework.core.env.PropertySourcesPropertyResolver - Searching for key 'user.timezone' in [systemProperties]
11:14:43.346 [Test worker] DEBUG org.springframework.core.env.PropertySourcesPropertyResolver - Found key 'user.timezone' in [systemProperties] with type [String] and value 'Asia/Calcutta'
11:14:43.346 [Test worker] DEBUG org.springframework.core.env.PropertySourcesPropertyResolver - Searching for key 'java.awt.printerjob' in [servletConfigInitParams]
11:14:43.346 [Test worker] DEBUG org.springframework.core.env.PropertySourcesPropertyResolver - Searching for key 'java.awt.printerjob' in [servletContextInitParams]
11:14:43.346 [Test worker] DEBUG org.springframework.core.env.PropertySourcesPropertyResolver - Searching for key 'java.awt.printerjob' in [systemProperties]
11:14:43.346 [Test worker] DEBUG org.springframework.core.env.PropertySourcesPropertyResolver - Found key 'java.awt.printerjob' in [systemProperties] with type [String] and value 'sun.awt.windows.WPrinterJob'
11:14:43.346 [Test worker] DEBUG org.springframework.core.env.PropertySourcesPropertyResolver - Searching for key 'file.encoding' in [servletConfigInitParams]
11:14:43.346 [Test worker] DEBUG org.springframework.core.env.PropertySourcesPropertyResolver - Searching for key 'file.encoding' in [servletContextInitParams]
11:14:43.346 [Test worker] DEBUG org.springframework.core.env.PropertySourcesPropertyResolver - Searching for key 'file.encoding' in [systemProperties]
11:14:43.346 [Test worker] DEBUG org.springframework.core.env.PropertySourcesPropertyResolver - Found key 'file.encoding' in [systemProperties] with type [String] and value 'windows-1252'
11:14:43.346 [Test worker] DEBUG org.springframework.core.env.PropertySourcesPropertyResolver - Searching for key 'java.specification.version' in [servletConfigInitParams]
11:14:43.346 [Test worker] DEBUG org.springframework.core.env.PropertySourcesPropertyResolver - Searching for key 'java.specification.version' in [servletContextInitParams]
11:14:43.346 [Test worker] DEBUG org.springframework.core.env.PropertySourcesPropertyResolver - Searching for key 'java.specification.version' in [systemProperties]
11:14:43.347 [Test worker] DEBUG org.springframework.core.env.PropertySourcesPropertyResolver - Found key 'java.specification.version' in [systemProperties] with type [String] and value '1.8'
11:14:43.347 [Test worker] DEBUG org.springframework.core.env.PropertySourcesPropertyResolver - Searching for key 'java.class.path' in [servletConfigInitParams]
11:14:43.347 [Test worker] DEBUG org.springframework.core.env.PropertySourcesPropertyResolver - Searching for key 'java.class.path' in [servletContextInitParams]
11:14:43.347 [Test worker] DEBUG org.springframework.core.env.PropertySourcesPropertyResolver - Searching for key 'java.class.path' in [systemProperties]
11:14:43.347 [Test worker] DEBUG org.springframework.core.env.PropertySourcesPropertyResolver - Found key 'java.class.path' in [systemProperties] with type [String] and value 'C:\Viru\db\gittest\retailmanager\build\classes\test;C:\Viru\db\gittest\retailmanager\build\resources\test;C:\Viru\db\gittest\retailmanager\build\classes\main;C:\Viru\db\gittest\retailmanager\build\resources\main;C:\Users\Soniya\.gradle\caches\modules-2\files-2.1\org.springframework.boot\spring-boot-starter\1.3.5.RELEASE\188c658fabbce0d1ccc1ae18a1cf58f566208c78\spring-boot-starter-1.3.5.RELEASE.jar;C:\Users\Soniya\.gradle\caches\modules-2\files-2.1\org.springframework.boot\spring-boot-starter-web\1.3.5.RELEASE\1ad40f8edd1b502fb82bfae3a6feb8be3a2b44fa\spring-boot-starter-web-1.3.5.RELEASE.jar;C:\Users\Soniya\.gradle\caches\modules-2\files-2.1\com.google.maps\google-maps-services\0.1.15\b1c15d5c6b8b6b780113205c7ea9b045897d74eb\google-maps-services-0.1.15.jar;C:\Users\Soniya\.gradle\caches\modules-2\files-2.1\org.springframework.boot\spring-boot-starter-test\1.3.5.RELEASE\5c485e918b58741eccc0012c70062df5e5efa106\spring-boot-starter-test-1.3.5.RELEASE.jar;C:\Users\Soniya\.gradle\caches\modules-2\files-2.1\org.springframework.boot\spring-boot\1.3.5.RELEASE\b218ba5f3bd01e657fbde9b085722da1fafa4f8a\spring-boot-1.3.5.RELEASE.jar;C:\Users\Soniya\.gradle\caches\modules-2\files-2.1\org.springframework.boot\spring-boot-autoconfigure\1.3.5.RELEASE\2bcfa86bb3afd95eff5252db6d78f2693b706997\spring-boot-autoconfigure-1.3.5.RELEASE.jar;C:\Users\Soniya\.gradle\caches\modules-2\files-2.1\org.springframework.boot\spring-boot-starter-logging\1.3.5.RELEASE\a71e1d7fff512b1eadd3426ea1ce5b4cc703c429\spring-boot-starter-logging-1.3.5.RELEASE.jar;C:\Users\Soniya\.gradle\caches\modules-2\files-2.1\org.springframework\spring-core\4.2.6.RELEASE\a1c6ef01f18888f51fc5054c65ef4787b7cf0a1e\spring-core-4.2.6.RELEASE.jar;C:\Users\Soniya\.gradle\caches\modules-2\files-2.1\org.yaml\snakeyaml\1.16\d64fb662c9e42789149f5078a62a22edda786c6a\snakeyaml-1.16.jar;C:\Users\Soniya\.gradle\caches\modules-2\files-2.1\org.springframework.boot\spring-boot-starter-tomcat\1.3.5.RELEASE\b4c6277ccec38c51716659886efec073c4b386ea\spring-boot-starter-tomcat-1.3.5.RELEASE.jar;C:\Users\Soniya\.gradle\caches\modules-2\files-2.1\org.springframework.boot\spring-boot-starter-validation\1.3.5.RELEASE\c83a6cc60a95faace7e03c524d60fc9de1329f57\spring-boot-starter-validation-1.3.5.RELEASE.jar;C:\Users\Soniya\.gradle\caches\modules-2\files-2.1\com.fasterxml.jackson.core\jackson-databind\2.6.6\5108dde6049374ba980b360e1ecff49847baba4a\jackson-databind-2.6.6.jar;C:\Users\Soniya\.gradle\caches\modules-2\files-2.1\org.springframework\spring-web\4.2.6.RELEASE\d5ce949da3f3266f118ed899a153413613b503ad\spring-web-4.2.6.RELEASE.jar;C:\Users\Soniya\.gradle\caches\modules-2\files-2.1\org.springframework\spring-webmvc\4.2.6.RELEASE\7c7ea475d33287e0e3a92e98ccbe0ad6a0dbb9ca\spring-webmvc-4.2.6.RELEASE.jar;C:\Users\Soniya\.gradle\caches\modules-2\files-2.1\com.squareup.okhttp\okhttp\2.5.0\4de2b4ed3445c37ec1720a7d214712e845a24636\okhttp-2.5.0.jar;C:\Users\Soniya\.gradle\caches\modules-2\files-2.1\com.google.code.gson\gson\2.3.1\ecb6e1f8e4b0e84c4b886c2f14a1500caf309757\gson-2.3.1.jar;C:\Users\Soniya\.gradle\caches\modules-2\files-2.1\joda-time\joda-time\2.8.2\d27c24204c5e507b16fec01006b3d0f1ec42aed4\joda-time-2.8.2.jar;C:\Users\Soniya\.gradle\caches\modules-2\files-2.1\junit\junit\4.12\2973d150c0dc1fefe998f834810d68f278ea58ec\junit-4.12.jar;C:\Users\Soniya\.gradle\caches\modules-2\files-2.1\org.mockito\mockito-core\1.10.19\e8546f5bef4e061d8dd73895b4e8f40e3fe6effe\mockito-core-1.10.19.jar;C:\Users\Soniya\.gradle\caches\modules-2\files-2.1\org.hamcrest\hamcrest-core\1.3\42a25dc3219429f0e5d060061f71acb49bf010a0\hamcrest-core-1.3.jar;C:\Users\Soniya\.gradle\caches\modules-2\files-2.1\org.hamcrest\hamcrest-library\1.3\4785a3c21320980282f9f33d0d1264a69040538f\hamcrest-library-1.3.jar;C:\Users\Soniya\.gradle\caches\modules-2\files-2.1\org.springframework\spring-test\4.2.6.RELEASE\1f869333b3d64f17009a613368165978af575d8c\spring-test-4.2.6.RELEASE.jar;C:\Users\Soniya\.gradle\caches\modules-2\files-2.1\org.springframework\spring-context\4.2.6.RELEASE\bbf3c8526fe37bb341507f28db17882d4348dbca\spring-context-4.2.6.RELEASE.jar;C:\Users\Soniya\.gradle\caches\modules-2\files-2.1\ch.qos.logback\logback-classic\1.1.7\9865cf6994f9ff13fce0bf93f2054ef6c65bb462\logback-classic-1.1.7.jar;C:\Users\Soniya\.gradle\caches\modules-2\files-2.1\org.slf4j\jcl-over-slf4j\1.7.21\331b564a3a42f002a0004b039c1c430da89062cd\jcl-over-slf4j-1.7.21.jar;C:\Users\Soniya\.gradle\caches\modules-2\files-2.1\org.slf4j\jul-to-slf4j\1.7.21\2f22c882ffa479d1e9ff4eb0e8e2c29f2a0871ed\jul-to-slf4j-1.7.21.jar;C:\Users\Soniya\.gradle\caches\modules-2\files-2.1\org.slf4j\log4j-over-slf4j\1.7.21\b3700d97464d99bdcd42c0177d6e7951c94d75ff\log4j-over-slf4j-1.7.21.jar;C:\Users\Soniya\.gradle\caches\modules-2\files-2.1\org.apache.tomcat.embed\tomcat-embed-core\8.0.33\4e7f547fbb2c364cb5e02a58790c5fb89e31efed\tomcat-embed-core-8.0.33.jar;C:\Users\Soniya\.gradle\caches\modules-2\files-2.1\org.apache.tomcat.embed\tomcat-embed-el\8.0.33\31423f2d493cf1f7cf5f0082c9f94640e93b8c1b\tomcat-embed-el-8.0.33.jar;C:\Users\Soniya\.gradle\caches\modules-2\files-2.1\org.apache.tomcat.embed\tomcat-embed-logging-juli\8.0.33\66bc309e0227c1ba2cf4417182d0b1583003d24b\tomcat-embed-logging-juli-8.0.33.jar;C:\Users\Soniya\.gradle\caches\modules-2\files-2.1\org.apache.tomcat.embed\tomcat-embed-websocket\8.0.33\be1f95e5d9ae00f9bc6138441d29cfe5c7c60256\tomcat-embed-websocket-8.0.33.jar;C:\Users\Soniya\.gradle\caches\modules-2\files-2.1\org.hibernate\hibernate-validator\5.2.4.Final\fb18766b576aa6632bcfe9a20a023cbd52bf9769\hibernate-validator-5.2.4.Final.jar;C:\Users\Soniya\.gradle\caches\modules-2\files-2.1\com.fasterxml.jackson.core\jackson-annotations\2.6.6\7ef6440e71531604aa44a5eb62d4b466ffbf7e8f\jackson-annotations-2.6.6.jar;C:\Users\Soniya\.gradle\caches\modules-2\files-2.1\com.fasterxml.jackson.core\jackson-core\2.6.6\2eb801df67aacaf5b1deb4ac626e1964508e47b\jackson-core-2.6.6.jar;C:\Users\Soniya\.gradle\caches\modules-2\files-2.1\org.springframework\spring-aop\4.2.6.RELEASE\5efbfccb19efda2956b8977561bf4da6b15b0d0e\spring-aop-4.2.6.RELEASE.jar;C:\Users\Soniya\.gradle\caches\modules-2\files-2.1\org.springframework\spring-beans\4.2.6.RELEASE\d4a319fb4d949fb6313f45c929947b9b4e26283e\spring-beans-4.2.6.RELEASE.jar;C:\Users\Soniya\.gradle\caches\modules-2\files-2.1\org.springframework\spring-expression\4.2.6.RELEASE\c0182d73f348ab11d51d45cbe29f3820c32d0ccc\spring-expression-4.2.6.RELEASE.jar;C:\Users\Soniya\.gradle\caches\modules-2\files-2.1\com.squareup.okio\okio\1.6.0\98476622f10715998eacf9240d6b479f12c66143\okio-1.6.0.jar;C:\Users\Soniya\.gradle\caches\modules-2\files-2.1\org.objenesis\objenesis\2.1\87c0ea803b69252868d09308b4618f766f135a96\objenesis-2.1.jar;C:\Users\Soniya\.gradle\caches\modules-2\files-2.1\ch.qos.logback\logback-core\1.1.7\7873092d39ef741575ca91378a6a21c388363ac8\logback-core-1.1.7.jar;C:\Users\Soniya\.gradle\caches\modules-2\files-2.1\org.slf4j\slf4j-api\1.7.21\139535a69a4239db087de9bab0bee568bf8e0b70\slf4j-api-1.7.21.jar;C:\Users\Soniya\.gradle\caches\modules-2\files-2.1\javax.validation\validation-api\1.1.0.Final\8613ae82954779d518631e05daa73a6a954817d5\validation-api-1.1.0.Final.jar;C:\Users\Soniya\.gradle\caches\modules-2\files-2.1\org.jboss.logging\jboss-logging\3.3.0.Final\3616bb87707910296e2c195dc016287080bba5af\jboss-logging-3.3.0.Final.jar;C:\Users\Soniya\.gradle\caches\modules-2\files-2.1\com.fasterxml\classmate\1.1.0\dbbd699a1486ad0f2ed6f5af6cfed66acacb9056\classmate-1.1.0.jar;C:\Users\Soniya\.gradle\caches\modules-2\files-2.1\aopalliance\aopalliance\1.0\235ba8b489512805ac13a8f9ea77a1ca5ebe3e8\aopalliance-1.0.jar'
11:14:43.347 [Test worker] DEBUG org.springframework.core.env.PropertySourcesPropertyResolver - Searching for key 'user.name' in [servletConfigInitParams]
11:14:43.347 [Test worker] DEBUG org.springframework.core.env.PropertySourcesPropertyResolver - Searching for key 'user.name' in [servletContextInitParams]
11:14:43.347 [Test worker] DEBUG org.springframework.core.env.PropertySourcesPropertyResolver - Searching for key 'user.name' in [systemProperties]
11:14:43.348 [Test worker] DEBUG org.springframework.core.env.PropertySourcesPropertyResolver - Found key 'user.name' in [systemProperties] with type [String] and value 'Soniya'
11:14:43.348 [Test worker] DEBUG org.springframework.core.env.PropertySourcesPropertyResolver - Searching for key 'java.vm.specification.version' in [servletConfigInitParams]
11:14:43.348 [Test worker] DEBUG org.springframework.core.env.PropertySourcesPropertyResolver - Searching for key 'java.vm.specification.version' in [servletContextInitParams]
11:14:43.348 [Test worker] DEBUG org.springframework.core.env.PropertySourcesPropertyResolver - Searching for key 'java.vm.specification.version' in [systemProperties]
11:14:43.348 [Test worker] DEBUG org.springframework.core.env.PropertySourcesPropertyResolver - Found key 'java.vm.specification.version' in [systemProperties] with type [String] and value '1.8'
11:14:43.348 [Test worker] DEBUG org.springframework.core.env.PropertySourcesPropertyResolver - Searching for key 'sun.java.command' in [servletConfigInitParams]
11:14:43.348 [Test worker] DEBUG org.springframework.core.env.PropertySourcesPropertyResolver - Searching for key 'sun.java.command' in [servletContextInitParams]
11:14:43.353 [Test worker] DEBUG org.springframework.core.env.PropertySourcesPropertyResolver - Searching for key 'sun.java.command' in [systemProperties]
11:14:43.353 [Test worker] DEBUG org.springframework.core.env.PropertySourcesPropertyResolver - Found key 'sun.java.command' in [systemProperties] with type [String] and value 'worker.org.gradle.process.internal.worker.GradleWorkerMain 'Gradle Test Executor 1''
11:14:43.354 [Test worker] DEBUG org.springframework.core.env.PropertySourcesPropertyResolver - Searching for key 'java.home' in [servletConfigInitParams]
11:14:43.354 [Test worker] DEBUG org.springframework.core.env.PropertySourcesPropertyResolver - Searching for key 'java.home' in [servletContextInitParams]
11:14:43.354 [Test worker] DEBUG org.springframework.core.env.PropertySourcesPropertyResolver - Searching for key 'java.home' in [systemProperties]
11:14:43.354 [Test worker] DEBUG org.springframework.core.env.PropertySourcesPropertyResolver - Found key 'java.home' in [systemProperties] with type [String] and value 'C:\Program Files\Java\jdk1.8.0_101\jre'
11:14:43.354 [Test worker] DEBUG org.springframework.core.env.PropertySourcesPropertyResolver - Searching for key 'sun.arch.data.model' in [servletConfigInitParams]
11:14:43.354 [Test worker] DEBUG org.springframework.core.env.PropertySourcesPropertyResolver - Searching for key 'sun.arch.data.model' in [servletContextInitParams]
11:14:43.354 [Test worker] DEBUG org.springframework.core.env.PropertySourcesPropertyResolver - Searching for key 'sun.arch.data.model' in [systemProperties]
11:14:43.354 [Test worker] DEBUG org.springframework.core.env.PropertySourcesPropertyResolver - Found key 'sun.arch.data.model' in [systemProperties] with type [String] and value '64'
11:14:43.354 [Test worker] DEBUG org.springframework.core.env.PropertySourcesPropertyResolver - Searching for key 'user.language' in [servletConfigInitParams]
11:14:43.354 [Test worker] DEBUG org.springframework.core.env.PropertySourcesPropertyResolver - Searching for key 'user.language' in [servletContextInitParams]
11:14:43.354 [Test worker] DEBUG org.springframework.core.env.PropertySourcesPropertyResolver - Searching for key 'user.language' in [systemProperties]
11:14:43.355 [Test worker] DEBUG org.springframework.core.env.PropertySourcesPropertyResolver - Found key 'user.language' in [systemProperties] with type [String] and value 'en'
11:14:43.355 [Test worker] DEBUG org.springframework.core.env.PropertySourcesPropertyResolver - Searching for key 'java.specification.vendor' in [servletConfigInitParams]
11:14:43.355 [Test worker] DEBUG org.springframework.core.env.PropertySourcesPropertyResolver - Searching for key 'java.specification.vendor' in [servletContextInitParams]
11:14:43.355 [Test worker] DEBUG org.springframework.core.env.PropertySourcesPropertyResolver - Searching for key 'java.specification.vendor' in [systemProperties]
11:14:43.355 [Test worker] DEBUG org.springframework.core.env.PropertySourcesPropertyResolver - Found key 'java.specification.vendor' in [systemProperties] with type [String] and value 'Oracle Corporation'
11:14:43.355 [Test worker] DEBUG org.springframework.core.env.PropertySourcesPropertyResolver - Searching for key 'awt.toolkit' in [servletConfigInitParams]
11:14:43.355 [Test worker] DEBUG org.springframework.core.env.PropertySourcesPropertyResolver - Searching for key 'awt.toolkit' in [servletContextInitParams]
11:14:43.355 [Test worker] DEBUG org.springframework.core.env.PropertySourcesPropertyResolver - Searching for key 'awt.toolkit' in [systemProperties]
11:14:43.355 [Test worker] DEBUG org.springframework.core.env.PropertySourcesPropertyResolver - Found key 'awt.toolkit' in [systemProperties] with type [String] and value 'sun.awt.windows.WToolkit'
11:14:43.355 [Test worker] DEBUG org.springframework.core.env.PropertySourcesPropertyResolver - Searching for key 'java.vm.info' in [servletConfigInitParams]
11:14:43.355 [Test worker] DEBUG org.springframework.core.env.PropertySourcesPropertyResolver - Searching for key 'java.vm.info' in [servletContextInitParams]
11:14:43.355 [Test worker] DEBUG org.springframework.core.env.PropertySourcesPropertyResolver - Searching for key 'java.vm.info' in [systemProperties]
11:14:43.355 [Test worker] DEBUG org.springframework.core.env.PropertySourcesPropertyResolver - Found key 'java.vm.info' in [systemProperties] with type [String] and value 'mixed mode'
11:14:43.356 [Test worker] DEBUG org.springframework.core.env.PropertySourcesPropertyResolver - Searching for key 'java.version' in [servletConfigInitParams]
11:14:43.357 [Test worker] DEBUG org.springframework.core.env.PropertySourcesPropertyResolver - Searching for key 'java.version' in [servletContextInitParams]
11:14:43.357 [Test worker] DEBUG org.springframework.core.env.PropertySourcesPropertyResolver - Searching for key 'java.version' in [systemProperties]
11:14:43.357 [Test worker] DEBUG org.springframework.core.env.PropertySourcesPropertyResolver - Found key 'java.version' in [systemProperties] with type [String] and value '1.8.0_101'
11:14:43.357 [Test worker] DEBUG org.springframework.core.env.PropertySourcesPropertyResolver - Searching for key 'java.ext.dirs' in [servletConfigInitParams]
11:14:43.357 [Test worker] DEBUG org.springframework.core.env.PropertySourcesPropertyResolver - Searching for key 'java.ext.dirs' in [servletContextInitParams]
11:14:43.357 [Test worker] DEBUG org.springframework.core.env.PropertySourcesPropertyResolver - Searching for key 'java.ext.dirs' in [systemProperties]
11:14:43.357 [Test worker] DEBUG org.springframework.core.env.PropertySourcesPropertyResolver - Found key 'java.ext.dirs' in [systemProperties] with type [String] and value 'C:\Program Files\Java\jdk1.8.0_101\jre\lib\ext;C:\Windows\Sun\Java\lib\ext'
11:14:43.357 [Test worker] DEBUG org.springframework.core.env.PropertySourcesPropertyResolver - Searching for key 'sun.boot.class.path' in [servletConfigInitParams]
11:14:43.357 [Test worker] DEBUG org.springframework.core.env.PropertySourcesPropertyResolver - Searching for key 'sun.boot.class.path' in [servletContextInitParams]
11:14:43.357 [Test worker] DEBUG org.springframework.core.env.PropertySourcesPropertyResolver - Searching for key 'sun.boot.class.path' in [systemProperties]
11:14:43.357 [Test worker] DEBUG org.springframework.core.env.PropertySourcesPropertyResolver - Found key 'sun.boot.class.path' in [systemProperties] with type [String] and value 'C:\Program Files\Java\jdk1.8.0_101\jre\lib\resources.jar;C:\Program Files\Java\jdk1.8.0_101\jre\lib\rt.jar;C:\Program Files\Java\jdk1.8.0_101\jre\lib\sunrsasign.jar;C:\Program Files\Java\jdk1.8.0_101\jre\lib\jsse.jar;C:\Program Files\Java\jdk1.8.0_101\jre\lib\jce.jar;C:\Program Files\Java\jdk1.8.0_101\jre\lib\charsets.jar;C:\Program Files\Java\jdk1.8.0_101\jre\lib\jfr.jar;C:\Program Files\Java\jdk1.8.0_101\jre\classes'
11:14:43.357 [Test worker] DEBUG org.springframework.core.env.PropertySourcesPropertyResolver - Searching for key 'java.vendor' in [servletConfigInitParams]
11:14:43.358 [Test worker] DEBUG org.springframework.core.env.PropertySourcesPropertyResolver - Searching for key 'java.vendor' in [servletContextInitParams]
11:14:43.358 [Test worker] DEBUG org.springframework.core.env.PropertySourcesPropertyResolver - Searching for key 'java.vendor' in [systemProperties]
11:14:43.358 [Test worker] DEBUG org.springframework.core.env.PropertySourcesPropertyResolver - Found key 'java.vendor' in [systemProperties] with type [String] and value 'Oracle Corporation'
11:14:43.358 [Test worker] DEBUG org.springframework.core.env.PropertySourcesPropertyResolver - Searching for key 'org.gradle.test.worker' in [servletConfigInitParams]
11:14:43.358 [Test worker] DEBUG org.springframework.core.env.PropertySourcesPropertyResolver - Searching for key 'org.gradle.test.worker' in [servletContextInitParams]
11:14:43.358 [Test worker] DEBUG org.springframework.core.env.PropertySourcesPropertyResolver - Searching for key 'org.gradle.test.worker' in [systemProperties]
11:14:43.358 [Test worker] DEBUG org.springframework.core.env.PropertySourcesPropertyResolver - Found key 'org.gradle.test.worker' in [systemProperties] with type [String] and value '1'
11:14:43.358 [Test worker] DEBUG org.springframework.core.env.PropertySourcesPropertyResolver - Searching for key 'file.separator' in [servletConfigInitParams]
11:14:43.358 [Test worker] DEBUG org.springframework.core.env.PropertySourcesPropertyResolver - Searching for key 'file.separator' in [servletContextInitParams]
11:14:43.358 [Test worker] DEBUG org.springframework.core.env.PropertySourcesPropertyResolver - Searching for key 'file.separator' in [systemProperties]
11:14:43.358 [Test worker] DEBUG org.springframework.core.env.PropertySourcesPropertyResolver - Found key 'file.separator' in [systemProperties] with type [String] and value '\'
11:14:43.358 [Test worker] DEBUG org.springframework.core.env.PropertySourcesPropertyResolver - Searching for key 'java.vendor.url.bug' in [servletConfigInitParams]
11:14:43.358 [Test worker] DEBUG org.springframework.core.env.PropertySourcesPropertyResolver - Searching for key 'java.vendor.url.bug' in [servletContextInitParams]
11:14:43.359 [Test worker] DEBUG org.springframework.core.env.PropertySourcesPropertyResolver - Searching for key 'java.vendor.url.bug' in [systemProperties]
11:14:43.359 [Test worker] DEBUG org.springframework.core.env.PropertySourcesPropertyResolver - Found key 'java.vendor.url.bug' in [systemProperties] with type [String] and value 'http://bugreport.sun.com/bugreport/'
11:14:43.359 [Test worker] DEBUG org.springframework.core.env.PropertySourcesPropertyResolver - Searching for key 'sun.io.unicode.encoding' in [servletConfigInitParams]
11:14:43.359 [Test worker] DEBUG org.springframework.core.env.PropertySourcesPropertyResolver - Searching for key 'sun.io.unicode.encoding' in [servletContextInitParams]
11:14:43.359 [Test worker] DEBUG org.springframework.core.env.PropertySourcesPropertyResolver - Searching for key 'sun.io.unicode.encoding' in [systemProperties]
11:14:43.359 [Test worker] DEBUG org.springframework.core.env.PropertySourcesPropertyResolver - Found key 'sun.io.unicode.encoding' in [systemProperties] with type [String] and value 'UnicodeLittle'
11:14:43.359 [Test worker] DEBUG org.springframework.core.env.PropertySourcesPropertyResolver - Searching for key 'sun.cpu.endian' in [servletConfigInitParams]
11:14:43.359 [Test worker] DEBUG org.springframework.core.env.PropertySourcesPropertyResolver - Searching for key 'sun.cpu.endian' in [servletContextInitParams]
11:14:43.359 [Test worker] DEBUG org.springframework.core.env.PropertySourcesPropertyResolver - Searching for key 'sun.cpu.endian' in [systemProperties]
11:14:43.359 [Test worker] DEBUG org.springframework.core.env.PropertySourcesPropertyResolver - Found key 'sun.cpu.endian' in [systemProperties] with type [String] and value 'little'
11:14:43.359 [Test worker] DEBUG org.springframework.core.env.PropertySourcesPropertyResolver - Searching for key 'sun.desktop' in [servletConfigInitParams]
11:14:43.359 [Test worker] DEBUG org.springframework.core.env.PropertySourcesPropertyResolver - Searching for key 'sun.desktop' in [servletContextInitParams]
11:14:43.359 [Test worker] DEBUG org.springframework.core.env.PropertySourcesPropertyResolver - Searching for key 'sun.desktop' in [systemProperties]
11:14:43.359 [Test worker] DEBUG org.springframework.core.env.PropertySourcesPropertyResolver - Found key 'sun.desktop' in [systemProperties] with type [String] and value 'windows'
11:14:43.360 [Test worker] DEBUG org.springframework.core.env.PropertySourcesPropertyResolver - Searching for key 'sun.cpu.isalist' in [servletConfigInitParams]
11:14:43.360 [Test worker] DEBUG org.springframework.core.env.PropertySourcesPropertyResolver - Searching for key 'sun.cpu.isalist' in [servletContextInitParams]
11:14:43.360 [Test worker] DEBUG org.springframework.core.env.PropertySourcesPropertyResolver - Searching for key 'sun.cpu.isalist' in [systemProperties]
11:14:43.360 [Test worker] DEBUG org.springframework.core.env.PropertySourcesPropertyResolver - Found key 'sun.cpu.isalist' in [systemProperties] with type [String] and value 'amd64'
11:14:43.360 [Test worker] DEBUG org.springframework.core.env.PropertySourcesPropertyResolver - Searching for key 'PATH' in [servletConfigInitParams]
11:14:43.360 [Test worker] DEBUG org.springframework.core.env.PropertySourcesPropertyResolver - Searching for key 'PATH' in [servletContextInitParams]
11:14:43.360 [Test worker] DEBUG org.springframework.core.env.PropertySourcesPropertyResolver - Searching for key 'PATH' in [systemProperties]
11:14:43.360 [Test worker] DEBUG org.springframework.core.env.PropertySourcesPropertyResolver - Searching for key 'PATH' in [systemEnvironment]
11:14:43.360 [Test worker] DEBUG org.springframework.core.env.PropertySourcesPropertyResolver - Found key 'PATH' in [systemEnvironment] with type [String] and value 'C:\Users\Soniya\bin;C:\Program Files\Git\mingw64\bin;C:\Program Files\Git\usr\local\bin;C:\Program Files\Git\usr\bin;C:\Program Files\Git\usr\bin;C:\Program Files\Git\mingw64\bin;C:\Program Files\Git\usr\bin;C:\Users\Soniya\bin;C:\ProgramData\Oracle\Java\javapath;C:\Program Files (x86)\Common Files\Intel\Shared Files\cpp\bin\Intel64;C:\Windows\system32;C:\Windows;C:\Windows\System32\Wbem;C:\Windows\System32\WindowsPowerShell\v1.0;C:\Program Files (x86)\ATI Technologies\ATI.ACE\Core-Static;C:\Program Files (x86)\Skype\Phone;C:\Viru\apache-maven-3.3.9-bin\apache-maven-3.3.9\bin;C:\Viru\gradle-3.0-bin\gradle-3.0\bin;C:\Program Files\Git\usr\bin\vendor_perl;C:\Program Files\Git\usr\bin\core_perl'
11:14:43.360 [Test worker] DEBUG org.springframework.core.env.PropertySourcesPropertyResolver - Searching for key 'USERDOMAIN_ROAMINGPROFILE' in [servletConfigInitParams]
11:14:43.360 [Test worker] DEBUG org.springframework.core.env.PropertySourcesPropertyResolver - Searching for key 'USERDOMAIN_ROAMINGPROFILE' in [servletContextInitParams]
11:14:43.360 [Test worker] DEBUG org.springframework.core.env.PropertySourcesPropertyResolver - Searching for key 'USERDOMAIN_ROAMINGPROFILE' in [systemProperties]
11:14:43.360 [Test worker] DEBUG org.springframework.core.env.PropertySourcesPropertyResolver - Searching for key 'USERDOMAIN_ROAMINGPROFILE' in [systemEnvironment]
11:14:43.360 [Test worker] DEBUG org.springframework.core.env.PropertySourcesPropertyResolver - Found key 'USERDOMAIN_ROAMINGPROFILE' in [systemEnvironment] with type [String] and value 'SONI'
11:14:43.361 [Test worker] DEBUG org.springframework.core.env.PropertySourcesPropertyResolver - Searching for key 'PKG_CONFIG_PATH' in [servletConfigInitParams]
11:14:43.361 [Test worker] DEBUG org.springframework.core.env.PropertySourcesPropertyResolver - Searching for key 'PKG_CONFIG_PATH' in [servletContextInitParams]
11:14:43.361 [Test worker] DEBUG org.springframework.core.env.PropertySourcesPropertyResolver - Searching for key 'PKG_CONFIG_PATH' in [systemProperties]
11:14:43.361 [Test worker] DEBUG org.springframework.core.env.PropertySourcesPropertyResolver - Searching for key 'PKG_CONFIG_PATH' in [systemEnvironment]
11:14:43.361 [Test worker] DEBUG org.springframework.core.env.PropertySourcesPropertyResolver - Found key 'PKG_CONFIG_PATH' in [systemEnvironment] with type [String] and value 'C:\Program Files\Git\mingw64\lib\pkgconfig;C:\Program Files\Git\mingw64\share\pkgconfig'
11:14:43.361 [Test worker] DEBUG org.springframework.core.env.PropertySourcesPropertyResolver - Searching for key 'PROCESSOR_LEVEL' in [servletConfigInitParams]
11:14:43.361 [Test worker] DEBUG org.springframework.core.env.PropertySourcesPropertyResolver - Searching for key 'PROCESSOR_LEVEL' in [servletContextInitParams]
11:14:43.361 [Test worker] DEBUG org.springframework.core.env.PropertySourcesPropertyResolver - Searching for key 'PROCESSOR_LEVEL' in [systemProperties]
11:14:43.361 [Test worker] DEBUG org.springframework.core.env.PropertySourcesPropertyResolver - Searching for key 'PROCESSOR_LEVEL' in [systemEnvironment]
11:14:43.361 [Test worker] DEBUG org.springframework.core.env.PropertySourcesPropertyResolver - Found key 'PROCESSOR_LEVEL' in [systemEnvironment] with type [String] and value '21'
11:14:43.361 [Test worker] DEBUG org.springframework.core.env.PropertySourcesPropertyResolver - Searching for key 'SYSTEMDRIVE' in [servletConfigInitParams]
11:14:43.361 [Test worker] DEBUG org.springframework.core.env.PropertySourcesPropertyResolver - Searching for key 'SYSTEMDRIVE' in [servletContextInitParams]
11:14:43.361 [Test worker] DEBUG org.springframework.core.env.PropertySourcesPropertyResolver - Searching for key 'SYSTEMDRIVE' in [systemProperties]
11:14:43.361 [Test worker] DEBUG org.springframework.core.env.PropertySourcesPropertyResolver - Searching for key 'SYSTEMDRIVE' in [systemEnvironment]
11:14:43.361 [Test worker] DEBUG org.springframework.core.env.PropertySourcesPropertyResolver - Found key 'SYSTEMDRIVE' in [systemEnvironment] with type [String] and value 'C:'
11:14:43.361 [Test worker] DEBUG org.springframework.core.env.PropertySourcesPropertyResolver - Searching for key 'SESSIONNAME' in [servletConfigInitParams]
11:14:43.361 [Test worker] DEBUG org.springframework.core.env.PropertySourcesPropertyResolver - Searching for key 'SESSIONNAME' in [servletContextInitParams]
11:14:43.361 [Test worker] DEBUG org.springframework.core.env.PropertySourcesPropertyResolver - Searching for key 'SESSIONNAME' in [systemProperties]
11:14:43.362 [Test worker] DEBUG org.springframework.core.env.PropertySourcesPropertyResolver - Searching for key 'SESSIONNAME' in [systemEnvironment]
11:14:43.362 [Test worker] DEBUG org.springframework.core.env.PropertySourcesPropertyResolver - Found key 'SESSIONNAME' in [systemEnvironment] with type [String] and value 'Console'
11:14:43.362 [Test worker] DEBUG org.springframework.core.env.PropertySourcesPropertyResolver - Searching for key 'ALLUSERSPROFILE' in [servletConfigInitParams]
11:14:43.362 [Test worker] DEBUG org.springframework.core.env.PropertySourcesPropertyResolver - Searching for key 'ALLUSERSPROFILE' in [servletContextInitParams]
11:14:43.362 [Test worker] DEBUG org.springframework.core.env.PropertySourcesPropertyResolver - Searching for key 'ALLUSERSPROFILE' in [systemProperties]
11:14:43.362 [Test worker] DEBUG org.springframework.core.env.PropertySourcesPropertyResolver - Searching for key 'ALLUSERSPROFILE' in [systemEnvironment]
11:14:43.362 [Test worker] DEBUG org.springframework.core.env.PropertySourcesPropertyResolver - Found key 'ALLUSERSPROFILE' in [systemEnvironment] with type [String] and value 'C:\ProgramData'
11:14:43.362 [Test worker] DEBUG org.springframework.core.env.PropertySourcesPropertyResolver - Searching for key 'PROCESSOR_ARCHITECTURE' in [servletConfigInitParams]
11:14:43.362 [Test worker] DEBUG org.springframework.core.env.PropertySourcesPropertyResolver - Searching for key 'PROCESSOR_ARCHITECTURE' in [servletContextInitParams]
11:14:43.362 [Test worker] DEBUG org.springframework.core.env.PropertySourcesPropertyResolver - Searching for key 'PROCESSOR_ARCHITECTURE' in [systemProperties]
11:14:43.362 [Test worker] DEBUG org.springframework.core.env.PropertySourcesPropertyResolver - Searching for key 'PROCESSOR_ARCHITECTURE' in [systemEnvironment]
11:14:43.364 [Test worker] DEBUG org.springframework.core.env.PropertySourcesPropertyResolver - Found key 'PROCESSOR_ARCHITECTURE' in [systemEnvironment] with type [String] and value 'AMD64'
11:14:43.364 [Test worker] DEBUG org.springframework.core.env.PropertySourcesPropertyResolver - Searching for key 'PSModulePath' in [servletConfigInitParams]
11:14:43.364 [Test worker] DEBUG org.springframework.core.env.PropertySourcesPropertyResolver - Searching for key 'PSModulePath' in [servletContextInitParams]
11:14:43.364 [Test worker] DEBUG org.springframework.core.env.PropertySourcesPropertyResolver - Searching for key 'PSModulePath' in [systemProperties]
11:14:43.364 [Test worker] DEBUG org.springframework.core.env.PropertySourcesPropertyResolver - Searching for key 'PSModulePath' in [systemEnvironment]
11:14:43.364 [Test worker] DEBUG org.springframework.core.env.PropertySourcesPropertyResolver - Found key 'PSModulePath' in [systemEnvironment] with type [String] and value 'C:\Program Files\WindowsPowerShell\Modules;C:\Windows\system32\WindowsPowerShell\v1.0\Modules'
11:14:43.364 [Test worker] DEBUG org.springframework.core.env.PropertySourcesPropertyResolver - Searching for key 'PROGRAMFILES' in [servletConfigInitParams]
11:14:43.364 [Test worker] DEBUG org.springframework.core.env.PropertySourcesPropertyResolver - Searching for key 'PROGRAMFILES' in [servletContextInitParams]
11:14:43.364 [Test worker] DEBUG org.springframework.core.env.PropertySourcesPropertyResolver - Searching for key 'PROGRAMFILES' in [systemProperties]
11:14:43.364 [Test worker] DEBUG org.springframework.core.env.PropertySourcesPropertyResolver - Searching for key 'PROGRAMFILES' in [systemEnvironment]
11:14:43.364 [Test worker] DEBUG org.springframework.core.env.PropertySourcesPropertyResolver - Found key 'PROGRAMFILES' in [systemEnvironment] with type [String] and value 'C:\Program Files'
11:14:43.365 [Test worker] DEBUG org.springframework.core.env.PropertySourcesPropertyResolver - Searching for key 'USERNAME' in [servletConfigInitParams]
11:14:43.365 [Test worker] DEBUG org.springframework.core.env.PropertySourcesPropertyResolver - Searching for key 'USERNAME' in [servletContextInitParams]
11:14:43.365 [Test worker] DEBUG org.springframework.core.env.PropertySourcesPropertyResolver - Searching for key 'USERNAME' in [systemProperties]
11:14:43.365 [Test worker] DEBUG org.springframework.core.env.PropertySourcesPropertyResolver - Searching for key 'USERNAME' in [systemEnvironment]
11:14:43.365 [Test worker] DEBUG org.springframework.core.env.PropertySourcesPropertyResolver - Found key 'USERNAME' in [systemEnvironment] with type [String] and value 'Soniya'
11:14:43.365 [Test worker] DEBUG org.springframework.core.env.PropertySourcesPropertyResolver - Searching for key 'PWD' in [servletConfigInitParams]
11:14:43.365 [Test worker] DEBUG org.springframework.core.env.PropertySourcesPropertyResolver - Searching for key 'PWD' in [servletContextInitParams]
11:14:43.365 [Test worker] DEBUG org.springframework.core.env.PropertySourcesPropertyResolver - Searching for key 'PWD' in [systemProperties]
11:14:43.365 [Test worker] DEBUG org.springframework.core.env.PropertySourcesPropertyResolver - Searching for key 'PWD' in [systemEnvironment]
11:14:43.365 [Test worker] DEBUG org.springframework.core.env.PropertySourcesPropertyResolver - Found key 'PWD' in [systemEnvironment] with type [String] and value 'C:/Viru/db/gittest/retailmanager'
11:14:43.365 [Test worker] DEBUG org.springframework.core.env.PropertySourcesPropertyResolver - Searching for key 'ProgramFiles(x86)' in [servletConfigInitParams]
11:14:43.365 [Test worker] DEBUG org.springframework.core.env.PropertySourcesPropertyResolver - Searching for key 'ProgramFiles(x86)' in [servletContextInitParams]
11:14:43.365 [Test worker] DEBUG org.springframework.core.env.PropertySourcesPropertyResolver - Searching for key 'ProgramFiles(x86)' in [systemProperties]
11:14:43.365 [Test worker] DEBUG org.springframework.core.env.PropertySourcesPropertyResolver - Searching for key 'ProgramFiles(x86)' in [systemEnvironment]
11:14:43.365 [Test worker] DEBUG org.springframework.core.env.PropertySourcesPropertyResolver - Found key 'ProgramFiles(x86)' in [systemEnvironment] with type [String] and value 'C:\Program Files (x86)'
11:14:43.366 [Test worker] DEBUG org.springframework.core.env.PropertySourcesPropertyResolver - Searching for key 'INFOPATH' in [servletConfigInitParams]
11:14:43.366 [Test worker] DEBUG org.springframework.core.env.PropertySourcesPropertyResolver - Searching for key 'INFOPATH' in [servletContextInitParams]
11:14:43.366 [Test worker] DEBUG org.springframework.core.env.PropertySourcesPropertyResolver - Searching for key 'INFOPATH' in [systemProperties]
11:14:43.366 [Test worker] DEBUG org.springframework.core.env.PropertySourcesPropertyResolver - Searching for key 'INFOPATH' in [systemEnvironment]
11:14:43.366 [Test worker] DEBUG org.springframework.core.env.PropertySourcesPropertyResolver - Found key 'INFOPATH' in [systemEnvironment] with type [String] and value 'C:\Program Files\Git\usr\local\info;C:\Program Files\Git\usr\share\info;C:\Program Files\Git\usr\info;C:\Program Files\Git\share\info'
11:14:43.366 [Test worker] DEBUG org.springframework.core.env.PropertySourcesPropertyResolver - Searching for key 'PATHEXT' in [servletConfigInitParams]
11:14:43.366 [Test worker] DEBUG org.springframework.core.env.PropertySourcesPropertyResolver - Searching for key 'PATHEXT' in [servletContextInitParams]
11:14:43.366 [Test worker] DEBUG org.springframework.core.env.PropertySourcesPropertyResolver - Searching for key 'PATHEXT' in [systemProperties]
11:14:43.366 [Test worker] DEBUG org.springframework.core.env.PropertySourcesPropertyResolver - Searching for key 'PATHEXT' in [systemEnvironment]
11:14:43.367 [Test worker] DEBUG org.springframework.core.env.PropertySourcesPropertyResolver - Found key 'PATHEXT' in [systemEnvironment] with type [String] and value '.COM;.EXE;.BAT;.CMD;.VBS;.VBE;.JS;.JSE;.WSF;.WSH;.MSC'
11:14:43.367 [Test worker] DEBUG org.springframework.core.env.PropertySourcesPropertyResolver - Searching for key 'SHELL' in [servletConfigInitParams]
11:14:43.367 [Test worker] DEBUG org.springframework.core.env.PropertySourcesPropertyResolver - Searching for key 'SHELL' in [servletContextInitParams]
11:14:43.367 [Test worker] DEBUG org.springframework.core.env.PropertySourcesPropertyResolver - Searching for key 'SHELL' in [systemProperties]
11:14:43.367 [Test worker] DEBUG org.springframework.core.env.PropertySourcesPropertyResolver - Searching for key 'SHELL' in [systemEnvironment]
11:14:43.367 [Test worker] DEBUG org.springframework.core.env.PropertySourcesPropertyResolver - Found key 'SHELL' in [systemEnvironment] with type [String] and value 'C:\Program Files\Git\usr\bin\bash'
11:14:43.367 [Test worker] DEBUG org.springframework.core.env.PropertySourcesPropertyResolver - Searching for key 'OLDPWD' in [servletConfigInitParams]
11:14:43.367 [Test worker] DEBUG org.springframework.core.env.PropertySourcesPropertyResolver - Searching for key 'OLDPWD' in [servletContextInitParams]
11:14:43.367 [Test worker] DEBUG org.springframework.core.env.PropertySourcesPropertyResolver - Searching for key 'OLDPWD' in [systemProperties]
11:14:43.367 [Test worker] DEBUG org.springframework.core.env.PropertySourcesPropertyResolver - Searching for key 'OLDPWD' in [systemEnvironment]
11:14:43.367 [Test worker] DEBUG org.springframework.core.env.PropertySourcesPropertyResolver - Found key 'OLDPWD' in [systemEnvironment] with type [String] and value 'C:/Viru/gradle-3.0-bin/gradle-3.0'
11:14:43.367 [Test worker] DEBUG org.springframework.core.env.PropertySourcesPropertyResolver - Searching for key 'TMPDIR' in [servletConfigInitParams]
11:14:43.367 [Test worker] DEBUG org.springframework.core.env.PropertySourcesPropertyResolver - Searching for key 'TMPDIR' in [servletContextInitParams]
11:14:43.367 [Test worker] DEBUG org.springframework.core.env.PropertySourcesPropertyResolver - Searching for key 'TMPDIR' in [systemProperties]
11:14:43.367 [Test worker] DEBUG org.springframework.core.env.PropertySourcesPropertyResolver - Searching for key 'TMPDIR' in [systemEnvironment]
11:14:43.367 [Test worker] DEBUG org.springframework.core.env.PropertySourcesPropertyResolver - Found key 'TMPDIR' in [systemEnvironment] with type [String] and value 'C:\Users\Soniya\AppData\Local\Temp'
11:14:43.368 [Test worker] DEBUG org.springframework.core.env.PropertySourcesPropertyResolver - Searching for key 'WINDIR' in [servletConfigInitParams]
11:14:43.368 [Test worker] DEBUG org.springframework.core.env.PropertySourcesPropertyResolver - Searching for key 'WINDIR' in [servletContextInitParams]
11:14:43.368 [Test worker] DEBUG org.springframework.core.env.PropertySourcesPropertyResolver - Searching for key 'WINDIR' in [systemProperties]
11:14:43.368 [Test worker] DEBUG org.springframework.core.env.PropertySourcesPropertyResolver - Searching for key 'WINDIR' in [systemEnvironment]
11:14:43.368 [Test worker] DEBUG org.springframework.core.env.PropertySourcesPropertyResolver - Found key 'WINDIR' in [systemEnvironment] with type [String] and value 'C:\Windows'
11:14:43.368 [Test worker] DEBUG org.springframework.core.env.PropertySourcesPropertyResolver - Searching for key 'ProgramData' in [servletConfigInitParams]
11:14:43.368 [Test worker] DEBUG org.springframework.core.env.PropertySourcesPropertyResolver - Searching for key 'ProgramData' in [servletContextInitParams]
11:14:43.368 [Test worker] DEBUG org.springframework.core.env.PropertySourcesPropertyResolver - Searching for key 'ProgramData' in [systemProperties]
11:14:43.368 [Test worker] DEBUG org.springframework.core.env.PropertySourcesPropertyResolver - Searching for key 'ProgramData' in [systemEnvironment]
11:14:43.368 [Test worker] DEBUG org.springframework.core.env.PropertySourcesPropertyResolver - Found key 'ProgramData' in [systemEnvironment] with type [String] and value 'C:\ProgramData'
11:14:43.368 [Test worker] DEBUG org.springframework.core.env.PropertySourcesPropertyResolver - Searching for key 'ProgramW6432' in [servletConfigInitParams]
11:14:43.368 [Test worker] DEBUG org.springframework.core.env.PropertySourcesPropertyResolver - Searching for key 'ProgramW6432' in [servletContextInitParams]
11:14:43.368 [Test worker] DEBUG org.springframework.core.env.PropertySourcesPropertyResolver - Searching for key 'ProgramW6432' in [systemProperties]
11:14:43.368 [Test worker] DEBUG org.springframework.core.env.PropertySourcesPropertyResolver - Searching for key 'ProgramW6432' in [systemEnvironment]
11:14:43.368 [Test worker] DEBUG org.springframework.core.env.PropertySourcesPropertyResolver - Found key 'ProgramW6432' in [systemEnvironment] with type [String] and value 'C:\Program Files'
11:14:43.368 [Test worker] DEBUG org.springframework.core.env.PropertySourcesPropertyResolver - Searching for key 'SSH_ASKPASS' in [servletConfigInitParams]
11:14:43.368 [Test worker] DEBUG org.springframework.core.env.PropertySourcesPropertyResolver - Searching for key 'SSH_ASKPASS' in [servletContextInitParams]
11:14:43.368 [Test worker] DEBUG org.springframework.core.env.PropertySourcesPropertyResolver - Searching for key 'SSH_ASKPASS' in [systemProperties]
11:14:43.369 [Test worker] DEBUG org.springframework.core.env.PropertySourcesPropertyResolver - Searching for key 'SSH_ASKPASS' in [systemEnvironment]
11:14:43.369 [Test worker] DEBUG org.springframework.core.env.PropertySourcesPropertyResolver - Found key 'SSH_ASKPASS' in [systemEnvironment] with type [String] and value 'C:/Program Files/Git/mingw64/libexec/git-core/git-gui--askpass'
11:14:43.369 [Test worker] DEBUG org.springframework.core.env.PropertySourcesPropertyResolver - Searching for key 'HOMEPATH' in [servletConfigInitParams]
11:14:43.369 [Test worker] DEBUG org.springframework.core.env.PropertySourcesPropertyResolver - Searching for key 'HOMEPATH' in [servletContextInitParams]
11:14:43.369 [Test worker] DEBUG org.springframework.core.env.PropertySourcesPropertyResolver - Searching for key 'HOMEPATH' in [systemProperties]
11:14:43.369 [Test worker] DEBUG org.springframework.core.env.PropertySourcesPropertyResolver - Searching for key 'HOMEPATH' in [systemEnvironment]
11:14:43.369 [Test worker] DEBUG org.springframework.core.env.PropertySourcesPropertyResolver - Found key 'HOMEPATH' in [systemEnvironment] with type [String] and value '\Users\Soniya'
11:14:43.373 [Test worker] DEBUG org.springframework.core.env.PropertySourcesPropertyResolver - Searching for key 'PROCESSOR_IDENTIFIER' in [servletConfigInitParams]
11:14:43.374 [Test worker] DEBUG org.springframework.core.env.PropertySourcesPropertyResolver - Searching for key 'PROCESSOR_IDENTIFIER' in [servletContextInitParams]
11:14:43.375 [Test worker] DEBUG org.springframework.core.env.PropertySourcesPropertyResolver - Searching for key 'PROCESSOR_IDENTIFIER' in [systemProperties]
11:14:43.375 [Test worker] DEBUG org.springframework.core.env.PropertySourcesPropertyResolver - Searching for key 'PROCESSOR_IDENTIFIER' in [systemEnvironment]
11:14:43.376 [Test worker] DEBUG org.springframework.core.env.PropertySourcesPropertyResolver - Found key 'PROCESSOR_IDENTIFIER' in [systemEnvironment] with type [String] and value 'AMD64 Family 21 Model 96 Stepping 1, AuthenticAMD'
11:14:43.376 [Test worker] DEBUG org.springframework.core.env.PropertySourcesPropertyResolver - Searching for key 'PUBLIC' in [servletConfigInitParams]
11:14:43.377 [Test worker] DEBUG org.springframework.core.env.PropertySourcesPropertyResolver - Searching for key 'PUBLIC' in [servletContextInitParams]
11:14:43.377 [Test worker] DEBUG org.springframework.core.env.PropertySourcesPropertyResolver - Searching for key 'PUBLIC' in [systemProperties]
11:14:43.377 [Test worker] DEBUG org.springframework.core.env.PropertySourcesPropertyResolver - Searching for key 'PUBLIC' in [systemEnvironment]
11:14:43.377 [Test worker] DEBUG org.springframework.core.env.PropertySourcesPropertyResolver - Found key 'PUBLIC' in [systemEnvironment] with type [String] and value 'C:\Users\Public'
11:14:43.378 [Test worker] DEBUG org.springframework.core.env.PropertySourcesPropertyResolver - Searching for key '=::' in [servletConfigInitParams]
11:14:43.378 [Test worker] DEBUG org.springframework.core.env.PropertySourcesPropertyResolver - Searching for key '=::' in [servletContextInitParams]
11:14:43.379 [Test worker] DEBUG org.springframework.core.env.PropertySourcesPropertyResolver - Searching for key '=::' in [systemProperties]
11:14:43.379 [Test worker] DEBUG org.springframework.core.env.PropertySourcesPropertyResolver - Searching for key '=::' in [systemEnvironment]
11:14:43.380 [Test worker] DEBUG org.springframework.core.env.PropertySourcesPropertyResolver - Found key '=::' in [systemEnvironment] with type [String] and value '::\'
11:14:43.380 [Test worker] DEBUG org.springframework.core.env.PropertySourcesPropertyResolver - Searching for key 'EXEPATH' in [servletConfigInitParams]
11:14:43.381 [Test worker] DEBUG org.springframework.core.env.PropertySourcesPropertyResolver - Searching for key 'EXEPATH' in [servletContextInitParams]
11:14:43.381 [Test worker] DEBUG org.springframework.core.env.PropertySourcesPropertyResolver - Searching for key 'EXEPATH' in [systemProperties]
11:14:43.381 [Test worker] DEBUG org.springframework.core.env.PropertySourcesPropertyResolver - Searching for key 'EXEPATH' in [systemEnvironment]
11:14:43.382 [Test worker] DEBUG org.springframework.core.env.PropertySourcesPropertyResolver - Found key 'EXEPATH' in [systemEnvironment] with type [String] and value 'C:\Program Files\Git'
11:14:43.382 [Test worker] DEBUG org.springframework.core.env.PropertySourcesPropertyResolver - Searching for key 'C_EM64T_REDIST11' in [servletConfigInitParams]
11:14:43.382 [Test worker] DEBUG org.springframework.core.env.PropertySourcesPropertyResolver - Searching for key 'C_EM64T_REDIST11' in [servletContextInitParams]
11:14:43.382 [Test worker] DEBUG org.springframework.core.env.PropertySourcesPropertyResolver - Searching for key 'C_EM64T_REDIST11' in [systemProperties]
11:14:43.382 [Test worker] DEBUG org.springframework.core.env.PropertySourcesPropertyResolver - Searching for key 'C_EM64T_REDIST11' in [systemEnvironment]
11:14:43.383 [Test worker] DEBUG org.springframework.core.env.PropertySourcesPropertyResolver - Found key 'C_EM64T_REDIST11' in [systemEnvironment] with type [String] and value 'C:\Program Files (x86)\Common Files\Intel\Shared Files\cpp\'
11:14:43.383 [Test worker] DEBUG org.springframework.core.env.PropertySourcesPropertyResolver - Searching for key 'SHLVL' in [servletConfigInitParams]
11:14:43.383 [Test worker] DEBUG org.springframework.core.env.PropertySourcesPropertyResolver - Searching for key 'SHLVL' in [servletContextInitParams]
11:14:43.383 [Test worker] DEBUG org.springframework.core.env.PropertySourcesPropertyResolver - Searching for key 'SHLVL' in [systemProperties]
11:14:43.383 [Test worker] DEBUG org.springframework.core.env.PropertySourcesPropertyResolver - Searching for key 'SHLVL' in [systemEnvironment]
11:14:43.384 [Test worker] DEBUG org.springframework.core.env.PropertySourcesPropertyResolver - Found key 'SHLVL' in [systemEnvironment] with type [String] and value '1'
11:14:43.384 [Test worker] DEBUG org.springframework.core.env.PropertySourcesPropertyResolver - Searching for key 'LOCALAPPDATA' in [servletConfigInitParams]
11:14:43.384 [Test worker] DEBUG org.springframework.core.env.PropertySourcesPropertyResolver - Searching for key 'LOCALAPPDATA' in [servletContextInitParams]
11:14:43.384 [Test worker] DEBUG org.springframework.core.env.PropertySourcesPropertyResolver - Searching for key 'LOCALAPPDATA' in [systemProperties]
11:14:43.384 [Test worker] DEBUG org.springframework.core.env.PropertySourcesPropertyResolver - Searching for key 'LOCALAPPDATA' in [systemEnvironment]
11:14:43.384 [Test worker] DEBUG org.springframework.core.env.PropertySourcesPropertyResolver - Found key 'LOCALAPPDATA' in [systemEnvironment] with type [String] and value 'C:\Users\Soniya\AppData\Local'
11:14:43.385 [Test worker] DEBUG org.springframework.core.env.PropertySourcesPropertyResolver - Searching for key 'MANPATH' in [servletConfigInitParams]
11:14:43.385 [Test worker] DEBUG org.springframework.core.env.PropertySourcesPropertyResolver - Searching for key 'MANPATH' in [servletContextInitParams]
11:14:43.385 [Test worker] DEBUG org.springframework.core.env.PropertySourcesPropertyResolver - Searching for key 'MANPATH' in [systemProperties]
11:14:43.385 [Test worker] DEBUG org.springframework.core.env.PropertySourcesPropertyResolver - Searching for key 'MANPATH' in [systemEnvironment]
11:14:43.385 [Test worker] DEBUG org.springframework.core.env.PropertySourcesPropertyResolver - Found key 'MANPATH' in [systemEnvironment] with type [String] and value 'C:\Program Files\Git\mingw64\share\man;C:\Program Files\Git\usr\local\man;C:\Program Files\Git\usr\share\man;C:\Program Files\Git\usr\man;C:\Program Files\Git\share\man'
11:14:43.386 [Test worker] DEBUG org.springframework.core.env.PropertySourcesPropertyResolver - Searching for key 'USERDOMAIN' in [servletConfigInitParams]
11:14:43.386 [Test worker] DEBUG org.springframework.core.env.PropertySourcesPropertyResolver - Searching for key 'USERDOMAIN' in [servletContextInitParams]
11:14:43.386 [Test worker] DEBUG org.springframework.core.env.PropertySourcesPropertyResolver - Searching for key 'USERDOMAIN' in [systemProperties]
11:14:43.386 [Test worker] DEBUG org.springframework.core.env.PropertySourcesPropertyResolver - Searching for key 'USERDOMAIN' in [systemEnvironment]
11:14:43.386 [Test worker] DEBUG org.springframework.core.env.PropertySourcesPropertyResolver - Found key 'USERDOMAIN' in [systemEnvironment] with type [String] and value 'SONI'
11:14:43.386 [Test worker] DEBUG org.springframework.core.env.PropertySourcesPropertyResolver - Searching for key 'LOGONSERVER' in [servletConfigInitParams]
11:14:43.386 [Test worker] DEBUG org.springframework.core.env.PropertySourcesPropertyResolver - Searching for key 'LOGONSERVER' in [servletContextInitParams]
11:14:43.387 [Test worker] DEBUG org.springframework.core.env.PropertySourcesPropertyResolver - Searching for key 'LOGONSERVER' in [systemProperties]
11:14:43.387 [Test worker] DEBUG org.springframework.core.env.PropertySourcesPropertyResolver - Searching for key 'LOGONSERVER' in [systemEnvironment]
11:14:43.387 [Test worker] DEBUG org.springframework.core.env.PropertySourcesPropertyResolver - Found key 'LOGONSERVER' in [systemEnvironment] with type [String] and value '\\MicrosoftAccount'
11:14:43.387 [Test worker] DEBUG org.springframework.core.env.PropertySourcesPropertyResolver - Searching for key 'JAVA_HOME' in [servletConfigInitParams]
11:14:43.387 [Test worker] DEBUG org.springframework.core.env.PropertySourcesPropertyResolver - Searching for key 'JAVA_HOME' in [servletContextInitParams]
11:14:43.387 [Test worker] DEBUG org.springframework.core.env.PropertySourcesPropertyResolver - Searching for key 'JAVA_HOME' in [systemProperties]
11:14:43.388 [Test worker] DEBUG org.springframework.core.env.PropertySourcesPropertyResolver - Searching for key 'JAVA_HOME' in [systemEnvironment]
11:14:43.388 [Test worker] DEBUG org.springframework.core.env.PropertySourcesPropertyResolver - Found key 'JAVA_HOME' in [systemEnvironment] with type [String] and value 'C:\Program Files\Java\jdk1.8.0_101'
11:14:43.388 [Test worker] DEBUG org.springframework.core.env.PropertySourcesPropertyResolver - Searching for key 'PLINK_PROTOCOL' in [servletConfigInitParams]
11:14:43.388 [Test worker] DEBUG org.springframework.core.env.PropertySourcesPropertyResolver - Searching for key 'PLINK_PROTOCOL' in [servletContextInitParams]
11:14:43.388 [Test worker] DEBUG org.springframework.core.env.PropertySourcesPropertyResolver - Searching for key 'PLINK_PROTOCOL' in [systemProperties]
11:14:43.388 [Test worker] DEBUG org.springframework.core.env.PropertySourcesPropertyResolver - Searching for key 'PLINK_PROTOCOL' in [systemEnvironment]
11:14:43.389 [Test worker] DEBUG org.springframework.core.env.PropertySourcesPropertyResolver - Found key 'PLINK_PROTOCOL' in [systemEnvironment] with type [String] and value 'ssh'
11:14:43.389 [Test worker] DEBUG org.springframework.core.env.PropertySourcesPropertyResolver - Searching for key 'TERM' in [servletConfigInitParams]
11:14:43.389 [Test worker] DEBUG org.springframework.core.env.PropertySourcesPropertyResolver - Searching for key 'TERM' in [servletContextInitParams]
11:14:43.390 [Test worker] DEBUG org.springframework.core.env.PropertySourcesPropertyResolver - Searching for key 'TERM' in [systemProperties]
11:14:43.390 [Test worker] DEBUG org.springframework.core.env.PropertySourcesPropertyResolver - Searching for key 'TERM' in [systemEnvironment]
11:14:43.390 [Test worker] DEBUG org.springframework.core.env.PropertySourcesPropertyResolver - Found key 'TERM' in [systemEnvironment] with type [String] and value 'xterm'
11:14:43.390 [Test worker] DEBUG org.springframework.core.env.PropertySourcesPropertyResolver - Searching for key 'LANG' in [servletConfigInitParams]
11:14:43.390 [Test worker] DEBUG org.springframework.core.env.PropertySourcesPropertyResolver - Searching for key 'LANG' in [servletContextInitParams]
11:14:43.391 [Test worker] DEBUG org.springframework.core.env.PropertySourcesPropertyResolver - Searching for key 'LANG' in [systemProperties]
11:14:43.391 [Test worker] DEBUG org.springframework.core.env.PropertySourcesPropertyResolver - Searching for key 'LANG' in [systemEnvironment]
11:14:43.391 [Test worker] DEBUG org.springframework.core.env.PropertySourcesPropertyResolver - Found key 'LANG' in [systemEnvironment] with type [String] and value 'en_US.UTF-8'
11:14:43.391 [Test worker] DEBUG org.springframework.core.env.PropertySourcesPropertyResolver - Searching for key 'DISPLAY' in [servletConfigInitParams]
11:14:43.391 [Test worker] DEBUG org.springframework.core.env.PropertySourcesPropertyResolver - Searching for key 'DISPLAY' in [servletContextInitParams]
11:14:43.391 [Test worker] DEBUG org.springframework.core.env.PropertySourcesPropertyResolver - Searching for key 'DISPLAY' in [systemProperties]
11:14:43.392 [Test worker] DEBUG org.springframework.core.env.PropertySourcesPropertyResolver - Searching for key 'DISPLAY' in [systemEnvironment]
11:14:43.392 [Test worker] DEBUG org.springframework.core.env.PropertySourcesPropertyResolver - Found key 'DISPLAY' in [systemEnvironment] with type [String] and value 'needs-to-be-defined'
11:14:43.393 [Test worker] DEBUG org.springframework.core.env.PropertySourcesPropertyResolver - Searching for key 'MSYSTEM' in [servletConfigInitParams]
11:14:43.393 [Test worker] DEBUG org.springframework.core.env.PropertySourcesPropertyResolver - Searching for key 'MSYSTEM' in [servletContextInitParams]
11:14:43.393 [Test worker] DEBUG org.springframework.core.env.PropertySourcesPropertyResolver - Searching for key 'MSYSTEM' in [systemProperties]
11:14:43.393 [Test worker] DEBUG org.springframework.core.env.PropertySourcesPropertyResolver - Searching for key 'MSYSTEM' in [systemEnvironment]
11:14:43.394 [Test worker] DEBUG org.springframework.core.env.PropertySourcesPropertyResolver - Found key 'MSYSTEM' in [systemEnvironment] with type [String] and value 'MINGW64'
11:14:43.394 [Test worker] DEBUG org.springframework.core.env.PropertySourcesPropertyResolver - Searching for key 'APPDATA' in [servletConfigInitParams]
11:14:43.394 [Test worker] DEBUG org.springframework.core.env.PropertySourcesPropertyResolver - Searching for key 'APPDATA' in [servletContextInitParams]
11:14:43.394 [Test worker] DEBUG org.springframework.core.env.PropertySourcesPropertyResolver - Searching for key 'APPDATA' in [systemProperties]
11:14:43.394 [Test worker] DEBUG org.springframework.core.env.PropertySourcesPropertyResolver - Searching for key 'APPDATA' in [systemEnvironment]
11:14:43.394 [Test worker] DEBUG org.springframework.core.env.PropertySourcesPropertyResolver - Found key 'APPDATA' in [systemEnvironment] with type [String] and value 'C:\Users\Soniya\AppData\Roaming'
11:14:43.395 [Test worker] DEBUG org.springframework.core.env.PropertySourcesPropertyResolver - Searching for key 'SYSTEMROOT' in [servletConfigInitParams]
11:14:43.395 [Test worker] DEBUG org.springframework.core.env.PropertySourcesPropertyResolver - Searching for key 'SYSTEMROOT' in [servletContextInitParams]
11:14:43.395 [Test worker] DEBUG org.springframework.core.env.PropertySourcesPropertyResolver - Searching for key 'SYSTEMROOT' in [systemProperties]
11:14:43.395 [Test worker] DEBUG org.springframework.core.env.PropertySourcesPropertyResolver - Searching for key 'SYSTEMROOT' in [systemEnvironment]
11:14:43.396 [Test worker] DEBUG org.springframework.core.env.PropertySourcesPropertyResolver - Found key 'SYSTEMROOT' in [systemEnvironment] with type [String] and value 'C:\Windows'
11:14:43.396 [Test worker] DEBUG org.springframework.core.env.PropertySourcesPropertyResolver - Searching for key 'OS' in [servletConfigInitParams]
11:14:43.396 [Test worker] DEBUG org.springframework.core.env.PropertySourcesPropertyResolver - Searching for key 'OS' in [servletContextInitParams]
11:14:43.396 [Test worker] DEBUG org.springframework.core.env.PropertySourcesPropertyResolver - Searching for key 'OS' in [systemProperties]
11:14:43.396 [Test worker] DEBUG org.springframework.core.env.PropertySourcesPropertyResolver - Searching for key 'OS' in [systemEnvironment]
11:14:43.397 [Test worker] DEBUG org.springframework.core.env.PropertySourcesPropertyResolver - Found key 'OS' in [systemEnvironment] with type [String] and value 'Windows_NT'
11:14:43.397 [Test worker] DEBUG org.springframework.core.env.PropertySourcesPropertyResolver - Searching for key 'COMPUTERNAME' in [servletConfigInitParams]
11:14:43.397 [Test worker] DEBUG org.springframework.core.env.PropertySourcesPropertyResolver - Searching for key 'COMPUTERNAME' in [servletContextInitParams]
11:14:43.397 [Test worker] DEBUG org.springframework.core.env.PropertySourcesPropertyResolver - Searching for key 'COMPUTERNAME' in [systemProperties]
11:14:43.397 [Test worker] DEBUG org.springframework.core.env.PropertySourcesPropertyResolver - Searching for key 'COMPUTERNAME' in [systemEnvironment]
11:14:43.397 [Test worker] DEBUG org.springframework.core.env.PropertySourcesPropertyResolver - Found key 'COMPUTERNAME' in [systemEnvironment] with type [String] and value 'SONI'
11:14:43.398 [Test worker] DEBUG org.springframework.core.env.PropertySourcesPropertyResolver - Searching for key 'COMMONPROGRAMFILES' in [servletConfigInitParams]
11:14:43.398 [Test worker] DEBUG org.springframework.core.env.PropertySourcesPropertyResolver - Searching for key 'COMMONPROGRAMFILES' in [servletContextInitParams]
11:14:43.398 [Test worker] DEBUG org.springframework.core.env.PropertySourcesPropertyResolver - Searching for key 'COMMONPROGRAMFILES' in [systemProperties]
11:14:43.398 [Test worker] DEBUG org.springframework.core.env.PropertySourcesPropertyResolver - Searching for key 'COMMONPROGRAMFILES' in [systemEnvironment]
11:14:43.398 [Test worker] DEBUG org.springframework.core.env.PropertySourcesPropertyResolver - Found key 'COMMONPROGRAMFILES' in [systemEnvironment] with type [String] and value 'C:\Program Files\Common Files'
11:14:43.399 [Test worker] DEBUG org.springframework.core.env.PropertySourcesPropertyResolver - Searching for key 'COMSPEC' in [servletConfigInitParams]
11:14:43.399 [Test worker] DEBUG org.springframework.core.env.PropertySourcesPropertyResolver - Searching for key 'COMSPEC' in [servletContextInitParams]
11:14:43.399 [Test worker] DEBUG org.springframework.core.env.PropertySourcesPropertyResolver - Searching for key 'COMSPEC' in [systemProperties]
11:14:43.399 [Test worker] DEBUG org.springframework.core.env.PropertySourcesPropertyResolver - Searching for key 'COMSPEC' in [systemEnvironment]
11:14:43.399 [Test worker] DEBUG org.springframework.core.env.PropertySourcesPropertyResolver - Found key 'COMSPEC' in [systemEnvironment] with type [String] and value 'C:\Windows\system32\cmd.exe'
11:14:43.399 [Test worker] DEBUG org.springframework.core.env.PropertySourcesPropertyResolver - Searching for key 'PROCESSOR_REVISION' in [servletConfigInitParams]
11:14:43.400 [Test worker] DEBUG org.springframework.core.env.PropertySourcesPropertyResolver - Searching for key 'PROCESSOR_REVISION' in [servletContextInitParams]
11:14:43.400 [Test worker] DEBUG org.springframework.core.env.PropertySourcesPropertyResolver - Searching for key 'PROCESSOR_REVISION' in [systemProperties]
11:14:43.400 [Test worker] DEBUG org.springframework.core.env.PropertySourcesPropertyResolver - Searching for key 'PROCESSOR_REVISION' in [systemEnvironment]
11:14:43.400 [Test worker] DEBUG org.springframework.core.env.PropertySourcesPropertyResolver - Found key 'PROCESSOR_REVISION' in [systemEnvironment] with type [String] and value '6001'
11:14:43.400 [Test worker] DEBUG org.springframework.core.env.PropertySourcesPropertyResolver - Searching for key 'CommonProgramW6432' in [servletConfigInitParams]
11:14:43.400 [Test worker] DEBUG org.springframework.core.env.PropertySourcesPropertyResolver - Searching for key 'CommonProgramW6432' in [servletContextInitParams]
11:14:43.400 [Test worker] DEBUG org.springframework.core.env.PropertySourcesPropertyResolver - Searching for key 'CommonProgramW6432' in [systemProperties]
11:14:43.401 [Test worker] DEBUG org.springframework.core.env.PropertySourcesPropertyResolver - Searching for key 'CommonProgramW6432' in [systemEnvironment]
11:14:43.401 [Test worker] DEBUG org.springframework.core.env.PropertySourcesPropertyResolver - Found key 'CommonProgramW6432' in [systemEnvironment] with type [String] and value 'C:\Program Files\Common Files'
11:14:43.401 [Test worker] DEBUG org.springframework.core.env.PropertySourcesPropertyResolver - Searching for key 'ACLOCAL_PATH' in [servletConfigInitParams]
11:14:43.401 [Test worker] DEBUG org.springframework.core.env.PropertySourcesPropertyResolver - Searching for key 'ACLOCAL_PATH' in [servletContextInitParams]
11:14:43.401 [Test worker] DEBUG org.springframework.core.env.PropertySourcesPropertyResolver - Searching for key 'ACLOCAL_PATH' in [systemProperties]
11:14:43.402 [Test worker] DEBUG org.springframework.core.env.PropertySourcesPropertyResolver - Searching for key 'ACLOCAL_PATH' in [systemEnvironment]
11:14:43.402 [Test worker] DEBUG org.springframework.core.env.PropertySourcesPropertyResolver - Found key 'ACLOCAL_PATH' in [systemEnvironment] with type [String] and value 'C:\Program Files\Git\mingw64\share\aclocal;C:\Program Files\Git\usr\share\aclocal'
11:14:43.402 [Test worker] DEBUG org.springframework.core.env.PropertySourcesPropertyResolver - Searching for key 'PRINTER' in [servletConfigInitParams]
11:14:43.403 [Test worker] DEBUG org.springframework.core.env.PropertySourcesPropertyResolver - Searching for key 'PRINTER' in [servletContextInitParams]
11:14:43.403 [Test worker] DEBUG org.springframework.core.env.PropertySourcesPropertyResolver - Searching for key 'PRINTER' in [systemProperties]
11:14:43.403 [Test worker] DEBUG org.springframework.core.env.PropertySourcesPropertyResolver - Searching for key 'PRINTER' in [systemEnvironment]
11:14:43.403 [Test worker] DEBUG org.springframework.core.env.PropertySourcesPropertyResolver - Found key 'PRINTER' in [systemEnvironment] with type [String] and value 'Microsoft Print to PDF'
11:14:43.404 [Test worker] DEBUG org.springframework.core.env.PropertySourcesPropertyResolver - Searching for key 'TEMP' in [servletConfigInitParams]
11:14:43.404 [Test worker] DEBUG org.springframework.core.env.PropertySourcesPropertyResolver - Searching for key 'TEMP' in [servletContextInitParams]
11:14:43.405 [Test worker] DEBUG org.springframework.core.env.PropertySourcesPropertyResolver - Searching for key 'TEMP' in [systemProperties]
11:14:43.405 [Test worker] DEBUG org.springframework.core.env.PropertySourcesPropertyResolver - Searching for key 'TEMP' in [systemEnvironment]
11:14:43.407 [Test worker] DEBUG org.springframework.core.env.PropertySourcesPropertyResolver - Found key 'TEMP' in [systemEnvironment] with type [String] and value 'C:\Users\Soniya\AppData\Local\Temp'
11:14:43.407 [Test worker] DEBUG org.springframework.core.env.PropertySourcesPropertyResolver - Searching for key 'HOSTNAME' in [servletConfigInitParams]
11:14:43.408 [Test worker] DEBUG org.springframework.core.env.PropertySourcesPropertyResolver - Searching for key 'HOSTNAME' in [servletContextInitParams]
11:14:43.409 [Test worker] DEBUG org.springframework.core.env.PropertySourcesPropertyResolver - Searching for key 'HOSTNAME' in [systemProperties]
11:14:43.409 [Test worker] DEBUG org.springframework.core.env.PropertySourcesPropertyResolver - Searching for key 'HOSTNAME' in [systemEnvironment]
11:14:43.409 [Test worker] DEBUG org.springframework.core.env.PropertySourcesPropertyResolver - Found key 'HOSTNAME' in [systemEnvironment] with type [String] and value 'Soni'
11:14:43.409 [Test worker] DEBUG org.springframework.core.env.PropertySourcesPropertyResolver - Searching for key 'HOMEDRIVE' in [servletConfigInitParams]
11:14:43.409 [Test worker] DEBUG org.springframework.core.env.PropertySourcesPropertyResolver - Searching for key 'HOMEDRIVE' in [servletContextInitParams]
11:14:43.409 [Test worker] DEBUG org.springframework.core.env.PropertySourcesPropertyResolver - Searching for key 'HOMEDRIVE' in [systemProperties]
11:14:43.409 [Test worker] DEBUG org.springframework.core.env.PropertySourcesPropertyResolver - Searching for key 'HOMEDRIVE' in [systemEnvironment]
11:14:43.410 [Test worker] DEBUG org.springframework.core.env.PropertySourcesPropertyResolver - Found key 'HOMEDRIVE' in [systemEnvironment] with type [String] and value 'C:'
11:14:43.410 [Test worker] DEBUG org.springframework.core.env.PropertySourcesPropertyResolver - Searching for key 'USERPROFILE' in [servletConfigInitParams]
11:14:43.410 [Test worker] DEBUG org.springframework.core.env.PropertySourcesPropertyResolver - Searching for key 'USERPROFILE' in [servletContextInitParams]
11:14:43.410 [Test worker] DEBUG org.springframework.core.env.PropertySourcesPropertyResolver - Searching for key 'USERPROFILE' in [systemProperties]
11:14:43.410 [Test worker] DEBUG org.springframework.core.env.PropertySourcesPropertyResolver - Searching for key 'USERPROFILE' in [systemEnvironment]
11:14:43.410 [Test worker] DEBUG org.springframework.core.env.PropertySourcesPropertyResolver - Found key 'USERPROFILE' in [systemEnvironment] with type [String] and value 'C:\Users\Soniya'
11:14:43.410 [Test worker] DEBUG org.springframework.core.env.PropertySourcesPropertyResolver - Searching for key 'TMP' in [servletConfigInitParams]
11:14:43.410 [Test worker] DEBUG org.springframework.core.env.PropertySourcesPropertyResolver - Searching for key 'TMP' in [servletContextInitParams]
11:14:43.410 [Test worker] DEBUG org.springframework.core.env.PropertySourcesPropertyResolver - Searching for key 'TMP' in [systemProperties]
11:14:43.410 [Test worker] DEBUG org.springframework.core.env.PropertySourcesPropertyResolver - Searching for key 'TMP' in [systemEnvironment]
11:14:43.410 [Test worker] DEBUG org.springframework.core.env.PropertySourcesPropertyResolver - Found key 'TMP' in [systemEnvironment] with type [String] and value 'C:\Users\Soniya\AppData\Local\Temp'
11:14:43.410 [Test worker] DEBUG org.springframework.core.env.PropertySourcesPropertyResolver - Searching for key 'CommonProgramFiles(x86)' in [servletConfigInitParams]
11:14:43.410 [Test worker] DEBUG org.springframework.core.env.PropertySourcesPropertyResolver - Searching for key 'CommonProgramFiles(x86)' in [servletContextInitParams]
11:14:43.410 [Test worker] DEBUG org.springframework.core.env.PropertySourcesPropertyResolver - Searching for key 'CommonProgramFiles(x86)' in [systemProperties]
11:14:43.410 [Test worker] DEBUG org.springframework.core.env.PropertySourcesPropertyResolver - Searching for key 'CommonProgramFiles(x86)' in [systemEnvironment]
11:14:43.410 [Test worker] DEBUG org.springframework.core.env.PropertySourcesPropertyResolver - Found key 'CommonProgramFiles(x86)' in [systemEnvironment] with type [String] and value 'C:\Program Files (x86)\Common Files'
11:14:43.411 [Test worker] DEBUG org.springframework.core.env.PropertySourcesPropertyResolver - Searching for key 'NUMBER_OF_PROCESSORS' in [servletConfigInitParams]
11:14:43.411 [Test worker] DEBUG org.springframework.core.env.PropertySourcesPropertyResolver - Searching for key 'NUMBER_OF_PROCESSORS' in [servletContextInitParams]
11:14:43.411 [Test worker] DEBUG org.springframework.core.env.PropertySourcesPropertyResolver - Searching for key 'NUMBER_OF_PROCESSORS' in [systemProperties]
11:14:43.411 [Test worker] DEBUG org.springframework.core.env.PropertySourcesPropertyResolver - Searching for key 'NUMBER_OF_PROCESSORS' in [systemEnvironment]
11:14:43.411 [Test worker] DEBUG org.springframework.core.env.PropertySourcesPropertyResolver - Found key 'NUMBER_OF_PROCESSORS' in [systemEnvironment] with type [String] and value '4'
11:14:43.411 [Test worker] DEBUG org.springframework.core.env.PropertySourcesPropertyResolver - Searching for key 'HOME' in [servletConfigInitParams]
11:14:43.412 [Test worker] DEBUG org.springframework.core.env.PropertySourcesPropertyResolver - Searching for key 'HOME' in [servletContextInitParams]
11:14:43.412 [Test worker] DEBUG org.springframework.core.env.PropertySourcesPropertyResolver - Searching for key 'HOME' in [systemProperties]
11:14:43.412 [Test worker] DEBUG org.springframework.core.env.PropertySourcesPropertyResolver - Searching for key 'HOME' in [systemEnvironment]
11:14:43.412 [Test worker] DEBUG org.springframework.core.env.PropertySourcesPropertyResolver - Found key 'HOME' in [systemEnvironment] with type [String] and value 'C:\Users\Soniya'
11:14:43.459 [Test worker] DEBUG org.springframework.beans.factory.support.DefaultListableBeanFactory - Returning cached instance of singleton bean 'autoConfigurationReport'
11:14:43.477 [Test worker] DEBUG org.springframework.beans.factory.support.DefaultListableBeanFactory - Returning cached instance of singleton bean 'autoConfigurationReport'
11:14:43.507 [Test worker] DEBUG org.springframework.beans.factory.support.DefaultListableBeanFactory - Returning cached instance of singleton bean 'autoConfigurationReport'
11:14:43.517 [Test worker] DEBUG org.springframework.beans.factory.support.DefaultListableBeanFactory - Returning cached instance of singleton bean 'autoConfigurationReport'
11:14:43.518 [Test worker] DEBUG org.springframework.beans.factory.support.DefaultListableBeanFactory - Returning cached instance of singleton bean 'autoConfigurationReport'
11:14:43.525 [Test worker] DEBUG org.springframework.beans.factory.support.DefaultListableBeanFactory - Returning cached instance of singleton bean 'autoConfigurationReport'
11:14:43.529 [Test worker] DEBUG org.springframework.beans.factory.support.DefaultListableBeanFactory - Returning cached instance of singleton bean 'autoConfigurationReport'
11:14:43.532 [Test worker] DEBUG org.springframework.beans.factory.support.DefaultListableBeanFactory - Returning cached instance of singleton bean 'autoConfigurationReport'
11:14:43.534 [Test worker] DEBUG org.springframework.beans.factory.support.DefaultListableBeanFactory - Returning cached instance of singleton bean 'autoConfigurationReport'
11:14:43.536 [Test worker] DEBUG org.springframework.beans.factory.support.DefaultListableBeanFactory - Returning cached instance of singleton bean 'autoConfigurationReport'
11:14:43.542 [Test worker] DEBUG org.springframework.beans.factory.support.DefaultListableBeanFactory - Returning cached instance of singleton bean 'autoConfigurationReport'
11:14:43.544 [Test worker] DEBUG org.springframework.beans.factory.support.DefaultListableBeanFactory - Returning cached instance of singleton bean 'autoConfigurationReport'
11:14:43.545 [Test worker] DEBUG org.springframework.beans.factory.support.DefaultListableBeanFactory - Returning cached instance of singleton bean 'autoConfigurationReport'
11:14:43.549 [Test worker] DEBUG org.springframework.beans.factory.support.DefaultListableBeanFactory - Returning cached instance of singleton bean 'autoConfigurationReport'
11:14:43.550 [Test worker] DEBUG org.springframework.beans.factory.support.DefaultListableBeanFactory - Returning cached instance of singleton bean 'autoConfigurationReport'
11:14:43.558 [Test worker] DEBUG org.springframework.beans.factory.support.DefaultListableBeanFactory - Returning cached instance of singleton bean 'autoConfigurationReport'
11:14:43.611 [Test worker] DEBUG org.springframework.beans.factory.support.DefaultListableBeanFactory - Returning cached instance of singleton bean 'autoConfigurationReport'
11:14:43.622 [Test worker] DEBUG org.springframework.beans.factory.support.DefaultListableBeanFactory - Returning cached instance of singleton bean 'autoConfigurationReport'
11:14:43.628 [Test worker] DEBUG org.springframework.beans.factory.support.DefaultListableBeanFactory - Returning cached instance of singleton bean 'autoConfigurationReport'
11:14:43.632 [Test worker] DEBUG org.springframework.beans.factory.support.DefaultListableBeanFactory - Returning cached instance of singleton bean 'autoConfigurationReport'
11:14:43.634 [Test worker] DEBUG org.springframework.beans.factory.support.DefaultListableBeanFactory - Returning cached instance of singleton bean 'autoConfigurationReport'
11:14:43.635 [Test worker] DEBUG org.springframework.beans.factory.support.DefaultListableBeanFactory - Returning cached instance of singleton bean 'autoConfigurationReport'
11:14:43.642 [Test worker] DEBUG org.springframework.beans.factory.support.DefaultListableBeanFactory - Returning cached instance of singleton bean 'autoConfigurationReport'
11:14:43.643 [Test worker] DEBUG org.springframework.beans.factory.support.DefaultListableBeanFactory - Returning cached instance of singleton bean 'autoConfigurationReport'
11:14:43.648 [Test worker] DEBUG org.springframework.beans.factory.support.DefaultListableBeanFactory - Returning cached instance of singleton bean 'autoConfigurationReport'
11:14:43.664 [Test worker] DEBUG org.springframework.beans.factory.support.DefaultListableBeanFactory - Returning cached instance of singleton bean 'autoConfigurationReport'
11:14:43.667 [Test worker] DEBUG org.springframework.beans.factory.support.DefaultListableBeanFactory - Returning cached instance of singleton bean 'autoConfigurationReport'
11:14:43.668 [Test worker] DEBUG org.springframework.beans.factory.support.DefaultListableBeanFactory - Returning cached instance of singleton bean 'autoConfigurationReport'
11:14:43.676 [Test worker] DEBUG org.springframework.beans.factory.support.DefaultListableBeanFactory - Returning cached instance of singleton bean 'autoConfigurationReport'
11:14:43.679 [Test worker] DEBUG org.springframework.beans.factory.support.DefaultListableBeanFactory - Returning cached instance of singleton bean 'autoConfigurationReport'
11:14:43.682 [Test worker] DEBUG org.springframework.beans.factory.support.DefaultListableBeanFactory - Returning cached instance of singleton bean 'autoConfigurationReport'
11:14:43.687 [Test worker] DEBUG org.springframework.beans.factory.support.DefaultListableBeanFactory - Returning cached instance of singleton bean 'autoConfigurationReport'
11:14:43.691 [Test worker] DEBUG org.springframework.beans.factory.support.DefaultListableBeanFactory - Returning cached instance of singleton bean 'autoConfigurationReport'
11:14:43.693 [Test worker] DEBUG org.springframework.beans.factory.support.DefaultListableBeanFactory - Returning cached instance of singleton bean 'autoConfigurationReport'
11:14:43.695 [Test worker] DEBUG org.springframework.beans.factory.support.DefaultListableBeanFactory - Returning cached instance of singleton bean 'autoConfigurationReport'
11:14:43.698 [Test worker] DEBUG org.springframework.beans.factory.support.DefaultListableBeanFactory - Returning cached instance of singleton bean 'autoConfigurationReport'
11:14:43.700 [Test worker] DEBUG org.springframework.beans.factory.support.DefaultListableBeanFactory - Returning cached instance of singleton bean 'autoConfigurationReport'
11:14:43.705 [Test worker] DEBUG org.springframework.beans.factory.support.DefaultListableBeanFactory - Returning cached instance of singleton bean 'autoConfigurationReport'
11:14:43.710 [Test worker] DEBUG org.springframework.beans.factory.support.DefaultListableBeanFactory - Returning cached instance of singleton bean 'autoConfigurationReport'
11:14:43.714 [Test worker] DEBUG org.springframework.beans.factory.support.DefaultListableBeanFactory - Returning cached instance of singleton bean 'autoConfigurationReport'
11:14:43.726 [Test worker] DEBUG org.springframework.beans.factory.support.DefaultListableBeanFactory - Returning cached instance of singleton bean 'autoConfigurationReport'
11:14:43.735 [Test worker] DEBUG org.springframework.beans.factory.support.DefaultListableBeanFactory - Returning cached instance of singleton bean 'autoConfigurationReport'
11:14:43.745 [Test worker] DEBUG org.springframework.beans.factory.support.DefaultListableBeanFactory - Returning cached instance of singleton bean 'autoConfigurationReport'
11:14:43.759 [Test worker] DEBUG org.springframework.beans.factory.support.DefaultListableBeanFactory - Returning cached instance of singleton bean 'autoConfigurationReport'
11:14:43.760 [Test worker] DEBUG org.springframework.beans.factory.support.DefaultListableBeanFactory - Returning cached instance of singleton bean 'autoConfigurationReport'
11:14:43.765 [Test worker] DEBUG org.springframework.beans.factory.support.DefaultListableBeanFactory - Returning cached instance of singleton bean 'autoConfigurationReport'
11:14:43.769 [Test worker] DEBUG org.springframework.beans.factory.support.DefaultListableBeanFactory - Returning cached instance of singleton bean 'autoConfigurationReport'
11:14:43.791 [Test worker] DEBUG org.springframework.beans.factory.support.DefaultListableBeanFactory - Returning cached instance of singleton bean 'autoConfigurationReport'
11:14:43.792 [Test worker] DEBUG org.springframework.beans.factory.support.DefaultListableBeanFactory - Returning cached instance of singleton bean 'autoConfigurationReport'
11:14:43.794 [Test worker] DEBUG org.springframework.beans.factory.support.DefaultListableBeanFactory - Returning cached instance of singleton bean 'autoConfigurationReport'
11:14:43.800 [Test worker] DEBUG org.springframework.beans.factory.support.DefaultListableBeanFactory - Returning cached instance of singleton bean 'autoConfigurationReport'
11:14:43.813 [Test worker] DEBUG org.springframework.beans.factory.support.DefaultListableBeanFactory - Returning cached instance of singleton bean 'autoConfigurationReport'
11:14:43.816 [Test worker] DEBUG org.springframework.beans.factory.support.DefaultListableBeanFactory - Returning cached instance of singleton bean 'autoConfigurationReport'
11:14:43.819 [Test worker] DEBUG org.springframework.beans.factory.support.DefaultListableBeanFactory - Returning cached instance of singleton bean 'autoConfigurationReport'
11:14:43.821 [Test worker] DEBUG org.springframework.beans.factory.support.DefaultListableBeanFactory - Returning cached instance of singleton bean 'autoConfigurationReport'
11:14:43.825 [Test worker] DEBUG org.springframework.beans.factory.support.DefaultListableBeanFactory - Returning cached instance of singleton bean 'autoConfigurationReport'
11:14:43.828 [Test worker] DEBUG org.springframework.beans.factory.support.DefaultListableBeanFactory - Returning cached instance of singleton bean 'autoConfigurationReport'
11:14:43.831 [Test worker] DEBUG org.springframework.beans.factory.support.DefaultListableBeanFactory - Returning cached instance of singleton bean 'autoConfigurationReport'
11:14:43.834 [Test worker] DEBUG org.springframework.beans.factory.support.DefaultListableBeanFactory - Returning cached instance of singleton bean 'autoConfigurationReport'
11:14:43.837 [Test worker] DEBUG org.springframework.beans.factory.support.DefaultListableBeanFactory - Returning cached instance of singleton bean 'autoConfigurationReport'
11:14:43.842 [Test worker] DEBUG org.springframework.beans.factory.support.DefaultListableBeanFactory - Returning cached instance of singleton bean 'autoConfigurationReport'
11:14:43.845 [Test worker] DEBUG org.springframework.beans.factory.support.DefaultListableBeanFactory - Returning cached instance of singleton bean 'autoConfigurationReport'
11:14:43.847 [Test worker] DEBUG org.springframework.beans.factory.support.DefaultListableBeanFactory - Returning cached instance of singleton bean 'autoConfigurationReport'
11:14:43.850 [Test worker] DEBUG org.springframework.beans.factory.support.DefaultListableBeanFactory - Returning cached instance of singleton bean 'autoConfigurationReport'
11:14:43.853 [Test worker] DEBUG org.springframework.beans.factory.support.DefaultListableBeanFactory - Returning cached instance of singleton bean 'autoConfigurationReport'
11:14:43.855 [Test worker] DEBUG org.springframework.beans.factory.support.DefaultListableBeanFactory - Returning cached instance of singleton bean 'autoConfigurationReport'
11:14:43.858 [Test worker] DEBUG org.springframework.beans.factory.support.DefaultListableBeanFactory - Returning cached instance of singleton bean 'autoConfigurationReport'
11:14:43.859 [Test worker] DEBUG org.springframework.beans.factory.support.DefaultListableBeanFactory - Returning cached instance of singleton bean 'autoConfigurationReport'
11:14:43.861 [Test worker] DEBUG org.springframework.beans.factory.support.DefaultListableBeanFactory - Returning cached instance of singleton bean 'autoConfigurationReport'
11:14:43.863 [Test worker] DEBUG org.springframework.beans.factory.support.DefaultListableBeanFactory - Returning cached instance of singleton bean 'autoConfigurationReport'
11:14:43.866 [Test worker] DEBUG org.springframework.beans.factory.support.DefaultListableBeanFactory - Returning cached instance of singleton bean 'autoConfigurationReport'
11:14:43.868 [Test worker] DEBUG org.springframework.beans.factory.support.DefaultListableBeanFactory - Returning cached instance of singleton bean 'autoConfigurationReport'
11:14:43.871 [Test worker] DEBUG org.springframework.beans.factory.support.DefaultListableBeanFactory - Returning cached instance of singleton bean 'autoConfigurationReport'
11:14:43.875 [Test worker] DEBUG org.springframework.beans.factory.support.DefaultListableBeanFactory - Returning cached instance of singleton bean 'autoConfigurationReport'
11:14:43.878 [Test worker] DEBUG org.springframework.beans.factory.support.DefaultListableBeanFactory - Returning cached instance of singleton bean 'autoConfigurationReport'
11:14:43.880 [Test worker] DEBUG org.springframework.beans.factory.support.DefaultListableBeanFactory - Returning cached instance of singleton bean 'autoConfigurationReport'
11:14:43.881 [Test worker] DEBUG org.springframework.beans.factory.support.DefaultListableBeanFactory - Returning cached instance of singleton bean 'autoConfigurationReport'
11:14:43.883 [Test worker] DEBUG org.springframework.beans.factory.support.DefaultListableBeanFactory - Returning cached instance of singleton bean 'autoConfigurationReport'
11:14:43.886 [Test worker] DEBUG org.springframework.beans.factory.support.DefaultListableBeanFactory - Returning cached instance of singleton bean 'autoConfigurationReport'
11:14:43.890 [Test worker] DEBUG org.springframework.beans.factory.support.DefaultListableBeanFactory - Returning cached instance of singleton bean 'autoConfigurationReport'
11:14:43.891 [Test worker] DEBUG org.springframework.beans.factory.support.DefaultListableBeanFactory - Returning cached instance of singleton bean 'autoConfigurationReport'
11:14:43.894 [Test worker] DEBUG org.springframework.beans.factory.support.DefaultListableBeanFactory - Returning cached instance of singleton bean 'autoConfigurationReport'
11:14:43.897 [Test worker] DEBUG org.springframework.beans.factory.support.DefaultListableBeanFactory - Returning cached instance of singleton bean 'autoConfigurationReport'
11:14:43.901 [Test worker] DEBUG org.springframework.beans.factory.support.DefaultListableBeanFactory - Returning cached instance of singleton bean 'autoConfigurationReport'
11:14:43.903 [Test worker] DEBUG org.springframework.beans.factory.support.DefaultListableBeanFactory - Returning cached instance of singleton bean 'autoConfigurationReport'
11:14:43.905 [Test worker] DEBUG org.springframework.beans.factory.support.DefaultListableBeanFactory - Returning cached instance of singleton bean 'autoConfigurationReport'
11:14:43.910 [Test worker] DEBUG org.springframework.beans.factory.support.DefaultListableBeanFactory - Returning cached instance of singleton bean 'autoConfigurationReport'
11:14:43.913 [Test worker] DEBUG org.springframework.beans.factory.support.DefaultListableBeanFactory - Returning cached instance of singleton bean 'autoConfigurationReport'
11:14:43.916 [Test worker] DEBUG org.springframework.beans.factory.support.DefaultListableBeanFactory - Returning cached instance of singleton bean 'autoConfigurationReport'
11:14:43.921 [Test worker] DEBUG org.springframework.beans.factory.support.DefaultListableBeanFactory - Returning cached instance of singleton bean 'autoConfigurationReport'
11:14:43.922 [Test worker] DEBUG org.springframework.beans.factory.support.DefaultListableBeanFactory - Returning cached instance of singleton bean 'autoConfigurationReport'
11:14:43.935 [Test worker] DEBUG org.springframework.beans.factory.support.DefaultListableBeanFactory - Returning cached instance of singleton bean 'autoConfigurationReport'
11:14:43.936 [Test worker] DEBUG org.springframework.beans.factory.support.DefaultListableBeanFactory - Returning cached instance of singleton bean 'autoConfigurationReport'
11:14:43.945 [Test worker] DEBUG org.springframework.beans.factory.support.DefaultListableBeanFactory - Returning cached instance of singleton bean 'autoConfigurationReport'
11:14:43.953 [Test worker] DEBUG org.springframework.beans.factory.support.DefaultListableBeanFactory - Returning cached instance of singleton bean 'autoConfigurationReport'
11:14:43.965 [Test worker] DEBUG org.springframework.context.annotation.ConfigurationClassBeanDefinitionReader - Registered bean definition for imported class 'org.springframework.boot.autoconfigure.PropertyPlaceholderAutoConfiguration'
11:14:43.978 [Test worker] DEBUG org.springframework.beans.factory.support.DefaultListableBeanFactory - Creating shared instance of singleton bean 'org.springframework.boot.autoconfigure.condition.BeanTypeRegistry'
11:14:43.978 [Test worker] DEBUG org.springframework.beans.factory.support.DefaultListableBeanFactory - Creating instance of bean 'org.springframework.boot.autoconfigure.condition.BeanTypeRegistry'
11:14:44.019 [Test worker] DEBUG org.springframework.beans.factory.support.DefaultListableBeanFactory - Eagerly caching bean 'org.springframework.boot.autoconfigure.condition.BeanTypeRegistry' to allow for resolving potential circular references
11:14:44.019 [Test worker] DEBUG org.springframework.beans.factory.support.DefaultListableBeanFactory - Finished creating instance of bean 'org.springframework.boot.autoconfigure.condition.BeanTypeRegistry'
11:14:44.024 [Test worker] DEBUG org.springframework.beans.factory.support.DefaultListableBeanFactory - Returning cached instance of singleton bean 'autoConfigurationReport'
11:14:44.027 [Test worker] DEBUG org.springframework.context.annotation.ConfigurationClassBeanDefinitionReader - Registering bean definition for @Bean method org.springframework.boot.autoconfigure.PropertyPlaceholderAutoConfiguration.propertySourcesPlaceholderConfigurer()
11:14:44.028 [Test worker] DEBUG org.springframework.beans.factory.support.DefaultListableBeanFactory - Returning cached instance of singleton bean 'autoConfigurationReport'
11:14:44.028 [Test worker] DEBUG org.springframework.beans.factory.support.DefaultListableBeanFactory - Returning cached instance of singleton bean 'autoConfigurationReport'
11:14:44.029 [Test worker] DEBUG org.springframework.beans.factory.support.DefaultListableBeanFactory - Returning cached instance of singleton bean 'autoConfigurationReport'
11:14:44.029 [Test worker] DEBUG org.springframework.context.annotation.ConfigurationClassBeanDefinitionReader - Registered bean definition for imported class 'org.springframework.boot.autoconfigure.websocket.WebSocketAutoConfiguration$TomcatWebSocketConfiguration'
11:14:44.031 [Test worker] DEBUG org.springframework.beans.factory.support.DefaultListableBeanFactory - Returning cached instance of singleton bean 'autoConfigurationReport'
11:14:44.031 [Test worker] DEBUG org.springframework.beans.factory.support.DefaultListableBeanFactory - Returning cached instance of singleton bean 'autoConfigurationReport'
11:14:44.032 [Test worker] DEBUG org.springframework.context.annotation.ConfigurationClassBeanDefinitionReader - Registering bean definition for @Bean method org.springframework.boot.autoconfigure.websocket.WebSocketAutoConfiguration$TomcatWebSocketConfiguration.websocketContainerCustomizer()
11:14:44.033 [Test worker] DEBUG org.springframework.context.annotation.ConfigurationClassBeanDefinitionReader - Registered bean definition for imported class 'org.springframework.boot.autoconfigure.websocket.WebSocketAutoConfiguration'
11:14:44.034 [Test worker] DEBUG org.springframework.beans.factory.support.DefaultListableBeanFactory - Returning cached instance of singleton bean 'autoConfigurationReport'
11:14:44.034 [Test worker] DEBUG org.springframework.beans.factory.support.DefaultListableBeanFactory - Returning cached instance of singleton bean 'autoConfigurationReport'
11:14:44.035 [Test worker] DEBUG org.springframework.beans.factory.support.DefaultListableBeanFactory - Returning cached instance of singleton bean 'org.springframework.boot.autoconfigure.condition.BeanTypeRegistry'
11:14:44.044 [Test worker] DEBUG org.springframework.beans.factory.support.DefaultListableBeanFactory - Returning cached instance of singleton bean 'autoConfigurationReport'
11:14:44.045 [Test worker] DEBUG org.springframework.context.annotation.ConfigurationClassBeanDefinitionReader - Registered bean definition for imported class 'org.springframework.boot.autoconfigure.web.EmbeddedServletContainerAutoConfiguration$EmbeddedTomcat'
11:14:44.045 [Test worker] DEBUG org.springframework.context.annotation.ConfigurationClassBeanDefinitionReader - Registering bean definition for @Bean method org.springframework.boot.autoconfigure.web.EmbeddedServletContainerAutoConfiguration$EmbeddedTomcat.tomcatEmbeddedServletContainerFactory()
11:14:44.046 [Test worker] DEBUG org.springframework.context.annotation.ConfigurationClassBeanDefinitionReader - Registered bean definition for imported class 'org.springframework.boot.autoconfigure.web.EmbeddedServletContainerAutoConfiguration'
11:14:44.059 [Test worker] DEBUG org.springframework.beans.factory.support.DefaultListableBeanFactory - Returning cached instance of singleton bean 'autoConfigurationReport'
11:14:44.060 [Test worker] DEBUG org.springframework.beans.factory.support.DefaultListableBeanFactory - Returning cached instance of singleton bean 'autoConfigurationReport'
11:14:44.061 [Test worker] DEBUG org.springframework.beans.factory.support.DefaultListableBeanFactory - Returning cached instance of singleton bean 'autoConfigurationReport'
11:14:44.063 [Test worker] DEBUG org.springframework.beans.factory.support.DefaultListableBeanFactory - Returning cached instance of singleton bean 'autoConfigurationReport'
11:14:44.064 [Test worker] DEBUG org.springframework.context.annotation.ConfigurationClassBeanDefinitionReader - Registered bean definition for imported class 'org.springframework.boot.autoconfigure.web.DispatcherServletAutoConfiguration$DispatcherServletConfiguration'
11:14:44.064 [Test worker] DEBUG org.springframework.context.annotation.ConfigurationClassBeanDefinitionReader - Registering bean definition for @Bean method org.springframework.boot.autoconfigure.web.DispatcherServletAutoConfiguration$DispatcherServletConfiguration.dispatcherServlet()
11:14:44.065 [Test worker] DEBUG org.springframework.context.annotation.ConfigurationClassBeanDefinitionReader - Registering bean definition for @Bean method org.springframework.boot.autoconfigure.web.DispatcherServletAutoConfiguration$DispatcherServletConfiguration.dispatcherServletRegistration()
11:14:44.066 [Test worker] DEBUG org.springframework.beans.factory.support.DefaultListableBeanFactory - Returning cached instance of singleton bean 'org.springframework.boot.autoconfigure.condition.BeanTypeRegistry'
11:14:44.069 [Test worker] DEBUG org.springframework.beans.factory.support.DefaultListableBeanFactory - Returning cached instance of singleton bean 'autoConfigurationReport'
11:14:44.079 [Test worker] DEBUG org.springframework.context.annotation.ConfigurationClassBeanDefinitionReader - Registered bean definition for imported class 'org.springframework.boot.autoconfigure.web.DispatcherServletAutoConfiguration'
11:14:44.080 [Test worker] DEBUG org.springframework.beans.factory.support.DefaultListableBeanFactory - Returning cached instance of singleton bean 'autoConfigurationReport'
11:14:44.080 [Test worker] DEBUG org.springframework.beans.factory.support.DefaultListableBeanFactory - Returning cached instance of singleton bean 'autoConfigurationReport'
11:14:44.094 [Test worker] DEBUG org.springframework.beans.factory.support.DefaultListableBeanFactory - Returning cached instance of singleton bean 'autoConfigurationReport'
11:14:44.095 [Test worker] DEBUG org.springframework.beans.factory.support.DefaultListableBeanFactory - Returning cached instance of singleton bean 'autoConfigurationReport'
11:14:44.096 [Test worker] DEBUG org.springframework.context.annotation.ConfigurationClassBeanDefinitionReader - Registered bean definition for imported class 'org.springframework.boot.autoconfigure.web.ErrorMvcAutoConfiguration$WhitelabelErrorViewConfiguration'
11:14:44.097 [Test worker] DEBUG org.springframework.beans.factory.support.DefaultListableBeanFactory - Returning cached instance of singleton bean 'autoConfigurationReport'
11:14:44.098 [Test worker] DEBUG org.springframework.context.annotation.ConfigurationClassBeanDefinitionReader - Registering bean definition for @Bean method org.springframework.boot.autoconfigure.web.ErrorMvcAutoConfiguration$WhitelabelErrorViewConfiguration.error()
11:14:44.102 [Test worker] DEBUG org.springframework.beans.factory.support.DefaultListableBeanFactory - Returning cached instance of singleton bean 'org.springframework.boot.autoconfigure.condition.BeanTypeRegistry'
11:14:44.107 [Test worker] DEBUG org.springframework.beans.factory.support.DefaultListableBeanFactory - Returning cached instance of singleton bean 'autoConfigurationReport'
11:14:44.107 [Test worker] DEBUG org.springframework.context.annotation.ConfigurationClassBeanDefinitionReader - Registering bean definition for @Bean method org.springframework.boot.autoconfigure.web.ErrorMvcAutoConfiguration$WhitelabelErrorViewConfiguration.beanNameViewResolver()
11:14:44.109 [Test worker] DEBUG org.springframework.context.annotation.ConfigurationClassBeanDefinitionReader - Registered bean definition for imported class 'org.springframework.boot.autoconfigure.web.ErrorMvcAutoConfiguration'
11:14:44.110 [Test worker] DEBUG org.springframework.beans.factory.support.DefaultListableBeanFactory - Returning cached instance of singleton bean 'org.springframework.boot.autoconfigure.condition.BeanTypeRegistry'
11:14:44.112 [Test worker] DEBUG org.springframework.beans.factory.support.DefaultListableBeanFactory - Returning cached instance of singleton bean 'autoConfigurationReport'
11:14:44.112 [Test worker] DEBUG org.springframework.context.annotation.ConfigurationClassBeanDefinitionReader - Registering bean definition for @Bean method org.springframework.boot.autoconfigure.web.ErrorMvcAutoConfiguration.errorAttributes()
11:14:44.114 [Test worker] DEBUG org.springframework.beans.factory.support.DefaultListableBeanFactory - Returning cached instance of singleton bean 'org.springframework.boot.autoconfigure.condition.BeanTypeRegistry'
11:14:44.120 [Test worker] DEBUG org.springframework.beans.factory.support.DefaultListableBeanFactory - Returning cached instance of singleton bean 'autoConfigurationReport'
11:14:44.120 [Test worker] DEBUG org.springframework.context.annotation.ConfigurationClassBeanDefinitionReader - Registering bean definition for @Bean method org.springframework.boot.autoconfigure.web.ErrorMvcAutoConfiguration.basicErrorController()
11:14:44.121 [Test worker] DEBUG org.springframework.context.annotation.ConfigurationClassBeanDefinitionReader - Registering bean definition for @Bean method org.springframework.boot.autoconfigure.web.ErrorMvcAutoConfiguration.errorPageCustomizer()
11:14:44.121 [Test worker] DEBUG org.springframework.context.annotation.ConfigurationClassBeanDefinitionReader - Registering bean definition for @Bean method org.springframework.boot.autoconfigure.web.ErrorMvcAutoConfiguration.preserveErrorControllerTargetClassPostProcessor()
11:14:44.122 [Test worker] DEBUG org.springframework.beans.factory.support.DefaultListableBeanFactory - Returning cached instance of singleton bean 'autoConfigurationReport'
11:14:44.123 [Test worker] DEBUG org.springframework.beans.factory.support.DefaultListableBeanFactory - Returning cached instance of singleton bean 'autoConfigurationReport'
11:14:44.126 [Test worker] DEBUG org.springframework.beans.factory.support.DefaultListableBeanFactory - Returning cached instance of singleton bean 'org.springframework.boot.autoconfigure.condition.BeanTypeRegistry'
11:14:44.128 [Test worker] DEBUG org.springframework.beans.factory.support.DefaultListableBeanFactory - Returning cached instance of singleton bean 'autoConfigurationReport'
11:14:44.128 [Test worker] DEBUG org.springframework.context.annotation.ConfigurationClassBeanDefinitionReader - Registered bean definition for imported class 'org.springframework.boot.autoconfigure.web.WebMvcAutoConfiguration$EnableWebMvcConfiguration'
11:14:44.129 [Test worker] DEBUG org.springframework.context.annotation.ConfigurationClassBeanDefinitionReader - Registering bean definition for @Bean method org.springframework.boot.autoconfigure.web.WebMvcAutoConfiguration$EnableWebMvcConfiguration.requestMappingHandlerAdapter()
11:14:44.129 [Test worker] DEBUG org.springframework.context.annotation.ConfigurationClassBeanDefinitionReader - Registering bean definition for @Bean method org.springframework.boot.autoconfigure.web.WebMvcAutoConfiguration$EnableWebMvcConfiguration.requestMappingHandlerMapping()
11:14:44.130 [Test worker] DEBUG org.springframework.context.annotation.ConfigurationClassBeanDefinitionReader - Registering bean definition for @Bean method org.springframework.boot.autoconfigure.web.WebMvcAutoConfiguration$EnableWebMvcConfiguration.mvcContentNegotiationManager()
11:14:44.130 [Test worker] DEBUG org.springframework.context.annotation.ConfigurationClassBeanDefinitionReader - Registering bean definition for @Bean method org.springframework.boot.autoconfigure.web.WebMvcAutoConfiguration$EnableWebMvcConfiguration.viewControllerHandlerMapping()
11:14:44.131 [Test worker] DEBUG org.springframework.context.annotation.ConfigurationClassBeanDefinitionReader - Registering bean definition for @Bean method org.springframework.boot.autoconfigure.web.WebMvcAutoConfiguration$EnableWebMvcConfiguration.beanNameHandlerMapping()
11:14:44.131 [Test worker] DEBUG org.springframework.context.annotation.ConfigurationClassBeanDefinitionReader - Registering bean definition for @Bean method org.springframework.boot.autoconfigure.web.WebMvcAutoConfiguration$EnableWebMvcConfiguration.resourceHandlerMapping()
11:14:44.132 [Test worker] DEBUG org.springframework.context.annotation.ConfigurationClassBeanDefinitionReader - Registering bean definition for @Bean method org.springframework.boot.autoconfigure.web.WebMvcAutoConfiguration$EnableWebMvcConfiguration.mvcResourceUrlProvider()
11:14:44.132 [Test worker] DEBUG org.springframework.context.annotation.ConfigurationClassBeanDefinitionReader - Registering bean definition for @Bean method org.springframework.boot.autoconfigure.web.WebMvcAutoConfiguration$EnableWebMvcConfiguration.defaultServletHandlerMapping()
11:14:44.133 [Test worker] DEBUG org.springframework.context.annotation.ConfigurationClassBeanDefinitionReader - Registering bean definition for @Bean method org.springframework.boot.autoconfigure.web.WebMvcAutoConfiguration$EnableWebMvcConfiguration.mvcConversionService()
11:14:44.133 [Test worker] DEBUG org.springframework.context.annotation.ConfigurationClassBeanDefinitionReader - Registering bean definition for @Bean method org.springframework.boot.autoconfigure.web.WebMvcAutoConfiguration$EnableWebMvcConfiguration.mvcValidator()
11:14:44.133 [Test worker] DEBUG org.springframework.context.annotation.ConfigurationClassBeanDefinitionReader - Registering bean definition for @Bean method org.springframework.boot.autoconfigure.web.WebMvcAutoConfiguration$EnableWebMvcConfiguration.mvcPathMatcher()
11:14:44.134 [Test worker] DEBUG org.springframework.context.annotation.ConfigurationClassBeanDefinitionReader - Registering bean definition for @Bean method org.springframework.boot.autoconfigure.web.WebMvcAutoConfiguration$EnableWebMvcConfiguration.mvcUrlPathHelper()
11:14:44.135 [Test worker] DEBUG org.springframework.context.annotation.ConfigurationClassBeanDefinitionReader - Registering bean definition for @Bean method org.springframework.boot.autoconfigure.web.WebMvcAutoConfiguration$EnableWebMvcConfiguration.mvcUriComponentsContributor()
11:14:44.136 [Test worker] DEBUG org.springframework.context.annotation.ConfigurationClassBeanDefinitionReader - Registering bean definition for @Bean method org.springframework.boot.autoconfigure.web.WebMvcAutoConfiguration$EnableWebMvcConfiguration.httpRequestHandlerAdapter()
11:14:44.137 [Test worker] DEBUG org.springframework.context.annotation.ConfigurationClassBeanDefinitionReader - Registering bean definition for @Bean method org.springframework.boot.autoconfigure.web.WebMvcAutoConfiguration$EnableWebMvcConfiguration.simpleControllerHandlerAdapter()
11:14:44.137 [Test worker] DEBUG org.springframework.context.annotation.ConfigurationClassBeanDefinitionReader - Registering bean definition for @Bean method org.springframework.boot.autoconfigure.web.WebMvcAutoConfiguration$EnableWebMvcConfiguration.handlerExceptionResolver()
11:14:44.138 [Test worker] DEBUG org.springframework.context.annotation.ConfigurationClassBeanDefinitionReader - Registering bean definition for @Bean method org.springframework.boot.autoconfigure.web.WebMvcAutoConfiguration$EnableWebMvcConfiguration.mvcViewResolver()
11:14:44.139 [Test worker] DEBUG org.springframework.beans.factory.support.DefaultListableBeanFactory - Returning cached instance of singleton bean 'autoConfigurationReport'
11:14:44.140 [Test worker] DEBUG org.springframework.context.annotation.ConfigurationClassBeanDefinitionReader - Registered bean definition for imported class 'org.springframework.boot.autoconfigure.web.WebMvcAutoConfiguration$WebMvcAutoConfigurationAdapter$FaviconConfiguration'
11:14:44.140 [Test worker] DEBUG org.springframework.context.annotation.ConfigurationClassBeanDefinitionReader - Registering bean definition for @Bean method org.springframework.boot.autoconfigure.web.WebMvcAutoConfiguration$WebMvcAutoConfigurationAdapter$FaviconConfiguration.faviconHandlerMapping()
11:14:44.140 [Test worker] DEBUG org.springframework.context.annotation.ConfigurationClassBeanDefinitionReader - Registering bean definition for @Bean method org.springframework.boot.autoconfigure.web.WebMvcAutoConfiguration$WebMvcAutoConfigurationAdapter$FaviconConfiguration.faviconRequestHandler()
11:14:44.143 [Test worker] DEBUG org.springframework.context.annotation.ConfigurationClassBeanDefinitionReader - Registered bean definition for imported class 'org.springframework.boot.autoconfigure.web.WebMvcAutoConfiguration$WebMvcAutoConfigurationAdapter'
11:14:44.174 [Test worker] DEBUG org.springframework.beans.factory.support.DefaultListableBeanFactory - Returning cached instance of singleton bean 'org.springframework.boot.autoconfigure.condition.BeanTypeRegistry'
11:14:44.228 [Test worker] DEBUG org.springframework.beans.factory.support.DefaultListableBeanFactory - Returning cached instance of singleton bean 'autoConfigurationReport'
11:14:44.228 [Test worker] DEBUG org.springframework.context.annotation.ConfigurationClassBeanDefinitionReader - Registering bean definition for @Bean method org.springframework.boot.autoconfigure.web.WebMvcAutoConfiguration$WebMvcAutoConfigurationAdapter.defaultViewResolver()
11:14:44.230 [Test worker] DEBUG org.springframework.beans.factory.support.DefaultListableBeanFactory - Returning cached instance of singleton bean 'org.springframework.boot.autoconfigure.condition.BeanTypeRegistry'
11:14:44.231 [Test worker] DEBUG org.springframework.beans.factory.support.DefaultListableBeanFactory - Returning cached instance of singleton bean 'org.springframework.boot.autoconfigure.condition.BeanTypeRegistry'
11:14:44.231 [Test worker] DEBUG org.springframework.beans.factory.support.DefaultListableBeanFactory - Returning cached instance of singleton bean 'autoConfigurationReport'
11:14:44.232 [Test worker] DEBUG org.springframework.context.annotation.ConfigurationClassBeanDefinitionReader - Registering bean definition for @Bean method org.springframework.boot.autoconfigure.web.WebMvcAutoConfiguration$WebMvcAutoConfigurationAdapter.requestContextFilter()
11:14:44.232 [Test worker] DEBUG org.springframework.beans.factory.support.DefaultListableBeanFactory - Returning cached instance of singleton bean 'org.springframework.boot.autoconfigure.condition.BeanTypeRegistry'
11:14:44.233 [Test worker] DEBUG org.springframework.beans.factory.support.DefaultListableBeanFactory - Returning cached instance of singleton bean 'org.springframework.boot.autoconfigure.condition.BeanTypeRegistry'
11:14:44.233 [Test worker] DEBUG org.springframework.beans.factory.support.DefaultListableBeanFactory - Returning cached instance of singleton bean 'autoConfigurationReport'
11:14:44.234 [Test worker] DEBUG org.springframework.beans.factory.support.DefaultListableBeanFactory - Returning cached instance of singleton bean 'org.springframework.boot.autoconfigure.condition.BeanTypeRegistry'
11:14:44.234 [Test worker] DEBUG org.springframework.beans.factory.support.DefaultListableBeanFactory - Returning cached instance of singleton bean 'org.springframework.boot.autoconfigure.condition.BeanTypeRegistry'
11:14:44.234 [Test worker] DEBUG org.springframework.beans.factory.support.DefaultListableBeanFactory - Returning cached instance of singleton bean 'autoConfigurationReport'
11:14:44.234 [Test worker] DEBUG org.springframework.beans.factory.support.DefaultListableBeanFactory - Returning cached instance of singleton bean 'org.springframework.boot.autoconfigure.condition.BeanTypeRegistry'
11:14:44.235 [Test worker] DEBUG org.springframework.beans.factory.support.DefaultListableBeanFactory - Returning cached instance of singleton bean 'org.springframework.boot.autoconfigure.condition.BeanTypeRegistry'
11:14:44.235 [Test worker] DEBUG org.springframework.beans.factory.support.DefaultListableBeanFactory - Returning cached instance of singleton bean 'autoConfigurationReport'
11:14:44.235 [Test worker] DEBUG org.springframework.context.annotation.ConfigurationClassBeanDefinitionReader - Registering bean definition for @Bean method org.springframework.boot.autoconfigure.web.WebMvcAutoConfiguration$WebMvcAutoConfigurationAdapter.viewResolver()
11:14:44.236 [Test worker] DEBUG org.springframework.beans.factory.support.DefaultListableBeanFactory - Returning cached instance of singleton bean 'org.springframework.boot.autoconfigure.condition.BeanTypeRegistry'
11:14:44.236 [Test worker] DEBUG org.springframework.beans.factory.support.DefaultListableBeanFactory - Returning cached instance of singleton bean 'autoConfigurationReport'
11:14:44.237 [Test worker] DEBUG org.springframework.beans.factory.support.DefaultListableBeanFactory - Returning cached instance of singleton bean 'autoConfigurationReport'
11:14:44.238 [Test worker] DEBUG org.springframework.beans.factory.support.DefaultListableBeanFactory - Returning cached instance of singleton bean 'autoConfigurationReport'
11:14:44.241 [Test worker] DEBUG org.springframework.context.annotation.ConfigurationClassBeanDefinitionReader - Registered bean definition for imported class 'org.springframework.boot.autoconfigure.web.WebMvcAutoConfiguration'
11:14:44.242 [Test worker] DEBUG org.springframework.beans.factory.support.DefaultListableBeanFactory - Returning cached instance of singleton bean 'org.springframework.boot.autoconfigure.condition.BeanTypeRegistry'
11:14:44.243 [Test worker] DEBUG org.springframework.beans.factory.support.DefaultListableBeanFactory - Returning cached instance of singleton bean 'autoConfigurationReport'
11:14:44.243 [Test worker] DEBUG org.springframework.context.annotation.ConfigurationClassBeanDefinitionReader - Registering bean definition for @Bean method org.springframework.boot.autoconfigure.web.WebMvcAutoConfiguration.hiddenHttpMethodFilter()
11:14:44.245 [Test worker] DEBUG org.springframework.beans.factory.support.DefaultListableBeanFactory - Returning cached instance of singleton bean 'org.springframework.boot.autoconfigure.condition.BeanTypeRegistry'
11:14:44.247 [Test worker] DEBUG org.springframework.beans.factory.support.DefaultListableBeanFactory - Returning cached instance of singleton bean 'autoConfigurationReport'
11:14:44.248 [Test worker] DEBUG org.springframework.context.annotation.ConfigurationClassBeanDefinitionReader - Registering bean definition for @Bean method org.springframework.boot.autoconfigure.web.WebMvcAutoConfiguration.httpPutFormContentFilter()
11:14:44.249 [Test worker] DEBUG org.springframework.beans.factory.support.DefaultListableBeanFactory - Returning cached instance of singleton bean 'autoConfigurationReport'
11:14:44.250 [Test worker] DEBUG org.springframework.beans.factory.support.DefaultListableBeanFactory - Returning cached instance of singleton bean 'autoConfigurationReport'
11:14:44.251 [Test worker] DEBUG org.springframework.context.annotation.ConfigurationClassBeanDefinitionReader - Registered bean definition for imported class 'org.springframework.boot.autoconfigure.jmx.JmxAutoConfiguration'
11:14:44.251 [Test worker] DEBUG org.springframework.beans.factory.support.DefaultListableBeanFactory - Returning cached instance of singleton bean 'org.springframework.boot.autoconfigure.condition.BeanTypeRegistry'
11:14:44.253 [Test worker] DEBUG org.springframework.beans.factory.support.DefaultListableBeanFactory - Returning cached instance of singleton bean 'autoConfigurationReport'
11:14:44.254 [Test worker] DEBUG org.springframework.context.annotation.ConfigurationClassBeanDefinitionReader - Registering bean definition for @Bean method org.springframework.boot.autoconfigure.jmx.JmxAutoConfiguration.mbeanExporter()
11:14:44.255 [Test worker] DEBUG org.springframework.beans.factory.support.DefaultListableBeanFactory - Returning cached instance of singleton bean 'org.springframework.boot.autoconfigure.condition.BeanTypeRegistry'
11:14:44.261 [Test worker] DEBUG org.springframework.beans.factory.support.DefaultListableBeanFactory - Returning cached instance of singleton bean 'autoConfigurationReport'
11:14:44.262 [Test worker] DEBUG org.springframework.context.annotation.ConfigurationClassBeanDefinitionReader - Registering bean definition for @Bean method org.springframework.boot.autoconfigure.jmx.JmxAutoConfiguration.objectNamingStrategy()
11:14:44.262 [Test worker] DEBUG org.springframework.beans.factory.support.DefaultListableBeanFactory - Returning cached instance of singleton bean 'org.springframework.boot.autoconfigure.condition.BeanTypeRegistry'
11:14:44.263 [Test worker] DEBUG org.springframework.beans.factory.support.DefaultListableBeanFactory - Returning cached instance of singleton bean 'autoConfigurationReport'
11:14:44.263 [Test worker] DEBUG org.springframework.context.annotation.ConfigurationClassBeanDefinitionReader - Registering bean definition for @Bean method org.springframework.boot.autoconfigure.jmx.JmxAutoConfiguration.mbeanServer()
11:14:44.264 [Test worker] DEBUG org.springframework.beans.factory.support.DefaultListableBeanFactory - Returning cached instance of singleton bean 'autoConfigurationReport'
11:14:44.267 [Test worker] DEBUG org.springframework.beans.factory.support.DefaultListableBeanFactory - Returning cached instance of singleton bean 'org.springframework.boot.autoconfigure.condition.BeanTypeRegistry'
11:14:44.268 [Test worker] DEBUG org.springframework.beans.factory.support.DefaultListableBeanFactory - Returning cached instance of singleton bean 'autoConfigurationReport'
11:14:44.269 [Test worker] DEBUG org.springframework.context.annotation.ConfigurationClassBeanDefinitionReader - Registered bean definition for imported class 'org.springframework.boot.autoconfigure.context.ConfigurationPropertiesAutoConfiguration'
11:14:44.269 [Test worker] DEBUG org.springframework.beans.factory.support.DefaultListableBeanFactory - Returning cached instance of singleton bean 'autoConfigurationReport'
11:14:44.269 [Test worker] DEBUG org.springframework.context.annotation.ConfigurationClassBeanDefinitionReader - Registered bean definition for imported class 'org.springframework.boot.autoconfigure.gson.GsonAutoConfiguration'
11:14:44.271 [Test worker] DEBUG org.springframework.beans.factory.support.DefaultListableBeanFactory - Returning cached instance of singleton bean 'org.springframework.boot.autoconfigure.condition.BeanTypeRegistry'
11:14:44.272 [Test worker] DEBUG org.springframework.beans.factory.support.DefaultListableBeanFactory - Returning cached instance of singleton bean 'autoConfigurationReport'
11:14:44.273 [Test worker] DEBUG org.springframework.context.annotation.ConfigurationClassBeanDefinitionReader - Registering bean definition for @Bean method org.springframework.boot.autoconfigure.gson.GsonAutoConfiguration.gson()
11:14:44.273 [Test worker] DEBUG org.springframework.beans.factory.support.DefaultListableBeanFactory - Returning cached instance of singleton bean 'autoConfigurationReport'
11:14:44.273 [Test worker] DEBUG org.springframework.beans.factory.support.DefaultListableBeanFactory - Returning cached instance of singleton bean 'autoConfigurationReport'
11:14:44.274 [Test worker] DEBUG org.springframework.context.annotation.ConfigurationClassBeanDefinitionReader - Registered bean definition for imported class 'org.springframework.boot.autoconfigure.jackson.JacksonAutoConfiguration$JacksonObjectMapperBuilderConfiguration'
11:14:44.274 [Test worker] DEBUG org.springframework.beans.factory.support.DefaultListableBeanFactory - Returning cached instance of singleton bean 'org.springframework.boot.autoconfigure.condition.BeanTypeRegistry'
11:14:44.276 [Test worker] DEBUG org.springframework.beans.factory.support.DefaultListableBeanFactory - Returning cached instance of singleton bean 'autoConfigurationReport'
11:14:44.277 [Test worker] DEBUG org.springframework.context.annotation.ConfigurationClassBeanDefinitionReader - Registering bean definition for @Bean method org.springframework.boot.autoconfigure.jackson.JacksonAutoConfiguration$JacksonObjectMapperBuilderConfiguration.jacksonObjectMapperBuilder()
11:14:44.278 [Test worker] DEBUG org.springframework.beans.factory.support.DefaultListableBeanFactory - Returning cached instance of singleton bean 'autoConfigurationReport'
11:14:44.279 [Test worker] DEBUG org.springframework.context.annotation.ConfigurationClassBeanDefinitionReader - Registered bean definition for imported class 'org.springframework.boot.autoconfigure.jackson.JacksonAutoConfiguration$JacksonObjectMapperConfiguration'
11:14:44.279 [Test worker] DEBUG org.springframework.beans.factory.support.DefaultListableBeanFactory - Returning cached instance of singleton bean 'org.springframework.boot.autoconfigure.condition.BeanTypeRegistry'
11:14:44.281 [Test worker] DEBUG org.springframework.beans.factory.support.DefaultListableBeanFactory - Returning cached instance of singleton bean 'autoConfigurationReport'
11:14:44.282 [Test worker] DEBUG org.springframework.context.annotation.ConfigurationClassBeanDefinitionReader - Registering bean definition for @Bean method org.springframework.boot.autoconfigure.jackson.JacksonAutoConfiguration$JacksonObjectMapperConfiguration.jacksonObjectMapper()
11:14:44.282 [Test worker] DEBUG org.springframework.context.annotation.ConfigurationClassBeanDefinitionReader - Registered bean definition for imported class 'org.springframework.boot.autoconfigure.jackson.JacksonAutoConfiguration'
11:14:44.282 [Test worker] DEBUG org.springframework.beans.factory.support.DefaultListableBeanFactory - Returning cached instance of singleton bean 'autoConfigurationReport'
11:14:44.283 [Test worker] DEBUG org.springframework.beans.factory.support.DefaultListableBeanFactory - Returning cached instance of singleton bean 'autoConfigurationReport'
11:14:44.283 [Test worker] DEBUG org.springframework.context.annotation.ConfigurationClassBeanDefinitionReader - Registered bean definition for imported class 'org.springframework.boot.autoconfigure.web.HttpMessageConvertersAutoConfiguration$StringHttpMessageConverterConfiguration'
11:14:44.285 [Test worker] DEBUG org.springframework.beans.factory.support.DefaultListableBeanFactory - Returning cached instance of singleton bean 'org.springframework.boot.autoconfigure.condition.BeanTypeRegistry'
11:14:44.287 [Test worker] DEBUG org.springframework.beans.factory.support.DefaultListableBeanFactory - Returning cached instance of singleton bean 'autoConfigurationReport'
11:14:44.287 [Test worker] DEBUG org.springframework.context.annotation.ConfigurationClassBeanDefinitionReader - Registering bean definition for @Bean method org.springframework.boot.autoconfigure.web.HttpMessageConvertersAutoConfiguration$StringHttpMessageConverterConfiguration.stringHttpMessageConverter()
11:14:44.288 [Test worker] DEBUG org.springframework.beans.factory.support.DefaultListableBeanFactory - Returning cached instance of singleton bean 'autoConfigurationReport'
11:14:44.289 [Test worker] DEBUG org.springframework.beans.factory.support.DefaultListableBeanFactory - Returning cached instance of singleton bean 'org.springframework.boot.autoconfigure.condition.BeanTypeRegistry'
11:14:44.289 [Test worker] DEBUG org.springframework.beans.factory.support.DefaultListableBeanFactory - Returning cached instance of singleton bean 'autoConfigurationReport'
11:14:44.291 [Test worker] DEBUG org.springframework.beans.factory.support.DefaultListableBeanFactory - Returning cached instance of singleton bean 'autoConfigurationReport'
11:14:44.291 [Test worker] DEBUG org.springframework.context.annotation.ConfigurationClassBeanDefinitionReader - Registered bean definition for imported class 'org.springframework.boot.autoconfigure.web.JacksonHttpMessageConvertersConfiguration$MappingJackson2HttpMessageConverterConfiguration'
11:14:44.296 [Test worker] DEBUG org.springframework.beans.factory.support.DefaultListableBeanFactory - Returning cached instance of singleton bean 'org.springframework.boot.autoconfigure.condition.BeanTypeRegistry'
11:14:44.300 [Test worker] DEBUG org.springframework.beans.factory.support.DefaultListableBeanFactory - Returning cached instance of singleton bean 'autoConfigurationReport'
11:14:44.300 [Test worker] DEBUG org.springframework.context.annotation.ConfigurationClassBeanDefinitionReader - Registering bean definition for @Bean method org.springframework.boot.autoconfigure.web.JacksonHttpMessageConvertersConfiguration$MappingJackson2HttpMessageConverterConfiguration.mappingJackson2HttpMessageConverter()
11:14:44.301 [Test worker] DEBUG org.springframework.context.annotation.ConfigurationClassBeanDefinitionReader - Registered bean definition for imported class 'org.springframework.boot.autoconfigure.web.JacksonHttpMessageConvertersConfiguration'
11:14:44.301 [Test worker] DEBUG org.springframework.beans.factory.support.DefaultListableBeanFactory - Returning cached instance of singleton bean 'autoConfigurationReport'
11:14:44.310 [Test worker] DEBUG org.springframework.beans.factory.support.DefaultListableBeanFactory - Returning cached instance of singleton bean 'org.springframework.boot.autoconfigure.condition.BeanTypeRegistry'
11:14:44.312 [Test worker] DEBUG org.springframework.beans.factory.support.DefaultListableBeanFactory - Returning cached instance of singleton bean 'autoConfigurationReport'
11:14:44.313 [Test worker] DEBUG org.springframework.context.annotation.ConfigurationClassBeanDefinitionReader - Registered bean definition for imported class 'org.springframework.boot.autoconfigure.web.GsonHttpMessageConvertersConfiguration'
11:14:44.314 [Test worker] DEBUG org.springframework.context.annotation.ConfigurationClassBeanDefinitionReader - Registered bean definition for imported class 'org.springframework.boot.autoconfigure.web.HttpMessageConvertersAutoConfiguration'
11:14:44.341 [Test worker] DEBUG org.springframework.beans.factory.support.DefaultListableBeanFactory - Returning cached instance of singleton bean 'org.springframework.boot.autoconfigure.condition.BeanTypeRegistry'
11:14:44.342 [Test worker] DEBUG org.springframework.beans.factory.support.DefaultListableBeanFactory - Returning cached instance of singleton bean 'autoConfigurationReport'
11:14:44.342 [Test worker] DEBUG org.springframework.context.annotation.ConfigurationClassBeanDefinitionReader - Registering bean definition for @Bean method org.springframework.boot.autoconfigure.web.HttpMessageConvertersAutoConfiguration.messageConverters()
11:14:44.342 [Test worker] DEBUG org.springframework.beans.factory.support.DefaultListableBeanFactory - Returning cached instance of singleton bean 'autoConfigurationReport'
11:14:44.343 [Test worker] DEBUG org.springframework.beans.factory.support.DefaultListableBeanFactory - Returning cached instance of singleton bean 'autoConfigurationReport'
11:14:44.343 [Test worker] DEBUG org.springframework.context.annotation.ConfigurationClassBeanDefinitionReader - Registered bean definition for imported class 'org.springframework.boot.autoconfigure.web.HttpEncodingAutoConfiguration'
11:14:44.343 [Test worker] DEBUG org.springframework.beans.factory.support.DefaultListableBeanFactory - Returning cached instance of singleton bean 'org.springframework.boot.autoconfigure.condition.BeanTypeRegistry'
11:14:44.345 [Test worker] DEBUG org.springframework.beans.factory.support.DefaultListableBeanFactory - Returning cached instance of singleton bean 'autoConfigurationReport'
11:14:44.345 [Test worker] DEBUG org.springframework.context.annotation.ConfigurationClassBeanDefinitionReader - Registering bean definition for @Bean method org.springframework.boot.autoconfigure.web.HttpEncodingAutoConfiguration.characterEncodingFilter()
11:14:44.346 [Test worker] DEBUG org.springframework.beans.factory.support.DefaultListableBeanFactory - Returning cached instance of singleton bean 'autoConfigurationReport'
11:14:44.346 [Test worker] DEBUG org.springframework.beans.factory.support.DefaultListableBeanFactory - Returning cached instance of singleton bean 'autoConfigurationReport'
11:14:44.347 [Test worker] DEBUG org.springframework.context.annotation.ConfigurationClassBeanDefinitionReader - Registered bean definition for imported class 'org.springframework.boot.autoconfigure.web.MultipartAutoConfiguration'
11:14:44.348 [Test worker] DEBUG org.springframework.beans.factory.support.DefaultListableBeanFactory - Returning cached instance of singleton bean 'org.springframework.boot.autoconfigure.condition.BeanTypeRegistry'
11:14:44.350 [Test worker] DEBUG org.springframework.beans.factory.support.DefaultListableBeanFactory - Returning cached instance of singleton bean 'autoConfigurationReport'
11:14:44.351 [Test worker] DEBUG org.springframework.context.annotation.ConfigurationClassBeanDefinitionReader - Registering bean definition for @Bean method org.springframework.boot.autoconfigure.web.MultipartAutoConfiguration.multipartConfigElement()
11:14:44.351 [Test worker] DEBUG org.springframework.beans.factory.support.DefaultListableBeanFactory - Returning cached instance of singleton bean 'org.springframework.boot.autoconfigure.condition.BeanTypeRegistry'
11:14:44.352 [Test worker] DEBUG org.springframework.beans.factory.support.DefaultListableBeanFactory - Returning cached instance of singleton bean 'autoConfigurationReport'
11:14:44.353 [Test worker] DEBUG org.springframework.context.annotation.ConfigurationClassBeanDefinitionReader - Registering bean definition for @Bean method org.springframework.boot.autoconfigure.web.MultipartAutoConfiguration.multipartResolver()
11:14:44.353 [Test worker] DEBUG org.springframework.beans.factory.support.DefaultListableBeanFactory - Returning cached instance of singleton bean 'autoConfigurationReport'
11:14:44.354 [Test worker] DEBUG org.springframework.context.annotation.ConfigurationClassBeanDefinitionReader - Registered bean definition for imported class 'org.springframework.boot.autoconfigure.web.ServerPropertiesAutoConfiguration'
11:14:44.359 [Test worker] DEBUG org.springframework.beans.factory.support.DefaultListableBeanFactory - Returning cached instance of singleton bean 'org.springframework.boot.autoconfigure.condition.BeanTypeRegistry'
11:14:44.360 [Test worker] DEBUG org.springframework.beans.factory.support.DefaultListableBeanFactory - Returning cached instance of singleton bean 'autoConfigurationReport'
11:14:44.360 [Test worker] DEBUG org.springframework.context.annotation.ConfigurationClassBeanDefinitionReader - Registering bean definition for @Bean method org.springframework.boot.autoconfigure.web.ServerPropertiesAutoConfiguration.serverProperties()
11:14:44.360 [Test worker] DEBUG org.springframework.context.annotation.ConfigurationClassBeanDefinitionReader - Registering bean definition for @Bean method org.springframework.boot.autoconfigure.web.ServerPropertiesAutoConfiguration.duplicateServerPropertiesDetector()
11:14:44.589 [Test worker] DEBUG org.springframework.context.annotation.ConfigurationClassEnhancer - Successfully enhanced org.retailmanager.init.Application; enhanced class name is: org.retailmanager.init.Application$$EnhancerBySpringCGLIB$$6e7bb779
11:14:44.589 [Test worker] DEBUG org.springframework.context.annotation.ConfigurationClassPostProcessor - Replacing bean definition 'application' existing class 'org.retailmanager.init.Application' with enhanced class 'org.retailmanager.init.Application$$EnhancerBySpringCGLIB$$6e7bb779'
11:14:44.596 [Test worker] DEBUG org.springframework.context.annotation.ConfigurationClassEnhancer - Successfully enhanced org.springframework.boot.autoconfigure.PropertyPlaceholderAutoConfiguration; enhanced class name is: org.springframework.boot.autoconfigure.PropertyPlaceholderAutoConfiguration$$EnhancerBySpringCGLIB$$5fc1dace
11:14:44.597 [Test worker] DEBUG org.springframework.context.annotation.ConfigurationClassPostProcessor - Replacing bean definition 'org.springframework.boot.autoconfigure.PropertyPlaceholderAutoConfiguration' existing class 'org.springframework.boot.autoconfigure.PropertyPlaceholderAutoConfiguration' with enhanced class 'org.springframework.boot.autoconfigure.PropertyPlaceholderAutoConfiguration$$EnhancerBySpringCGLIB$$5fc1dace'
11:14:44.597 [Test worker] DEBUG org.springframework.context.annotation.ConfigurationClassEnhancer - Successfully enhanced org.springframework.boot.autoconfigure.PropertyPlaceholderAutoConfiguration; enhanced class name is: org.springframework.boot.autoconfigure.PropertyPlaceholderAutoConfiguration$$EnhancerBySpringCGLIB$$5fc1dace
11:14:44.597 [Test worker] DEBUG org.springframework.context.annotation.ConfigurationClassPostProcessor - Replacing bean definition 'propertySourcesPlaceholderConfigurer' existing class 'org.springframework.boot.autoconfigure.PropertyPlaceholderAutoConfiguration' with enhanced class 'org.springframework.boot.autoconfigure.PropertyPlaceholderAutoConfiguration$$EnhancerBySpringCGLIB$$5fc1dace'
11:14:44.614 [Test worker] DEBUG org.springframework.context.annotation.ConfigurationClassEnhancer - Successfully enhanced org.springframework.boot.autoconfigure.websocket.WebSocketAutoConfiguration$TomcatWebSocketConfiguration; enhanced class name is: org.springframework.boot.autoconfigure.websocket.WebSocketAutoConfiguration$TomcatWebSocketConfiguration$$EnhancerBySpringCGLIB$$d6b7b27d
11:14:44.614 [Test worker] DEBUG org.springframework.context.annotation.ConfigurationClassPostProcessor - Replacing bean definition 'org.springframework.boot.autoconfigure.websocket.WebSocketAutoConfiguration$TomcatWebSocketConfiguration' existing class 'org.springframework.boot.autoconfigure.websocket.WebSocketAutoConfiguration$TomcatWebSocketConfiguration' with enhanced class 'org.springframework.boot.autoconfigure.websocket.WebSocketAutoConfiguration$TomcatWebSocketConfiguration$$EnhancerBySpringCGLIB$$d6b7b27d'
11:14:44.619 [Test worker] DEBUG org.springframework.context.annotation.ConfigurationClassEnhancer - Successfully enhanced org.springframework.boot.autoconfigure.websocket.WebSocketAutoConfiguration; enhanced class name is: org.springframework.boot.autoconfigure.websocket.WebSocketAutoConfiguration$$EnhancerBySpringCGLIB$$ba95c6ac
11:14:44.619 [Test worker] DEBUG org.springframework.context.annotation.ConfigurationClassPostProcessor - Replacing bean definition 'org.springframework.boot.autoconfigure.websocket.WebSocketAutoConfiguration' existing class 'org.springframework.boot.autoconfigure.websocket.WebSocketAutoConfiguration' with enhanced class 'org.springframework.boot.autoconfigure.websocket.WebSocketAutoConfiguration$$EnhancerBySpringCGLIB$$ba95c6ac'
11:14:44.627 [Test worker] DEBUG org.springframework.context.annotation.ConfigurationClassEnhancer - Successfully enhanced org.springframework.boot.autoconfigure.web.EmbeddedServletContainerAutoConfiguration$EmbeddedTomcat; enhanced class name is: org.springframework.boot.autoconfigure.web.EmbeddedServletContainerAutoConfiguration$EmbeddedTomcat$$EnhancerBySpringCGLIB$$5b687570
11:14:44.627 [Test worker] DEBUG org.springframework.context.annotation.ConfigurationClassPostProcessor - Replacing bean definition 'org.springframework.boot.autoconfigure.web.EmbeddedServletContainerAutoConfiguration$EmbeddedTomcat' existing class 'org.springframework.boot.autoconfigure.web.EmbeddedServletContainerAutoConfiguration$EmbeddedTomcat' with enhanced class 'org.springframework.boot.autoconfigure.web.EmbeddedServletContainerAutoConfiguration$EmbeddedTomcat$$EnhancerBySpringCGLIB$$5b687570'
11:14:44.632 [Test worker] DEBUG org.springframework.context.annotation.ConfigurationClassEnhancer - Successfully enhanced org.springframework.boot.autoconfigure.web.EmbeddedServletContainerAutoConfiguration; enhanced class name is: org.springframework.boot.autoconfigure.web.EmbeddedServletContainerAutoConfiguration$$EnhancerBySpringCGLIB$$14520294
11:14:44.632 [Test worker] DEBUG org.springframework.context.annotation.ConfigurationClassPostProcessor - Replacing bean definition 'org.springframework.boot.autoconfigure.web.EmbeddedServletContainerAutoConfiguration' existing class 'org.springframework.boot.autoconfigure.web.EmbeddedServletContainerAutoConfiguration' with enhanced class 'org.springframework.boot.autoconfigure.web.EmbeddedServletContainerAutoConfiguration$$EnhancerBySpringCGLIB$$14520294'
11:14:44.644 [Test worker] DEBUG org.springframework.context.annotation.ConfigurationClassEnhancer - Successfully enhanced org.springframework.boot.autoconfigure.web.DispatcherServletAutoConfiguration$DispatcherServletConfiguration; enhanced class name is: org.springframework.boot.autoconfigure.web.DispatcherServletAutoConfiguration$DispatcherServletConfiguration$$EnhancerBySpringCGLIB$$4e4ae1a6
11:14:44.644 [Test worker] DEBUG org.springframework.context.annotation.ConfigurationClassPostProcessor - Replacing bean definition 'org.springframework.boot.autoconfigure.web.DispatcherServletAutoConfiguration$DispatcherServletConfiguration' existing class 'org.springframework.boot.autoconfigure.web.DispatcherServletAutoConfiguration$DispatcherServletConfiguration' with enhanced class 'org.springframework.boot.autoconfigure.web.DispatcherServletAutoConfiguration$DispatcherServletConfiguration$$EnhancerBySpringCGLIB$$4e4ae1a6'
11:14:44.649 [Test worker] DEBUG org.springframework.context.annotation.ConfigurationClassEnhancer - Successfully enhanced org.springframework.boot.autoconfigure.web.DispatcherServletAutoConfiguration; enhanced class name is: org.springframework.boot.autoconfigure.web.DispatcherServletAutoConfiguration$$EnhancerBySpringCGLIB$$9d5974a8
11:14:44.649 [Test worker] DEBUG org.springframework.context.annotation.ConfigurationClassPostProcessor - Replacing bean definition 'org.springframework.boot.autoconfigure.web.DispatcherServletAutoConfiguration' existing class 'org.springframework.boot.autoconfigure.web.DispatcherServletAutoConfiguration' with enhanced class 'org.springframework.boot.autoconfigure.web.DispatcherServletAutoConfiguration$$EnhancerBySpringCGLIB$$9d5974a8'
11:14:44.656 [Test worker] DEBUG org.springframework.context.annotation.ConfigurationClassEnhancer - Successfully enhanced org.springframework.boot.autoconfigure.web.ErrorMvcAutoConfiguration$WhitelabelErrorViewConfiguration; enhanced class name is: org.springframework.boot.autoconfigure.web.ErrorMvcAutoConfiguration$WhitelabelErrorViewConfiguration$$EnhancerBySpringCGLIB$$ee2ca3c2
11:14:44.656 [Test worker] DEBUG org.springframework.context.annotation.ConfigurationClassPostProcessor - Replacing bean definition 'org.springframework.boot.autoconfigure.web.ErrorMvcAutoConfiguration$WhitelabelErrorViewConfiguration' existing class 'org.springframework.boot.autoconfigure.web.ErrorMvcAutoConfiguration$WhitelabelErrorViewConfiguration' with enhanced class 'org.springframework.boot.autoconfigure.web.ErrorMvcAutoConfiguration$WhitelabelErrorViewConfiguration$$EnhancerBySpringCGLIB$$ee2ca3c2'
11:14:44.664 [Test worker] DEBUG org.springframework.context.annotation.ConfigurationClassEnhancer - Successfully enhanced org.springframework.boot.autoconfigure.web.ErrorMvcAutoConfiguration; enhanced class name is: org.springframework.boot.autoconfigure.web.ErrorMvcAutoConfiguration$$EnhancerBySpringCGLIB$$5de03c48
11:14:44.664 [Test worker] DEBUG org.springframework.context.annotation.ConfigurationClassPostProcessor - Replacing bean definition 'org.springframework.boot.autoconfigure.web.ErrorMvcAutoConfiguration' existing class 'org.springframework.boot.autoconfigure.web.ErrorMvcAutoConfiguration' with enhanced class 'org.springframework.boot.autoconfigure.web.ErrorMvcAutoConfiguration$$EnhancerBySpringCGLIB$$5de03c48'
11:14:44.664 [Test worker] DEBUG org.springframework.context.annotation.ConfigurationClassEnhancer - Successfully enhanced org.springframework.boot.autoconfigure.web.ErrorMvcAutoConfiguration; enhanced class name is: org.springframework.boot.autoconfigure.web.ErrorMvcAutoConfiguration$$EnhancerBySpringCGLIB$$5de03c48
11:14:44.664 [Test worker] DEBUG org.springframework.context.annotation.ConfigurationClassPostProcessor - Replacing bean definition 'preserveErrorControllerTargetClassPostProcessor' existing class 'org.springframework.boot.autoconfigure.web.ErrorMvcAutoConfiguration' with enhanced class 'org.springframework.boot.autoconfigure.web.ErrorMvcAutoConfiguration$$EnhancerBySpringCGLIB$$5de03c48'
11:14:44.697 [Test worker] DEBUG org.springframework.context.annotation.ConfigurationClassEnhancer - Successfully enhanced org.springframework.boot.autoconfigure.web.WebMvcAutoConfiguration$EnableWebMvcConfiguration; enhanced class name is: org.springframework.boot.autoconfigure.web.WebMvcAutoConfiguration$EnableWebMvcConfiguration$$EnhancerBySpringCGLIB$$ff12d45d
11:14:44.697 [Test worker] DEBUG org.springframework.context.annotation.ConfigurationClassPostProcessor - Replacing bean definition 'org.springframework.boot.autoconfigure.web.WebMvcAutoConfiguration$EnableWebMvcConfiguration' existing class 'org.springframework.boot.autoconfigure.web.WebMvcAutoConfiguration$EnableWebMvcConfiguration' with enhanced class 'org.springframework.boot.autoconfigure.web.WebMvcAutoConfiguration$EnableWebMvcConfiguration$$EnhancerBySpringCGLIB$$ff12d45d'
11:14:44.704 [Test worker] DEBUG org.springframework.context.annotation.ConfigurationClassEnhancer - Successfully enhanced org.springframework.boot.autoconfigure.web.WebMvcAutoConfiguration$WebMvcAutoConfigurationAdapter$FaviconConfiguration; enhanced class name is: org.springframework.boot.autoconfigure.web.WebMvcAutoConfiguration$WebMvcAutoConfigurationAdapter$FaviconConfiguration$$EnhancerBySpringCGLIB$$e0025e48
11:14:44.705 [Test worker] DEBUG org.springframework.context.annotation.ConfigurationClassPostProcessor - Replacing bean definition 'org.springframework.boot.autoconfigure.web.WebMvcAutoConfiguration$WebMvcAutoConfigurationAdapter$FaviconConfiguration' existing class 'org.springframework.boot.autoconfigure.web.WebMvcAutoConfiguration$WebMvcAutoConfigurationAdapter$FaviconConfiguration' with enhanced class 'org.springframework.boot.autoconfigure.web.WebMvcAutoConfiguration$WebMvcAutoConfigurationAdapter$FaviconConfiguration$$EnhancerBySpringCGLIB$$e0025e48'
11:14:44.725 [Test worker] DEBUG org.springframework.context.annotation.ConfigurationClassEnhancer - Successfully enhanced org.springframework.boot.autoconfigure.web.WebMvcAutoConfiguration$WebMvcAutoConfigurationAdapter; enhanced class name is: org.springframework.boot.autoconfigure.web.WebMvcAutoConfiguration$WebMvcAutoConfigurationAdapter$$EnhancerBySpringCGLIB$$92e889d0
11:14:44.726 [Test worker] DEBUG org.springframework.context.annotation.ConfigurationClassPostProcessor - Replacing bean definition 'org.springframework.boot.autoconfigure.web.WebMvcAutoConfiguration$WebMvcAutoConfigurationAdapter' existing class 'org.springframework.boot.autoconfigure.web.WebMvcAutoConfiguration$WebMvcAutoConfigurationAdapter' with enhanced class 'org.springframework.boot.autoconfigure.web.WebMvcAutoConfiguration$WebMvcAutoConfigurationAdapter$$EnhancerBySpringCGLIB$$92e889d0'
11:14:44.732 [Test worker] DEBUG org.springframework.context.annotation.ConfigurationClassEnhancer - Successfully enhanced org.springframework.boot.autoconfigure.web.WebMvcAutoConfiguration; enhanced class name is: org.springframework.boot.autoconfigure.web.WebMvcAutoConfiguration$$EnhancerBySpringCGLIB$$17221b94
11:14:44.733 [Test worker] DEBUG org.springframework.context.annotation.ConfigurationClassPostProcessor - Replacing bean definition 'org.springframework.boot.autoconfigure.web.WebMvcAutoConfiguration' existing class 'org.springframework.boot.autoconfigure.web.WebMvcAutoConfiguration' with enhanced class 'org.springframework.boot.autoconfigure.web.WebMvcAutoConfiguration$$EnhancerBySpringCGLIB$$17221b94'
11:14:44.746 [Test worker] DEBUG org.springframework.context.annotation.ConfigurationClassEnhancer - Successfully enhanced org.springframework.boot.autoconfigure.jmx.JmxAutoConfiguration; enhanced class name is: org.springframework.boot.autoconfigure.jmx.JmxAutoConfiguration$$EnhancerBySpringCGLIB$$2750a170
11:14:44.747 [Test worker] DEBUG org.springframework.context.annotation.ConfigurationClassPostProcessor - Replacing bean definition 'org.springframework.boot.autoconfigure.jmx.JmxAutoConfiguration' existing class 'org.springframework.boot.autoconfigure.jmx.JmxAutoConfiguration' with enhanced class 'org.springframework.boot.autoconfigure.jmx.JmxAutoConfiguration$$EnhancerBySpringCGLIB$$2750a170'
11:14:44.753 [Test worker] DEBUG org.springframework.context.annotation.ConfigurationClassEnhancer - Successfully enhanced org.springframework.boot.autoconfigure.context.ConfigurationPropertiesAutoConfiguration; enhanced class name is: org.springframework.boot.autoconfigure.context.ConfigurationPropertiesAutoConfiguration$$EnhancerBySpringCGLIB$$976ebda2
11:14:44.754 [Test worker] DEBUG org.springframework.context.annotation.ConfigurationClassPostProcessor - Replacing bean definition 'org.springframework.boot.autoconfigure.context.ConfigurationPropertiesAutoConfiguration' existing class 'org.springframework.boot.autoconfigure.context.ConfigurationPropertiesAutoConfiguration' with enhanced class 'org.springframework.boot.autoconfigure.context.ConfigurationPropertiesAutoConfiguration$$EnhancerBySpringCGLIB$$976ebda2'
11:14:44.760 [Test worker] DEBUG org.springframework.context.annotation.ConfigurationClassEnhancer - Successfully enhanced org.springframework.boot.autoconfigure.gson.GsonAutoConfiguration; enhanced class name is: org.springframework.boot.autoconfigure.gson.GsonAutoConfiguration$$EnhancerBySpringCGLIB$$e6a045de
11:14:44.761 [Test worker] DEBUG org.springframework.context.annotation.ConfigurationClassPostProcessor - Replacing bean definition 'org.springframework.boot.autoconfigure.gson.GsonAutoConfiguration' existing class 'org.springframework.boot.autoconfigure.gson.GsonAutoConfiguration' with enhanced class 'org.springframework.boot.autoconfigure.gson.GsonAutoConfiguration$$EnhancerBySpringCGLIB$$e6a045de'
11:14:44.767 [Test worker] DEBUG org.springframework.context.annotation.ConfigurationClassEnhancer - Successfully enhanced org.springframework.boot.autoconfigure.jackson.JacksonAutoConfiguration$JacksonObjectMapperBuilderConfiguration; enhanced class name is: org.springframework.boot.autoconfigure.jackson.JacksonAutoConfiguration$JacksonObjectMapperBuilderConfiguration$$EnhancerBySpringCGLIB$$b5c573fe
11:14:44.767 [Test worker] DEBUG org.springframework.context.annotation.ConfigurationClassPostProcessor - Replacing bean definition 'org.springframework.boot.autoconfigure.jackson.JacksonAutoConfiguration$JacksonObjectMapperBuilderConfiguration' existing class 'org.springframework.boot.autoconfigure.jackson.JacksonAutoConfiguration$JacksonObjectMapperBuilderConfiguration' with enhanced class 'org.springframework.boot.autoconfigure.jackson.JacksonAutoConfiguration$JacksonObjectMapperBuilderConfiguration$$EnhancerBySpringCGLIB$$b5c573fe'
11:14:44.772 [Test worker] DEBUG org.springframework.context.annotation.ConfigurationClassEnhancer - Successfully enhanced org.springframework.boot.autoconfigure.jackson.JacksonAutoConfiguration$JacksonObjectMapperConfiguration; enhanced class name is: org.springframework.boot.autoconfigure.jackson.JacksonAutoConfiguration$JacksonObjectMapperConfiguration$$EnhancerBySpringCGLIB$$378b1e5
11:14:44.772 [Test worker] DEBUG org.springframework.context.annotation.ConfigurationClassPostProcessor - Replacing bean definition 'org.springframework.boot.autoconfigure.jackson.JacksonAutoConfiguration$JacksonObjectMapperConfiguration' existing class 'org.springframework.boot.autoconfigure.jackson.JacksonAutoConfiguration$JacksonObjectMapperConfiguration' with enhanced class 'org.springframework.boot.autoconfigure.jackson.JacksonAutoConfiguration$JacksonObjectMapperConfiguration$$EnhancerBySpringCGLIB$$378b1e5'
11:14:44.779 [Test worker] DEBUG org.springframework.context.annotation.ConfigurationClassEnhancer - Successfully enhanced org.springframework.boot.autoconfigure.jackson.JacksonAutoConfiguration; enhanced class name is: org.springframework.boot.autoconfigure.jackson.JacksonAutoConfiguration$$EnhancerBySpringCGLIB$$e5844f74
11:14:44.779 [Test worker] DEBUG org.springframework.context.annotation.ConfigurationClassPostProcessor - Replacing bean definition 'org.springframework.boot.autoconfigure.jackson.JacksonAutoConfiguration' existing class 'org.springframework.boot.autoconfigure.jackson.JacksonAutoConfiguration' with enhanced class 'org.springframework.boot.autoconfigure.jackson.JacksonAutoConfiguration$$EnhancerBySpringCGLIB$$e5844f74'
11:14:44.783 [Test worker] DEBUG org.springframework.context.annotation.ConfigurationClassEnhancer - Successfully enhanced org.springframework.boot.autoconfigure.web.HttpMessageConvertersAutoConfiguration$StringHttpMessageConverterConfiguration; enhanced class name is: org.springframework.boot.autoconfigure.web.HttpMessageConvertersAutoConfiguration$StringHttpMessageConverterConfiguration$$EnhancerBySpringCGLIB$$f5135b54
11:14:44.784 [Test worker] DEBUG org.springframework.context.annotation.ConfigurationClassPostProcessor - Replacing bean definition 'org.springframework.boot.autoconfigure.web.HttpMessageConvertersAutoConfiguration$StringHttpMessageConverterConfiguration' existing class 'org.springframework.boot.autoconfigure.web.HttpMessageConvertersAutoConfiguration$StringHttpMessageConverterConfiguration' with enhanced class 'org.springframework.boot.autoconfigure.web.HttpMessageConvertersAutoConfiguration$StringHttpMessageConverterConfiguration$$EnhancerBySpringCGLIB$$f5135b54'
11:14:44.789 [Test worker] DEBUG org.springframework.context.annotation.ConfigurationClassEnhancer - Successfully enhanced org.springframework.boot.autoconfigure.web.JacksonHttpMessageConvertersConfiguration$MappingJackson2HttpMessageConverterConfiguration; enhanced class name is: org.springframework.boot.autoconfigure.web.JacksonHttpMessageConvertersConfiguration$MappingJackson2HttpMessageConverterConfiguration$$EnhancerBySpringCGLIB$$83218554
11:14:44.790 [Test worker] DEBUG org.springframework.context.annotation.ConfigurationClassPostProcessor - Replacing bean definition 'org.springframework.boot.autoconfigure.web.JacksonHttpMessageConvertersConfiguration$MappingJackson2HttpMessageConverterConfiguration' existing class 'org.springframework.boot.autoconfigure.web.JacksonHttpMessageConvertersConfiguration$MappingJackson2HttpMessageConverterConfiguration' with enhanced class 'org.springframework.boot.autoconfigure.web.JacksonHttpMessageConvertersConfiguration$MappingJackson2HttpMessageConverterConfiguration$$EnhancerBySpringCGLIB$$83218554'
11:14:44.794 [Test worker] DEBUG org.springframework.context.annotation.ConfigurationClassEnhancer - Successfully enhanced org.springframework.boot.autoconfigure.web.JacksonHttpMessageConvertersConfiguration; enhanced class name is: org.springframework.boot.autoconfigure.web.JacksonHttpMessageConvertersConfiguration$$EnhancerBySpringCGLIB$$160f1dca
11:14:44.794 [Test worker] DEBUG org.springframework.context.annotation.ConfigurationClassPostProcessor - Replacing bean definition 'org.springframework.boot.autoconfigure.web.JacksonHttpMessageConvertersConfiguration' existing class 'org.springframework.boot.autoconfigure.web.JacksonHttpMessageConvertersConfiguration' with enhanced class 'org.springframework.boot.autoconfigure.web.JacksonHttpMessageConvertersConfiguration$$EnhancerBySpringCGLIB$$160f1dca'
11:14:44.798 [Test worker] DEBUG org.springframework.context.annotation.ConfigurationClassEnhancer - Successfully enhanced org.springframework.boot.autoconfigure.web.GsonHttpMessageConvertersConfiguration; enhanced class name is: org.springframework.boot.autoconfigure.web.GsonHttpMessageConvertersConfiguration$$EnhancerBySpringCGLIB$$831a9b8e
11:14:44.798 [Test worker] DEBUG org.springframework.context.annotation.ConfigurationClassPostProcessor - Replacing bean definition 'org.springframework.boot.autoconfigure.web.GsonHttpMessageConvertersConfiguration' existing class 'org.springframework.boot.autoconfigure.web.GsonHttpMessageConvertersConfiguration' with enhanced class 'org.springframework.boot.autoconfigure.web.GsonHttpMessageConvertersConfiguration$$EnhancerBySpringCGLIB$$831a9b8e'
11:14:44.802 [Test worker] DEBUG org.springframework.context.annotation.ConfigurationClassEnhancer - Successfully enhanced org.springframework.boot.autoconfigure.web.HttpMessageConvertersAutoConfiguration; enhanced class name is: org.springframework.boot.autoconfigure.web.HttpMessageConvertersAutoConfiguration$$EnhancerBySpringCGLIB$$389d50b4
11:14:44.803 [Test worker] DEBUG org.springframework.context.annotation.ConfigurationClassPostProcessor - Replacing bean definition 'org.springframework.boot.autoconfigure.web.HttpMessageConvertersAutoConfiguration' existing class 'org.springframework.boot.autoconfigure.web.HttpMessageConvertersAutoConfiguration' with enhanced class 'org.springframework.boot.autoconfigure.web.HttpMessageConvertersAutoConfiguration$$EnhancerBySpringCGLIB$$389d50b4'
11:14:44.808 [Test worker] DEBUG org.springframework.context.annotation.ConfigurationClassEnhancer - Successfully enhanced org.springframework.boot.autoconfigure.web.HttpEncodingAutoConfiguration; enhanced class name is: org.springframework.boot.autoconfigure.web.HttpEncodingAutoConfiguration$$EnhancerBySpringCGLIB$$7ed198ff
11:14:44.808 [Test worker] DEBUG org.springframework.context.annotation.ConfigurationClassPostProcessor - Replacing bean definition 'org.springframework.boot.autoconfigure.web.HttpEncodingAutoConfiguration' existing class 'org.springframework.boot.autoconfigure.web.HttpEncodingAutoConfiguration' with enhanced class 'org.springframework.boot.autoconfigure.web.HttpEncodingAutoConfiguration$$EnhancerBySpringCGLIB$$7ed198ff'
11:14:44.814 [Test worker] DEBUG org.springframework.context.annotation.ConfigurationClassEnhancer - Successfully enhanced org.springframework.boot.autoconfigure.web.MultipartAutoConfiguration; enhanced class name is: org.springframework.boot.autoconfigure.web.MultipartAutoConfiguration$$EnhancerBySpringCGLIB$$6292e59a
11:14:44.814 [Test worker] DEBUG org.springframework.context.annotation.ConfigurationClassPostProcessor - Replacing bean definition 'org.springframework.boot.autoconfigure.web.MultipartAutoConfiguration' existing class 'org.springframework.boot.autoconfigure.web.MultipartAutoConfiguration' with enhanced class 'org.springframework.boot.autoconfigure.web.MultipartAutoConfiguration$$EnhancerBySpringCGLIB$$6292e59a'
11:14:44.820 [Test worker] DEBUG org.springframework.context.annotation.ConfigurationClassEnhancer - Successfully enhanced org.springframework.boot.autoconfigure.web.ServerPropertiesAutoConfiguration; enhanced class name is: org.springframework.boot.autoconfigure.web.ServerPropertiesAutoConfiguration$$EnhancerBySpringCGLIB$$5e3aae24
11:14:44.820 [Test worker] DEBUG org.springframework.context.annotation.ConfigurationClassPostProcessor - Replacing bean definition 'org.springframework.boot.autoconfigure.web.ServerPropertiesAutoConfiguration' existing class 'org.springframework.boot.autoconfigure.web.ServerPropertiesAutoConfiguration' with enhanced class 'org.springframework.boot.autoconfigure.web.ServerPropertiesAutoConfiguration$$EnhancerBySpringCGLIB$$5e3aae24'
11:14:44.822 [Test worker] DEBUG org.springframework.beans.factory.support.DefaultListableBeanFactory - Creating shared instance of singleton bean 'propertySourcesPlaceholderConfigurer'
11:14:44.822 [Test worker] DEBUG org.springframework.beans.factory.support.DefaultListableBeanFactory - Creating instance of bean 'propertySourcesPlaceholderConfigurer'
11:14:44.831 [Test worker] DEBUG org.springframework.beans.factory.support.DefaultListableBeanFactory - Eagerly caching bean 'propertySourcesPlaceholderConfigurer' to allow for resolving potential circular references
11:14:44.831 [Test worker] DEBUG org.springframework.beans.factory.support.DefaultListableBeanFactory - Finished creating instance of bean 'propertySourcesPlaceholderConfigurer'
11:14:44.832 [Test worker] DEBUG org.springframework.core.env.MutablePropertySources - Adding [environmentProperties] PropertySource with lowest search precedence
11:14:44.832 [Test worker] DEBUG org.springframework.core.env.MutablePropertySources - Adding [localProperties] PropertySource with lowest search precedence
11:14:44.840 [Test worker] DEBUG org.springframework.beans.factory.support.DefaultListableBeanFactory - Creating shared instance of singleton bean 'org.springframework.boot.context.properties.ConfigurationPropertiesBindingPostProcessor.store'
11:14:44.840 [Test worker] DEBUG org.springframework.beans.factory.support.DefaultListableBeanFactory - Creating instance of bean 'org.springframework.boot.context.properties.ConfigurationPropertiesBindingPostProcessor.store'
11:14:44.840 [Test worker] DEBUG org.springframework.beans.factory.support.DefaultListableBeanFactory - Eagerly caching bean 'org.springframework.boot.context.properties.ConfigurationPropertiesBindingPostProcessor.store' to allow for resolving potential circular references
11:14:44.840 [Test worker] DEBUG org.springframework.beans.factory.support.DefaultListableBeanFactory - Finished creating instance of bean 'org.springframework.boot.context.properties.ConfigurationPropertiesBindingPostProcessor.store'
11:14:44.840 [Test worker] DEBUG org.springframework.beans.factory.support.DefaultListableBeanFactory - Creating shared instance of singleton bean 'preserveErrorControllerTargetClassPostProcessor'
11:14:44.840 [Test worker] DEBUG org.springframework.beans.factory.support.DefaultListableBeanFactory - Creating instance of bean 'preserveErrorControllerTargetClassPostProcessor'
11:14:44.841 [Test worker] DEBUG org.springframework.beans.factory.support.DefaultListableBeanFactory - Eagerly caching bean 'preserveErrorControllerTargetClassPostProcessor' to allow for resolving potential circular references
11:14:44.841 [Test worker] DEBUG org.springframework.beans.factory.support.DefaultListableBeanFactory - Finished creating instance of bean 'preserveErrorControllerTargetClassPostProcessor'
11:14:44.864 [Test worker] DEBUG org.springframework.beans.factory.support.DefaultListableBeanFactory - Creating shared instance of singleton bean 'org.springframework.context.annotation.internalAutowiredAnnotationProcessor'
11:14:44.865 [Test worker] DEBUG org.springframework.beans.factory.support.DefaultListableBeanFactory - Creating instance of bean 'org.springframework.context.annotation.internalAutowiredAnnotationProcessor'
11:14:44.866 [Test worker] DEBUG org.springframework.beans.factory.support.DefaultListableBeanFactory - Eagerly caching bean 'org.springframework.context.annotation.internalAutowiredAnnotationProcessor' to allow for resolving potential circular references
11:14:44.867 [Test worker] DEBUG org.springframework.beans.factory.support.DefaultListableBeanFactory - Finished creating instance of bean 'org.springframework.context.annotation.internalAutowiredAnnotationProcessor'
11:14:44.867 [Test worker] DEBUG org.springframework.beans.factory.support.DefaultListableBeanFactory - Creating shared instance of singleton bean 'org.springframework.context.annotation.internalRequiredAnnotationProcessor'
11:14:44.867 [Test worker] DEBUG org.springframework.beans.factory.support.DefaultListableBeanFactory - Creating instance of bean 'org.springframework.context.annotation.internalRequiredAnnotationProcessor'
11:14:44.868 [Test worker] DEBUG org.springframework.beans.factory.support.DefaultListableBeanFactory - Eagerly caching bean 'org.springframework.context.annotation.internalRequiredAnnotationProcessor' to allow for resolving potential circular references
11:14:44.868 [Test worker] DEBUG org.springframework.beans.factory.support.DefaultListableBeanFactory - Finished creating instance of bean 'org.springframework.context.annotation.internalRequiredAnnotationProcessor'
11:14:44.868 [Test worker] DEBUG org.springframework.beans.factory.support.DefaultListableBeanFactory - Creating shared instance of singleton bean 'org.springframework.context.annotation.internalCommonAnnotationProcessor'
11:14:44.869 [Test worker] DEBUG org.springframework.beans.factory.support.DefaultListableBeanFactory - Creating instance of bean 'org.springframework.context.annotation.internalCommonAnnotationProcessor'
11:14:44.875 [Test worker] DEBUG org.springframework.beans.factory.support.DefaultListableBeanFactory - Eagerly caching bean 'org.springframework.context.annotation.internalCommonAnnotationProcessor' to allow for resolving potential circular references
11:14:44.876 [Test worker] DEBUG org.springframework.beans.factory.support.DefaultListableBeanFactory - Finished creating instance of bean 'org.springframework.context.annotation.internalCommonAnnotationProcessor'
11:14:44.876 [Test worker] DEBUG org.springframework.beans.factory.support.DefaultListableBeanFactory - Creating shared instance of singleton bean 'org.springframework.context.annotation.ConfigurationClassPostProcessor.importAwareProcessor'
11:14:44.876 [Test worker] DEBUG org.springframework.beans.factory.support.DefaultListableBeanFactory - Creating instance of bean 'org.springframework.context.annotation.ConfigurationClassPostProcessor.importAwareProcessor'
11:14:44.876 [Test worker] DEBUG org.springframework.beans.factory.support.DefaultListableBeanFactory - Eagerly caching bean 'org.springframework.context.annotation.ConfigurationClassPostProcessor.importAwareProcessor' to allow for resolving potential circular references
11:14:44.876 [Test worker] DEBUG org.springframework.beans.factory.support.DefaultListableBeanFactory - Finished creating instance of bean 'org.springframework.context.annotation.ConfigurationClassPostProcessor.importAwareProcessor'
11:14:44.876 [Test worker] DEBUG org.springframework.beans.factory.support.DefaultListableBeanFactory - Creating shared instance of singleton bean 'org.springframework.context.annotation.ConfigurationClassPostProcessor.enhancedConfigurationProcessor'
11:14:44.876 [Test worker] DEBUG org.springframework.beans.factory.support.DefaultListableBeanFactory - Creating instance of bean 'org.springframework.context.annotation.ConfigurationClassPostProcessor.enhancedConfigurationProcessor'
11:14:44.876 [Test worker] DEBUG org.springframework.beans.factory.support.DefaultListableBeanFactory - Eagerly caching bean 'org.springframework.context.annotation.ConfigurationClassPostProcessor.enhancedConfigurationProcessor' to allow for resolving potential circular references
11:14:44.877 [Test worker] DEBUG org.springframework.beans.factory.support.DefaultListableBeanFactory - Finished creating instance of bean 'org.springframework.context.annotation.ConfigurationClassPostProcessor.enhancedConfigurationProcessor'
11:14:44.877 [Test worker] DEBUG org.springframework.beans.factory.support.DefaultListableBeanFactory - Creating shared instance of singleton bean 'org.springframework.boot.context.properties.ConfigurationPropertiesBindingPostProcessor'
11:14:44.877 [Test worker] DEBUG org.springframework.beans.factory.support.DefaultListableBeanFactory - Creating instance of bean 'org.springframework.boot.context.properties.ConfigurationPropertiesBindingPostProcessor'
11:14:44.878 [Test worker] DEBUG org.springframework.core.env.StandardEnvironment - Adding [systemProperties] PropertySource with lowest search precedence
11:14:44.879 [Test worker] DEBUG org.springframework.core.env.StandardEnvironment - Adding [systemEnvironment] PropertySource with lowest search precedence
11:14:44.879 [Test worker] DEBUG org.springframework.core.env.StandardEnvironment - Initialized StandardEnvironment with PropertySources [systemProperties,systemEnvironment]
11:14:44.879 [Test worker] DEBUG org.springframework.beans.factory.support.DefaultListableBeanFactory - Eagerly caching bean 'org.springframework.boot.context.properties.ConfigurationPropertiesBindingPostProcessor' to allow for resolving potential circular references
11:14:44.879 [Test worker] DEBUG org.springframework.beans.factory.support.DefaultListableBeanFactory - Returning cached instance of singleton bean 'org.springframework.boot.context.properties.ConfigurationPropertiesBindingPostProcessor.store'
11:14:44.924 [Test worker] DEBUG org.springframework.beans.factory.support.DefaultListableBeanFactory - Invoking afterPropertiesSet() on bean with name 'org.springframework.boot.context.properties.ConfigurationPropertiesBindingPostProcessor'
11:14:44.925 [Test worker] DEBUG org.springframework.beans.factory.support.DefaultListableBeanFactory - Returning cached instance of singleton bean 'propertySourcesPlaceholderConfigurer'
11:14:44.928 [Test worker] DEBUG org.springframework.beans.factory.support.DefaultListableBeanFactory - Finished creating instance of bean 'org.springframework.boot.context.properties.ConfigurationPropertiesBindingPostProcessor'
11:14:44.929 [Test worker] DEBUG org.springframework.beans.factory.support.DefaultListableBeanFactory - Creating shared instance of singleton bean 'embeddedServletContainerCustomizerBeanPostProcessor'
11:14:44.929 [Test worker] DEBUG org.springframework.beans.factory.support.DefaultListableBeanFactory - Creating instance of bean 'embeddedServletContainerCustomizerBeanPostProcessor'
11:14:44.945 [Test worker] DEBUG org.springframework.beans.factory.support.DefaultListableBeanFactory - Eagerly caching bean 'embeddedServletContainerCustomizerBeanPostProcessor' to allow for resolving potential circular references
11:14:44.950 [Test worker] DEBUG org.springframework.beans.factory.support.DefaultListableBeanFactory - Finished creating instance of bean 'embeddedServletContainerCustomizerBeanPostProcessor'
11:14:44.956 [Test worker] DEBUG org.springframework.web.context.support.GenericWebApplicationContext - Unable to locate MessageSource with name 'messageSource': using default [org.springframework.context.support.DelegatingMessageSource@1a7db21b]
11:14:44.961 [Test worker] DEBUG org.springframework.web.context.support.GenericWebApplicationContext - Unable to locate ApplicationEventMulticaster with name 'applicationEventMulticaster': using default [org.springframework.context.event.SimpleApplicationEventMulticaster@26dbff10]
11:14:44.965 [Test worker] DEBUG org.springframework.ui.context.support.UiApplicationContextUtils - Unable to locate ThemeSource with name 'themeSource': using default [org.springframework.ui.context.support.ResourceBundleThemeSource@30e5b1c7]
11:14:44.969 [Test worker] DEBUG org.springframework.beans.factory.support.DefaultListableBeanFactory - Pre-instantiating singletons in org.springframework.beans.factory.support.DefaultListableBeanFactory@28947f6: defining beans [org.springframework.context.annotation.internalConfigurationAnnotationProcessor,org.springframework.context.annotation.internalAutowiredAnnotationProcessor,org.springframework.context.annotation.internalRequiredAnnotationProcessor,org.springframework.context.annotation.internalCommonAnnotationProcessor,org.springframework.context.event.internalEventListenerProcessor,org.springframework.context.event.internalEventListenerFactory,application,org.springframework.context.annotation.ConfigurationClassPostProcessor.importAwareProcessor,org.springframework.context.annotation.ConfigurationClassPostProcessor.enhancedConfigurationProcessor,globalExceptionHandler,retailsManagerController,googleGeoCodeClient,retailManagerService,shopsRepository,org.springframework.boot.autoconfigure.AutoConfigurationPackages,org.springframework.boot.autoconfigure.PropertyPlaceholderAutoConfiguration,org.springframework.boot.autoconfigure.condition.BeanTypeRegistry,propertySourcesPlaceholderConfigurer,org.springframework.boot.autoconfigure.websocket.WebSocketAutoConfiguration$TomcatWebSocketConfiguration,websocketContainerCustomizer,org.springframework.boot.autoconfigure.websocket.WebSocketAutoConfiguration,org.springframework.boot.autoconfigure.web.EmbeddedServletContainerAutoConfiguration$EmbeddedTomcat,tomcatEmbeddedServletContainerFactory,org.springframework.boot.autoconfigure.web.EmbeddedServletContainerAutoConfiguration,embeddedServletContainerCustomizerBeanPostProcessor,org.springframework.boot.autoconfigure.web.DispatcherServletAutoConfiguration$DispatcherServletConfiguration,dispatcherServlet,dispatcherServletRegistration,spring.mvc.CONFIGURATION_PROPERTIES,org.springframework.boot.context.properties.ConfigurationPropertiesBindingPostProcessor,org.springframework.boot.context.properties.ConfigurationPropertiesBindingPostProcessor.store,org.springframework.boot.autoconfigure.web.DispatcherServletAutoConfiguration,org.springframework.boot.autoconfigure.web.ErrorMvcAutoConfiguration$WhitelabelErrorViewConfiguration,error,beanNameViewResolver,org.springframework.boot.autoconfigure.web.ErrorMvcAutoConfiguration,errorAttributes,basicErrorController,errorPageCustomizer,preserveErrorControllerTargetClassPostProcessor,org.springframework.boot.autoconfigure.web.WebMvcAutoConfiguration$EnableWebMvcConfiguration,requestMappingHandlerAdapter,requestMappingHandlerMapping,mvcContentNegotiationManager,viewControllerHandlerMapping,beanNameHandlerMapping,resourceHandlerMapping,mvcResourceUrlProvider,defaultServletHandlerMapping,mvcConversionService,mvcValidator,mvcPathMatcher,mvcUrlPathHelper,mvcUriComponentsContributor,httpRequestHandlerAdapter,simpleControllerHandlerAdapter,handlerExceptionResolver,mvcViewResolver,org.springframework.boot.autoconfigure.web.WebMvcAutoConfiguration$WebMvcAutoConfigurationAdapter$FaviconConfiguration,faviconHandlerMapping,faviconRequestHandler,org.springframework.boot.autoconfigure.web.WebMvcAutoConfiguration$WebMvcAutoConfigurationAdapter,defaultViewResolver,requestContextFilter,viewResolver,spring.resources.CONFIGURATION_PROPERTIES,org.springframework.boot.autoconfigure.web.WebMvcAutoConfiguration,hiddenHttpMethodFilter,httpPutFormContentFilter,org.springframework.boot.autoconfigure.jmx.JmxAutoConfiguration,mbeanExporter,objectNamingStrategy,mbeanServer,org.springframework.boot.autoconfigure.context.ConfigurationPropertiesAutoConfiguration,org.springframework.boot.autoconfigure.gson.GsonAutoConfiguration,gson,org.springframework.boot.autoconfigure.jackson.JacksonAutoConfiguration$JacksonObjectMapperBuilderConfiguration,jacksonObjectMapperBuilder,spring.jackson.CONFIGURATION_PROPERTIES,org.springframework.boot.autoconfigure.jackson.JacksonAutoConfiguration$JacksonObjectMapperConfiguration,jacksonObjectMapper,org.springframework.boot.autoconfigure.jackson.JacksonAutoConfiguration,org.springframework.boot.autoconfigure.web.HttpMessageConvertersAutoConfiguration$StringHttpMessageConverterConfiguration,stringHttpMessageConverter,spring.http.encoding.CONFIGURATION_PROPERTIES,org.springframework.boot.autoconfigure.web.JacksonHttpMessageConvertersConfiguration$MappingJackson2HttpMessageConverterConfiguration,mappingJackson2HttpMessageConverter,org.springframework.boot.autoconfigure.web.JacksonHttpMessageConvertersConfiguration,org.springframework.boot.autoconfigure.web.GsonHttpMessageConvertersConfiguration,org.springframework.boot.autoconfigure.web.HttpMessageConvertersAutoConfiguration,messageConverters,org.springframework.boot.autoconfigure.web.HttpEncodingAutoConfiguration,characterEncodingFilter,org.springframework.boot.autoconfigure.web.MultipartAutoConfiguration,multipartConfigElement,multipartResolver,multipart.CONFIGURATION_PROPERTIES,org.springframework.boot.autoconfigure.web.ServerPropertiesAutoConfiguration,serverProperties,duplicateServerPropertiesDetector]; root of factory hierarchy
11:14:44.970 [Test worker] DEBUG org.springframework.beans.factory.support.DefaultListableBeanFactory - Returning cached instance of singleton bean 'org.springframework.context.annotation.internalConfigurationAnnotationProcessor'
11:14:44.970 [Test worker] DEBUG org.springframework.beans.factory.support.DefaultListableBeanFactory - Returning cached instance of singleton bean 'org.springframework.context.annotation.internalAutowiredAnnotationProcessor'
11:14:44.970 [Test worker] DEBUG org.springframework.beans.factory.support.DefaultListableBeanFactory - Returning cached instance of singleton bean 'org.springframework.context.annotation.internalRequiredAnnotationProcessor'
11:14:44.970 [Test worker] DEBUG org.springframework.beans.factory.support.DefaultListableBeanFactory - Returning cached instance of singleton bean 'org.springframework.context.annotation.internalCommonAnnotationProcessor'
11:14:44.970 [Test worker] DEBUG org.springframework.beans.factory.support.DefaultListableBeanFactory - Creating shared instance of singleton bean 'org.springframework.context.event.internalEventListenerProcessor'
11:14:44.970 [Test worker] DEBUG org.springframework.beans.factory.support.DefaultListableBeanFactory - Creating instance of bean 'org.springframework.context.event.internalEventListenerProcessor'
11:14:44.973 [Test worker] DEBUG org.springframework.beans.factory.support.DefaultListableBeanFactory - Eagerly caching bean 'org.springframework.context.event.internalEventListenerProcessor' to allow for resolving potential circular references
11:14:44.977 [Test worker] DEBUG org.springframework.beans.factory.support.DefaultListableBeanFactory - Finished creating instance of bean 'org.springframework.context.event.internalEventListenerProcessor'
11:14:44.977 [Test worker] DEBUG org.springframework.beans.factory.support.DefaultListableBeanFactory - Creating shared instance of singleton bean 'org.springframework.context.event.internalEventListenerFactory'
11:14:44.977 [Test worker] DEBUG org.springframework.beans.factory.support.DefaultListableBeanFactory - Creating instance of bean 'org.springframework.context.event.internalEventListenerFactory'
11:14:44.978 [Test worker] DEBUG org.springframework.beans.factory.support.DefaultListableBeanFactory - Eagerly caching bean 'org.springframework.context.event.internalEventListenerFactory' to allow for resolving potential circular references
11:14:44.982 [Test worker] DEBUG org.springframework.beans.factory.support.DefaultListableBeanFactory - Finished creating instance of bean 'org.springframework.context.event.internalEventListenerFactory'
11:14:44.982 [Test worker] DEBUG org.springframework.beans.factory.support.DefaultListableBeanFactory - Creating shared instance of singleton bean 'application'
11:14:44.982 [Test worker] DEBUG org.springframework.beans.factory.support.DefaultListableBeanFactory - Creating instance of bean 'application'
11:14:44.983 [Test worker] DEBUG org.springframework.beans.factory.support.DefaultListableBeanFactory - Eagerly caching bean 'application' to allow for resolving potential circular references
11:14:44.991 [Test worker] DEBUG org.springframework.beans.factory.support.DefaultListableBeanFactory - Finished creating instance of bean 'application'
11:14:44.991 [Test worker] DEBUG org.springframework.beans.factory.support.DefaultListableBeanFactory - Returning cached instance of singleton bean 'org.springframework.context.annotation.ConfigurationClassPostProcessor.importAwareProcessor'
11:14:44.991 [Test worker] DEBUG org.springframework.beans.factory.support.DefaultListableBeanFactory - Returning cached instance of singleton bean 'org.springframework.context.annotation.ConfigurationClassPostProcessor.enhancedConfigurationProcessor'
11:14:44.991 [Test worker] DEBUG org.springframework.beans.factory.support.DefaultListableBeanFactory - Creating shared instance of singleton bean 'globalExceptionHandler'
11:14:44.991 [Test worker] DEBUG org.springframework.beans.factory.support.DefaultListableBeanFactory - Creating instance of bean 'globalExceptionHandler'
11:14:44.997 [Test worker] DEBUG org.springframework.beans.factory.support.DefaultListableBeanFactory - Eagerly caching bean 'globalExceptionHandler' to allow for resolving potential circular references
11:14:45.006 [Test worker] DEBUG org.springframework.beans.factory.support.DefaultListableBeanFactory - Finished creating instance of bean 'globalExceptionHandler'
11:14:45.007 [Test worker] DEBUG org.springframework.beans.factory.support.DefaultListableBeanFactory - Creating shared instance of singleton bean 'retailsManagerController'
11:14:45.007 [Test worker] DEBUG org.springframework.beans.factory.support.DefaultListableBeanFactory - Creating instance of bean 'retailsManagerController'
11:14:45.017 [Test worker] DEBUG org.springframework.beans.factory.annotation.InjectionMetadata - Registered injected element on class [org.retailmanager.api.RetailsManagerController]: AutowiredFieldElement for private org.retailmanager.rest.bs.IRetailsManager org.retailmanager.api.RetailsManagerController.retailManager
11:14:45.017 [Test worker] DEBUG org.springframework.beans.factory.support.DefaultListableBeanFactory - Eagerly caching bean 'retailsManagerController' to allow for resolving potential circular references
11:14:45.020 [Test worker] DEBUG org.springframework.beans.factory.annotation.InjectionMetadata - Processing injected element of bean 'retailsManagerController': AutowiredFieldElement for private org.retailmanager.rest.bs.IRetailsManager org.retailmanager.api.RetailsManagerController.retailManager
11:14:45.026 [Test worker] DEBUG org.springframework.beans.factory.support.DefaultListableBeanFactory - Creating shared instance of singleton bean 'retailManagerService'
11:14:45.026 [Test worker] DEBUG org.springframework.beans.factory.support.DefaultListableBeanFactory - Creating instance of bean 'retailManagerService'
11:14:45.028 [Test worker] DEBUG org.springframework.beans.factory.annotation.InjectionMetadata - Registered injected element on class [org.retailmanager.rest.bs.RetailManagerService]: AutowiredFieldElement for private org.retailmanager.rest.repository.IShopsRepository org.retailmanager.rest.bs.RetailManagerService.shopsRepository
11:14:45.029 [Test worker] DEBUG org.springframework.beans.factory.annotation.InjectionMetadata - Registered injected element on class [org.retailmanager.rest.bs.RetailManagerService]: AutowiredFieldElement for org.retailmanager.geocode.restclient.IGoogleGeoCodeClient org.retailmanager.rest.bs.RetailManagerService.googleGeoCodeClient
11:14:45.029 [Test worker] DEBUG org.springframework.beans.factory.support.DefaultListableBeanFactory - Eagerly caching bean 'retailManagerService' to allow for resolving potential circular references
11:14:45.033 [Test worker] DEBUG org.springframework.beans.factory.annotation.InjectionMetadata - Processing injected element of bean 'retailManagerService': AutowiredFieldElement for private org.retailmanager.rest.repository.IShopsRepository org.retailmanager.rest.bs.RetailManagerService.shopsRepository
11:14:45.034 [Test worker] DEBUG org.springframework.beans.factory.support.DefaultListableBeanFactory - Creating shared instance of singleton bean 'shopsRepository'
11:14:45.034 [Test worker] DEBUG org.springframework.beans.factory.support.DefaultListableBeanFactory - Creating instance of bean 'shopsRepository'
11:14:45.038 [Test worker] DEBUG org.springframework.beans.factory.support.DefaultListableBeanFactory - Eagerly caching bean 'shopsRepository' to allow for resolving potential circular references
11:14:45.045 [Test worker] DEBUG org.springframework.beans.factory.support.DefaultListableBeanFactory - Finished creating instance of bean 'shopsRepository'
11:14:45.045 [Test worker] DEBUG org.springframework.beans.factory.annotation.AutowiredAnnotationBeanPostProcessor - Autowiring by type from bean name 'retailManagerService' to bean named 'shopsRepository'
11:14:45.045 [Test worker] DEBUG org.springframework.beans.factory.annotation.InjectionMetadata - Processing injected element of bean 'retailManagerService': AutowiredFieldElement for org.retailmanager.geocode.restclient.IGoogleGeoCodeClient org.retailmanager.rest.bs.RetailManagerService.googleGeoCodeClient
11:14:45.047 [Test worker] DEBUG org.springframework.beans.factory.support.DefaultListableBeanFactory - Creating shared instance of singleton bean 'googleGeoCodeClient'
11:14:45.047 [Test worker] DEBUG org.springframework.beans.factory.support.DefaultListableBeanFactory - Creating instance of bean 'googleGeoCodeClient'
11:14:45.048 [Test worker] DEBUG org.springframework.beans.factory.support.DefaultListableBeanFactory - Eagerly caching bean 'googleGeoCodeClient' to allow for resolving potential circular references
11:14:45.052 [Test worker] DEBUG org.springframework.beans.factory.support.DefaultListableBeanFactory - Finished creating instance of bean 'googleGeoCodeClient'
11:14:45.052 [Test worker] DEBUG org.springframework.beans.factory.annotation.AutowiredAnnotationBeanPostProcessor - Autowiring by type from bean name 'retailManagerService' to bean named 'googleGeoCodeClient'
11:14:45.054 [Test worker] DEBUG org.springframework.beans.factory.support.DefaultListableBeanFactory - Finished creating instance of bean 'retailManagerService'
11:14:45.054 [Test worker] DEBUG org.springframework.beans.factory.annotation.AutowiredAnnotationBeanPostProcessor - Autowiring by type from bean name 'retailsManagerController' to bean named 'retailManagerService'
11:14:45.058 [Test worker] DEBUG org.springframework.beans.factory.support.DefaultListableBeanFactory - Finished creating instance of bean 'retailsManagerController'
11:14:45.058 [Test worker] DEBUG org.springframework.beans.factory.support.DefaultListableBeanFactory - Returning cached instance of singleton bean 'googleGeoCodeClient'
11:14:45.058 [Test worker] DEBUG org.springframework.beans.factory.support.DefaultListableBeanFactory - Returning cached instance of singleton bean 'retailManagerService'
11:14:45.058 [Test worker] DEBUG org.springframework.beans.factory.support.DefaultListableBeanFactory - Returning cached instance of singleton bean 'shopsRepository'
11:14:45.059 [Test worker] DEBUG org.springframework.beans.factory.support.DefaultListableBeanFactory - Creating shared instance of singleton bean 'org.springframework.boot.autoconfigure.AutoConfigurationPackages'
11:14:45.059 [Test worker] DEBUG org.springframework.beans.factory.support.DefaultListableBeanFactory - Creating instance of bean 'org.springframework.boot.autoconfigure.AutoConfigurationPackages'
11:14:45.063 [Test worker] DEBUG org.springframework.beans.factory.support.DefaultListableBeanFactory - Eagerly caching bean 'org.springframework.boot.autoconfigure.AutoConfigurationPackages' to allow for resolving potential circular references
11:14:45.069 [Test worker] DEBUG org.springframework.beans.factory.support.DefaultListableBeanFactory - Finished creating instance of bean 'org.springframework.boot.autoconfigure.AutoConfigurationPackages'
11:14:45.070 [Test worker] DEBUG org.springframework.beans.factory.support.DefaultListableBeanFactory - Creating shared instance of singleton bean 'org.springframework.boot.autoconfigure.PropertyPlaceholderAutoConfiguration'
11:14:45.070 [Test worker] DEBUG org.springframework.beans.factory.support.DefaultListableBeanFactory - Creating instance of bean 'org.springframework.boot.autoconfigure.PropertyPlaceholderAutoConfiguration'
11:14:45.073 [Test worker] DEBUG org.springframework.beans.factory.support.DefaultListableBeanFactory - Eagerly caching bean 'org.springframework.boot.autoconfigure.PropertyPlaceholderAutoConfiguration' to allow for resolving potential circular references
11:14:45.084 [Test worker] DEBUG org.springframework.beans.factory.support.DefaultListableBeanFactory - Finished creating instance of bean 'org.springframework.boot.autoconfigure.PropertyPlaceholderAutoConfiguration'
11:14:45.084 [Test worker] DEBUG org.springframework.beans.factory.support.DefaultListableBeanFactory - Returning cached instance of singleton bean 'org.springframework.boot.autoconfigure.condition.BeanTypeRegistry'
11:14:45.084 [Test worker] DEBUG org.springframework.beans.factory.support.DefaultListableBeanFactory - Returning cached instance of singleton bean 'propertySourcesPlaceholderConfigurer'
11:14:45.084 [Test worker] DEBUG org.springframework.beans.factory.support.DefaultListableBeanFactory - Creating shared instance of singleton bean 'org.springframework.boot.autoconfigure.websocket.WebSocketAutoConfiguration$TomcatWebSocketConfiguration'
11:14:45.085 [Test worker] DEBUG org.springframework.beans.factory.support.DefaultListableBeanFactory - Creating instance of bean 'org.springframework.boot.autoconfigure.websocket.WebSocketAutoConfiguration$TomcatWebSocketConfiguration'
11:14:45.086 [Test worker] DEBUG org.springframework.beans.factory.support.DefaultListableBeanFactory - Eagerly caching bean 'org.springframework.boot.autoconfigure.websocket.WebSocketAutoConfiguration$TomcatWebSocketConfiguration' to allow for resolving potential circular references
11:14:45.098 [Test worker] DEBUG org.springframework.beans.factory.support.DefaultListableBeanFactory - Finished creating instance of bean 'org.springframework.boot.autoconfigure.websocket.WebSocketAutoConfiguration$TomcatWebSocketConfiguration'
11:14:45.098 [Test worker] DEBUG org.springframework.beans.factory.support.DefaultListableBeanFactory - Creating shared instance of singleton bean 'websocketContainerCustomizer'
11:14:45.098 [Test worker] DEBUG org.springframework.beans.factory.support.DefaultListableBeanFactory - Creating instance of bean 'websocketContainerCustomizer'
11:14:45.098 [Test worker] DEBUG org.springframework.beans.factory.support.DefaultListableBeanFactory - Returning cached instance of singleton bean 'org.springframework.boot.autoconfigure.websocket.WebSocketAutoConfiguration$TomcatWebSocketConfiguration'
11:14:45.141 [Test worker] DEBUG org.springframework.beans.factory.support.DefaultListableBeanFactory - Eagerly caching bean 'websocketContainerCustomizer' to allow for resolving potential circular references
11:14:45.151 [Test worker] DEBUG org.springframework.beans.factory.support.DefaultListableBeanFactory - Finished creating instance of bean 'websocketContainerCustomizer'
11:14:45.152 [Test worker] DEBUG org.springframework.beans.factory.support.DefaultListableBeanFactory - Creating shared instance of singleton bean 'org.springframework.boot.autoconfigure.websocket.WebSocketAutoConfiguration'
11:14:45.153 [Test worker] DEBUG org.springframework.beans.factory.support.DefaultListableBeanFactory - Creating instance of bean 'org.springframework.boot.autoconfigure.websocket.WebSocketAutoConfiguration'
11:14:45.154 [Test worker] DEBUG org.springframework.beans.factory.support.DefaultListableBeanFactory - Eagerly caching bean 'org.springframework.boot.autoconfigure.websocket.WebSocketAutoConfiguration' to allow for resolving potential circular references
11:14:45.165 [Test worker] DEBUG org.springframework.beans.factory.support.DefaultListableBeanFactory - Finished creating instance of bean 'org.springframework.boot.autoconfigure.websocket.WebSocketAutoConfiguration'
11:14:45.165 [Test worker] DEBUG org.springframework.beans.factory.support.DefaultListableBeanFactory - Creating shared instance of singleton bean 'org.springframework.boot.autoconfigure.web.EmbeddedServletContainerAutoConfiguration$EmbeddedTomcat'
11:14:45.165 [Test worker] DEBUG org.springframework.beans.factory.support.DefaultListableBeanFactory - Creating instance of bean 'org.springframework.boot.autoconfigure.web.EmbeddedServletContainerAutoConfiguration$EmbeddedTomcat'
11:14:45.167 [Test worker] DEBUG org.springframework.beans.factory.support.DefaultListableBeanFactory - Eagerly caching bean 'org.springframework.boot.autoconfigure.web.EmbeddedServletContainerAutoConfiguration$EmbeddedTomcat' to allow for resolving potential circular references
11:14:45.175 [Test worker] DEBUG org.springframework.beans.factory.support.DefaultListableBeanFactory - Finished creating instance of bean 'org.springframework.boot.autoconfigure.web.EmbeddedServletContainerAutoConfiguration$EmbeddedTomcat'
11:14:45.175 [Test worker] DEBUG org.springframework.beans.factory.support.DefaultListableBeanFactory - Creating shared instance of singleton bean 'tomcatEmbeddedServletContainerFactory'
11:14:45.175 [Test worker] DEBUG org.springframework.beans.factory.support.DefaultListableBeanFactory - Creating instance of bean 'tomcatEmbeddedServletContainerFactory'
11:14:45.175 [Test worker] DEBUG org.springframework.beans.factory.support.DefaultListableBeanFactory - Returning cached instance of singleton bean 'org.springframework.boot.autoconfigure.web.EmbeddedServletContainerAutoConfiguration$EmbeddedTomcat'
11:14:45.236 [Test worker] DEBUG org.springframework.beans.factory.support.DefaultListableBeanFactory - Eagerly caching bean 'tomcatEmbeddedServletContainerFactory' to allow for resolving potential circular references
11:14:45.276 [Test worker] DEBUG org.springframework.beans.factory.support.DefaultListableBeanFactory - Returning cached instance of singleton bean 'websocketContainerCustomizer'
11:14:45.277 [Test worker] DEBUG org.springframework.beans.factory.support.DefaultListableBeanFactory - Creating shared instance of singleton bean 'errorPageCustomizer'
11:14:45.277 [Test worker] DEBUG org.springframework.beans.factory.support.DefaultListableBeanFactory - Creating instance of bean 'errorPageCustomizer'
11:14:45.278 [Test worker] DEBUG org.springframework.beans.factory.support.DefaultListableBeanFactory - Creating shared instance of singleton bean 'org.springframework.boot.autoconfigure.web.ErrorMvcAutoConfiguration'
11:14:45.278 [Test worker] DEBUG org.springframework.beans.factory.support.DefaultListableBeanFactory - Creating instance of bean 'org.springframework.boot.autoconfigure.web.ErrorMvcAutoConfiguration'
11:14:45.281 [Test worker] DEBUG org.springframework.beans.factory.annotation.InjectionMetadata - Registered injected element on class [org.springframework.boot.autoconfigure.web.ErrorMvcAutoConfiguration$$EnhancerBySpringCGLIB$$5de03c48]: AutowiredFieldElement for private org.springframework.boot.autoconfigure.web.ServerProperties org.springframework.boot.autoconfigure.web.ErrorMvcAutoConfiguration.properties
11:14:45.282 [Test worker] DEBUG org.springframework.beans.factory.support.DefaultListableBeanFactory - Eagerly caching bean 'org.springframework.boot.autoconfigure.web.ErrorMvcAutoConfiguration' to allow for resolving potential circular references
11:14:45.292 [Test worker] DEBUG org.springframework.beans.factory.annotation.InjectionMetadata - Processing injected element of bean 'org.springframework.boot.autoconfigure.web.ErrorMvcAutoConfiguration': AutowiredFieldElement for private org.springframework.boot.autoconfigure.web.ServerProperties org.springframework.boot.autoconfigure.web.ErrorMvcAutoConfiguration.properties
11:14:45.294 [Test worker] DEBUG org.springframework.beans.factory.support.DefaultListableBeanFactory - Creating shared instance of singleton bean 'serverProperties'
11:14:45.294 [Test worker] DEBUG org.springframework.beans.factory.support.DefaultListableBeanFactory - Creating instance of bean 'serverProperties'
11:14:45.295 [Test worker] DEBUG org.springframework.beans.factory.support.DefaultListableBeanFactory - Creating shared instance of singleton bean 'org.springframework.boot.autoconfigure.web.ServerPropertiesAutoConfiguration'
11:14:45.295 [Test worker] DEBUG org.springframework.beans.factory.support.DefaultListableBeanFactory - Creating instance of bean 'org.springframework.boot.autoconfigure.web.ServerPropertiesAutoConfiguration'
11:14:45.296 [Test worker] DEBUG org.springframework.beans.factory.support.DefaultListableBeanFactory - Eagerly caching bean 'org.springframework.boot.autoconfigure.web.ServerPropertiesAutoConfiguration' to allow for resolving potential circular references
11:14:45.307 [Test worker] DEBUG org.springframework.beans.factory.support.DefaultListableBeanFactory - Finished creating instance of bean 'org.springframework.boot.autoconfigure.web.ServerPropertiesAutoConfiguration'
11:14:45.350 [Test worker] DEBUG org.springframework.beans.factory.support.DefaultListableBeanFactory - Eagerly caching bean 'serverProperties' to allow for resolving potential circular references
11:14:45.467 [Test worker] DEBUG org.jboss.logging - Logging Provider: org.jboss.logging.Slf4jLoggerProvider
11:14:45.472 [Test worker] INFO org.hibernate.validator.internal.util.Version - HV000001: Hibernate Validator 5.2.4.Final
11:14:45.536 [Test worker] DEBUG org.hibernate.validator.internal.engine.resolver.DefaultTraversableResolver - Cannot find javax.persistence.Persistence on classpath. Assuming non JPA 2 environment. All properties will per default be traversable.
11:14:45.567 [Test worker] DEBUG org.hibernate.validator.internal.engine.ConfigurationImpl - Setting custom MessageInterpolator of type org.springframework.validation.beanvalidation.LocaleContextMessageInterpolator
11:14:45.568 [Test worker] DEBUG org.hibernate.validator.internal.engine.ConfigurationImpl - Setting custom ConstraintValidatorFactory of type org.springframework.validation.beanvalidation.SpringConstraintValidatorFactory
11:14:45.572 [Test worker] DEBUG org.hibernate.validator.internal.engine.ConfigurationImpl - Setting custom ParameterNameProvider of type com.sun.proxy.$Proxy60
11:14:45.577 [Test worker] DEBUG org.hibernate.validator.internal.xml.ValidationXmlParser - Trying to load META-INF/validation.xml for XML based Validator configuration.
11:14:45.580 [Test worker] DEBUG org.hibernate.validator.internal.xml.ResourceLoaderHelper - Trying to load META-INF/validation.xml via user class loader
11:14:45.582 [Test worker] DEBUG org.hibernate.validator.internal.xml.ResourceLoaderHelper - Trying to load META-INF/validation.xml via TCCL
11:14:45.583 [Test worker] DEBUG org.hibernate.validator.internal.xml.ResourceLoaderHelper - Trying to load META-INF/validation.xml via Hibernate Validator's class loader
11:14:45.584 [Test worker] DEBUG org.hibernate.validator.internal.xml.ValidationXmlParser - No META-INF/validation.xml found. Using annotation based configuration only.
11:14:45.737 [Test worker] DEBUG org.springframework.beans.factory.annotation.InjectionMetadata - Processing injected element of bean 'org.springframework.boot.context.properties.ConfigurationPropertiesBindingPostProcessor': AutowiredMethodElement for public void org.springframework.boot.context.properties.ConfigurationPropertiesBindingPostProcessor.setConverters(java.util.List)
11:14:45.742 [Test worker] DEBUG org.springframework.beans.factory.annotation.InjectionMetadata - Processing injected element of bean 'org.springframework.boot.context.properties.ConfigurationPropertiesBindingPostProcessor': AutowiredMethodElement for public void org.springframework.boot.context.properties.ConfigurationPropertiesBindingPostProcessor.setGenericConverters(java.util.List)
11:14:45.749 [Test worker] DEBUG org.springframework.core.env.MutablePropertySources - Adding [servletConfigInitParams] PropertySource with lowest search precedence
11:14:45.750 [Test worker] DEBUG org.springframework.core.env.MutablePropertySources - Adding [servletContextInitParams] PropertySource with lowest search precedence
11:14:45.750 [Test worker] DEBUG org.springframework.core.env.MutablePropertySources - Adding [systemProperties] PropertySource with lowest search precedence
11:14:45.750 [Test worker] DEBUG org.springframework.core.env.MutablePropertySources - Adding [systemEnvironment] PropertySource with lowest search precedence
11:14:45.750 [Test worker] DEBUG org.springframework.core.env.MutablePropertySources - Adding [localProperties] PropertySource with lowest search precedence
11:14:46.026 [Test worker] DEBUG org.springframework.beans.factory.support.DefaultListableBeanFactory - Creating instance of bean 'org.hibernate.validator.internal.constraintvalidators.bv.NotNullValidator'
11:14:46.032 [Test worker] DEBUG org.springframework.beans.factory.support.DefaultListableBeanFactory - Finished creating instance of bean 'org.hibernate.validator.internal.constraintvalidators.bv.NotNullValidator'
11:14:46.045 [Test worker] DEBUG org.springframework.beans.factory.support.DefaultListableBeanFactory - Finished creating instance of bean 'serverProperties'
11:14:46.045 [Test worker] DEBUG org.springframework.beans.factory.annotation.AutowiredAnnotationBeanPostProcessor - Autowiring by type from bean name 'org.springframework.boot.autoconfigure.web.ErrorMvcAutoConfiguration' to bean named 'serverProperties'
11:14:46.046 [Test worker] DEBUG org.springframework.beans.factory.support.DefaultListableBeanFactory - Finished creating instance of bean 'org.springframework.boot.autoconfigure.web.ErrorMvcAutoConfiguration'
11:14:46.057 [Test worker] DEBUG org.springframework.beans.factory.support.DefaultListableBeanFactory - Eagerly caching bean 'errorPageCustomizer' to allow for resolving potential circular references
11:14:46.062 [Test worker] DEBUG org.springframework.beans.factory.support.DefaultListableBeanFactory - Finished creating instance of bean 'errorPageCustomizer'
11:14:46.063 [Test worker] DEBUG org.springframework.beans.factory.support.DefaultListableBeanFactory - Returning cached instance of singleton bean 'serverProperties'
11:14:46.063 [Test worker] DEBUG org.springframework.beans.factory.support.DefaultListableBeanFactory - Creating shared instance of singleton bean 'duplicateServerPropertiesDetector'
11:14:46.063 [Test worker] DEBUG org.springframework.beans.factory.support.DefaultListableBeanFactory - Creating instance of bean 'duplicateServerPropertiesDetector'
11:14:46.063 [Test worker] DEBUG org.springframework.beans.factory.support.DefaultListableBeanFactory - Returning cached instance of singleton bean 'org.springframework.boot.autoconfigure.web.ServerPropertiesAutoConfiguration'
11:14:46.065 [Test worker] DEBUG org.springframework.beans.factory.support.DefaultListableBeanFactory - Eagerly caching bean 'duplicateServerPropertiesDetector' to allow for resolving potential circular references
11:14:46.071 [Test worker] DEBUG org.springframework.beans.factory.support.DefaultListableBeanFactory - Finished creating instance of bean 'duplicateServerPropertiesDetector'
11:14:46.088 [Test worker] DEBUG org.springframework.beans.factory.support.DefaultListableBeanFactory - Finished creating instance of bean 'tomcatEmbeddedServletContainerFactory'
11:14:46.088 [Test worker] DEBUG org.springframework.beans.factory.support.DefaultListableBeanFactory - Creating shared instance of singleton bean 'org.springframework.boot.autoconfigure.web.EmbeddedServletContainerAutoConfiguration'
11:14:46.088 [Test worker] DEBUG org.springframework.beans.factory.support.DefaultListableBeanFactory - Creating instance of bean 'org.springframework.boot.autoconfigure.web.EmbeddedServletContainerAutoConfiguration'
11:14:46.090 [Test worker] DEBUG org.springframework.beans.factory.support.DefaultListableBeanFactory - Eagerly caching bean 'org.springframework.boot.autoconfigure.web.EmbeddedServletContainerAutoConfiguration' to allow for resolving potential circular references
11:14:46.102 [Test worker] DEBUG org.springframework.beans.factory.support.DefaultListableBeanFactory - Finished creating instance of bean 'org.springframework.boot.autoconfigure.web.EmbeddedServletContainerAutoConfiguration'
11:14:46.102 [Test worker] DEBUG org.springframework.beans.factory.support.DefaultListableBeanFactory - Returning cached instance of singleton bean 'embeddedServletContainerCustomizerBeanPostProcessor'
11:14:46.102 [Test worker] DEBUG org.springframework.beans.factory.support.DefaultListableBeanFactory - Creating shared instance of singleton bean 'org.springframework.boot.autoconfigure.web.DispatcherServletAutoConfiguration$DispatcherServletConfiguration'
11:14:46.102 [Test worker] DEBUG org.springframework.beans.factory.support.DefaultListableBeanFactory - Creating instance of bean 'org.springframework.boot.autoconfigure.web.DispatcherServletAutoConfiguration$DispatcherServletConfiguration'
11:14:46.104 [Test worker] DEBUG org.springframework.beans.factory.annotation.InjectionMetadata - Registered injected element on class [org.springframework.boot.autoconfigure.web.DispatcherServletAutoConfiguration$DispatcherServletConfiguration$$EnhancerBySpringCGLIB$$4e4ae1a6]: AutowiredFieldElement for private org.springframework.boot.autoconfigure.web.ServerProperties org.springframework.boot.autoconfigure.web.DispatcherServletAutoConfiguration$DispatcherServletConfiguration.server
11:14:46.105 [Test worker] DEBUG org.springframework.beans.factory.annotation.InjectionMetadata - Registered injected element on class [org.springframework.boot.autoconfigure.web.DispatcherServletAutoConfiguration$DispatcherServletConfiguration$$EnhancerBySpringCGLIB$$4e4ae1a6]: AutowiredFieldElement for private org.springframework.boot.autoconfigure.web.WebMvcProperties org.springframework.boot.autoconfigure.web.DispatcherServletAutoConfiguration$DispatcherServletConfiguration.webMvcProperties
11:14:46.106 [Test worker] DEBUG org.springframework.beans.factory.annotation.InjectionMetadata - Registered injected element on class [org.springframework.boot.autoconfigure.web.DispatcherServletAutoConfiguration$DispatcherServletConfiguration$$EnhancerBySpringCGLIB$$4e4ae1a6]: AutowiredFieldElement for private javax.servlet.MultipartConfigElement org.springframework.boot.autoconfigure.web.DispatcherServletAutoConfiguration$DispatcherServletConfiguration.multipartConfig
11:14:46.106 [Test worker] DEBUG org.springframework.beans.factory.support.DefaultListableBeanFactory - Eagerly caching bean 'org.springframework.boot.autoconfigure.web.DispatcherServletAutoConfiguration$DispatcherServletConfiguration' to allow for resolving potential circular references
11:14:46.115 [Test worker] DEBUG org.springframework.beans.factory.annotation.InjectionMetadata - Processing injected element of bean 'org.springframework.boot.autoconfigure.web.DispatcherServletAutoConfiguration$DispatcherServletConfiguration': AutowiredFieldElement for private org.springframework.boot.autoconfigure.web.ServerProperties org.springframework.boot.autoconfigure.web.DispatcherServletAutoConfiguration$DispatcherServletConfiguration.server
11:14:46.115 [Test worker] DEBUG org.springframework.beans.factory.support.DefaultListableBeanFactory - Returning cached instance of singleton bean 'serverProperties'
11:14:46.116 [Test worker] DEBUG org.springframework.beans.factory.annotation.AutowiredAnnotationBeanPostProcessor - Autowiring by type from bean name 'org.springframework.boot.autoconfigure.web.DispatcherServletAutoConfiguration$DispatcherServletConfiguration' to bean named 'serverProperties'
11:14:46.116 [Test worker] DEBUG org.springframework.beans.factory.annotation.InjectionMetadata - Processing injected element of bean 'org.springframework.boot.autoconfigure.web.DispatcherServletAutoConfiguration$DispatcherServletConfiguration': AutowiredFieldElement for private org.springframework.boot.autoconfigure.web.WebMvcProperties org.springframework.boot.autoconfigure.web.DispatcherServletAutoConfiguration$DispatcherServletConfiguration.webMvcProperties
11:14:46.117 [Test worker] DEBUG org.springframework.beans.factory.support.DefaultListableBeanFactory - Creating shared instance of singleton bean 'spring.mvc.CONFIGURATION_PROPERTIES'
11:14:46.118 [Test worker] DEBUG org.springframework.beans.factory.support.DefaultListableBeanFactory - Creating instance of bean 'spring.mvc.CONFIGURATION_PROPERTIES'
11:14:46.119 [Test worker] DEBUG org.springframework.beans.factory.support.DefaultListableBeanFactory - Eagerly caching bean 'spring.mvc.CONFIGURATION_PROPERTIES' to allow for resolving potential circular references
11:14:46.137 [Test worker] DEBUG org.springframework.core.env.MutablePropertySources - Adding [servletConfigInitParams] PropertySource with lowest search precedence
11:14:46.138 [Test worker] DEBUG org.springframework.core.env.MutablePropertySources - Adding [servletContextInitParams] PropertySource with lowest search precedence
11:14:46.138 [Test worker] DEBUG org.springframework.core.env.MutablePropertySources - Adding [systemProperties] PropertySource with lowest search precedence
11:14:46.138 [Test worker] DEBUG org.springframework.core.env.MutablePropertySources - Adding [systemEnvironment] PropertySource with lowest search precedence
11:14:46.138 [Test worker] DEBUG org.springframework.core.env.MutablePropertySources - Adding [localProperties] PropertySource with lowest search precedence
11:14:46.179 [Test worker] DEBUG org.springframework.beans.factory.support.DefaultListableBeanFactory - Finished creating instance of bean 'spring.mvc.CONFIGURATION_PROPERTIES'
11:14:46.180 [Test worker] DEBUG org.springframework.beans.factory.annotation.AutowiredAnnotationBeanPostProcessor - Autowiring by type from bean name 'org.springframework.boot.autoconfigure.web.DispatcherServletAutoConfiguration$DispatcherServletConfiguration' to bean named 'spring.mvc.CONFIGURATION_PROPERTIES'
11:14:46.180 [Test worker] DEBUG org.springframework.beans.factory.annotation.InjectionMetadata - Processing injected element of bean 'org.springframework.boot.autoconfigure.web.DispatcherServletAutoConfiguration$DispatcherServletConfiguration': AutowiredFieldElement for private javax.servlet.MultipartConfigElement org.springframework.boot.autoconfigure.web.DispatcherServletAutoConfiguration$DispatcherServletConfiguration.multipartConfig
11:14:46.182 [Test worker] DEBUG org.springframework.beans.factory.support.DefaultListableBeanFactory - Creating shared instance of singleton bean 'multipartConfigElement'
11:14:46.182 [Test worker] DEBUG org.springframework.beans.factory.support.DefaultListableBeanFactory - Creating instance of bean 'multipartConfigElement'
11:14:46.182 [Test worker] DEBUG org.springframework.beans.factory.support.DefaultListableBeanFactory - Creating shared instance of singleton bean 'org.springframework.boot.autoconfigure.web.MultipartAutoConfiguration'
11:14:46.182 [Test worker] DEBUG org.springframework.beans.factory.support.DefaultListableBeanFactory - Creating instance of bean 'org.springframework.boot.autoconfigure.web.MultipartAutoConfiguration'
11:14:46.184 [Test worker] DEBUG org.springframework.beans.factory.annotation.InjectionMetadata - Registered injected element on class [org.springframework.boot.autoconfigure.web.MultipartAutoConfiguration$$EnhancerBySpringCGLIB$$6292e59a]: AutowiredFieldElement for private org.springframework.boot.autoconfigure.web.MultipartProperties org.springframework.boot.autoconfigure.web.MultipartAutoConfiguration.multipartProperties
11:14:46.184 [Test worker] DEBUG org.springframework.beans.factory.support.DefaultListableBeanFactory - Eagerly caching bean 'org.springframework.boot.autoconfigure.web.MultipartAutoConfiguration' to allow for resolving potential circular references
11:14:46.194 [Test worker] DEBUG org.springframework.beans.factory.annotation.InjectionMetadata - Processing injected element of bean 'org.springframework.boot.autoconfigure.web.MultipartAutoConfiguration': AutowiredFieldElement for private org.springframework.boot.autoconfigure.web.MultipartProperties org.springframework.boot.autoconfigure.web.MultipartAutoConfiguration.multipartProperties
11:14:46.196 [Test worker] DEBUG org.springframework.beans.factory.support.DefaultListableBeanFactory - Creating shared instance of singleton bean 'multipart.CONFIGURATION_PROPERTIES'
11:14:46.196 [Test worker] DEBUG org.springframework.beans.factory.support.DefaultListableBeanFactory - Creating instance of bean 'multipart.CONFIGURATION_PROPERTIES'
11:14:46.197 [Test worker] DEBUG org.springframework.beans.factory.support.DefaultListableBeanFactory - Eagerly caching bean 'multipart.CONFIGURATION_PROPERTIES' to allow for resolving potential circular references
11:14:46.207 [Test worker] DEBUG org.springframework.core.env.MutablePropertySources - Adding [servletConfigInitParams] PropertySource with lowest search precedence
11:14:46.207 [Test worker] DEBUG org.springframework.core.env.MutablePropertySources - Adding [servletContextInitParams] PropertySource with lowest search precedence
11:14:46.208 [Test worker] DEBUG org.springframework.core.env.MutablePropertySources - Adding [systemProperties] PropertySource with lowest search precedence
11:14:46.208 [Test worker] DEBUG org.springframework.core.env.MutablePropertySources - Adding [systemEnvironment] PropertySource with lowest search precedence
11:14:46.209 [Test worker] DEBUG org.springframework.core.env.MutablePropertySources - Adding [localProperties] PropertySource with lowest search precedence
11:14:46.219 [Test worker] DEBUG org.springframework.beans.factory.support.DefaultListableBeanFactory - Finished creating instance of bean 'multipart.CONFIGURATION_PROPERTIES'
11:14:46.219 [Test worker] DEBUG org.springframework.beans.factory.annotation.AutowiredAnnotationBeanPostProcessor - Autowiring by type from bean name 'org.springframework.boot.autoconfigure.web.MultipartAutoConfiguration' to bean named 'multipart.CONFIGURATION_PROPERTIES'
11:14:46.221 [Test worker] DEBUG org.springframework.beans.factory.support.DefaultListableBeanFactory - Finished creating instance of bean 'org.springframework.boot.autoconfigure.web.MultipartAutoConfiguration'
11:14:46.233 [Test worker] DEBUG org.springframework.beans.factory.support.DefaultListableBeanFactory - Eagerly caching bean 'multipartConfigElement' to allow for resolving potential circular references
11:14:46.240 [Test worker] DEBUG org.springframework.beans.factory.support.DefaultListableBeanFactory - Finished creating instance of bean 'multipartConfigElement'
11:14:46.240 [Test worker] DEBUG org.springframework.beans.factory.annotation.AutowiredAnnotationBeanPostProcessor - Autowiring by type from bean name 'org.springframework.boot.autoconfigure.web.DispatcherServletAutoConfiguration$DispatcherServletConfiguration' to bean named 'multipartConfigElement'
11:14:46.242 [Test worker] DEBUG org.springframework.beans.factory.support.DefaultListableBeanFactory - Finished creating instance of bean 'org.springframework.boot.autoconfigure.web.DispatcherServletAutoConfiguration$DispatcherServletConfiguration'
11:14:46.243 [Test worker] DEBUG org.springframework.beans.factory.support.DefaultListableBeanFactory - Creating shared instance of singleton bean 'dispatcherServlet'
11:14:46.243 [Test worker] DEBUG org.springframework.beans.factory.support.DefaultListableBeanFactory - Creating instance of bean 'dispatcherServlet'
11:14:46.244 [Test worker] DEBUG org.springframework.beans.factory.support.DefaultListableBeanFactory - Returning cached instance of singleton bean 'org.springframework.boot.autoconfigure.web.DispatcherServletAutoConfiguration$DispatcherServletConfiguration'
11:14:46.299 [Test worker] DEBUG org.springframework.beans.factory.support.DefaultListableBeanFactory - Eagerly caching bean 'dispatcherServlet' to allow for resolving potential circular references
11:14:46.341 [Test worker] DEBUG org.springframework.beans.factory.support.DefaultListableBeanFactory - Finished creating instance of bean 'dispatcherServlet'
11:14:46.342 [Test worker] DEBUG org.springframework.beans.factory.support.DefaultListableBeanFactory - Creating shared instance of singleton bean 'dispatcherServletRegistration'
11:14:46.343 [Test worker] DEBUG org.springframework.beans.factory.support.DefaultListableBeanFactory - Creating instance of bean 'dispatcherServletRegistration'
11:14:46.343 [Test worker] DEBUG org.springframework.beans.factory.support.DefaultListableBeanFactory - Returning cached instance of singleton bean 'org.springframework.boot.autoconfigure.web.DispatcherServletAutoConfiguration$DispatcherServletConfiguration'
11:14:46.347 [Test worker] DEBUG org.springframework.beans.factory.support.DefaultListableBeanFactory - Returning cached instance of singleton bean 'dispatcherServlet'
11:14:46.350 [Test worker] DEBUG org.springframework.beans.factory.support.DefaultListableBeanFactory - Eagerly caching bean 'dispatcherServletRegistration' to allow for resolving potential circular references
11:14:46.361 [Test worker] DEBUG org.springframework.beans.factory.support.DefaultListableBeanFactory - Finished creating instance of bean 'dispatcherServletRegistration'
11:14:46.362 [Test worker] DEBUG org.springframework.beans.factory.support.DefaultListableBeanFactory - Returning cached instance of singleton bean 'spring.mvc.CONFIGURATION_PROPERTIES'
11:14:46.362 [Test worker] DEBUG org.springframework.beans.factory.support.DefaultListableBeanFactory - Returning cached instance of singleton bean 'org.springframework.boot.context.properties.ConfigurationPropertiesBindingPostProcessor'
11:14:46.362 [Test worker] DEBUG org.springframework.beans.factory.support.DefaultListableBeanFactory - Returning cached instance of singleton bean 'org.springframework.boot.context.properties.ConfigurationPropertiesBindingPostProcessor.store'
11:14:46.363 [Test worker] DEBUG org.springframework.beans.factory.support.DefaultListableBeanFactory - Creating shared instance of singleton bean 'org.springframework.boot.autoconfigure.web.DispatcherServletAutoConfiguration'
11:14:46.363 [Test worker] DEBUG org.springframework.beans.factory.support.DefaultListableBeanFactory - Creating instance of bean 'org.springframework.boot.autoconfigure.web.DispatcherServletAutoConfiguration'
11:14:46.365 [Test worker] DEBUG org.springframework.beans.factory.support.DefaultListableBeanFactory - Eagerly caching bean 'org.springframework.boot.autoconfigure.web.DispatcherServletAutoConfiguration' to allow for resolving potential circular references
11:14:46.378 [Test worker] DEBUG org.springframework.beans.factory.support.DefaultListableBeanFactory - Finished creating instance of bean 'org.springframework.boot.autoconfigure.web.DispatcherServletAutoConfiguration'
11:14:46.379 [Test worker] DEBUG org.springframework.beans.factory.support.DefaultListableBeanFactory - Creating shared instance of singleton bean 'org.springframework.boot.autoconfigure.web.ErrorMvcAutoConfiguration$WhitelabelErrorViewConfiguration'
11:14:46.380 [Test worker] DEBUG org.springframework.beans.factory.support.DefaultListableBeanFactory - Creating instance of bean 'org.springframework.boot.autoconfigure.web.ErrorMvcAutoConfiguration$WhitelabelErrorViewConfiguration'
11:14:46.511 [Test worker] DEBUG org.springframework.beans.factory.support.DefaultListableBeanFactory - Eagerly caching bean 'org.springframework.boot.autoconfigure.web.ErrorMvcAutoConfiguration$WhitelabelErrorViewConfiguration' to allow for resolving potential circular references
11:14:46.522 [Test worker] DEBUG org.springframework.beans.factory.support.DefaultListableBeanFactory - Finished creating instance of bean 'org.springframework.boot.autoconfigure.web.ErrorMvcAutoConfiguration$WhitelabelErrorViewConfiguration'
11:14:46.523 [Test worker] DEBUG org.springframework.beans.factory.support.DefaultListableBeanFactory - Creating shared instance of singleton bean 'error'
11:14:46.523 [Test worker] DEBUG org.springframework.beans.factory.support.DefaultListableBeanFactory - Creating instance of bean 'error'
11:14:46.523 [Test worker] DEBUG org.springframework.beans.factory.support.DefaultListableBeanFactory - Returning cached instance of singleton bean 'org.springframework.boot.autoconfigure.web.ErrorMvcAutoConfiguration$WhitelabelErrorViewConfiguration'
11:14:46.532 [Test worker] DEBUG org.springframework.beans.factory.support.DefaultListableBeanFactory - Eagerly caching bean 'error' to allow for resolving potential circular references
11:14:46.537 [Test worker] DEBUG org.springframework.beans.factory.support.DefaultListableBeanFactory - Finished creating instance of bean 'error'
11:14:46.537 [Test worker] DEBUG org.springframework.beans.factory.support.DefaultListableBeanFactory - Creating shared instance of singleton bean 'beanNameViewResolver'
11:14:46.537 [Test worker] DEBUG org.springframework.beans.factory.support.DefaultListableBeanFactory - Creating instance of bean 'beanNameViewResolver'
11:14:46.538 [Test worker] DEBUG org.springframework.beans.factory.support.DefaultListableBeanFactory - Returning cached instance of singleton bean 'org.springframework.boot.autoconfigure.web.ErrorMvcAutoConfiguration$WhitelabelErrorViewConfiguration'
11:14:46.541 [Test worker] DEBUG org.springframework.beans.factory.support.DefaultListableBeanFactory - Eagerly caching bean 'beanNameViewResolver' to allow for resolving potential circular references
11:14:46.555 [Test worker] DEBUG org.springframework.beans.factory.support.DefaultListableBeanFactory - Finished creating instance of bean 'beanNameViewResolver'
11:14:46.556 [Test worker] DEBUG org.springframework.beans.factory.support.DefaultListableBeanFactory - Returning cached instance of singleton bean 'org.springframework.boot.autoconfigure.web.ErrorMvcAutoConfiguration'
11:14:46.557 [Test worker] DEBUG org.springframework.beans.factory.support.DefaultListableBeanFactory - Creating shared instance of singleton bean 'errorAttributes'
11:14:46.557 [Test worker] DEBUG org.springframework.beans.factory.support.DefaultListableBeanFactory - Creating instance of bean 'errorAttributes'
11:14:46.558 [Test worker] DEBUG org.springframework.beans.factory.support.DefaultListableBeanFactory - Returning cached instance of singleton bean 'org.springframework.boot.autoconfigure.web.ErrorMvcAutoConfiguration'
11:14:46.560 [Test worker] DEBUG org.springframework.beans.factory.support.DefaultListableBeanFactory - Eagerly caching bean 'errorAttributes' to allow for resolving potential circular references
11:14:46.565 [Test worker] DEBUG org.springframework.beans.factory.support.DefaultListableBeanFactory - Finished creating instance of bean 'errorAttributes'
11:14:46.566 [Test worker] DEBUG org.springframework.beans.factory.support.DefaultListableBeanFactory - Creating shared instance of singleton bean 'basicErrorController'
11:14:46.567 [Test worker] DEBUG org.springframework.beans.factory.support.DefaultListableBeanFactory - Creating instance of bean 'basicErrorController'
11:14:46.567 [Test worker] DEBUG org.springframework.beans.factory.support.DefaultListableBeanFactory - Returning cached instance of singleton bean 'org.springframework.boot.autoconfigure.web.ErrorMvcAutoConfiguration'
11:14:46.571 [Test worker] DEBUG org.springframework.beans.factory.support.DefaultListableBeanFactory - Returning cached instance of singleton bean 'errorAttributes'
11:14:46.574 [Test worker] DEBUG org.springframework.beans.factory.support.DefaultListableBeanFactory - Autowiring by type from bean name 'basicErrorController' via factory method to bean named 'errorAttributes'
11:14:46.576 [Test worker] DEBUG org.springframework.beans.factory.support.DefaultListableBeanFactory - Eagerly caching bean 'basicErrorController' to allow for resolving potential circular references
11:14:46.592 [Test worker] DEBUG org.springframework.beans.factory.support.DefaultListableBeanFactory - Finished creating instance of bean 'basicErrorController'
11:14:46.593 [Test worker] DEBUG org.springframework.beans.factory.support.DefaultListableBeanFactory - Returning cached instance of singleton bean 'errorPageCustomizer'
11:14:46.594 [Test worker] DEBUG org.springframework.beans.factory.support.DefaultListableBeanFactory - Returning cached instance of singleton bean 'preserveErrorControllerTargetClassPostProcessor'
11:14:46.594 [Test worker] DEBUG org.springframework.beans.factory.support.DefaultListableBeanFactory - Creating shared instance of singleton bean 'org.springframework.boot.autoconfigure.web.WebMvcAutoConfiguration$EnableWebMvcConfiguration'
11:14:46.594 [Test worker] DEBUG org.springframework.beans.factory.support.DefaultListableBeanFactory - Creating instance of bean 'org.springframework.boot.autoconfigure.web.WebMvcAutoConfiguration$EnableWebMvcConfiguration'
11:14:46.630 [Test worker] DEBUG org.springframework.beans.factory.annotation.InjectionMetadata - Registered injected element on class [org.springframework.boot.autoconfigure.web.WebMvcAutoConfiguration$EnableWebMvcConfiguration$$EnhancerBySpringCGLIB$$ff12d45d]: AutowiredMethodElement for public void org.springframework.web.servlet.config.annotation.DelegatingWebMvcConfiguration.setConfigurers(java.util.List)
11:14:46.630 [Test worker] DEBUG org.springframework.beans.factory.annotation.InjectionMetadata - Registered injected element on class [org.springframework.boot.autoconfigure.web.WebMvcAutoConfiguration$EnableWebMvcConfiguration$$EnhancerBySpringCGLIB$$ff12d45d]: AutowiredFieldElement for private org.springframework.boot.autoconfigure.web.WebMvcProperties org.springframework.boot.autoconfigure.web.WebMvcAutoConfiguration$EnableWebMvcConfiguration.mvcProperties
11:14:46.631 [Test worker] DEBUG org.springframework.beans.factory.annotation.InjectionMetadata - Registered injected element on class [org.springframework.boot.autoconfigure.web.WebMvcAutoConfiguration$EnableWebMvcConfiguration$$EnhancerBySpringCGLIB$$ff12d45d]: AutowiredFieldElement for private org.springframework.beans.factory.ListableBeanFactory org.springframework.boot.autoconfigure.web.WebMvcAutoConfiguration$EnableWebMvcConfiguration.beanFactory
11:14:46.631 [Test worker] DEBUG org.springframework.beans.factory.support.DefaultListableBeanFactory - Eagerly caching bean 'org.springframework.boot.autoconfigure.web.WebMvcAutoConfiguration$EnableWebMvcConfiguration' to allow for resolving potential circular references
11:14:46.632 [Test worker] DEBUG org.springframework.beans.factory.annotation.InjectionMetadata - Processing injected element of bean 'org.springframework.boot.autoconfigure.web.WebMvcAutoConfiguration$EnableWebMvcConfiguration': AutowiredMethodElement for public void org.springframework.web.servlet.config.annotation.DelegatingWebMvcConfiguration.setConfigurers(java.util.List)
11:14:46.634 [Test worker] DEBUG org.springframework.beans.factory.support.DefaultListableBeanFactory - Creating shared instance of singleton bean 'org.springframework.boot.autoconfigure.web.WebMvcAutoConfiguration$WebMvcAutoConfigurationAdapter'
11:14:46.635 [Test worker] DEBUG org.springframework.beans.factory.support.DefaultListableBeanFactory - Creating instance of bean 'org.springframework.boot.autoconfigure.web.WebMvcAutoConfiguration$WebMvcAutoConfigurationAdapter'
11:14:46.641 [Test worker] DEBUG org.springframework.beans.factory.annotation.InjectionMetadata - Registered injected element on class [org.springframework.boot.autoconfigure.web.WebMvcAutoConfiguration$WebMvcAutoConfigurationAdapter$$EnhancerBySpringCGLIB$$92e889d0]: AutowiredFieldElement for private org.springframework.boot.autoconfigure.web.ResourceProperties org.springframework.boot.autoconfigure.web.WebMvcAutoConfiguration$WebMvcAutoConfigurationAdapter.resourceProperties
11:14:46.641 [Test worker] DEBUG org.springframework.beans.factory.annotation.InjectionMetadata - Registered injected element on class [org.springframework.boot.autoconfigure.web.WebMvcAutoConfiguration$WebMvcAutoConfigurationAdapter$$EnhancerBySpringCGLIB$$92e889d0]: AutowiredFieldElement for private org.springframework.boot.autoconfigure.web.WebMvcProperties org.springframework.boot.autoconfigure.web.WebMvcAutoConfiguration$WebMvcAutoConfigurationAdapter.mvcProperties
11:14:46.641 [Test worker] DEBUG org.springframework.beans.factory.annotation.InjectionMetadata - Registered injected element on class [org.springframework.boot.autoconfigure.web.WebMvcAutoConfiguration$WebMvcAutoConfigurationAdapter$$EnhancerBySpringCGLIB$$92e889d0]: AutowiredFieldElement for private org.springframework.beans.factory.ListableBeanFactory org.springframework.boot.autoconfigure.web.WebMvcAutoConfiguration$WebMvcAutoConfigurationAdapter.beanFactory
11:14:46.641 [Test worker] DEBUG org.springframework.beans.factory.annotation.InjectionMetadata - Registered injected element on class [org.springframework.boot.autoconfigure.web.WebMvcAutoConfiguration$WebMvcAutoConfigurationAdapter$$EnhancerBySpringCGLIB$$92e889d0]: AutowiredFieldElement for private org.springframework.boot.autoconfigure.web.HttpMessageConverters org.springframework.boot.autoconfigure.web.WebMvcAutoConfiguration$WebMvcAutoConfigurationAdapter.messageConverters
11:14:46.641 [Test worker] DEBUG org.springframework.beans.factory.annotation.InjectionMetadata - Registered injected element on class [org.springframework.boot.autoconfigure.web.WebMvcAutoConfiguration$WebMvcAutoConfigurationAdapter$$EnhancerBySpringCGLIB$$92e889d0]: AutowiredFieldElement for org.springframework.boot.autoconfigure.web.WebMvcAutoConfiguration$ResourceHandlerRegistrationCustomizer org.springframework.boot.autoconfigure.web.WebMvcAutoConfiguration$WebMvcAutoConfigurationAdapter.resourceHandlerRegistrationCustomizer
11:14:46.641 [Test worker] DEBUG org.springframework.beans.factory.support.DefaultListableBeanFactory - Eagerly caching bean 'org.springframework.boot.autoconfigure.web.WebMvcAutoConfiguration$WebMvcAutoConfigurationAdapter' to allow for resolving potential circular references
11:14:46.659 [Test worker] DEBUG org.springframework.beans.factory.annotation.InjectionMetadata - Processing injected element of bean 'org.springframework.boot.autoconfigure.web.WebMvcAutoConfiguration$WebMvcAutoConfigurationAdapter': AutowiredFieldElement for private org.springframework.boot.autoconfigure.web.ResourceProperties org.springframework.boot.autoconfigure.web.WebMvcAutoConfiguration$WebMvcAutoConfigurationAdapter.resourceProperties
11:14:46.660 [Test worker] DEBUG org.springframework.beans.factory.support.DefaultListableBeanFactory - Creating shared instance of singleton bean 'spring.resources.CONFIGURATION_PROPERTIES'
11:14:46.660 [Test worker] DEBUG org.springframework.beans.factory.support.DefaultListableBeanFactory - Creating instance of bean 'spring.resources.CONFIGURATION_PROPERTIES'
11:14:46.660 [Test worker] DEBUG org.springframework.beans.factory.support.DefaultListableBeanFactory - Eagerly caching bean 'spring.resources.CONFIGURATION_PROPERTIES' to allow for resolving potential circular references
11:14:46.667 [Test worker] DEBUG org.springframework.core.env.MutablePropertySources - Adding [servletConfigInitParams] PropertySource with lowest search precedence
11:14:46.667 [Test worker] DEBUG org.springframework.core.env.MutablePropertySources - Adding [servletContextInitParams] PropertySource with lowest search precedence
11:14:46.667 [Test worker] DEBUG org.springframework.core.env.MutablePropertySources - Adding [systemProperties] PropertySource with lowest search precedence
11:14:46.667 [Test worker] DEBUG org.springframework.core.env.MutablePropertySources - Adding [systemEnvironment] PropertySource with lowest search precedence
11:14:46.667 [Test worker] DEBUG org.springframework.core.env.MutablePropertySources - Adding [localProperties] PropertySource with lowest search precedence
11:14:46.678 [Test worker] DEBUG org.springframework.beans.factory.support.DefaultListableBeanFactory - Finished creating instance of bean 'spring.resources.CONFIGURATION_PROPERTIES'
11:14:46.678 [Test worker] DEBUG org.springframework.beans.factory.annotation.AutowiredAnnotationBeanPostProcessor - Autowiring by type from bean name 'org.springframework.boot.autoconfigure.web.WebMvcAutoConfiguration$WebMvcAutoConfigurationAdapter' to bean named 'spring.resources.CONFIGURATION_PROPERTIES'
11:14:46.678 [Test worker] DEBUG org.springframework.beans.factory.annotation.InjectionMetadata - Processing injected element of bean 'org.springframework.boot.autoconfigure.web.WebMvcAutoConfiguration$WebMvcAutoConfigurationAdapter': AutowiredFieldElement for private org.springframework.boot.autoconfigure.web.WebMvcProperties org.springframework.boot.autoconfigure.web.WebMvcAutoConfiguration$WebMvcAutoConfigurationAdapter.mvcProperties
11:14:46.679 [Test worker] DEBUG org.springframework.beans.factory.support.DefaultListableBeanFactory - Returning cached instance of singleton bean 'spring.mvc.CONFIGURATION_PROPERTIES'
11:14:46.679 [Test worker] DEBUG org.springframework.beans.factory.annotation.AutowiredAnnotationBeanPostProcessor - Autowiring by type from bean name 'org.springframework.boot.autoconfigure.web.WebMvcAutoConfiguration$WebMvcAutoConfigurationAdapter' to bean named 'spring.mvc.CONFIGURATION_PROPERTIES'
11:14:46.679 [Test worker] DEBUG org.springframework.beans.factory.annotation.InjectionMetadata - Processing injected element of bean 'org.springframework.boot.autoconfigure.web.WebMvcAutoConfiguration$WebMvcAutoConfigurationAdapter': AutowiredFieldElement for private org.springframework.beans.factory.ListableBeanFactory org.springframework.boot.autoconfigure.web.WebMvcAutoConfiguration$WebMvcAutoConfigurationAdapter.beanFactory
11:14:46.680 [Test worker] DEBUG org.springframework.beans.factory.annotation.AutowiredAnnotationBeanPostProcessor - Autowiring by type from bean name 'org.springframework.boot.autoconfigure.web.WebMvcAutoConfiguration$WebMvcAutoConfigurationAdapter' to bean named 'org.springframework.beans.factory.support.DefaultListableBeanFactory@28947f6'
11:14:46.680 [Test worker] DEBUG org.springframework.beans.factory.annotation.InjectionMetadata - Processing injected element of bean 'org.springframework.boot.autoconfigure.web.WebMvcAutoConfiguration$WebMvcAutoConfigurationAdapter': AutowiredFieldElement for private org.springframework.boot.autoconfigure.web.HttpMessageConverters org.springframework.boot.autoconfigure.web.WebMvcAutoConfiguration$WebMvcAutoConfigurationAdapter.messageConverters
11:14:46.681 [Test worker] DEBUG org.springframework.beans.factory.support.DefaultListableBeanFactory - Creating shared instance of singleton bean 'messageConverters'
11:14:46.682 [Test worker] DEBUG org.springframework.beans.factory.support.DefaultListableBeanFactory - Creating instance of bean 'messageConverters'
11:14:46.682 [Test worker] DEBUG org.springframework.beans.factory.support.DefaultListableBeanFactory - Creating shared instance of singleton bean 'org.springframework.boot.autoconfigure.web.HttpMessageConvertersAutoConfiguration'
11:14:46.682 [Test worker] DEBUG org.springframework.beans.factory.support.DefaultListableBeanFactory - Creating instance of bean 'org.springframework.boot.autoconfigure.web.HttpMessageConvertersAutoConfiguration'
11:14:46.683 [Test worker] DEBUG org.springframework.beans.factory.annotation.InjectionMetadata - Registered injected element on class [org.springframework.boot.autoconfigure.web.HttpMessageConvertersAutoConfiguration$$EnhancerBySpringCGLIB$$389d50b4]: AutowiredFieldElement for private final java.util.List org.springframework.boot.autoconfigure.web.HttpMessageConvertersAutoConfiguration.converters
11:14:46.683 [Test worker] DEBUG org.springframework.beans.factory.support.DefaultListableBeanFactory - Eagerly caching bean 'org.springframework.boot.autoconfigure.web.HttpMessageConvertersAutoConfiguration' to allow for resolving potential circular references
11:14:46.690 [Test worker] DEBUG org.springframework.beans.factory.annotation.InjectionMetadata - Processing injected element of bean 'org.springframework.boot.autoconfigure.web.HttpMessageConvertersAutoConfiguration': AutowiredFieldElement for private final java.util.List org.springframework.boot.autoconfigure.web.HttpMessageConvertersAutoConfiguration.converters
11:14:46.698 [Test worker] DEBUG org.springframework.beans.factory.support.DefaultListableBeanFactory - Creating shared instance of singleton bean 'stringHttpMessageConverter'
11:14:46.699 [Test worker] DEBUG org.springframework.beans.factory.support.DefaultListableBeanFactory - Creating instance of bean 'stringHttpMessageConverter'
11:14:46.699 [Test worker] DEBUG org.springframework.beans.factory.support.DefaultListableBeanFactory - Creating shared instance of singleton bean 'org.springframework.boot.autoconfigure.web.HttpMessageConvertersAutoConfiguration$StringHttpMessageConverterConfiguration'
11:14:46.699 [Test worker] DEBUG org.springframework.beans.factory.support.DefaultListableBeanFactory - Creating instance of bean 'org.springframework.boot.autoconfigure.web.HttpMessageConvertersAutoConfiguration$StringHttpMessageConverterConfiguration'
11:14:46.700 [Test worker] DEBUG org.springframework.beans.factory.annotation.InjectionMetadata - Registered injected element on class [org.springframework.boot.autoconfigure.web.HttpMessageConvertersAutoConfiguration$StringHttpMessageConverterConfiguration$$EnhancerBySpringCGLIB$$f5135b54]: AutowiredFieldElement for private org.springframework.boot.autoconfigure.web.HttpEncodingProperties org.springframework.boot.autoconfigure.web.HttpMessageConvertersAutoConfiguration$StringHttpMessageConverterConfiguration.encodingProperties
11:14:46.700 [Test worker] DEBUG org.springframework.beans.factory.support.DefaultListableBeanFactory - Eagerly caching bean 'org.springframework.boot.autoconfigure.web.HttpMessageConvertersAutoConfiguration$StringHttpMessageConverterConfiguration' to allow for resolving potential circular references
11:14:46.708 [Test worker] DEBUG org.springframework.beans.factory.annotation.InjectionMetadata - Processing injected element of bean 'org.springframework.boot.autoconfigure.web.HttpMessageConvertersAutoConfiguration$StringHttpMessageConverterConfiguration': AutowiredFieldElement for private org.springframework.boot.autoconfigure.web.HttpEncodingProperties org.springframework.boot.autoconfigure.web.HttpMessageConvertersAutoConfiguration$StringHttpMessageConverterConfiguration.encodingProperties
11:14:46.710 [Test worker] DEBUG org.springframework.beans.factory.support.DefaultListableBeanFactory - Creating shared instance of singleton bean 'spring.http.encoding.CONFIGURATION_PROPERTIES'
11:14:46.710 [Test worker] DEBUG org.springframework.beans.factory.support.DefaultListableBeanFactory - Creating instance of bean 'spring.http.encoding.CONFIGURATION_PROPERTIES'
11:14:46.711 [Test worker] DEBUG org.springframework.beans.factory.support.DefaultListableBeanFactory - Eagerly caching bean 'spring.http.encoding.CONFIGURATION_PROPERTIES' to allow for resolving potential circular references
11:14:46.715 [Test worker] DEBUG org.springframework.core.env.MutablePropertySources - Adding [servletConfigInitParams] PropertySource with lowest search precedence
11:14:46.715 [Test worker] DEBUG org.springframework.core.env.MutablePropertySources - Adding [servletContextInitParams] PropertySource with lowest search precedence
11:14:46.715 [Test worker] DEBUG org.springframework.core.env.MutablePropertySources - Adding [systemProperties] PropertySource with lowest search precedence
11:14:46.715 [Test worker] DEBUG org.springframework.core.env.MutablePropertySources - Adding [systemEnvironment] PropertySource with lowest search precedence
11:14:46.716 [Test worker] DEBUG org.springframework.core.env.MutablePropertySources - Adding [localProperties] PropertySource with lowest search precedence
11:14:46.721 [Test worker] DEBUG org.springframework.beans.factory.support.DefaultListableBeanFactory - Finished creating instance of bean 'spring.http.encoding.CONFIGURATION_PROPERTIES'
11:14:46.721 [Test worker] DEBUG org.springframework.beans.factory.annotation.AutowiredAnnotationBeanPostProcessor - Autowiring by type from bean name 'org.springframework.boot.autoconfigure.web.HttpMessageConvertersAutoConfiguration$StringHttpMessageConverterConfiguration' to bean named 'spring.http.encoding.CONFIGURATION_PROPERTIES'
11:14:46.722 [Test worker] DEBUG org.springframework.beans.factory.support.DefaultListableBeanFactory - Finished creating instance of bean 'org.springframework.boot.autoconfigure.web.HttpMessageConvertersAutoConfiguration$StringHttpMessageConverterConfiguration'
11:14:47.085 [Test worker] DEBUG org.springframework.beans.factory.support.DefaultListableBeanFactory - Eagerly caching bean 'stringHttpMessageConverter' to allow for resolving potential circular references
11:14:47.095 [Test worker] DEBUG org.springframework.beans.factory.support.DefaultListableBeanFactory - Finished creating instance of bean 'stringHttpMessageConverter'
11:14:47.097 [Test worker] DEBUG org.springframework.beans.factory.support.DefaultListableBeanFactory - Creating shared instance of singleton bean 'mappingJackson2HttpMessageConverter'
11:14:47.097 [Test worker] DEBUG org.springframework.beans.factory.support.DefaultListableBeanFactory - Creating instance of bean 'mappingJackson2HttpMessageConverter'
11:14:47.098 [Test worker] DEBUG org.springframework.beans.factory.support.DefaultListableBeanFactory - Creating shared instance of singleton bean 'org.springframework.boot.autoconfigure.web.JacksonHttpMessageConvertersConfiguration$MappingJackson2HttpMessageConverterConfiguration'
11:14:47.098 [Test worker] DEBUG org.springframework.beans.factory.support.DefaultListableBeanFactory - Creating instance of bean 'org.springframework.boot.autoconfigure.web.JacksonHttpMessageConvertersConfiguration$MappingJackson2HttpMessageConverterConfiguration'
11:14:47.099 [Test worker] DEBUG org.springframework.beans.factory.support.DefaultListableBeanFactory - Eagerly caching bean 'org.springframework.boot.autoconfigure.web.JacksonHttpMessageConvertersConfiguration$MappingJackson2HttpMessageConverterConfiguration' to allow for resolving potential circular references
11:14:47.106 [Test worker] DEBUG org.springframework.beans.factory.support.DefaultListableBeanFactory - Finished creating instance of bean 'org.springframework.boot.autoconfigure.web.JacksonHttpMessageConvertersConfiguration$MappingJackson2HttpMessageConverterConfiguration'
11:14:47.108 [Test worker] DEBUG org.springframework.beans.factory.support.DefaultListableBeanFactory - Creating shared instance of singleton bean 'jacksonObjectMapper'
11:14:47.109 [Test worker] DEBUG org.springframework.beans.factory.support.DefaultListableBeanFactory - Creating instance of bean 'jacksonObjectMapper'
11:14:47.109 [Test worker] DEBUG org.springframework.beans.factory.support.DefaultListableBeanFactory - Creating shared instance of singleton bean 'org.springframework.boot.autoconfigure.jackson.JacksonAutoConfiguration$JacksonObjectMapperConfiguration'
11:14:47.109 [Test worker] DEBUG org.springframework.beans.factory.support.DefaultListableBeanFactory - Creating instance of bean 'org.springframework.boot.autoconfigure.jackson.JacksonAutoConfiguration$JacksonObjectMapperConfiguration'
11:14:47.110 [Test worker] DEBUG org.springframework.beans.factory.support.DefaultListableBeanFactory - Eagerly caching bean 'org.springframework.boot.autoconfigure.jackson.JacksonAutoConfiguration$JacksonObjectMapperConfiguration' to allow for resolving potential circular references
11:14:47.117 [Test worker] DEBUG org.springframework.beans.factory.support.DefaultListableBeanFactory - Finished creating instance of bean 'org.springframework.boot.autoconfigure.jackson.JacksonAutoConfiguration$JacksonObjectMapperConfiguration'
11:14:47.120 [Test worker] DEBUG org.springframework.beans.factory.support.DefaultListableBeanFactory - Creating shared instance of singleton bean 'jacksonObjectMapperBuilder'
11:14:47.120 [Test worker] DEBUG org.springframework.beans.factory.support.DefaultListableBeanFactory - Creating instance of bean 'jacksonObjectMapperBuilder'
11:14:47.121 [Test worker] DEBUG org.springframework.beans.factory.support.DefaultListableBeanFactory - Creating shared instance of singleton bean 'org.springframework.boot.autoconfigure.jackson.JacksonAutoConfiguration$JacksonObjectMapperBuilderConfiguration'
11:14:47.121 [Test worker] DEBUG org.springframework.beans.factory.support.DefaultListableBeanFactory - Creating instance of bean 'org.springframework.boot.autoconfigure.jackson.JacksonAutoConfiguration$JacksonObjectMapperBuilderConfiguration'
11:14:47.123 [Test worker] DEBUG org.springframework.beans.factory.annotation.InjectionMetadata - Registered injected element on class [org.springframework.boot.autoconfigure.jackson.JacksonAutoConfiguration$JacksonObjectMapperBuilderConfiguration$$EnhancerBySpringCGLIB$$b5c573fe]: AutowiredFieldElement for private org.springframework.context.ApplicationContext org.springframework.boot.autoconfigure.jackson.JacksonAutoConfiguration$JacksonObjectMapperBuilderConfiguration.applicationContext
11:14:47.123 [Test worker] DEBUG org.springframework.beans.factory.annotation.InjectionMetadata - Registered injected element on class [org.springframework.boot.autoconfigure.jackson.JacksonAutoConfiguration$JacksonObjectMapperBuilderConfiguration$$EnhancerBySpringCGLIB$$b5c573fe]: AutowiredFieldElement for private org.springframework.boot.autoconfigure.jackson.JacksonProperties org.springframework.boot.autoconfigure.jackson.JacksonAutoConfiguration$JacksonObjectMapperBuilderConfiguration.jacksonProperties
11:14:47.124 [Test worker] DEBUG org.springframework.beans.factory.support.DefaultListableBeanFactory - Eagerly caching bean 'org.springframework.boot.autoconfigure.jackson.JacksonAutoConfiguration$JacksonObjectMapperBuilderConfiguration' to allow for resolving potential circular references
11:14:47.132 [Test worker] DEBUG org.springframework.beans.factory.annotation.InjectionMetadata - Processing injected element of bean 'org.springframework.boot.autoconfigure.jackson.JacksonAutoConfiguration$JacksonObjectMapperBuilderConfiguration': AutowiredFieldElement for private org.springframework.context.ApplicationContext org.springframework.boot.autoconfigure.jackson.JacksonAutoConfiguration$JacksonObjectMapperBuilderConfiguration.applicationContext
11:14:47.134 [Test worker] DEBUG org.springframework.beans.factory.annotation.AutowiredAnnotationBeanPostProcessor - Autowiring by type from bean name 'org.springframework.boot.autoconfigure.jackson.JacksonAutoConfiguration$JacksonObjectMapperBuilderConfiguration' to bean named 'org.springframework.web.context.support.GenericWebApplicationContext@3678e173'
11:14:47.134 [Test worker] DEBUG org.springframework.beans.factory.annotation.InjectionMetadata - Processing injected element of bean 'org.springframework.boot.autoconfigure.jackson.JacksonAutoConfiguration$JacksonObjectMapperBuilderConfiguration': AutowiredFieldElement for private org.springframework.boot.autoconfigure.jackson.JacksonProperties org.springframework.boot.autoconfigure.jackson.JacksonAutoConfiguration$JacksonObjectMapperBuilderConfiguration.jacksonProperties
11:14:47.136 [Test worker] DEBUG org.springframework.beans.factory.support.DefaultListableBeanFactory - Creating shared instance of singleton bean 'spring.jackson.CONFIGURATION_PROPERTIES'
11:14:47.136 [Test worker] DEBUG org.springframework.beans.factory.support.DefaultListableBeanFactory - Creating instance of bean 'spring.jackson.CONFIGURATION_PROPERTIES'
11:14:47.137 [Test worker] DEBUG org.springframework.beans.factory.support.DefaultListableBeanFactory - Eagerly caching bean 'spring.jackson.CONFIGURATION_PROPERTIES' to allow for resolving potential circular references
11:14:47.154 [Test worker] DEBUG org.springframework.core.env.MutablePropertySources - Adding [servletConfigInitParams] PropertySource with lowest search precedence
11:14:47.155 [Test worker] DEBUG org.springframework.core.env.MutablePropertySources - Adding [servletContextInitParams] PropertySource with lowest search precedence
11:14:47.155 [Test worker] DEBUG org.springframework.core.env.MutablePropertySources - Adding [systemProperties] PropertySource with lowest search precedence
11:14:47.155 [Test worker] DEBUG org.springframework.core.env.MutablePropertySources - Adding [systemEnvironment] PropertySource with lowest search precedence
11:14:47.155 [Test worker] DEBUG org.springframework.core.env.MutablePropertySources - Adding [localProperties] PropertySource with lowest search precedence
11:14:47.175 [Test worker] DEBUG org.springframework.beans.factory.support.DefaultListableBeanFactory - Finished creating instance of bean 'spring.jackson.CONFIGURATION_PROPERTIES'
11:14:47.176 [Test worker] DEBUG org.springframework.beans.factory.annotation.AutowiredAnnotationBeanPostProcessor - Autowiring by type from bean name 'org.springframework.boot.autoconfigure.jackson.JacksonAutoConfiguration$JacksonObjectMapperBuilderConfiguration' to bean named 'spring.jackson.CONFIGURATION_PROPERTIES'
11:14:47.178 [Test worker] DEBUG org.springframework.beans.factory.support.DefaultListableBeanFactory - Finished creating instance of bean 'org.springframework.boot.autoconfigure.jackson.JacksonAutoConfiguration$JacksonObjectMapperBuilderConfiguration'
11:14:47.207 [Test worker] DEBUG org.springframework.beans.factory.support.DefaultListableBeanFactory - Eagerly caching bean 'jacksonObjectMapperBuilder' to allow for resolving potential circular references
11:14:47.214 [Test worker] DEBUG org.springframework.beans.factory.support.DefaultListableBeanFactory - Finished creating instance of bean 'jacksonObjectMapperBuilder'
11:14:47.215 [Test worker] DEBUG org.springframework.beans.factory.support.DefaultListableBeanFactory - Autowiring by type from bean name 'jacksonObjectMapper' via factory method to bean named 'jacksonObjectMapperBuilder'
11:14:47.642 [Test worker] DEBUG org.springframework.beans.factory.support.DefaultListableBeanFactory - Eagerly caching bean 'jacksonObjectMapper' to allow for resolving potential circular references
11:14:47.696 [Test worker] DEBUG org.springframework.beans.factory.support.DefaultListableBeanFactory - Finished creating instance of bean 'jacksonObjectMapper'
11:14:47.697 [Test worker] DEBUG org.springframework.beans.factory.support.DefaultListableBeanFactory - Autowiring by type from bean name 'mappingJackson2HttpMessageConverter' via factory method to bean named 'jacksonObjectMapper'
11:14:47.708 [Test worker] DEBUG org.springframework.beans.factory.support.DefaultListableBeanFactory - Eagerly caching bean 'mappingJackson2HttpMessageConverter' to allow for resolving potential circular references
11:14:47.721 [Test worker] DEBUG org.springframework.beans.factory.support.DefaultListableBeanFactory - Finished creating instance of bean 'mappingJackson2HttpMessageConverter'
11:14:47.745 [Test worker] DEBUG org.springframework.beans.factory.annotation.AutowiredAnnotationBeanPostProcessor - Autowiring by type from bean name 'org.springframework.boot.autoconfigure.web.HttpMessageConvertersAutoConfiguration' to bean named 'stringHttpMessageConverter'
11:14:47.745 [Test worker] DEBUG org.springframework.beans.factory.annotation.AutowiredAnnotationBeanPostProcessor - Autowiring by type from bean name 'org.springframework.boot.autoconfigure.web.HttpMessageConvertersAutoConfiguration' to bean named 'mappingJackson2HttpMessageConverter'
11:14:47.746 [Test worker] DEBUG org.springframework.beans.factory.support.DefaultListableBeanFactory - Finished creating instance of bean 'org.springframework.boot.autoconfigure.web.HttpMessageConvertersAutoConfiguration'
11:14:47.804 [Test worker] DEBUG org.springframework.beans.factory.support.DefaultListableBeanFactory - Eagerly caching bean 'messageConverters' to allow for resolving potential circular references
11:14:47.808 [Test worker] DEBUG org.springframework.beans.factory.support.DefaultListableBeanFactory - Finished creating instance of bean 'messageConverters'
11:14:47.808 [Test worker] DEBUG org.springframework.beans.factory.annotation.AutowiredAnnotationBeanPostProcessor - Autowiring by type from bean name 'org.springframework.boot.autoconfigure.web.WebMvcAutoConfiguration$WebMvcAutoConfigurationAdapter' to bean named 'messageConverters'
11:14:47.808 [Test worker] DEBUG org.springframework.beans.factory.annotation.InjectionMetadata - Processing injected element of bean 'org.springframework.boot.autoconfigure.web.WebMvcAutoConfiguration$WebMvcAutoConfigurationAdapter': AutowiredFieldElement for org.springframework.boot.autoconfigure.web.WebMvcAutoConfiguration$ResourceHandlerRegistrationCustomizer org.springframework.boot.autoconfigure.web.WebMvcAutoConfiguration$WebMvcAutoConfigurationAdapter.resourceHandlerRegistrationCustomizer
11:14:47.809 [Test worker] DEBUG org.springframework.beans.factory.support.DefaultListableBeanFactory - Finished creating instance of bean 'org.springframework.boot.autoconfigure.web.WebMvcAutoConfiguration$WebMvcAutoConfigurationAdapter'
11:14:47.810 [Test worker] DEBUG org.springframework.beans.factory.annotation.AutowiredAnnotationBeanPostProcessor - Autowiring by type from bean name 'org.springframework.boot.autoconfigure.web.WebMvcAutoConfiguration$EnableWebMvcConfiguration' to bean named 'org.springframework.boot.autoconfigure.web.WebMvcAutoConfiguration$WebMvcAutoConfigurationAdapter'
11:14:47.810 [Test worker] DEBUG org.springframework.beans.factory.annotation.InjectionMetadata - Processing injected element of bean 'org.springframework.boot.autoconfigure.web.WebMvcAutoConfiguration$EnableWebMvcConfiguration': AutowiredFieldElement for private org.springframework.boot.autoconfigure.web.WebMvcProperties org.springframework.boot.autoconfigure.web.WebMvcAutoConfiguration$EnableWebMvcConfiguration.mvcProperties
11:14:47.811 [Test worker] DEBUG org.springframework.beans.factory.support.DefaultListableBeanFactory - Returning cached instance of singleton bean 'spring.mvc.CONFIGURATION_PROPERTIES'
11:14:47.811 [Test worker] DEBUG org.springframework.beans.factory.annotation.AutowiredAnnotationBeanPostProcessor - Autowiring by type from bean name 'org.springframework.boot.autoconfigure.web.WebMvcAutoConfiguration$EnableWebMvcConfiguration' to bean named 'spring.mvc.CONFIGURATION_PROPERTIES'
11:14:47.811 [Test worker] DEBUG org.springframework.beans.factory.annotation.InjectionMetadata - Processing injected element of bean 'org.springframework.boot.autoconfigure.web.WebMvcAutoConfiguration$EnableWebMvcConfiguration': AutowiredFieldElement for private org.springframework.beans.factory.ListableBeanFactory org.springframework.boot.autoconfigure.web.WebMvcAutoConfiguration$EnableWebMvcConfiguration.beanFactory
11:14:47.811 [Test worker] DEBUG org.springframework.beans.factory.annotation.AutowiredAnnotationBeanPostProcessor - Autowiring by type from bean name 'org.springframework.boot.autoconfigure.web.WebMvcAutoConfiguration$EnableWebMvcConfiguration' to bean named 'org.springframework.beans.factory.support.DefaultListableBeanFactory@28947f6'
11:14:47.812 [Test worker] DEBUG org.springframework.beans.factory.support.DefaultListableBeanFactory - Finished creating instance of bean 'org.springframework.boot.autoconfigure.web.WebMvcAutoConfiguration$EnableWebMvcConfiguration'
11:14:47.813 [Test worker] DEBUG org.springframework.beans.factory.support.DefaultListableBeanFactory - Creating shared instance of singleton bean 'requestMappingHandlerAdapter'
11:14:47.813 [Test worker] DEBUG org.springframework.beans.factory.support.DefaultListableBeanFactory - Creating instance of bean 'requestMappingHandlerAdapter'
11:14:47.813 [Test worker] DEBUG org.springframework.beans.factory.support.DefaultListableBeanFactory - Returning cached instance of singleton bean 'org.springframework.boot.autoconfigure.web.WebMvcAutoConfiguration$EnableWebMvcConfiguration'
11:14:47.873 [Test worker] DEBUG org.springframework.beans.factory.support.DefaultListableBeanFactory - Creating shared instance of singleton bean 'mvcContentNegotiationManager'
11:14:47.873 [Test worker] DEBUG org.springframework.beans.factory.support.DefaultListableBeanFactory - Creating instance of bean 'mvcContentNegotiationManager'
11:14:47.875 [Test worker] DEBUG org.springframework.beans.factory.support.DefaultListableBeanFactory - Returning cached instance of singleton bean 'org.springframework.boot.autoconfigure.web.WebMvcAutoConfiguration$EnableWebMvcConfiguration'
11:14:47.894 [Test worker] DEBUG org.springframework.beans.factory.support.DefaultListableBeanFactory - Eagerly caching bean 'mvcContentNegotiationManager' to allow for resolving potential circular references
11:14:47.899 [Test worker] DEBUG org.springframework.beans.factory.support.DefaultListableBeanFactory - Finished creating instance of bean 'mvcContentNegotiationManager'
11:14:47.900 [Test worker] DEBUG org.springframework.beans.factory.support.DefaultListableBeanFactory - Creating shared instance of singleton bean 'mvcConversionService'
11:14:47.901 [Test worker] DEBUG org.springframework.beans.factory.support.DefaultListableBeanFactory - Creating instance of bean 'mvcConversionService'
11:14:47.901 [Test worker] DEBUG org.springframework.beans.factory.support.DefaultListableBeanFactory - Returning cached instance of singleton bean 'org.springframework.boot.autoconfigure.web.WebMvcAutoConfiguration$EnableWebMvcConfiguration'
11:14:48.080 [Test worker] DEBUG org.springframework.beans.factory.support.DefaultListableBeanFactory - Eagerly caching bean 'mvcConversionService' to allow for resolving potential circular references
11:14:48.091 [Test worker] DEBUG org.springframework.beans.factory.support.DefaultListableBeanFactory - Finished creating instance of bean 'mvcConversionService'
11:14:48.091 [Test worker] DEBUG org.springframework.beans.factory.support.DefaultListableBeanFactory - Creating shared instance of singleton bean 'mvcValidator'
11:14:48.091 [Test worker] DEBUG org.springframework.beans.factory.support.DefaultListableBeanFactory - Creating instance of bean 'mvcValidator'
11:14:48.091 [Test worker] DEBUG org.springframework.beans.factory.support.DefaultListableBeanFactory - Returning cached instance of singleton bean 'org.springframework.boot.autoconfigure.web.WebMvcAutoConfiguration$EnableWebMvcConfiguration'
11:14:48.095 [Test worker] DEBUG org.springframework.beans.factory.support.DefaultListableBeanFactory - Eagerly caching bean 'mvcValidator' to allow for resolving potential circular references
11:14:48.107 [Test worker] DEBUG org.springframework.beans.factory.support.DefaultListableBeanFactory - Invoking afterPropertiesSet() on bean with name 'mvcValidator'
11:14:48.110 [Test worker] DEBUG org.hibernate.validator.internal.engine.resolver.DefaultTraversableResolver - Cannot find javax.persistence.Persistence on classpath. Assuming non JPA 2 environment. All properties will per default be traversable.
11:14:48.111 [Test worker] DEBUG org.hibernate.validator.internal.engine.ConfigurationImpl - Setting custom MessageInterpolator of type org.springframework.validation.beanvalidation.LocaleContextMessageInterpolator
11:14:48.111 [Test worker] DEBUG org.hibernate.validator.internal.engine.ConfigurationImpl - Setting custom ConstraintValidatorFactory of type org.springframework.validation.beanvalidation.SpringConstraintValidatorFactory
11:14:48.111 [Test worker] DEBUG org.hibernate.validator.internal.engine.ConfigurationImpl - Setting custom ParameterNameProvider of type com.sun.proxy.$Proxy60
11:14:48.112 [Test worker] DEBUG org.hibernate.validator.internal.xml.ValidationXmlParser - Trying to load META-INF/validation.xml for XML based Validator configuration.
11:14:48.113 [Test worker] DEBUG org.hibernate.validator.internal.xml.ResourceLoaderHelper - Trying to load META-INF/validation.xml via user class loader
11:14:48.113 [Test worker] DEBUG org.hibernate.validator.internal.xml.ResourceLoaderHelper - Trying to load META-INF/validation.xml via TCCL
11:14:48.114 [Test worker] DEBUG org.hibernate.validator.internal.xml.ResourceLoaderHelper - Trying to load META-INF/validation.xml via Hibernate Validator's class loader
11:14:48.115 [Test worker] DEBUG org.hibernate.validator.internal.xml.ValidationXmlParser - No META-INF/validation.xml found. Using annotation based configuration only.
11:14:48.116 [Test worker] DEBUG org.springframework.beans.factory.support.DefaultListableBeanFactory - Finished creating instance of bean 'mvcValidator'
11:14:48.133 [Test worker] DEBUG org.springframework.beans.factory.support.DefaultListableBeanFactory - Eagerly caching bean 'requestMappingHandlerAdapter' to allow for resolving potential circular references
11:14:48.158 [Test worker] DEBUG org.springframework.beans.factory.support.DefaultListableBeanFactory - Invoking afterPropertiesSet() on bean with name 'requestMappingHandlerAdapter'
11:14:48.158 [Test worker] INFO org.springframework.web.servlet.mvc.method.annotation.RequestMappingHandlerAdapter - Looking for @ControllerAdvice: org.springframework.web.context.support.GenericWebApplicationContext@3678e173: startup date [Wed Aug 17 11:14:41 IST 2016]; root of context hierarchy
11:14:48.258 [Test worker] DEBUG org.springframework.beans.factory.support.DefaultListableBeanFactory - Finished creating instance of bean 'requestMappingHandlerAdapter'
11:14:48.259 [Test worker] DEBUG org.springframework.beans.factory.support.DefaultListableBeanFactory - Creating shared instance of singleton bean 'requestMappingHandlerMapping'
11:14:48.259 [Test worker] DEBUG org.springframework.beans.factory.support.DefaultListableBeanFactory - Creating instance of bean 'requestMappingHandlerMapping'
11:14:48.259 [Test worker] DEBUG org.springframework.beans.factory.support.DefaultListableBeanFactory - Returning cached instance of singleton bean 'org.springframework.boot.autoconfigure.web.WebMvcAutoConfiguration$EnableWebMvcConfiguration'
11:14:48.284 [Test worker] DEBUG org.springframework.beans.factory.support.DefaultListableBeanFactory - Returning cached instance of singleton bean 'mvcConversionService'
11:14:48.287 [Test worker] DEBUG org.springframework.beans.factory.support.DefaultListableBeanFactory - Creating shared instance of singleton bean 'mvcResourceUrlProvider'
11:14:48.287 [Test worker] DEBUG org.springframework.beans.factory.support.DefaultListableBeanFactory - Creating instance of bean 'mvcResourceUrlProvider'
11:14:48.287 [Test worker] DEBUG org.springframework.beans.factory.support.DefaultListableBeanFactory - Returning cached instance of singleton bean 'org.springframework.boot.autoconfigure.web.WebMvcAutoConfiguration$EnableWebMvcConfiguration'
11:14:48.290 [Test worker] DEBUG org.springframework.beans.factory.support.DefaultListableBeanFactory - Eagerly caching bean 'mvcResourceUrlProvider' to allow for resolving potential circular references
11:14:48.294 [Test worker] DEBUG org.springframework.beans.factory.support.DefaultListableBeanFactory - Finished creating instance of bean 'mvcResourceUrlProvider'
11:14:48.295 [Test worker] DEBUG org.springframework.beans.factory.support.DefaultListableBeanFactory - Returning cached instance of singleton bean 'mvcContentNegotiationManager'
11:14:48.304 [Test worker] DEBUG org.springframework.beans.factory.support.DefaultListableBeanFactory - Eagerly caching bean 'requestMappingHandlerMapping' to allow for resolving potential circular references
11:14:48.323 [Test worker] DEBUG org.springframework.beans.factory.support.DefaultListableBeanFactory - Invoking afterPropertiesSet() on bean with name 'requestMappingHandlerMapping'
11:14:48.323 [Test worker] DEBUG org.springframework.web.servlet.mvc.method.annotation.RequestMappingHandlerMapping - Looking for request mappings in application context: org.springframework.web.context.support.GenericWebApplicationContext@3678e173: startup date [Wed Aug 17 11:14:41 IST 2016]; root of context hierarchy
11:14:48.325 [Test worker] DEBUG org.springframework.web.servlet.mvc.method.annotation.RequestMappingHandlerMapping - 0 request handler methods found on class org.retailmanager.api.error.GlobalExceptionHandler: {}
11:14:48.358 [Test worker] DEBUG org.springframework.web.servlet.mvc.method.annotation.RequestMappingHandlerMapping - 2 request handler methods found on class org.retailmanager.api.RetailsManagerController: {public org.springframework.http.ResponseEntity org.retailmanager.api.RetailsManagerController.getShops(java.lang.Float,java.lang.Float)={[/api/shops],methods=[GET],produces=[application/json]}, public org.springframework.http.ResponseEntity org.retailmanager.api.RetailsManagerController.addShop(org.retailmanager.api.request.ShopRequestVO)={[/api/shops],methods=[POST],consumes=[application/json],produces=[application/json]}}
11:14:48.359 [Test worker] INFO org.springframework.web.servlet.mvc.method.annotation.RequestMappingHandlerMapping - Mapped "{[/api/shops],methods=[GET],produces=[application/json]}" onto public org.springframework.http.ResponseEntity<java.util.Collection<org.retailmanager.api.response.ShopsResponseVO>> org.retailmanager.api.RetailsManagerController.getShops(java.lang.Float,java.lang.Float)
11:14:48.361 [Test worker] INFO org.springframework.web.servlet.mvc.method.annotation.RequestMappingHandlerMapping - Mapped "{[/api/shops],methods=[POST],consumes=[application/json],produces=[application/json]}" onto public org.springframework.http.ResponseEntity<org.retailmanager.api.response.ShopsResponseVO> org.retailmanager.api.RetailsManagerController.addShop(org.retailmanager.api.request.ShopRequestVO)
11:14:48.364 [Test worker] DEBUG org.springframework.core.env.PropertySourcesPropertyResolver - Searching for key 'error.path:/error' in [environmentProperties]
11:14:48.364 [Test worker] DEBUG org.springframework.core.env.PropertySourcesPropertyResolver - Searching for key 'error.path:/error' in [servletConfigInitParams]
11:14:48.364 [Test worker] DEBUG org.springframework.core.env.PropertySourcesPropertyResolver - Searching for key 'error.path:/error' in [servletContextInitParams]
11:14:48.364 [Test worker] DEBUG org.springframework.core.env.PropertySourcesPropertyResolver - Searching for key 'error.path:/error' in [systemProperties]
11:14:48.364 [Test worker] DEBUG org.springframework.core.env.PropertySourcesPropertyResolver - Searching for key 'error.path:/error' in [systemEnvironment]
11:14:48.365 [Test worker] DEBUG org.springframework.core.env.PropertySourcesPropertyResolver - Could not find key 'error.path:/error' in any property source. Returning [null]
11:14:48.365 [Test worker] DEBUG org.springframework.core.env.PropertySourcesPropertyResolver - Searching for key 'error.path:/error' in [localProperties]
11:14:48.365 [Test worker] DEBUG org.springframework.core.env.PropertySourcesPropertyResolver - Could not find key 'error.path:/error' in any property source. Returning [null]
11:14:48.365 [Test worker] DEBUG org.springframework.core.env.PropertySourcesPropertyResolver - Searching for key 'error.path' in [environmentProperties]
11:14:48.365 [Test worker] DEBUG org.springframework.core.env.PropertySourcesPropertyResolver - Searching for key 'error.path' in [servletConfigInitParams]
11:14:48.365 [Test worker] DEBUG org.springframework.core.env.PropertySourcesPropertyResolver - Searching for key 'error.path' in [servletContextInitParams]
11:14:48.365 [Test worker] DEBUG org.springframework.core.env.PropertySourcesPropertyResolver - Searching for key 'error.path' in [systemProperties]
11:14:48.365 [Test worker] DEBUG org.springframework.core.env.PropertySourcesPropertyResolver - Searching for key 'error.path' in [systemEnvironment]
11:14:48.365 [Test worker] DEBUG org.springframework.core.env.PropertySourcesPropertyResolver - Could not find key 'error.path' in any property source. Returning [null]
11:14:48.365 [Test worker] DEBUG org.springframework.core.env.PropertySourcesPropertyResolver - Searching for key 'error.path' in [localProperties]
11:14:48.365 [Test worker] DEBUG org.springframework.core.env.PropertySourcesPropertyResolver - Could not find key 'error.path' in any property source. Returning [null]
11:14:48.366 [Test worker] DEBUG org.springframework.core.env.PropertySourcesPropertyResolver - Searching for key 'server.error.path:/error' in [environmentProperties]
11:14:48.366 [Test worker] DEBUG org.springframework.core.env.PropertySourcesPropertyResolver - Searching for key 'server.error.path:/error' in [servletConfigInitParams]
11:14:48.366 [Test worker] DEBUG org.springframework.core.env.PropertySourcesPropertyResolver - Searching for key 'server.error.path:/error' in [servletContextInitParams]
11:14:48.366 [Test worker] DEBUG org.springframework.core.env.PropertySourcesPropertyResolver - Searching for key 'server.error.path:/error' in [systemProperties]
11:14:48.366 [Test worker] DEBUG org.springframework.core.env.PropertySourcesPropertyResolver - Searching for key 'server.error.path:/error' in [systemEnvironment]
11:14:48.366 [Test worker] DEBUG org.springframework.core.env.PropertySourcesPropertyResolver - Could not find key 'server.error.path:/error' in any property source. Returning [null]
11:14:48.366 [Test worker] DEBUG org.springframework.core.env.PropertySourcesPropertyResolver - Searching for key 'server.error.path:/error' in [localProperties]
11:14:48.366 [Test worker] DEBUG org.springframework.core.env.PropertySourcesPropertyResolver - Could not find key 'server.error.path:/error' in any property source. Returning [null]
11:14:48.366 [Test worker] DEBUG org.springframework.core.env.PropertySourcesPropertyResolver - Searching for key 'server.error.path' in [environmentProperties]
11:14:48.366 [Test worker] DEBUG org.springframework.core.env.PropertySourcesPropertyResolver - Searching for key 'server.error.path' in [servletConfigInitParams]
11:14:48.366 [Test worker] DEBUG org.springframework.core.env.PropertySourcesPropertyResolver - Searching for key 'server.error.path' in [servletContextInitParams]
11:14:48.366 [Test worker] DEBUG org.springframework.core.env.PropertySourcesPropertyResolver - Searching for key 'server.error.path' in [systemProperties]
11:14:48.366 [Test worker] DEBUG org.springframework.core.env.PropertySourcesPropertyResolver - Searching for key 'server.error.path' in [systemEnvironment]
11:14:48.367 [Test worker] DEBUG org.springframework.core.env.PropertySourcesPropertyResolver - Could not find key 'server.error.path' in any property source. Returning [null]
11:14:48.367 [Test worker] DEBUG org.springframework.core.env.PropertySourcesPropertyResolver - Searching for key 'server.error.path' in [localProperties]
11:14:48.367 [Test worker] DEBUG org.springframework.core.env.PropertySourcesPropertyResolver - Could not find key 'server.error.path' in any property source. Returning [null]
11:14:48.368 [Test worker] DEBUG org.springframework.core.env.PropertySourcesPropertyResolver - Searching for key 'error.path:/error' in [environmentProperties]
11:14:48.368 [Test worker] DEBUG org.springframework.core.env.PropertySourcesPropertyResolver - Searching for key 'error.path:/error' in [servletConfigInitParams]
11:14:48.368 [Test worker] DEBUG org.springframework.core.env.PropertySourcesPropertyResolver - Searching for key 'error.path:/error' in [servletContextInitParams]
11:14:48.368 [Test worker] DEBUG org.springframework.core.env.PropertySourcesPropertyResolver - Searching for key 'error.path:/error' in [systemProperties]
11:14:48.368 [Test worker] DEBUG org.springframework.core.env.PropertySourcesPropertyResolver - Searching for key 'error.path:/error' in [systemEnvironment]
11:14:48.368 [Test worker] DEBUG org.springframework.core.env.PropertySourcesPropertyResolver - Could not find key 'error.path:/error' in any property source. Returning [null]
11:14:48.369 [Test worker] DEBUG org.springframework.core.env.PropertySourcesPropertyResolver - Searching for key 'error.path:/error' in [localProperties]
11:14:48.369 [Test worker] DEBUG org.springframework.core.env.PropertySourcesPropertyResolver - Could not find key 'error.path:/error' in any property source. Returning [null]
11:14:48.369 [Test worker] DEBUG org.springframework.core.env.PropertySourcesPropertyResolver - Searching for key 'error.path' in [environmentProperties]
11:14:48.369 [Test worker] DEBUG org.springframework.core.env.PropertySourcesPropertyResolver - Searching for key 'error.path' in [servletConfigInitParams]
11:14:48.369 [Test worker] DEBUG org.springframework.core.env.PropertySourcesPropertyResolver - Searching for key 'error.path' in [servletContextInitParams]
11:14:48.369 [Test worker] DEBUG org.springframework.core.env.PropertySourcesPropertyResolver - Searching for key 'error.path' in [systemProperties]
11:14:48.369 [Test worker] DEBUG org.springframework.core.env.PropertySourcesPropertyResolver - Searching for key 'error.path' in [systemEnvironment]
11:14:48.369 [Test worker] DEBUG org.springframework.core.env.PropertySourcesPropertyResolver - Could not find key 'error.path' in any property source. Returning [null]
11:14:48.369 [Test worker] DEBUG org.springframework.core.env.PropertySourcesPropertyResolver - Searching for key 'error.path' in [localProperties]
11:14:48.369 [Test worker] DEBUG org.springframework.core.env.PropertySourcesPropertyResolver - Could not find key 'error.path' in any property source. Returning [null]
11:14:48.369 [Test worker] DEBUG org.springframework.core.env.PropertySourcesPropertyResolver - Searching for key 'server.error.path:/error' in [environmentProperties]
11:14:48.369 [Test worker] DEBUG org.springframework.core.env.PropertySourcesPropertyResolver - Searching for key 'server.error.path:/error' in [servletConfigInitParams]
11:14:48.369 [Test worker] DEBUG org.springframework.core.env.PropertySourcesPropertyResolver - Searching for key 'server.error.path:/error' in [servletContextInitParams]
11:14:48.370 [Test worker] DEBUG org.springframework.core.env.PropertySourcesPropertyResolver - Searching for key 'server.error.path:/error' in [systemProperties]
11:14:48.370 [Test worker] DEBUG org.springframework.core.env.PropertySourcesPropertyResolver - Searching for key 'server.error.path:/error' in [systemEnvironment]
11:14:48.370 [Test worker] DEBUG org.springframework.core.env.PropertySourcesPropertyResolver - Could not find key 'server.error.path:/error' in any property source. Returning [null]
11:14:48.370 [Test worker] DEBUG org.springframework.core.env.PropertySourcesPropertyResolver - Searching for key 'server.error.path:/error' in [localProperties]
11:14:48.370 [Test worker] DEBUG org.springframework.core.env.PropertySourcesPropertyResolver - Could not find key 'server.error.path:/error' in any property source. Returning [null]
11:14:48.370 [Test worker] DEBUG org.springframework.core.env.PropertySourcesPropertyResolver - Searching for key 'server.error.path' in [environmentProperties]
11:14:48.370 [Test worker] DEBUG org.springframework.core.env.PropertySourcesPropertyResolver - Searching for key 'server.error.path' in [servletConfigInitParams]
11:14:48.370 [Test worker] DEBUG org.springframework.core.env.PropertySourcesPropertyResolver - Searching for key 'server.error.path' in [servletContextInitParams]
11:14:48.370 [Test worker] DEBUG org.springframework.core.env.PropertySourcesPropertyResolver - Searching for key 'server.error.path' in [systemProperties]
11:14:48.370 [Test worker] DEBUG org.springframework.core.env.PropertySourcesPropertyResolver - Searching for key 'server.error.path' in [systemEnvironment]
11:14:48.370 [Test worker] DEBUG org.springframework.core.env.PropertySourcesPropertyResolver - Could not find key 'server.error.path' in any property source. Returning [null]
11:14:48.370 [Test worker] DEBUG org.springframework.core.env.PropertySourcesPropertyResolver - Searching for key 'server.error.path' in [localProperties]
11:14:48.370 [Test worker] DEBUG org.springframework.core.env.PropertySourcesPropertyResolver - Could not find key 'server.error.path' in any property source. Returning [null]
11:14:48.371 [Test worker] DEBUG org.springframework.web.servlet.mvc.method.annotation.RequestMappingHandlerMapping - 2 request handler methods found on class org.springframework.boot.autoconfigure.web.BasicErrorController: {public org.springframework.http.ResponseEntity org.springframework.boot.autoconfigure.web.BasicErrorController.error(javax.servlet.http.HttpServletRequest)={[/error]}, public org.springframework.web.servlet.ModelAndView org.springframework.boot.autoconfigure.web.BasicErrorController.errorHtml(javax.servlet.http.HttpServletRequest,javax.servlet.http.HttpServletResponse)={[/error],produces=[text/html]}}
11:14:48.372 [Test worker] INFO org.springframework.web.servlet.mvc.method.annotation.RequestMappingHandlerMapping - Mapped "{[/error]}" onto public org.springframework.http.ResponseEntity<java.util.Map<java.lang.String, java.lang.Object>> org.springframework.boot.autoconfigure.web.BasicErrorController.error(javax.servlet.http.HttpServletRequest)
11:14:48.372 [Test worker] INFO org.springframework.web.servlet.mvc.method.annotation.RequestMappingHandlerMapping - Mapped "{[/error],produces=[text/html]}" onto public org.springframework.web.servlet.ModelAndView org.springframework.boot.autoconfigure.web.BasicErrorController.errorHtml(javax.servlet.http.HttpServletRequest,javax.servlet.http.HttpServletResponse)
11:14:48.375 [Test worker] DEBUG org.springframework.beans.factory.support.DefaultListableBeanFactory - Finished creating instance of bean 'requestMappingHandlerMapping'
11:14:48.375 [Test worker] DEBUG org.springframework.beans.factory.support.DefaultListableBeanFactory - Returning cached instance of singleton bean 'mvcContentNegotiationManager'
11:14:48.376 [Test worker] DEBUG org.springframework.beans.factory.support.DefaultListableBeanFactory - Creating shared instance of singleton bean 'viewControllerHandlerMapping'
11:14:48.376 [Test worker] DEBUG org.springframework.beans.factory.support.DefaultListableBeanFactory - Creating instance of bean 'viewControllerHandlerMapping'
11:14:48.376 [Test worker] DEBUG org.springframework.beans.factory.support.DefaultListableBeanFactory - Returning cached instance of singleton bean 'org.springframework.boot.autoconfigure.web.WebMvcAutoConfiguration$EnableWebMvcConfiguration'
11:14:48.383 [Test worker] DEBUG org.springframework.beans.factory.support.DefaultListableBeanFactory - Creating shared instance of singleton bean 'mvcPathMatcher'
11:14:48.383 [Test worker] DEBUG org.springframework.beans.factory.support.DefaultListableBeanFactory - Creating instance of bean 'mvcPathMatcher'
11:14:48.383 [Test worker] DEBUG org.springframework.beans.factory.support.DefaultListableBeanFactory - Returning cached instance of singleton bean 'org.springframework.boot.autoconfigure.web.WebMvcAutoConfiguration$EnableWebMvcConfiguration'
11:14:48.384 [Test worker] DEBUG org.springframework.beans.factory.support.DefaultListableBeanFactory - Eagerly caching bean 'mvcPathMatcher' to allow for resolving potential circular references
11:14:48.388 [Test worker] DEBUG org.springframework.beans.factory.support.DefaultListableBeanFactory - Finished creating instance of bean 'mvcPathMatcher'
11:14:48.389 [Test worker] DEBUG org.springframework.beans.factory.support.DefaultListableBeanFactory - Creating shared instance of singleton bean 'mvcUrlPathHelper'
11:14:48.389 [Test worker] DEBUG org.springframework.beans.factory.support.DefaultListableBeanFactory - Creating instance of bean 'mvcUrlPathHelper'
11:14:48.389 [Test worker] DEBUG org.springframework.beans.factory.support.DefaultListableBeanFactory - Returning cached instance of singleton bean 'org.springframework.boot.autoconfigure.web.WebMvcAutoConfiguration$EnableWebMvcConfiguration'
11:14:48.390 [Test worker] DEBUG org.springframework.beans.factory.support.DefaultListableBeanFactory - Eagerly caching bean 'mvcUrlPathHelper' to allow for resolving potential circular references
11:14:48.394 [Test worker] DEBUG org.springframework.beans.factory.support.DefaultListableBeanFactory - Finished creating instance of bean 'mvcUrlPathHelper'
11:14:48.395 [Test worker] DEBUG org.springframework.beans.factory.support.DefaultListableBeanFactory - Eagerly caching bean 'viewControllerHandlerMapping' to allow for resolving potential circular references
11:14:48.401 [Test worker] DEBUG org.springframework.beans.factory.support.DefaultListableBeanFactory - Finished creating instance of bean 'viewControllerHandlerMapping'
11:14:48.401 [Test worker] DEBUG org.springframework.beans.factory.support.DefaultListableBeanFactory - Creating shared instance of singleton bean 'beanNameHandlerMapping'
11:14:48.401 [Test worker] DEBUG org.springframework.beans.factory.support.DefaultListableBeanFactory - Creating instance of bean 'beanNameHandlerMapping'
11:14:48.402 [Test worker] DEBUG org.springframework.beans.factory.support.DefaultListableBeanFactory - Returning cached instance of singleton bean 'org.springframework.boot.autoconfigure.web.WebMvcAutoConfiguration$EnableWebMvcConfiguration'
11:14:48.405 [Test worker] DEBUG org.springframework.beans.factory.support.DefaultListableBeanFactory - Eagerly caching bean 'beanNameHandlerMapping' to allow for resolving potential circular references
11:14:48.418 [Test worker] DEBUG org.springframework.web.servlet.handler.BeanNameUrlHandlerMapping - Looking for URL mappings in application context: org.springframework.web.context.support.GenericWebApplicationContext@3678e173: startup date [Wed Aug 17 11:14:41 IST 2016]; root of context hierarchy
11:14:48.419 [Test worker] DEBUG org.springframework.web.servlet.handler.BeanNameUrlHandlerMapping - Rejected bean name 'org.springframework.context.annotation.internalConfigurationAnnotationProcessor': no URL paths identified
11:14:48.419 [Test worker] DEBUG org.springframework.web.servlet.handler.BeanNameUrlHandlerMapping - Rejected bean name 'org.springframework.context.annotation.internalAutowiredAnnotationProcessor': no URL paths identified
11:14:48.419 [Test worker] DEBUG org.springframework.web.servlet.handler.BeanNameUrlHandlerMapping - Rejected bean name 'org.springframework.context.annotation.internalRequiredAnnotationProcessor': no URL paths identified
11:14:48.419 [Test worker] DEBUG org.springframework.web.servlet.handler.BeanNameUrlHandlerMapping - Rejected bean name 'org.springframework.context.annotation.internalCommonAnnotationProcessor': no URL paths identified
11:14:48.419 [Test worker] DEBUG org.springframework.web.servlet.handler.BeanNameUrlHandlerMapping - Rejected bean name 'org.springframework.context.event.internalEventListenerProcessor': no URL paths identified
11:14:48.419 [Test worker] DEBUG org.springframework.web.servlet.handler.BeanNameUrlHandlerMapping - Rejected bean name 'org.springframework.context.event.internalEventListenerFactory': no URL paths identified
11:14:48.419 [Test worker] DEBUG org.springframework.web.servlet.handler.BeanNameUrlHandlerMapping - Rejected bean name 'application': no URL paths identified
11:14:48.419 [Test worker] DEBUG org.springframework.web.servlet.handler.BeanNameUrlHandlerMapping - Rejected bean name 'org.springframework.context.annotation.ConfigurationClassPostProcessor.importAwareProcessor': no URL paths identified
11:14:48.420 [Test worker] DEBUG org.springframework.web.servlet.handler.BeanNameUrlHandlerMapping - Rejected bean name 'org.springframework.context.annotation.ConfigurationClassPostProcessor.enhancedConfigurationProcessor': no URL paths identified
11:14:48.420 [Test worker] DEBUG org.springframework.web.servlet.handler.BeanNameUrlHandlerMapping - Rejected bean name 'globalExceptionHandler': no URL paths identified
11:14:48.420 [Test worker] DEBUG org.springframework.web.servlet.handler.BeanNameUrlHandlerMapping - Rejected bean name 'retailsManagerController': no URL paths identified
11:14:48.420 [Test worker] DEBUG org.springframework.web.servlet.handler.BeanNameUrlHandlerMapping - Rejected bean name 'googleGeoCodeClient': no URL paths identified
11:14:48.420 [Test worker] DEBUG org.springframework.web.servlet.handler.BeanNameUrlHandlerMapping - Rejected bean name 'retailManagerService': no URL paths identified
11:14:48.420 [Test worker] DEBUG org.springframework.web.servlet.handler.BeanNameUrlHandlerMapping - Rejected bean name 'shopsRepository': no URL paths identified
11:14:48.420 [Test worker] DEBUG org.springframework.web.servlet.handler.BeanNameUrlHandlerMapping - Rejected bean name 'org.springframework.boot.autoconfigure.AutoConfigurationPackages': no URL paths identified
11:14:48.420 [Test worker] DEBUG org.springframework.web.servlet.handler.BeanNameUrlHandlerMapping - Rejected bean name 'org.springframework.boot.autoconfigure.PropertyPlaceholderAutoConfiguration': no URL paths identified
11:14:48.421 [Test worker] DEBUG org.springframework.web.servlet.handler.BeanNameUrlHandlerMapping - Rejected bean name 'org.springframework.boot.autoconfigure.condition.BeanTypeRegistry': no URL paths identified
11:14:48.421 [Test worker] DEBUG org.springframework.web.servlet.handler.BeanNameUrlHandlerMapping - Rejected bean name 'propertySourcesPlaceholderConfigurer': no URL paths identified
11:14:48.421 [Test worker] DEBUG org.springframework.web.servlet.handler.BeanNameUrlHandlerMapping - Rejected bean name 'org.springframework.boot.autoconfigure.websocket.WebSocketAutoConfiguration$TomcatWebSocketConfiguration': no URL paths identified
11:14:48.421 [Test worker] DEBUG org.springframework.web.servlet.handler.BeanNameUrlHandlerMapping - Rejected bean name 'websocketContainerCustomizer': no URL paths identified
11:14:48.421 [Test worker] DEBUG org.springframework.web.servlet.handler.BeanNameUrlHandlerMapping - Rejected bean name 'org.springframework.boot.autoconfigure.websocket.WebSocketAutoConfiguration': no URL paths identified
11:14:48.421 [Test worker] DEBUG org.springframework.web.servlet.handler.BeanNameUrlHandlerMapping - Rejected bean name 'org.springframework.boot.autoconfigure.web.EmbeddedServletContainerAutoConfiguration$EmbeddedTomcat': no URL paths identified
11:14:48.421 [Test worker] DEBUG org.springframework.web.servlet.handler.BeanNameUrlHandlerMapping - Rejected bean name 'tomcatEmbeddedServletContainerFactory': no URL paths identified
11:14:48.421 [Test worker] DEBUG org.springframework.web.servlet.handler.BeanNameUrlHandlerMapping - Rejected bean name 'org.springframework.boot.autoconfigure.web.EmbeddedServletContainerAutoConfiguration': no URL paths identified
11:14:48.422 [Test worker] DEBUG org.springframework.web.servlet.handler.BeanNameUrlHandlerMapping - Rejected bean name 'embeddedServletContainerCustomizerBeanPostProcessor': no URL paths identified
11:14:48.422 [Test worker] DEBUG org.springframework.web.servlet.handler.BeanNameUrlHandlerMapping - Rejected bean name 'org.springframework.boot.autoconfigure.web.DispatcherServletAutoConfiguration$DispatcherServletConfiguration': no URL paths identified
11:14:48.422 [Test worker] DEBUG org.springframework.web.servlet.handler.BeanNameUrlHandlerMapping - Rejected bean name 'dispatcherServlet': no URL paths identified
11:14:48.422 [Test worker] DEBUG org.springframework.web.servlet.handler.BeanNameUrlHandlerMapping - Rejected bean name 'dispatcherServletRegistration': no URL paths identified
11:14:48.422 [Test worker] DEBUG org.springframework.web.servlet.handler.BeanNameUrlHandlerMapping - Rejected bean name 'spring.mvc.CONFIGURATION_PROPERTIES': no URL paths identified
11:14:48.422 [Test worker] DEBUG org.springframework.web.servlet.handler.BeanNameUrlHandlerMapping - Rejected bean name 'org.springframework.boot.context.properties.ConfigurationPropertiesBindingPostProcessor': no URL paths identified
11:14:48.422 [Test worker] DEBUG org.springframework.web.servlet.handler.BeanNameUrlHandlerMapping - Rejected bean name 'org.springframework.boot.context.properties.ConfigurationPropertiesBindingPostProcessor.store': no URL paths identified
11:14:48.422 [Test worker] DEBUG org.springframework.web.servlet.handler.BeanNameUrlHandlerMapping - Rejected bean name 'org.springframework.boot.autoconfigure.web.DispatcherServletAutoConfiguration': no URL paths identified
11:14:48.423 [Test worker] DEBUG org.springframework.web.servlet.handler.BeanNameUrlHandlerMapping - Rejected bean name 'org.springframework.boot.autoconfigure.web.ErrorMvcAutoConfiguration$WhitelabelErrorViewConfiguration': no URL paths identified
11:14:48.423 [Test worker] DEBUG org.springframework.web.servlet.handler.BeanNameUrlHandlerMapping - Rejected bean name 'error': no URL paths identified
11:14:48.423 [Test worker] DEBUG org.springframework.web.servlet.handler.BeanNameUrlHandlerMapping - Rejected bean name 'beanNameViewResolver': no URL paths identified
11:14:48.423 [Test worker] DEBUG org.springframework.web.servlet.handler.BeanNameUrlHandlerMapping - Rejected bean name 'org.springframework.boot.autoconfigure.web.ErrorMvcAutoConfiguration': no URL paths identified
11:14:48.423 [Test worker] DEBUG org.springframework.web.servlet.handler.BeanNameUrlHandlerMapping - Rejected bean name 'errorAttributes': no URL paths identified
11:14:48.424 [Test worker] DEBUG org.springframework.web.servlet.handler.BeanNameUrlHandlerMapping - Rejected bean name 'basicErrorController': no URL paths identified
11:14:48.424 [Test worker] DEBUG org.springframework.web.servlet.handler.BeanNameUrlHandlerMapping - Rejected bean name 'errorPageCustomizer': no URL paths identified
11:14:48.424 [Test worker] DEBUG org.springframework.web.servlet.handler.BeanNameUrlHandlerMapping - Rejected bean name 'preserveErrorControllerTargetClassPostProcessor': no URL paths identified
11:14:48.425 [Test worker] DEBUG org.springframework.web.servlet.handler.BeanNameUrlHandlerMapping - Rejected bean name 'org.springframework.boot.autoconfigure.web.WebMvcAutoConfiguration$EnableWebMvcConfiguration': no URL paths identified
11:14:48.425 [Test worker] DEBUG org.springframework.web.servlet.handler.BeanNameUrlHandlerMapping - Rejected bean name 'requestMappingHandlerAdapter': no URL paths identified
11:14:48.425 [Test worker] DEBUG org.springframework.web.servlet.handler.BeanNameUrlHandlerMapping - Rejected bean name 'requestMappingHandlerMapping': no URL paths identified
11:14:48.426 [Test worker] DEBUG org.springframework.web.servlet.handler.BeanNameUrlHandlerMapping - Rejected bean name 'mvcContentNegotiationManager': no URL paths identified
11:14:48.426 [Test worker] DEBUG org.springframework.web.servlet.handler.BeanNameUrlHandlerMapping - Rejected bean name 'viewControllerHandlerMapping': no URL paths identified
11:14:48.426 [Test worker] DEBUG org.springframework.web.servlet.handler.BeanNameUrlHandlerMapping - Rejected bean name 'beanNameHandlerMapping': no URL paths identified
11:14:48.426 [Test worker] DEBUG org.springframework.web.servlet.handler.BeanNameUrlHandlerMapping - Rejected bean name 'resourceHandlerMapping': no URL paths identified
11:14:48.426 [Test worker] DEBUG org.springframework.web.servlet.handler.BeanNameUrlHandlerMapping - Rejected bean name 'mvcResourceUrlProvider': no URL paths identified
11:14:48.427 [Test worker] DEBUG org.springframework.web.servlet.handler.BeanNameUrlHandlerMapping - Rejected bean name 'defaultServletHandlerMapping': no URL paths identified
11:14:48.427 [Test worker] DEBUG org.springframework.web.servlet.handler.BeanNameUrlHandlerMapping - Rejected bean name 'mvcConversionService': no URL paths identified
11:14:48.427 [Test worker] DEBUG org.springframework.web.servlet.handler.BeanNameUrlHandlerMapping - Rejected bean name 'mvcValidator': no URL paths identified
11:14:48.427 [Test worker] DEBUG org.springframework.web.servlet.handler.BeanNameUrlHandlerMapping - Rejected bean name 'mvcPathMatcher': no URL paths identified
11:14:48.427 [Test worker] DEBUG org.springframework.web.servlet.handler.BeanNameUrlHandlerMapping - Rejected bean name 'mvcUrlPathHelper': no URL paths identified
11:14:48.427 [Test worker] DEBUG org.springframework.web.servlet.handler.BeanNameUrlHandlerMapping - Rejected bean name 'mvcUriComponentsContributor': no URL paths identified
11:14:48.427 [Test worker] DEBUG org.springframework.web.servlet.handler.BeanNameUrlHandlerMapping - Rejected bean name 'httpRequestHandlerAdapter': no URL paths identified
11:14:48.427 [Test worker] DEBUG org.springframework.web.servlet.handler.BeanNameUrlHandlerMapping - Rejected bean name 'simpleControllerHandlerAdapter': no URL paths identified
11:14:48.427 [Test worker] DEBUG org.springframework.web.servlet.handler.BeanNameUrlHandlerMapping - Rejected bean name 'handlerExceptionResolver': no URL paths identified
11:14:48.427 [Test worker] DEBUG org.springframework.web.servlet.handler.BeanNameUrlHandlerMapping - Rejected bean name 'mvcViewResolver': no URL paths identified
11:14:48.427 [Test worker] DEBUG org.springframework.web.servlet.handler.BeanNameUrlHandlerMapping - Rejected bean name 'org.springframework.boot.autoconfigure.web.WebMvcAutoConfiguration$WebMvcAutoConfigurationAdapter$FaviconConfiguration': no URL paths identified
11:14:48.428 [Test worker] DEBUG org.springframework.web.servlet.handler.BeanNameUrlHandlerMapping - Rejected bean name 'faviconHandlerMapping': no URL paths identified
11:14:48.428 [Test worker] DEBUG org.springframework.web.servlet.handler.BeanNameUrlHandlerMapping - Rejected bean name 'faviconRequestHandler': no URL paths identified
11:14:48.428 [Test worker] DEBUG org.springframework.web.servlet.handler.BeanNameUrlHandlerMapping - Rejected bean name 'org.springframework.boot.autoconfigure.web.WebMvcAutoConfiguration$WebMvcAutoConfigurationAdapter': no URL paths identified
11:14:48.428 [Test worker] DEBUG org.springframework.web.servlet.handler.BeanNameUrlHandlerMapping - Rejected bean name 'defaultViewResolver': no URL paths identified
11:14:48.428 [Test worker] DEBUG org.springframework.web.servlet.handler.BeanNameUrlHandlerMapping - Rejected bean name 'requestContextFilter': no URL paths identified
11:14:48.428 [Test worker] DEBUG org.springframework.web.servlet.handler.BeanNameUrlHandlerMapping - Rejected bean name 'viewResolver': no URL paths identified
11:14:48.428 [Test worker] DEBUG org.springframework.web.servlet.handler.BeanNameUrlHandlerMapping - Rejected bean name 'spring.resources.CONFIGURATION_PROPERTIES': no URL paths identified
11:14:48.428 [Test worker] DEBUG org.springframework.web.servlet.handler.BeanNameUrlHandlerMapping - Rejected bean name 'org.springframework.boot.autoconfigure.web.WebMvcAutoConfiguration': no URL paths identified
11:14:48.428 [Test worker] DEBUG org.springframework.web.servlet.handler.BeanNameUrlHandlerMapping - Rejected bean name 'hiddenHttpMethodFilter': no URL paths identified
11:14:48.428 [Test worker] DEBUG org.springframework.web.servlet.handler.BeanNameUrlHandlerMapping - Rejected bean name 'httpPutFormContentFilter': no URL paths identified
11:14:48.428 [Test worker] DEBUG org.springframework.web.servlet.handler.BeanNameUrlHandlerMapping - Rejected bean name 'org.springframework.boot.autoconfigure.jmx.JmxAutoConfiguration': no URL paths identified
11:14:48.428 [Test worker] DEBUG org.springframework.web.servlet.handler.BeanNameUrlHandlerMapping - Rejected bean name 'mbeanExporter': no URL paths identified
11:14:48.428 [Test worker] DEBUG org.springframework.web.servlet.handler.BeanNameUrlHandlerMapping - Rejected bean name 'objectNamingStrategy': no URL paths identified
11:14:48.428 [Test worker] DEBUG org.springframework.web.servlet.handler.BeanNameUrlHandlerMapping - Rejected bean name 'mbeanServer': no URL paths identified
11:14:48.428 [Test worker] DEBUG org.springframework.web.servlet.handler.BeanNameUrlHandlerMapping - Rejected bean name 'org.springframework.boot.autoconfigure.context.ConfigurationPropertiesAutoConfiguration': no URL paths identified
11:14:48.429 [Test worker] DEBUG org.springframework.web.servlet.handler.BeanNameUrlHandlerMapping - Rejected bean name 'org.springframework.boot.autoconfigure.gson.GsonAutoConfiguration': no URL paths identified
11:14:48.429 [Test worker] DEBUG org.springframework.web.servlet.handler.BeanNameUrlHandlerMapping - Rejected bean name 'gson': no URL paths identified
11:14:48.429 [Test worker] DEBUG org.springframework.web.servlet.handler.BeanNameUrlHandlerMapping - Rejected bean name 'org.springframework.boot.autoconfigure.jackson.JacksonAutoConfiguration$JacksonObjectMapperBuilderConfiguration': no URL paths identified
11:14:48.429 [Test worker] DEBUG org.springframework.web.servlet.handler.BeanNameUrlHandlerMapping - Rejected bean name 'jacksonObjectMapperBuilder': no URL paths identified
11:14:48.429 [Test worker] DEBUG org.springframework.web.servlet.handler.BeanNameUrlHandlerMapping - Rejected bean name 'spring.jackson.CONFIGURATION_PROPERTIES': no URL paths identified
11:14:48.429 [Test worker] DEBUG org.springframework.web.servlet.handler.BeanNameUrlHandlerMapping - Rejected bean name 'org.springframework.boot.autoconfigure.jackson.JacksonAutoConfiguration$JacksonObjectMapperConfiguration': no URL paths identified
11:14:48.429 [Test worker] DEBUG org.springframework.web.servlet.handler.BeanNameUrlHandlerMapping - Rejected bean name 'jacksonObjectMapper': no URL paths identified
11:14:48.429 [Test worker] DEBUG org.springframework.web.servlet.handler.BeanNameUrlHandlerMapping - Rejected bean name 'org.springframework.boot.autoconfigure.jackson.JacksonAutoConfiguration': no URL paths identified
11:14:48.429 [Test worker] DEBUG org.springframework.web.servlet.handler.BeanNameUrlHandlerMapping - Rejected bean name 'org.springframework.boot.autoconfigure.web.HttpMessageConvertersAutoConfiguration$StringHttpMessageConverterConfiguration': no URL paths identified
11:14:48.429 [Test worker] DEBUG org.springframework.web.servlet.handler.BeanNameUrlHandlerMapping - Rejected bean name 'stringHttpMessageConverter': no URL paths identified
11:14:48.429 [Test worker] DEBUG org.springframework.web.servlet.handler.BeanNameUrlHandlerMapping - Rejected bean name 'spring.http.encoding.CONFIGURATION_PROPERTIES': no URL paths identified
11:14:48.429 [Test worker] DEBUG org.springframework.web.servlet.handler.BeanNameUrlHandlerMapping - Rejected bean name 'org.springframework.boot.autoconfigure.web.JacksonHttpMessageConvertersConfiguration$MappingJackson2HttpMessageConverterConfiguration': no URL paths identified
11:14:48.429 [Test worker] DEBUG org.springframework.web.servlet.handler.BeanNameUrlHandlerMapping - Rejected bean name 'mappingJackson2HttpMessageConverter': no URL paths identified
11:14:48.429 [Test worker] DEBUG org.springframework.web.servlet.handler.BeanNameUrlHandlerMapping - Rejected bean name 'org.springframework.boot.autoconfigure.web.JacksonHttpMessageConvertersConfiguration': no URL paths identified
11:14:48.429 [Test worker] DEBUG org.springframework.web.servlet.handler.BeanNameUrlHandlerMapping - Rejected bean name 'org.springframework.boot.autoconfigure.web.GsonHttpMessageConvertersConfiguration': no URL paths identified
11:14:48.430 [Test worker] DEBUG org.springframework.web.servlet.handler.BeanNameUrlHandlerMapping - Rejected bean name 'org.springframework.boot.autoconfigure.web.HttpMessageConvertersAutoConfiguration': no URL paths identified
11:14:48.430 [Test worker] DEBUG org.springframework.web.servlet.handler.BeanNameUrlHandlerMapping - Rejected bean name 'messageConverters': no URL paths identified
11:14:48.430 [Test worker] DEBUG org.springframework.web.servlet.handler.BeanNameUrlHandlerMapping - Rejected bean name 'org.springframework.boot.autoconfigure.web.HttpEncodingAutoConfiguration': no URL paths identified
11:14:48.430 [Test worker] DEBUG org.springframework.web.servlet.handler.BeanNameUrlHandlerMapping - Rejected bean name 'characterEncodingFilter': no URL paths identified
11:14:48.430 [Test worker] DEBUG org.springframework.web.servlet.handler.BeanNameUrlHandlerMapping - Rejected bean name 'org.springframework.boot.autoconfigure.web.MultipartAutoConfiguration': no URL paths identified
11:14:48.430 [Test worker] DEBUG org.springframework.web.servlet.handler.BeanNameUrlHandlerMapping - Rejected bean name 'multipartConfigElement': no URL paths identified
11:14:48.430 [Test worker] DEBUG org.springframework.web.servlet.handler.BeanNameUrlHandlerMapping - Rejected bean name 'multipartResolver': no URL paths identified
11:14:48.430 [Test worker] DEBUG org.springframework.web.servlet.handler.BeanNameUrlHandlerMapping - Rejected bean name 'multipart.CONFIGURATION_PROPERTIES': no URL paths identified
11:14:48.430 [Test worker] DEBUG org.springframework.web.servlet.handler.BeanNameUrlHandlerMapping - Rejected bean name 'org.springframework.boot.autoconfigure.web.ServerPropertiesAutoConfiguration': no URL paths identified
11:14:48.430 [Test worker] DEBUG org.springframework.web.servlet.handler.BeanNameUrlHandlerMapping - Rejected bean name 'serverProperties': no URL paths identified
11:14:48.430 [Test worker] DEBUG org.springframework.web.servlet.handler.BeanNameUrlHandlerMapping - Rejected bean name 'duplicateServerPropertiesDetector': no URL paths identified
11:14:48.430 [Test worker] DEBUG org.springframework.web.servlet.handler.BeanNameUrlHandlerMapping - Rejected bean name 'environment': no URL paths identified
11:14:48.430 [Test worker] DEBUG org.springframework.web.servlet.handler.BeanNameUrlHandlerMapping - Rejected bean name 'systemProperties': no URL paths identified
11:14:48.430 [Test worker] DEBUG org.springframework.web.servlet.handler.BeanNameUrlHandlerMapping - Rejected bean name 'systemEnvironment': no URL paths identified
11:14:48.430 [Test worker] DEBUG org.springframework.web.servlet.handler.BeanNameUrlHandlerMapping - Rejected bean name 'servletContext': no URL paths identified
11:14:48.430 [Test worker] DEBUG org.springframework.web.servlet.handler.BeanNameUrlHandlerMapping - Rejected bean name 'contextParameters': no URL paths identified
11:14:48.430 [Test worker] DEBUG org.springframework.web.servlet.handler.BeanNameUrlHandlerMapping - Rejected bean name 'contextAttributes': no URL paths identified
11:14:48.430 [Test worker] DEBUG org.springframework.web.servlet.handler.BeanNameUrlHandlerMapping - Rejected bean name 'autoConfigurationReport': no URL paths identified
11:14:48.431 [Test worker] DEBUG org.springframework.web.servlet.handler.BeanNameUrlHandlerMapping - Rejected bean name 'org.springframework.context.annotation.ConfigurationClassPostProcessor.importRegistry': no URL paths identified
11:14:48.431 [Test worker] DEBUG org.springframework.web.servlet.handler.BeanNameUrlHandlerMapping - Rejected bean name 'messageSource': no URL paths identified
11:14:48.431 [Test worker] DEBUG org.springframework.web.servlet.handler.BeanNameUrlHandlerMapping - Rejected bean name 'applicationEventMulticaster': no URL paths identified
11:14:48.431 [Test worker] DEBUG org.springframework.beans.factory.support.DefaultListableBeanFactory - Finished creating instance of bean 'beanNameHandlerMapping'
11:14:48.432 [Test worker] DEBUG org.springframework.beans.factory.support.DefaultListableBeanFactory - Creating shared instance of singleton bean 'resourceHandlerMapping'
11:14:48.432 [Test worker] DEBUG org.springframework.beans.factory.support.DefaultListableBeanFactory - Creating instance of bean 'resourceHandlerMapping'
11:14:48.432 [Test worker] DEBUG org.springframework.beans.factory.support.DefaultListableBeanFactory - Returning cached instance of singleton bean 'org.springframework.boot.autoconfigure.web.WebMvcAutoConfiguration$EnableWebMvcConfiguration'
11:14:48.442 [Test worker] DEBUG org.springframework.beans.factory.support.DefaultListableBeanFactory - Returning cached instance of singleton bean 'mvcPathMatcher'
11:14:48.442 [Test worker] DEBUG org.springframework.beans.factory.support.DefaultListableBeanFactory - Returning cached instance of singleton bean 'mvcUrlPathHelper'
11:14:48.442 [Test worker] DEBUG org.springframework.beans.factory.support.DefaultListableBeanFactory - Returning cached instance of singleton bean 'mvcResourceUrlProvider'
11:14:48.443 [Test worker] DEBUG org.springframework.beans.factory.support.DefaultListableBeanFactory - Eagerly caching bean 'resourceHandlerMapping' to allow for resolving potential circular references
11:14:48.449 [Test worker] INFO org.springframework.web.servlet.handler.SimpleUrlHandlerMapping - Mapped URL path [/webjars/**] onto handler of type [class org.springframework.web.servlet.resource.ResourceHttpRequestHandler]
11:14:48.449 [Test worker] INFO org.springframework.web.servlet.handler.SimpleUrlHandlerMapping - Mapped URL path [/**] onto handler of type [class org.springframework.web.servlet.resource.ResourceHttpRequestHandler]
11:14:48.449 [Test worker] DEBUG org.springframework.beans.factory.support.DefaultListableBeanFactory - Finished creating instance of bean 'resourceHandlerMapping'
11:14:48.450 [Test worker] DEBUG org.springframework.beans.factory.support.DefaultListableBeanFactory - Returning cached instance of singleton bean 'mvcResourceUrlProvider'
11:14:48.450 [Test worker] DEBUG org.springframework.beans.factory.support.DefaultListableBeanFactory - Creating shared instance of singleton bean 'defaultServletHandlerMapping'
11:14:48.450 [Test worker] DEBUG org.springframework.beans.factory.support.DefaultListableBeanFactory - Creating instance of bean 'defaultServletHandlerMapping'
11:14:48.450 [Test worker] DEBUG org.springframework.beans.factory.support.DefaultListableBeanFactory - Returning cached instance of singleton bean 'org.springframework.boot.autoconfigure.web.WebMvcAutoConfiguration$EnableWebMvcConfiguration'
11:14:48.452 [Test worker] DEBUG org.springframework.beans.factory.support.DefaultListableBeanFactory - Eagerly caching bean 'defaultServletHandlerMapping' to allow for resolving potential circular references
11:14:48.453 [Test worker] DEBUG org.springframework.beans.factory.support.DefaultListableBeanFactory - Finished creating instance of bean 'defaultServletHandlerMapping'
11:14:48.453 [Test worker] DEBUG org.springframework.beans.factory.support.DefaultListableBeanFactory - Returning cached instance of singleton bean 'mvcConversionService'
11:14:48.453 [Test worker] DEBUG org.springframework.beans.factory.support.DefaultListableBeanFactory - Returning cached instance of singleton bean 'mvcValidator'
11:14:48.453 [Test worker] DEBUG org.springframework.beans.factory.support.DefaultListableBeanFactory - Returning cached instance of singleton bean 'mvcPathMatcher'
11:14:48.453 [Test worker] DEBUG org.springframework.beans.factory.support.DefaultListableBeanFactory - Returning cached instance of singleton bean 'mvcUrlPathHelper'
11:14:48.454 [Test worker] DEBUG org.springframework.beans.factory.support.DefaultListableBeanFactory - Creating shared instance of singleton bean 'mvcUriComponentsContributor'
11:14:48.454 [Test worker] DEBUG org.springframework.beans.factory.support.DefaultListableBeanFactory - Creating instance of bean 'mvcUriComponentsContributor'
11:14:48.454 [Test worker] DEBUG org.springframework.beans.factory.support.DefaultListableBeanFactory - Returning cached instance of singleton bean 'org.springframework.boot.autoconfigure.web.WebMvcAutoConfiguration$EnableWebMvcConfiguration'
11:14:48.455 [Test worker] DEBUG org.springframework.beans.factory.support.DefaultListableBeanFactory - Returning cached instance of singleton bean 'requestMappingHandlerAdapter'
11:14:48.455 [Test worker] DEBUG org.springframework.beans.factory.support.DefaultListableBeanFactory - Returning cached instance of singleton bean 'mvcConversionService'
11:14:48.459 [Test worker] DEBUG org.springframework.beans.factory.support.DefaultListableBeanFactory - Eagerly caching bean 'mvcUriComponentsContributor' to allow for resolving potential circular references
11:14:48.462 [Test worker] DEBUG org.springframework.beans.factory.support.DefaultListableBeanFactory - Finished creating instance of bean 'mvcUriComponentsContributor'
11:14:48.463 [Test worker] DEBUG org.springframework.beans.factory.support.DefaultListableBeanFactory - Creating shared instance of singleton bean 'httpRequestHandlerAdapter'
11:14:48.463 [Test worker] DEBUG org.springframework.beans.factory.support.DefaultListableBeanFactory - Creating instance of bean 'httpRequestHandlerAdapter'
11:14:48.463 [Test worker] DEBUG org.springframework.beans.factory.support.DefaultListableBeanFactory - Returning cached instance of singleton bean 'org.springframework.boot.autoconfigure.web.WebMvcAutoConfiguration$EnableWebMvcConfiguration'
11:14:48.464 [Test worker] DEBUG org.springframework.beans.factory.support.DefaultListableBeanFactory - Eagerly caching bean 'httpRequestHandlerAdapter' to allow for resolving potential circular references
11:14:48.468 [Test worker] DEBUG org.springframework.beans.factory.support.DefaultListableBeanFactory - Finished creating instance of bean 'httpRequestHandlerAdapter'
11:14:48.468 [Test worker] DEBUG org.springframework.beans.factory.support.DefaultListableBeanFactory - Creating shared instance of singleton bean 'simpleControllerHandlerAdapter'
11:14:48.468 [Test worker] DEBUG org.springframework.beans.factory.support.DefaultListableBeanFactory - Creating instance of bean 'simpleControllerHandlerAdapter'
11:14:48.469 [Test worker] DEBUG org.springframework.beans.factory.support.DefaultListableBeanFactory - Returning cached instance of singleton bean 'org.springframework.boot.autoconfigure.web.WebMvcAutoConfiguration$EnableWebMvcConfiguration'
11:14:48.469 [Test worker] DEBUG org.springframework.beans.factory.support.DefaultListableBeanFactory - Eagerly caching bean 'simpleControllerHandlerAdapter' to allow for resolving potential circular references
11:14:48.474 [Test worker] DEBUG org.springframework.beans.factory.support.DefaultListableBeanFactory - Finished creating instance of bean 'simpleControllerHandlerAdapter'
11:14:48.475 [Test worker] DEBUG org.springframework.beans.factory.support.DefaultListableBeanFactory - Creating shared instance of singleton bean 'handlerExceptionResolver'
11:14:48.475 [Test worker] DEBUG org.springframework.beans.factory.support.DefaultListableBeanFactory - Creating instance of bean 'handlerExceptionResolver'
11:14:48.475 [Test worker] DEBUG org.springframework.beans.factory.support.DefaultListableBeanFactory - Returning cached instance of singleton bean 'org.springframework.boot.autoconfigure.web.WebMvcAutoConfiguration$EnableWebMvcConfiguration'
11:14:48.495 [Test worker] DEBUG org.springframework.beans.factory.support.DefaultListableBeanFactory - Returning cached instance of singleton bean 'mvcContentNegotiationManager'
11:14:48.496 [Test worker] DEBUG org.springframework.web.servlet.mvc.method.annotation.ExceptionHandlerExceptionResolver - Looking for exception mappings: org.springframework.web.context.support.GenericWebApplicationContext@3678e173: startup date [Wed Aug 17 11:14:41 IST 2016]; root of context hierarchy
11:14:48.505 [Test worker] INFO org.springframework.web.servlet.mvc.method.annotation.ExceptionHandlerExceptionResolver - Detected @ExceptionHandler methods in globalExceptionHandler
11:14:48.512 [Test worker] DEBUG org.springframework.beans.factory.support.DefaultListableBeanFactory - Eagerly caching bean 'handlerExceptionResolver' to allow for resolving potential circular references
11:14:48.516 [Test worker] DEBUG org.springframework.beans.factory.support.DefaultListableBeanFactory - Finished creating instance of bean 'handlerExceptionResolver'
11:14:48.516 [Test worker] DEBUG org.springframework.beans.factory.support.DefaultListableBeanFactory - Creating shared instance of singleton bean 'mvcViewResolver'
11:14:48.516 [Test worker] DEBUG org.springframework.beans.factory.support.DefaultListableBeanFactory - Creating instance of bean 'mvcViewResolver'
11:14:48.517 [Test worker] DEBUG org.springframework.beans.factory.support.DefaultListableBeanFactory - Returning cached instance of singleton bean 'org.springframework.boot.autoconfigure.web.WebMvcAutoConfiguration$EnableWebMvcConfiguration'
11:14:48.525 [Test worker] DEBUG org.springframework.beans.factory.support.DefaultListableBeanFactory - Returning cached instance of singleton bean 'mvcContentNegotiationManager'
11:14:48.528 [Test worker] DEBUG org.springframework.beans.factory.support.DefaultListableBeanFactory - Eagerly caching bean 'mvcViewResolver' to allow for resolving potential circular references
11:14:48.533 [Test worker] DEBUG org.springframework.beans.factory.support.DefaultListableBeanFactory - Invoking afterPropertiesSet() on bean with name 'mvcViewResolver'
11:14:48.533 [Test worker] DEBUG org.springframework.beans.factory.support.DefaultListableBeanFactory - Finished creating instance of bean 'mvcViewResolver'
11:14:48.534 [Test worker] DEBUG org.springframework.beans.factory.support.DefaultListableBeanFactory - Creating shared instance of singleton bean 'org.springframework.boot.autoconfigure.web.WebMvcAutoConfiguration$WebMvcAutoConfigurationAdapter$FaviconConfiguration'
11:14:48.534 [Test worker] DEBUG org.springframework.beans.factory.support.DefaultListableBeanFactory - Creating instance of bean 'org.springframework.boot.autoconfigure.web.WebMvcAutoConfiguration$WebMvcAutoConfigurationAdapter$FaviconConfiguration'
11:14:48.535 [Test worker] DEBUG org.springframework.beans.factory.annotation.InjectionMetadata - Registered injected element on class [org.springframework.boot.autoconfigure.web.WebMvcAutoConfiguration$WebMvcAutoConfigurationAdapter$FaviconConfiguration$$EnhancerBySpringCGLIB$$e0025e48]: AutowiredFieldElement for private org.springframework.boot.autoconfigure.web.ResourceProperties org.springframework.boot.autoconfigure.web.WebMvcAutoConfiguration$WebMvcAutoConfigurationAdapter$FaviconConfiguration.resourceProperties
11:14:48.536 [Test worker] DEBUG org.springframework.beans.factory.support.DefaultListableBeanFactory - Eagerly caching bean 'org.springframework.boot.autoconfigure.web.WebMvcAutoConfiguration$WebMvcAutoConfigurationAdapter$FaviconConfiguration' to allow for resolving potential circular references
11:14:48.543 [Test worker] DEBUG org.springframework.beans.factory.annotation.InjectionMetadata - Processing injected element of bean 'org.springframework.boot.autoconfigure.web.WebMvcAutoConfiguration$WebMvcAutoConfigurationAdapter$FaviconConfiguration': AutowiredFieldElement for private org.springframework.boot.autoconfigure.web.ResourceProperties org.springframework.boot.autoconfigure.web.WebMvcAutoConfiguration$WebMvcAutoConfigurationAdapter$FaviconConfiguration.resourceProperties
11:14:48.544 [Test worker] DEBUG org.springframework.beans.factory.support.DefaultListableBeanFactory - Returning cached instance of singleton bean 'spring.resources.CONFIGURATION_PROPERTIES'
11:14:48.544 [Test worker] DEBUG org.springframework.beans.factory.annotation.AutowiredAnnotationBeanPostProcessor - Autowiring by type from bean name 'org.springframework.boot.autoconfigure.web.WebMvcAutoConfiguration$WebMvcAutoConfigurationAdapter$FaviconConfiguration' to bean named 'spring.resources.CONFIGURATION_PROPERTIES'
11:14:48.544 [Test worker] DEBUG org.springframework.beans.factory.support.DefaultListableBeanFactory - Finished creating instance of bean 'org.springframework.boot.autoconfigure.web.WebMvcAutoConfiguration$WebMvcAutoConfigurationAdapter$FaviconConfiguration'
11:14:48.545 [Test worker] DEBUG org.springframework.beans.factory.support.DefaultListableBeanFactory - Creating shared instance of singleton bean 'faviconHandlerMapping'
11:14:48.545 [Test worker] DEBUG org.springframework.beans.factory.support.DefaultListableBeanFactory - Creating instance of bean 'faviconHandlerMapping'
11:14:48.545 [Test worker] DEBUG org.springframework.beans.factory.support.DefaultListableBeanFactory - Returning cached instance of singleton bean 'org.springframework.boot.autoconfigure.web.WebMvcAutoConfiguration$WebMvcAutoConfigurationAdapter$FaviconConfiguration'
11:14:48.552 [Test worker] DEBUG org.springframework.beans.factory.support.DefaultListableBeanFactory - Creating shared instance of singleton bean 'faviconRequestHandler'
11:14:48.553 [Test worker] DEBUG org.springframework.beans.factory.support.DefaultListableBeanFactory - Creating instance of bean 'faviconRequestHandler'
11:14:48.553 [Test worker] DEBUG org.springframework.beans.factory.support.DefaultListableBeanFactory - Returning cached instance of singleton bean 'org.springframework.boot.autoconfigure.web.WebMvcAutoConfiguration$WebMvcAutoConfigurationAdapter$FaviconConfiguration'
11:14:48.557 [Test worker] DEBUG org.springframework.beans.factory.support.DefaultListableBeanFactory - Eagerly caching bean 'faviconRequestHandler' to allow for resolving potential circular references
11:14:48.565 [Test worker] DEBUG org.springframework.beans.factory.support.DefaultListableBeanFactory - Invoking afterPropertiesSet() on bean with name 'faviconRequestHandler'
11:14:48.565 [Test worker] DEBUG org.springframework.beans.factory.support.DefaultListableBeanFactory - Finished creating instance of bean 'faviconRequestHandler'
11:14:48.566 [Test worker] DEBUG org.springframework.beans.factory.support.DefaultListableBeanFactory - Eagerly caching bean 'faviconHandlerMapping' to allow for resolving potential circular references
11:14:48.567 [Test worker] INFO org.springframework.web.servlet.handler.SimpleUrlHandlerMapping - Mapped URL path [/**/favicon.ico] onto handler of type [class org.springframework.web.servlet.resource.ResourceHttpRequestHandler]
11:14:48.567 [Test worker] DEBUG org.springframework.beans.factory.support.DefaultListableBeanFactory - Finished creating instance of bean 'faviconHandlerMapping'
11:14:48.567 [Test worker] DEBUG org.springframework.beans.factory.support.DefaultListableBeanFactory - Returning cached instance of singleton bean 'faviconRequestHandler'
11:14:48.567 [Test worker] DEBUG org.springframework.beans.factory.support.DefaultListableBeanFactory - Returning cached instance of singleton bean 'org.springframework.boot.autoconfigure.web.WebMvcAutoConfiguration$WebMvcAutoConfigurationAdapter'
11:14:48.567 [Test worker] DEBUG org.springframework.beans.factory.support.DefaultListableBeanFactory - Creating shared instance of singleton bean 'defaultViewResolver'
11:14:48.567 [Test worker] DEBUG org.springframework.beans.factory.support.DefaultListableBeanFactory - Creating instance of bean 'defaultViewResolver'
11:14:48.568 [Test worker] DEBUG org.springframework.beans.factory.support.DefaultListableBeanFactory - Returning cached instance of singleton bean 'org.springframework.boot.autoconfigure.web.WebMvcAutoConfiguration$WebMvcAutoConfigurationAdapter'
11:14:48.590 [Test worker] DEBUG org.springframework.beans.factory.support.DefaultListableBeanFactory - Eagerly caching bean 'defaultViewResolver' to allow for resolving potential circular references
11:14:48.603 [Test worker] DEBUG org.springframework.beans.factory.support.DefaultListableBeanFactory - Finished creating instance of bean 'defaultViewResolver'
11:14:48.603 [Test worker] DEBUG org.springframework.beans.factory.support.DefaultListableBeanFactory - Creating shared instance of singleton bean 'requestContextFilter'
11:14:48.603 [Test worker] DEBUG org.springframework.beans.factory.support.DefaultListableBeanFactory - Creating instance of bean 'requestContextFilter'
11:14:48.603 [Test worker] DEBUG org.springframework.beans.factory.support.DefaultListableBeanFactory - Returning cached instance of singleton bean 'org.springframework.boot.autoconfigure.web.WebMvcAutoConfiguration$WebMvcAutoConfigurationAdapter'
11:14:48.606 [Test worker] DEBUG org.springframework.web.context.support.StandardServletEnvironment - Adding [servletConfigInitParams] PropertySource with lowest search precedence
11:14:48.606 [Test worker] DEBUG org.springframework.web.context.support.StandardServletEnvironment - Adding [servletContextInitParams] PropertySource with lowest search precedence
11:14:48.607 [Test worker] DEBUG org.springframework.web.context.support.StandardServletEnvironment - Adding [systemProperties] PropertySource with lowest search precedence
11:14:48.607 [Test worker] DEBUG org.springframework.web.context.support.StandardServletEnvironment - Adding [systemEnvironment] PropertySource with lowest search precedence
11:14:48.607 [Test worker] DEBUG org.springframework.web.context.support.StandardServletEnvironment - Initialized StandardServletEnvironment with PropertySources [servletConfigInitParams,servletContextInitParams,systemProperties,systemEnvironment]
11:14:48.610 [Test worker] DEBUG org.springframework.beans.factory.support.DefaultListableBeanFactory - Eagerly caching bean 'requestContextFilter' to allow for resolving potential circular references
11:14:48.624 [Test worker] DEBUG org.springframework.beans.factory.support.DefaultListableBeanFactory - Invoking afterPropertiesSet() on bean with name 'requestContextFilter'
11:14:48.625 [Test worker] DEBUG org.springframework.beans.factory.support.DefaultListableBeanFactory - Finished creating instance of bean 'requestContextFilter'
11:14:48.625 [Test worker] DEBUG org.springframework.beans.factory.support.DefaultListableBeanFactory - Creating shared instance of singleton bean 'viewResolver'
11:14:48.625 [Test worker] DEBUG org.springframework.beans.factory.support.DefaultListableBeanFactory - Creating instance of bean 'viewResolver'
11:14:48.626 [Test worker] DEBUG org.springframework.beans.factory.support.DefaultListableBeanFactory - Returning cached instance of singleton bean 'org.springframework.boot.autoconfigure.web.WebMvcAutoConfiguration$WebMvcAutoConfigurationAdapter'
11:14:48.630 [Test worker] DEBUG org.springframework.beans.factory.support.DefaultListableBeanFactory - Autowiring by type from bean name 'viewResolver' via factory method to bean named 'org.springframework.beans.factory.support.DefaultListableBeanFactory@28947f6'
11:14:48.634 [Test worker] DEBUG org.springframework.beans.factory.support.DefaultListableBeanFactory - Returning cached instance of singleton bean 'mvcContentNegotiationManager'
11:14:48.635 [Test worker] DEBUG org.springframework.beans.factory.support.DefaultListableBeanFactory - Eagerly caching bean 'viewResolver' to allow for resolving potential circular references
11:14:48.643 [Test worker] DEBUG org.springframework.beans.factory.support.DefaultListableBeanFactory - Returning cached instance of singleton bean 'beanNameViewResolver'
11:14:48.643 [Test worker] DEBUG org.springframework.beans.factory.support.DefaultListableBeanFactory - Returning cached instance of singleton bean 'mvcViewResolver'
11:14:48.643 [Test worker] DEBUG org.springframework.beans.factory.support.DefaultListableBeanFactory - Returning cached instance of singleton bean 'defaultViewResolver'
11:14:48.644 [Test worker] DEBUG org.springframework.beans.factory.support.DefaultListableBeanFactory - Returning eagerly cached instance of singleton bean 'viewResolver' that is not fully initialized yet - a consequence of a circular reference
11:14:48.645 [Test worker] DEBUG org.springframework.beans.factory.support.DefaultListableBeanFactory - Invoking afterPropertiesSet() on bean with name 'viewResolver'
11:14:48.646 [Test worker] DEBUG org.springframework.beans.factory.support.DefaultListableBeanFactory - Finished creating instance of bean 'viewResolver'
11:14:48.646 [Test worker] DEBUG org.springframework.beans.factory.support.DefaultListableBeanFactory - Returning cached instance of singleton bean 'spring.resources.CONFIGURATION_PROPERTIES'
11:14:48.647 [Test worker] DEBUG org.springframework.beans.factory.support.DefaultListableBeanFactory - Creating shared instance of singleton bean 'org.springframework.boot.autoconfigure.web.WebMvcAutoConfiguration'
11:14:48.648 [Test worker] DEBUG org.springframework.beans.factory.support.DefaultListableBeanFactory - Creating instance of bean 'org.springframework.boot.autoconfigure.web.WebMvcAutoConfiguration'
11:14:48.649 [Test worker] DEBUG org.springframework.beans.factory.support.DefaultListableBeanFactory - Eagerly caching bean 'org.springframework.boot.autoconfigure.web.WebMvcAutoConfiguration' to allow for resolving potential circular references
11:14:48.656 [Test worker] DEBUG org.springframework.beans.factory.support.DefaultListableBeanFactory - Finished creating instance of bean 'org.springframework.boot.autoconfigure.web.WebMvcAutoConfiguration'
11:14:48.656 [Test worker] DEBUG org.springframework.beans.factory.support.DefaultListableBeanFactory - Creating shared instance of singleton bean 'hiddenHttpMethodFilter'
11:14:48.656 [Test worker] DEBUG org.springframework.beans.factory.support.DefaultListableBeanFactory - Creating instance of bean 'hiddenHttpMethodFilter'
11:14:48.657 [Test worker] DEBUG org.springframework.beans.factory.support.DefaultListableBeanFactory - Returning cached instance of singleton bean 'org.springframework.boot.autoconfigure.web.WebMvcAutoConfiguration'
11:14:48.664 [Test worker] DEBUG org.springframework.web.context.support.StandardServletEnvironment - Adding [servletConfigInitParams] PropertySource with lowest search precedence
11:14:48.664 [Test worker] DEBUG org.springframework.web.context.support.StandardServletEnvironment - Adding [servletContextInitParams] PropertySource with lowest search precedence
11:14:48.665 [Test worker] DEBUG org.springframework.web.context.support.StandardServletEnvironment - Adding [systemProperties] PropertySource with lowest search precedence
11:14:48.665 [Test worker] DEBUG org.springframework.web.context.support.StandardServletEnvironment - Adding [systemEnvironment] PropertySource with lowest search precedence
11:14:48.665 [Test worker] DEBUG org.springframework.web.context.support.StandardServletEnvironment - Initialized StandardServletEnvironment with PropertySources [servletConfigInitParams,servletContextInitParams,systemProperties,systemEnvironment]
11:14:48.666 [Test worker] DEBUG org.springframework.beans.factory.support.DefaultListableBeanFactory - Eagerly caching bean 'hiddenHttpMethodFilter' to allow for resolving potential circular references
11:14:48.674 [Test worker] DEBUG org.springframework.beans.factory.support.DefaultListableBeanFactory - Invoking afterPropertiesSet() on bean with name 'hiddenHttpMethodFilter'
11:14:48.674 [Test worker] DEBUG org.springframework.beans.factory.support.DefaultListableBeanFactory - Finished creating instance of bean 'hiddenHttpMethodFilter'
11:14:48.674 [Test worker] DEBUG org.springframework.beans.factory.support.DefaultListableBeanFactory - Creating shared instance of singleton bean 'httpPutFormContentFilter'
11:14:48.674 [Test worker] DEBUG org.springframework.beans.factory.support.DefaultListableBeanFactory - Creating instance of bean 'httpPutFormContentFilter'
11:14:48.674 [Test worker] DEBUG org.springframework.beans.factory.support.DefaultListableBeanFactory - Returning cached instance of singleton bean 'org.springframework.boot.autoconfigure.web.WebMvcAutoConfiguration'
11:14:48.676 [Test worker] DEBUG org.springframework.web.context.support.StandardServletEnvironment - Adding [servletConfigInitParams] PropertySource with lowest search precedence
11:14:48.676 [Test worker] DEBUG org.springframework.web.context.support.StandardServletEnvironment - Adding [servletContextInitParams] PropertySource with lowest search precedence
11:14:48.676 [Test worker] DEBUG org.springframework.web.context.support.StandardServletEnvironment - Adding [systemProperties] PropertySource with lowest search precedence
11:14:48.676 [Test worker] DEBUG org.springframework.web.context.support.StandardServletEnvironment - Adding [systemEnvironment] PropertySource with lowest search precedence
11:14:48.676 [Test worker] DEBUG org.springframework.web.context.support.StandardServletEnvironment - Initialized StandardServletEnvironment with PropertySources [servletConfigInitParams,servletContextInitParams,systemProperties,systemEnvironment]
11:14:48.685 [Test worker] DEBUG org.springframework.beans.factory.support.DefaultListableBeanFactory - Eagerly caching bean 'httpPutFormContentFilter' to allow for resolving potential circular references
11:14:48.693 [Test worker] DEBUG org.springframework.beans.factory.support.DefaultListableBeanFactory - Invoking afterPropertiesSet() on bean with name 'httpPutFormContentFilter'
11:14:48.693 [Test worker] DEBUG org.springframework.beans.factory.support.DefaultListableBeanFactory - Finished creating instance of bean 'httpPutFormContentFilter'
11:14:48.693 [Test worker] DEBUG org.springframework.beans.factory.support.DefaultListableBeanFactory - Creating shared instance of singleton bean 'org.springframework.boot.autoconfigure.jmx.JmxAutoConfiguration'
11:14:48.693 [Test worker] DEBUG org.springframework.beans.factory.support.DefaultListableBeanFactory - Creating instance of bean 'org.springframework.boot.autoconfigure.jmx.JmxAutoConfiguration'
11:14:48.695 [Test worker] DEBUG org.springframework.beans.factory.support.DefaultListableBeanFactory - Eagerly caching bean 'org.springframework.boot.autoconfigure.jmx.JmxAutoConfiguration' to allow for resolving potential circular references
11:14:48.710 [Test worker] DEBUG org.springframework.beans.factory.support.DefaultListableBeanFactory - Finished creating instance of bean 'org.springframework.boot.autoconfigure.jmx.JmxAutoConfiguration'
11:14:48.710 [Test worker] DEBUG org.springframework.beans.factory.support.DefaultListableBeanFactory - Creating shared instance of singleton bean 'mbeanExporter'
11:14:48.711 [Test worker] DEBUG org.springframework.beans.factory.support.DefaultListableBeanFactory - Creating instance of bean 'mbeanExporter'
11:14:48.711 [Test worker] DEBUG org.springframework.beans.factory.support.DefaultListableBeanFactory - Returning cached instance of singleton bean 'org.springframework.boot.autoconfigure.jmx.JmxAutoConfiguration'
11:14:48.714 [Test worker] DEBUG org.springframework.beans.factory.support.DefaultListableBeanFactory - Creating shared instance of singleton bean 'objectNamingStrategy'
11:14:48.715 [Test worker] DEBUG org.springframework.beans.factory.support.DefaultListableBeanFactory - Creating instance of bean 'objectNamingStrategy'
11:14:48.715 [Test worker] DEBUG org.springframework.beans.factory.support.DefaultListableBeanFactory - Returning cached instance of singleton bean 'org.springframework.boot.autoconfigure.jmx.JmxAutoConfiguration'
11:14:48.724 [Test worker] DEBUG org.springframework.beans.factory.support.DefaultListableBeanFactory - Eagerly caching bean 'objectNamingStrategy' to allow for resolving potential circular references
11:14:48.731 [Test worker] DEBUG org.springframework.beans.factory.support.DefaultListableBeanFactory - Invoking afterPropertiesSet() on bean with name 'objectNamingStrategy'
11:14:48.731 [Test worker] DEBUG org.springframework.beans.factory.support.DefaultListableBeanFactory - Finished creating instance of bean 'objectNamingStrategy'
11:14:48.732 [Test worker] DEBUG org.springframework.beans.factory.support.DefaultListableBeanFactory - Autowiring by type from bean name 'mbeanExporter' via factory method to bean named 'objectNamingStrategy'
11:14:48.760 [Test worker] DEBUG org.springframework.beans.factory.support.DefaultListableBeanFactory - Creating shared instance of singleton bean 'mbeanServer'
11:14:48.761 [Test worker] DEBUG org.springframework.beans.factory.support.DefaultListableBeanFactory - Creating instance of bean 'mbeanServer'
11:14:48.762 [Test worker] DEBUG org.springframework.beans.factory.support.DefaultListableBeanFactory - Returning cached instance of singleton bean 'org.springframework.boot.autoconfigure.jmx.JmxAutoConfiguration'
11:14:48.896 [Test worker] DEBUG org.springframework.jmx.support.JmxUtils - Found MBeanServer: com.sun.jmx.mbeanserver.JmxMBeanServer@43f5b077
11:14:48.901 [Test worker] DEBUG org.springframework.beans.factory.support.DefaultListableBeanFactory - Eagerly caching bean 'mbeanServer' to allow for resolving potential circular references
11:14:48.908 [Test worker] DEBUG org.springframework.beans.factory.support.DefaultListableBeanFactory - Finished creating instance of bean 'mbeanServer'
11:14:48.914 [Test worker] DEBUG org.springframework.beans.factory.support.DefaultListableBeanFactory - Eagerly caching bean 'mbeanExporter' to allow for resolving potential circular references
11:14:48.928 [Test worker] DEBUG org.springframework.beans.factory.support.DefaultListableBeanFactory - Invoking afterPropertiesSet() on bean with name 'mbeanExporter'
11:14:48.928 [Test worker] DEBUG org.springframework.beans.factory.support.DefaultListableBeanFactory - Finished creating instance of bean 'mbeanExporter'
11:14:48.928 [Test worker] DEBUG org.springframework.beans.factory.support.DefaultListableBeanFactory - Returning cached instance of singleton bean 'objectNamingStrategy'
11:14:48.928 [Test worker] DEBUG org.springframework.beans.factory.support.DefaultListableBeanFactory - Returning cached instance of singleton bean 'mbeanServer'
11:14:48.928 [Test worker] DEBUG org.springframework.beans.factory.support.DefaultListableBeanFactory - Creating shared instance of singleton bean 'org.springframework.boot.autoconfigure.context.ConfigurationPropertiesAutoConfiguration'
11:14:48.928 [Test worker] DEBUG org.springframework.beans.factory.support.DefaultListableBeanFactory - Creating instance of bean 'org.springframework.boot.autoconfigure.context.ConfigurationPropertiesAutoConfiguration'
11:14:48.929 [Test worker] DEBUG org.springframework.beans.factory.support.DefaultListableBeanFactory - Eagerly caching bean 'org.springframework.boot.autoconfigure.context.ConfigurationPropertiesAutoConfiguration' to allow for resolving potential circular references
11:14:48.935 [Test worker] DEBUG org.springframework.beans.factory.support.DefaultListableBeanFactory - Finished creating instance of bean 'org.springframework.boot.autoconfigure.context.ConfigurationPropertiesAutoConfiguration'
11:14:48.935 [Test worker] DEBUG org.springframework.beans.factory.support.DefaultListableBeanFactory - Creating shared instance of singleton bean 'org.springframework.boot.autoconfigure.gson.GsonAutoConfiguration'
11:14:48.935 [Test worker] DEBUG org.springframework.beans.factory.support.DefaultListableBeanFactory - Creating instance of bean 'org.springframework.boot.autoconfigure.gson.GsonAutoConfiguration'
11:14:48.936 [Test worker] DEBUG org.springframework.beans.factory.support.DefaultListableBeanFactory - Eagerly caching bean 'org.springframework.boot.autoconfigure.gson.GsonAutoConfiguration' to allow for resolving potential circular references
11:14:48.944 [Test worker] DEBUG org.springframework.beans.factory.support.DefaultListableBeanFactory - Finished creating instance of bean 'org.springframework.boot.autoconfigure.gson.GsonAutoConfiguration'
11:14:48.944 [Test worker] DEBUG org.springframework.beans.factory.support.DefaultListableBeanFactory - Creating shared instance of singleton bean 'gson'
11:14:48.944 [Test worker] DEBUG org.springframework.beans.factory.support.DefaultListableBeanFactory - Creating instance of bean 'gson'
11:14:48.944 [Test worker] DEBUG org.springframework.beans.factory.support.DefaultListableBeanFactory - Returning cached instance of singleton bean 'org.springframework.boot.autoconfigure.gson.GsonAutoConfiguration'
11:14:49.082 [Test worker] DEBUG org.springframework.beans.factory.support.DefaultListableBeanFactory - Eagerly caching bean 'gson' to allow for resolving potential circular references
11:14:49.086 [Test worker] DEBUG org.springframework.beans.factory.support.DefaultListableBeanFactory - Finished creating instance of bean 'gson'
11:14:49.087 [Test worker] DEBUG org.springframework.beans.factory.support.DefaultListableBeanFactory - Returning cached instance of singleton bean 'org.springframework.boot.autoconfigure.jackson.JacksonAutoConfiguration$JacksonObjectMapperBuilderConfiguration'
11:14:49.087 [Test worker] DEBUG org.springframework.beans.factory.support.DefaultListableBeanFactory - Returning cached instance of singleton bean 'jacksonObjectMapperBuilder'
11:14:49.087 [Test worker] DEBUG org.springframework.beans.factory.support.DefaultListableBeanFactory - Returning cached instance of singleton bean 'spring.jackson.CONFIGURATION_PROPERTIES'
11:14:49.087 [Test worker] DEBUG org.springframework.beans.factory.support.DefaultListableBeanFactory - Returning cached instance of singleton bean 'org.springframework.boot.autoconfigure.jackson.JacksonAutoConfiguration$JacksonObjectMapperConfiguration'
11:14:49.087 [Test worker] DEBUG org.springframework.beans.factory.support.DefaultListableBeanFactory - Returning cached instance of singleton bean 'jacksonObjectMapper'
11:14:49.087 [Test worker] DEBUG org.springframework.beans.factory.support.DefaultListableBeanFactory - Creating shared instance of singleton bean 'org.springframework.boot.autoconfigure.jackson.JacksonAutoConfiguration'
11:14:49.087 [Test worker] DEBUG org.springframework.beans.factory.support.DefaultListableBeanFactory - Creating instance of bean 'org.springframework.boot.autoconfigure.jackson.JacksonAutoConfiguration'
11:14:49.088 [Test worker] DEBUG org.springframework.beans.factory.support.DefaultListableBeanFactory - Eagerly caching bean 'org.springframework.boot.autoconfigure.jackson.JacksonAutoConfiguration' to allow for resolving potential circular references
11:14:49.095 [Test worker] DEBUG org.springframework.beans.factory.support.DefaultListableBeanFactory - Finished creating instance of bean 'org.springframework.boot.autoconfigure.jackson.JacksonAutoConfiguration'
11:14:49.095 [Test worker] DEBUG org.springframework.beans.factory.support.DefaultListableBeanFactory - Returning cached instance of singleton bean 'org.springframework.boot.autoconfigure.web.HttpMessageConvertersAutoConfiguration$StringHttpMessageConverterConfiguration'
11:14:49.095 [Test worker] DEBUG org.springframework.beans.factory.support.DefaultListableBeanFactory - Returning cached instance of singleton bean 'stringHttpMessageConverter'
11:14:49.096 [Test worker] DEBUG org.springframework.beans.factory.support.DefaultListableBeanFactory - Returning cached instance of singleton bean 'spring.http.encoding.CONFIGURATION_PROPERTIES'
11:14:49.096 [Test worker] DEBUG org.springframework.beans.factory.support.DefaultListableBeanFactory - Returning cached instance of singleton bean 'org.springframework.boot.autoconfigure.web.JacksonHttpMessageConvertersConfiguration$MappingJackson2HttpMessageConverterConfiguration'
11:14:49.096 [Test worker] DEBUG org.springframework.beans.factory.support.DefaultListableBeanFactory - Returning cached instance of singleton bean 'mappingJackson2HttpMessageConverter'
11:14:49.096 [Test worker] DEBUG org.springframework.beans.factory.support.DefaultListableBeanFactory - Creating shared instance of singleton bean 'org.springframework.boot.autoconfigure.web.JacksonHttpMessageConvertersConfiguration'
11:14:49.096 [Test worker] DEBUG org.springframework.beans.factory.support.DefaultListableBeanFactory - Creating instance of bean 'org.springframework.boot.autoconfigure.web.JacksonHttpMessageConvertersConfiguration'
11:14:49.097 [Test worker] DEBUG org.springframework.beans.factory.support.DefaultListableBeanFactory - Eagerly caching bean 'org.springframework.boot.autoconfigure.web.JacksonHttpMessageConvertersConfiguration' to allow for resolving potential circular references
11:14:49.107 [Test worker] DEBUG org.springframework.beans.factory.support.DefaultListableBeanFactory - Finished creating instance of bean 'org.springframework.boot.autoconfigure.web.JacksonHttpMessageConvertersConfiguration'
11:14:49.107 [Test worker] DEBUG org.springframework.beans.factory.support.DefaultListableBeanFactory - Creating shared instance of singleton bean 'org.springframework.boot.autoconfigure.web.GsonHttpMessageConvertersConfiguration'
11:14:49.107 [Test worker] DEBUG org.springframework.beans.factory.support.DefaultListableBeanFactory - Creating instance of bean 'org.springframework.boot.autoconfigure.web.GsonHttpMessageConvertersConfiguration'
11:14:49.108 [Test worker] DEBUG org.springframework.beans.factory.support.DefaultListableBeanFactory - Eagerly caching bean 'org.springframework.boot.autoconfigure.web.GsonHttpMessageConvertersConfiguration' to allow for resolving potential circular references
11:14:49.116 [Test worker] DEBUG org.springframework.beans.factory.support.DefaultListableBeanFactory - Finished creating instance of bean 'org.springframework.boot.autoconfigure.web.GsonHttpMessageConvertersConfiguration'
11:14:49.116 [Test worker] DEBUG org.springframework.beans.factory.support.DefaultListableBeanFactory - Returning cached instance of singleton bean 'org.springframework.boot.autoconfigure.web.HttpMessageConvertersAutoConfiguration'
11:14:49.116 [Test worker] DEBUG org.springframework.beans.factory.support.DefaultListableBeanFactory - Returning cached instance of singleton bean 'messageConverters'
11:14:49.116 [Test worker] DEBUG org.springframework.beans.factory.support.DefaultListableBeanFactory - Creating shared instance of singleton bean 'org.springframework.boot.autoconfigure.web.HttpEncodingAutoConfiguration'
11:14:49.116 [Test worker] DEBUG org.springframework.beans.factory.support.DefaultListableBeanFactory - Creating instance of bean 'org.springframework.boot.autoconfigure.web.HttpEncodingAutoConfiguration'
11:14:49.118 [Test worker] DEBUG org.springframework.beans.factory.annotation.InjectionMetadata - Registered injected element on class [org.springframework.boot.autoconfigure.web.HttpEncodingAutoConfiguration$$EnhancerBySpringCGLIB$$7ed198ff]: AutowiredFieldElement for private org.springframework.boot.autoconfigure.web.HttpEncodingProperties org.springframework.boot.autoconfigure.web.HttpEncodingAutoConfiguration.httpEncodingProperties
11:14:49.118 [Test worker] DEBUG org.springframework.beans.factory.support.DefaultListableBeanFactory - Eagerly caching bean 'org.springframework.boot.autoconfigure.web.HttpEncodingAutoConfiguration' to allow for resolving potential circular references
11:14:49.125 [Test worker] DEBUG org.springframework.beans.factory.annotation.InjectionMetadata - Processing injected element of bean 'org.springframework.boot.autoconfigure.web.HttpEncodingAutoConfiguration': AutowiredFieldElement for private org.springframework.boot.autoconfigure.web.HttpEncodingProperties org.springframework.boot.autoconfigure.web.HttpEncodingAutoConfiguration.httpEncodingProperties
11:14:49.126 [Test worker] DEBUG org.springframework.beans.factory.support.DefaultListableBeanFactory - Returning cached instance of singleton bean 'spring.http.encoding.CONFIGURATION_PROPERTIES'
11:14:49.126 [Test worker] DEBUG org.springframework.beans.factory.annotation.AutowiredAnnotationBeanPostProcessor - Autowiring by type from bean name 'org.springframework.boot.autoconfigure.web.HttpEncodingAutoConfiguration' to bean named 'spring.http.encoding.CONFIGURATION_PROPERTIES'
11:14:49.126 [Test worker] DEBUG org.springframework.beans.factory.support.DefaultListableBeanFactory - Finished creating instance of bean 'org.springframework.boot.autoconfigure.web.HttpEncodingAutoConfiguration'
11:14:49.126 [Test worker] DEBUG org.springframework.beans.factory.support.DefaultListableBeanFactory - Creating shared instance of singleton bean 'characterEncodingFilter'
11:14:49.126 [Test worker] DEBUG org.springframework.beans.factory.support.DefaultListableBeanFactory - Creating instance of bean 'characterEncodingFilter'
11:14:49.127 [Test worker] DEBUG org.springframework.beans.factory.support.DefaultListableBeanFactory - Returning cached instance of singleton bean 'org.springframework.boot.autoconfigure.web.HttpEncodingAutoConfiguration'
11:14:49.134 [Test worker] DEBUG org.springframework.web.context.support.StandardServletEnvironment - Adding [servletConfigInitParams] PropertySource with lowest search precedence
11:14:49.134 [Test worker] DEBUG org.springframework.web.context.support.StandardServletEnvironment - Adding [servletContextInitParams] PropertySource with lowest search precedence
11:14:49.135 [Test worker] DEBUG org.springframework.web.context.support.StandardServletEnvironment - Adding [systemProperties] PropertySource with lowest search precedence
11:14:49.135 [Test worker] DEBUG org.springframework.web.context.support.StandardServletEnvironment - Adding [systemEnvironment] PropertySource with lowest search precedence
11:14:49.135 [Test worker] DEBUG org.springframework.web.context.support.StandardServletEnvironment - Initialized StandardServletEnvironment with PropertySources [servletConfigInitParams,servletContextInitParams,systemProperties,systemEnvironment]
11:14:49.136 [Test worker] DEBUG org.springframework.beans.factory.support.DefaultListableBeanFactory - Eagerly caching bean 'characterEncodingFilter' to allow for resolving potential circular references
11:14:49.144 [Test worker] DEBUG org.springframework.beans.factory.support.DefaultListableBeanFactory - Invoking afterPropertiesSet() on bean with name 'characterEncodingFilter'
11:14:49.144 [Test worker] DEBUG org.springframework.beans.factory.support.DefaultListableBeanFactory - Finished creating instance of bean 'characterEncodingFilter'
11:14:49.145 [Test worker] DEBUG org.springframework.beans.factory.support.DefaultListableBeanFactory - Returning cached instance of singleton bean 'org.springframework.boot.autoconfigure.web.MultipartAutoConfiguration'
11:14:49.145 [Test worker] DEBUG org.springframework.beans.factory.support.DefaultListableBeanFactory - Returning cached instance of singleton bean 'multipartConfigElement'
11:14:49.145 [Test worker] DEBUG org.springframework.beans.factory.support.DefaultListableBeanFactory - Creating shared instance of singleton bean 'multipartResolver'
11:14:49.146 [Test worker] DEBUG org.springframework.beans.factory.support.DefaultListableBeanFactory - Creating instance of bean 'multipartResolver'
11:14:49.146 [Test worker] DEBUG org.springframework.beans.factory.support.DefaultListableBeanFactory - Returning cached instance of singleton bean 'org.springframework.boot.autoconfigure.web.MultipartAutoConfiguration'
11:14:49.150 [Test worker] DEBUG org.springframework.beans.factory.support.DefaultListableBeanFactory - Eagerly caching bean 'multipartResolver' to allow for resolving potential circular references
11:14:49.154 [Test worker] DEBUG org.springframework.beans.factory.support.DefaultListableBeanFactory - Finished creating instance of bean 'multipartResolver'
11:14:49.154 [Test worker] DEBUG org.springframework.beans.factory.support.DefaultListableBeanFactory - Returning cached instance of singleton bean 'multipart.CONFIGURATION_PROPERTIES'
11:14:49.154 [Test worker] DEBUG org.springframework.beans.factory.support.DefaultListableBeanFactory - Returning cached instance of singleton bean 'org.springframework.boot.autoconfigure.web.ServerPropertiesAutoConfiguration'
11:14:49.154 [Test worker] DEBUG org.springframework.beans.factory.support.DefaultListableBeanFactory - Returning cached instance of singleton bean 'serverProperties'
11:14:49.154 [Test worker] DEBUG org.springframework.beans.factory.support.DefaultListableBeanFactory - Returning cached instance of singleton bean 'duplicateServerPropertiesDetector'
11:14:49.155 [Test worker] DEBUG org.springframework.beans.factory.support.DefaultListableBeanFactory - Returning cached instance of singleton bean 'org.springframework.context.event.internalEventListenerFactory'
11:14:49.301 [Test worker] INFO org.springframework.jmx.export.annotation.AnnotationMBeanExporter - Registering beans for JMX exposure on startup
11:14:49.302 [Test worker] DEBUG org.springframework.jmx.export.annotation.AnnotationMBeanExporter - Autodetecting user-defined JMX MBeans
11:14:49.317 [Test worker] DEBUG org.springframework.web.context.support.GenericWebApplicationContext - Unable to locate LifecycleProcessor with name 'lifecycleProcessor': using default [org.springframework.context.support.DefaultLifecycleProcessor@85113a9]
11:14:49.318 [Test worker] DEBUG org.springframework.beans.factory.support.DefaultListableBeanFactory - Returning cached instance of singleton bean 'lifecycleProcessor'
11:14:49.323 [Test worker] DEBUG org.springframework.beans.factory.support.DefaultListableBeanFactory - Returning cached instance of singleton bean 'org.springframework.boot.context.properties.ConfigurationPropertiesBindingPostProcessor'
11:14:49.324 [Test worker] DEBUG org.springframework.beans.factory.support.DefaultListableBeanFactory - Returning cached instance of singleton bean 'mvcResourceUrlProvider'
11:14:49.325 [Test worker] DEBUG org.springframework.web.servlet.resource.ResourceUrlProvider - Looking for resource handler mappings
11:14:49.326 [Test worker] DEBUG org.springframework.beans.factory.support.DefaultListableBeanFactory - Returning cached instance of singleton bean 'resourceHandlerMapping'
11:14:49.326 [Test worker] DEBUG org.springframework.beans.factory.support.DefaultListableBeanFactory - Returning cached instance of singleton bean 'faviconHandlerMapping'
11:14:49.327 [Test worker] DEBUG org.springframework.web.servlet.resource.ResourceUrlProvider - Found resource handler mapping: URL pattern="/**/favicon.ico", locations=[ServletContext resource [/], class path resource [META-INF/resources/], class path resource [resources/], class path resource [static/], class path resource [public/], class path resource []], resolvers=[org.springframework.web.servlet.resource.PathResourceResolver@646fe5e9]
11:14:49.327 [Test worker] DEBUG org.springframework.web.servlet.resource.ResourceUrlProvider - Found resource handler mapping: URL pattern="/webjars/**", locations=[class path resource [META-INF/resources/webjars/]], resolvers=[org.springframework.web.servlet.resource.PathResourceResolver@23ec98d2]
11:14:49.327 [Test worker] DEBUG org.springframework.web.servlet.resource.ResourceUrlProvider - Found resource handler mapping: URL pattern="/**", locations=[ServletContext resource [/], class path resource [META-INF/resources/], class path resource [resources/], class path resource [static/], class path resource [public/]], resolvers=[org.springframework.web.servlet.resource.PathResourceResolver@1fcbdd64]
11:14:49.330 [Test worker] DEBUG org.springframework.core.env.PropertySourcesPropertyResolver - Searching for key 'spring.liveBeansView.mbeanDomain' in [servletConfigInitParams]
11:14:49.331 [Test worker] DEBUG org.springframework.core.env.PropertySourcesPropertyResolver - Searching for key 'spring.liveBeansView.mbeanDomain' in [servletContextInitParams]
11:14:49.331 [Test worker] DEBUG org.springframework.core.env.PropertySourcesPropertyResolver - Searching for key 'spring.liveBeansView.mbeanDomain' in [systemProperties]
11:14:49.331 [Test worker] DEBUG org.springframework.core.env.PropertySourcesPropertyResolver - Searching for key 'spring.liveBeansView.mbeanDomain' in [systemEnvironment]
11:14:49.331 [Test worker] DEBUG org.springframework.core.env.PropertySourcesPropertyResolver - Could not find key 'spring.liveBeansView.mbeanDomain' in any property source. Returning [null]
11:14:49.336 [Test worker] DEBUG org.springframework.test.context.cache.DefaultCacheAwareContextLoaderDelegate - Storing ApplicationContext in cache under key [[WebMergedContextConfiguration@409d89a8 testClass = RetailManagerControllerTest, locations = '{}', classes = '{class org.retailmanager.init.Application}', contextInitializerClasses = '[]', activeProfiles = '{}', propertySourceLocations = '{}', propertySourceProperties = '{}', resourceBasePath = 'src/main/webapp', contextLoader = 'org.springframework.test.context.web.WebDelegatingSmartContextLoader', parent = [null]]]
11:14:49.336 [Test worker] DEBUG org.springframework.test.context.cache - Spring test ApplicationContext cache statistics: [DefaultContextCache@7c5390ce size = 1, parentContextCount = 0, hitCount = 0, missCount = 1]
11:14:49.337 [Test worker] DEBUG org.springframework.test.context.web.ServletTestExecutionListener - Setting up MockHttpServletRequest, MockHttpServletResponse, ServletWebRequest, and RequestContextHolder for test context [DefaultTestContext@5d1680aa testClass = RetailManagerControllerTest, testInstance = org.retailmanager.init.RetailManagerControllerTest@1a499187, testMethod = [null], testException = [null], mergedContextConfiguration = [WebMergedContextConfiguration@409d89a8 testClass = RetailManagerControllerTest, locations = '{}', classes = '{class org.retailmanager.init.Application}', contextInitializerClasses = '[]', activeProfiles = '{}', propertySourceLocations = '{}', propertySourceProperties = '{}', resourceBasePath = 'src/main/webapp', contextLoader = 'org.springframework.test.context.web.WebDelegatingSmartContextLoader', parent = [null]]].
11:14:49.369 [Test worker] DEBUG org.springframework.test.context.support.DependencyInjectionTestExecutionListener - Performing dependency injection for test context [[DefaultTestContext@5d1680aa testClass = RetailManagerControllerTest, testInstance = org.retailmanager.init.RetailManagerControllerTest@1a499187, testMethod = [null], testException = [null], mergedContextConfiguration = [WebMergedContextConfiguration@409d89a8 testClass = RetailManagerControllerTest, locations = '{}', classes = '{class org.retailmanager.init.Application}', contextInitializerClasses = '[]', activeProfiles = '{}', propertySourceLocations = '{}', propertySourceProperties = '{}', resourceBasePath = 'src/main/webapp', contextLoader = 'org.springframework.test.context.web.WebDelegatingSmartContextLoader', parent = [null]]]].
11:14:49.370 [Test worker] DEBUG org.springframework.test.context.cache.DefaultCacheAwareContextLoaderDelegate - Retrieved ApplicationContext from cache with key [[WebMergedContextConfiguration@409d89a8 testClass = RetailManagerControllerTest, locations = '{}', classes = '{class org.retailmanager.init.Application}', contextInitializerClasses = '[]', activeProfiles = '{}', propertySourceLocations = '{}', propertySourceProperties = '{}', resourceBasePath = 'src/main/webapp', contextLoader = 'org.springframework.test.context.web.WebDelegatingSmartContextLoader', parent = [null]]]
11:14:49.370 [Test worker] DEBUG org.springframework.test.context.cache - Spring test ApplicationContext cache statistics: [DefaultContextCache@7c5390ce size = 1, parentContextCount = 0, hitCount = 1, missCount = 1]
11:14:49.379 [Test worker] DEBUG org.springframework.beans.factory.annotation.InjectionMetadata - Processing injected element of bean 'org.retailmanager.init.RetailManagerControllerTest': AutowiredFieldElement for protected org.springframework.web.context.WebApplicationContext org.retailmanager.init.BaseControllerTest.webApplicationContext
11:14:49.380 [Test worker] DEBUG org.springframework.beans.factory.annotation.AutowiredAnnotationBeanPostProcessor - Autowiring by type from bean name 'org.retailmanager.init.RetailManagerControllerTest' to bean named 'org.springframework.web.context.support.GenericWebApplicationContext@3678e173'
11:14:49.391 [Test worker] DEBUG org.springframework.test.context.support.AbstractDirtiesContextTestExecutionListener - Before test method: context [DefaultTestContext@5d1680aa testClass = RetailManagerControllerTest, testInstance = org.retailmanager.init.RetailManagerControllerTest@1a499187, testMethod = testGetShops@RetailManagerControllerTest, testException = [null], mergedContextConfiguration = [WebMergedContextConfiguration@409d89a8 testClass = RetailManagerControllerTest, locations = '{}', classes = '{class org.retailmanager.init.Application}', contextInitializerClasses = '[]', activeProfiles = '{}', propertySourceLocations = '{}', propertySourceProperties = '{}', resourceBasePath = 'src/main/webapp', contextLoader = 'org.springframework.test.context.web.WebDelegatingSmartContextLoader', parent = [null]]], class annotated with @DirtiesContext [false] with mode [null], method annotated with @DirtiesContext [false] with mode [null].
11:14:49.405 [Test worker] DEBUG org.springframework.test.web.servlet.TestDispatcherServlet - Initializing servlet ''
11:14:49.411 [Test worker] DEBUG org.springframework.web.context.support.StandardServletEnvironment - Adding [servletConfigInitParams] PropertySource with lowest search precedence
11:14:49.411 [Test worker] DEBUG org.springframework.web.context.support.StandardServletEnvironment - Adding [servletContextInitParams] PropertySource with lowest search precedence
11:14:49.411 [Test worker] DEBUG org.springframework.web.context.support.StandardServletEnvironment - Adding [systemProperties] PropertySource with lowest search precedence
11:14:49.411 [Test worker] DEBUG org.springframework.web.context.support.StandardServletEnvironment - Adding [systemEnvironment] PropertySource with lowest search precedence
11:14:49.412 [Test worker] DEBUG org.springframework.web.context.support.StandardServletEnvironment - Initialized StandardServletEnvironment with PropertySources [servletConfigInitParams,servletContextInitParams,systemProperties,systemEnvironment]
11:14:49.412 [Test worker] INFO org.springframework.mock.web.MockServletContext - Initializing Spring FrameworkServlet ''
11:14:49.412 [Test worker] INFO org.springframework.test.web.servlet.TestDispatcherServlet - FrameworkServlet '': initialization started
11:14:49.412 [Test worker] DEBUG org.springframework.beans.factory.support.DefaultListableBeanFactory - Returning cached instance of singleton bean 'multipartResolver'
11:14:49.412 [Test worker] DEBUG org.springframework.test.web.servlet.TestDispatcherServlet - Using MultipartResolver [org.springframework.web.multipart.support.StandardServletMultipartResolver@42d0e202]
11:14:49.414 [Test worker] DEBUG org.springframework.beans.factory.support.DefaultListableBeanFactory - Creating instance of bean 'org.springframework.web.servlet.i18n.AcceptHeaderLocaleResolver'
11:14:49.419 [Test worker] DEBUG org.springframework.beans.factory.support.DefaultListableBeanFactory - Finished creating instance of bean 'org.springframework.web.servlet.i18n.AcceptHeaderLocaleResolver'
11:14:49.419 [Test worker] DEBUG org.springframework.test.web.servlet.TestDispatcherServlet - Unable to locate LocaleResolver with name 'localeResolver': using default [org.springframework.web.servlet.i18n.AcceptHeaderLocaleResolver@268890c1]
11:14:49.421 [Test worker] DEBUG org.springframework.beans.factory.support.DefaultListableBeanFactory - Creating instance of bean 'org.springframework.web.servlet.theme.FixedThemeResolver'
11:14:49.431 [Test worker] DEBUG org.springframework.beans.factory.support.DefaultListableBeanFactory - Finished creating instance of bean 'org.springframework.web.servlet.theme.FixedThemeResolver'
11:14:49.431 [Test worker] DEBUG org.springframework.test.web.servlet.TestDispatcherServlet - Unable to locate ThemeResolver with name 'themeResolver': using default [org.springframework.web.servlet.theme.FixedThemeResolver@49818b9b]
11:14:49.432 [Test worker] DEBUG org.springframework.beans.factory.support.DefaultListableBeanFactory - Returning cached instance of singleton bean 'requestMappingHandlerMapping'
11:14:49.432 [Test worker] DEBUG org.springframework.beans.factory.support.DefaultListableBeanFactory - Returning cached instance of singleton bean 'viewControllerHandlerMapping'
11:14:49.433 [Test worker] DEBUG org.springframework.beans.factory.support.DefaultListableBeanFactory - Returning cached instance of singleton bean 'beanNameHandlerMapping'
11:14:49.433 [Test worker] DEBUG org.springframework.beans.factory.support.DefaultListableBeanFactory - Returning cached instance of singleton bean 'resourceHandlerMapping'
11:14:49.433 [Test worker] DEBUG org.springframework.beans.factory.support.DefaultListableBeanFactory - Returning cached instance of singleton bean 'defaultServletHandlerMapping'
11:14:49.433 [Test worker] DEBUG org.springframework.beans.factory.support.DefaultListableBeanFactory - Returning cached instance of singleton bean 'faviconHandlerMapping'
11:14:49.434 [Test worker] DEBUG org.springframework.beans.factory.support.DefaultListableBeanFactory - Returning cached instance of singleton bean 'requestMappingHandlerAdapter'
11:14:49.435 [Test worker] DEBUG org.springframework.beans.factory.support.DefaultListableBeanFactory - Returning cached instance of singleton bean 'httpRequestHandlerAdapter'
11:14:49.435 [Test worker] DEBUG org.springframework.beans.factory.support.DefaultListableBeanFactory - Returning cached instance of singleton bean 'simpleControllerHandlerAdapter'
11:14:49.436 [Test worker] DEBUG org.springframework.beans.factory.support.DefaultListableBeanFactory - Returning cached instance of singleton bean 'errorAttributes'
11:14:49.437 [Test worker] DEBUG org.springframework.beans.factory.support.DefaultListableBeanFactory - Returning cached instance of singleton bean 'handlerExceptionResolver'
11:14:49.439 [Test worker] DEBUG org.springframework.beans.factory.support.DefaultListableBeanFactory - Creating instance of bean 'org.springframework.web.servlet.view.DefaultRequestToViewNameTranslator'
11:14:49.444 [Test worker] DEBUG org.springframework.beans.factory.support.DefaultListableBeanFactory - Finished creating instance of bean 'org.springframework.web.servlet.view.DefaultRequestToViewNameTranslator'
11:14:49.444 [Test worker] DEBUG org.springframework.test.web.servlet.TestDispatcherServlet - Unable to locate RequestToViewNameTranslator with name 'viewNameTranslator': using default [org.springframework.web.servlet.view.DefaultRequestToViewNameTranslator@1ba61f10]
11:14:49.445 [Test worker] DEBUG org.springframework.beans.factory.support.DefaultListableBeanFactory - Returning cached instance of singleton bean 'beanNameViewResolver'
11:14:49.445 [Test worker] DEBUG org.springframework.beans.factory.support.DefaultListableBeanFactory - Returning cached instance of singleton bean 'mvcViewResolver'
11:14:49.445 [Test worker] DEBUG org.springframework.beans.factory.support.DefaultListableBeanFactory - Returning cached instance of singleton bean 'defaultViewResolver'
11:14:49.445 [Test worker] DEBUG org.springframework.beans.factory.support.DefaultListableBeanFactory - Returning cached instance of singleton bean 'viewResolver'
11:14:49.448 [Test worker] DEBUG org.springframework.beans.factory.support.DefaultListableBeanFactory - Creating instance of bean 'org.springframework.web.servlet.support.SessionFlashMapManager'
11:14:49.458 [Test worker] DEBUG org.springframework.beans.factory.support.DefaultListableBeanFactory - Finished creating instance of bean 'org.springframework.web.servlet.support.SessionFlashMapManager'
11:14:49.458 [Test worker] DEBUG org.springframework.test.web.servlet.TestDispatcherServlet - Unable to locate FlashMapManager with name 'flashMapManager': using default [org.springframework.web.servlet.support.SessionFlashMapManager@742231fd]
11:14:49.458 [Test worker] DEBUG org.springframework.test.web.servlet.TestDispatcherServlet - Published WebApplicationContext of servlet '' as ServletContext attribute with name [org.springframework.web.servlet.FrameworkServlet.CONTEXT.]
11:14:49.458 [Test worker] INFO org.springframework.test.web.servlet.TestDispatcherServlet - FrameworkServlet '': initialization completed in 46 ms
11:14:49.458 [Test worker] DEBUG org.springframework.test.web.servlet.TestDispatcherServlet - Servlet '' configured successfully
11:14:49.534 [Test worker] DEBUG org.springframework.test.web.servlet.TestDispatcherServlet - DispatcherServlet with name '' processing GET request for [/api/shops]
11:14:49.544 [Test worker] DEBUG org.springframework.web.servlet.mvc.method.annotation.RequestMappingHandlerMapping - Looking up handler method for path /api/shops
11:14:49.555 [Test worker] DEBUG org.springframework.web.servlet.mvc.method.annotation.RequestMappingHandlerMapping - Returning handler method [public org.springframework.http.ResponseEntity<java.util.Collection<org.retailmanager.api.response.ShopsResponseVO>> org.retailmanager.api.RetailsManagerController.getShops(java.lang.Float,java.lang.Float)]
11:14:49.555 [Test worker] DEBUG org.springframework.beans.factory.support.DefaultListableBeanFactory - Returning cached instance of singleton bean 'retailsManagerController'
11:14:49.557 [Test worker] DEBUG org.springframework.test.web.servlet.TestDispatcherServlet - Last-Modified value for [/api/shops] is: -1
11:14:49.600 [Test worker] INFO org.retailmanager.api.RetailsManagerController - getShops called
11:14:49.601 [Test worker] INFO org.retailmanager.rest.bs.RetailManagerService - getShops called
11:14:49.601 [Test worker] INFO org.retailmanager.geocode.restclient.GoogleGeoCodeClient - lat : 941.0	 lng :432.0
11:14:49.602 [Test worker] INFO org.retailmanager.geocode.restclient.GoogleGeoCodeClient - postCode : 941432
11:14:49.602 [Test worker] INFO org.retailmanager.rest.repository.ShopsRepository - find all called
11:14:49.602 [Test worker] INFO org.retailmanager.api.RetailsManagerController - >>>>> getShops
11:14:49.602 [Test worker] INFO org.retailmanager.api.RetailsManagerController - >>>>> getShops1
11:14:49.800 [Test worker] DEBUG org.springframework.web.servlet.mvc.method.annotation.HttpEntityMethodProcessor - Written [[org.retailmanager.api.response.ShopsResponseVO@13411393]] as "application/json" using [org.springframework.http.converter.json.MappingJackson2HttpMessageConverter@78a02c4e]
11:14:49.801 [Test worker] DEBUG org.springframework.test.web.servlet.TestDispatcherServlet - Null ModelAndView returned to DispatcherServlet with name '': assuming HandlerAdapter completed request handling
11:14:49.801 [Test worker] DEBUG org.springframework.test.web.servlet.TestDispatcherServlet - Successfully completed request
11:14:49.805 [Test worker] DEBUG org.springframework.test.context.support.AbstractDirtiesContextTestExecutionListener - After test method: context [DefaultTestContext@5d1680aa testClass = RetailManagerControllerTest, testInstance = org.retailmanager.init.RetailManagerControllerTest@1a499187, testMethod = testGetShops@RetailManagerControllerTest, testException = [null], mergedContextConfiguration = [WebMergedContextConfiguration@409d89a8 testClass = RetailManagerControllerTest, locations = '{}', classes = '{class org.retailmanager.init.Application}', contextInitializerClasses = '[]', activeProfiles = '{}', propertySourceLocations = '{}', propertySourceProperties = '{}', resourceBasePath = 'src/main/webapp', contextLoader = 'org.springframework.test.context.web.WebDelegatingSmartContextLoader', parent = [null]]], class annotated with @DirtiesContext [false] with mode [null], method annotated with @DirtiesContext [false] with mode [null].
11:14:49.807 [Test worker] DEBUG org.springframework.test.context.web.ServletTestExecutionListener - Resetting RequestContextHolder for test context [DefaultTestContext@5d1680aa testClass = RetailManagerControllerTest, testInstance = org.retailmanager.init.RetailManagerControllerTest@1a499187, testMethod = testGetShops@RetailManagerControllerTest, testException = [null], mergedContextConfiguration = [WebMergedContextConfiguration@409d89a8 testClass = RetailManagerControllerTest, locations = '{}', classes = '{class org.retailmanager.init.Application}', contextInitializerClasses = '[]', activeProfiles = '{}', propertySourceLocations = '{}', propertySourceProperties = '{}', resourceBasePath = 'src/main/webapp', contextLoader = 'org.springframework.test.context.web.WebDelegatingSmartContextLoader', parent = [null]]].
11:14:49.809 [Test worker] DEBUG org.springframework.test.annotation.ProfileValueUtils - Retrieved @ProfileValueSourceConfiguration [null] for test class [org.retailmanager.init.RetailManagerControllerTest]
11:14:49.809 [Test worker] DEBUG org.springframework.test.annotation.ProfileValueUtils - Retrieved ProfileValueSource type [class org.springframework.test.annotation.SystemProfileValueSource] for class [org.retailmanager.init.RetailManagerControllerTest]
11:14:49.810 [Test worker] DEBUG org.springframework.test.context.cache.DefaultCacheAwareContextLoaderDelegate - Retrieved ApplicationContext from cache with key [[WebMergedContextConfiguration@409d89a8 testClass = RetailManagerControllerTest, locations = '{}', classes = '{class org.retailmanager.init.Application}', contextInitializerClasses = '[]', activeProfiles = '{}', propertySourceLocations = '{}', propertySourceProperties = '{}', resourceBasePath = 'src/main/webapp', contextLoader = 'org.springframework.test.context.web.WebDelegatingSmartContextLoader', parent = [null]]]
11:14:49.811 [Test worker] DEBUG org.springframework.test.context.cache - Spring test ApplicationContext cache statistics: [DefaultContextCache@7c5390ce size = 1, parentContextCount = 0, hitCount = 2, missCount = 1]
11:14:49.811 [Test worker] DEBUG org.springframework.test.context.web.ServletTestExecutionListener - Setting up MockHttpServletRequest, MockHttpServletResponse, ServletWebRequest, and RequestContextHolder for test context [DefaultTestContext@5d1680aa testClass = RetailManagerControllerTest, testInstance = org.retailmanager.init.RetailManagerControllerTest@414ae56f, testMethod = [null], testException = [null], mergedContextConfiguration = [WebMergedContextConfiguration@409d89a8 testClass = RetailManagerControllerTest, locations = '{}', classes = '{class org.retailmanager.init.Application}', contextInitializerClasses = '[]', activeProfiles = '{}', propertySourceLocations = '{}', propertySourceProperties = '{}', resourceBasePath = 'src/main/webapp', contextLoader = 'org.springframework.test.context.web.WebDelegatingSmartContextLoader', parent = [null]]].
11:14:49.812 [Test worker] DEBUG org.springframework.test.context.support.DependencyInjectionTestExecutionListener - Performing dependency injection for test context [[DefaultTestContext@5d1680aa testClass = RetailManagerControllerTest, testInstance = org.retailmanager.init.RetailManagerControllerTest@414ae56f, testMethod = [null], testException = [null], mergedContextConfiguration = [WebMergedContextConfiguration@409d89a8 testClass = RetailManagerControllerTest, locations = '{}', classes = '{class org.retailmanager.init.Application}', contextInitializerClasses = '[]', activeProfiles = '{}', propertySourceLocations = '{}', propertySourceProperties = '{}', resourceBasePath = 'src/main/webapp', contextLoader = 'org.springframework.test.context.web.WebDelegatingSmartContextLoader', parent = [null]]]].
11:14:49.813 [Test worker] DEBUG org.springframework.test.context.cache.DefaultCacheAwareContextLoaderDelegate - Retrieved ApplicationContext from cache with key [[WebMergedContextConfiguration@409d89a8 testClass = RetailManagerControllerTest, locations = '{}', classes = '{class org.retailmanager.init.Application}', contextInitializerClasses = '[]', activeProfiles = '{}', propertySourceLocations = '{}', propertySourceProperties = '{}', resourceBasePath = 'src/main/webapp', contextLoader = 'org.springframework.test.context.web.WebDelegatingSmartContextLoader', parent = [null]]]
11:14:49.814 [Test worker] DEBUG org.springframework.test.context.cache - Spring test ApplicationContext cache statistics: [DefaultContextCache@7c5390ce size = 1, parentContextCount = 0, hitCount = 3, missCount = 1]
11:14:49.815 [Test worker] DEBUG org.springframework.beans.factory.annotation.InjectionMetadata - Processing injected element of bean 'org.retailmanager.init.RetailManagerControllerTest': AutowiredFieldElement for protected org.springframework.web.context.WebApplicationContext org.retailmanager.init.BaseControllerTest.webApplicationContext
11:14:49.817 [Test worker] DEBUG org.springframework.test.context.support.AbstractDirtiesContextTestExecutionListener - Before test method: context [DefaultTestContext@5d1680aa testClass = RetailManagerControllerTest, testInstance = org.retailmanager.init.RetailManagerControllerTest@414ae56f, testMethod = testCreateShops@RetailManagerControllerTest, testException = [null], mergedContextConfiguration = [WebMergedContextConfiguration@409d89a8 testClass = RetailManagerControllerTest, locations = '{}', classes = '{class org.retailmanager.init.Application}', contextInitializerClasses = '[]', activeProfiles = '{}', propertySourceLocations = '{}', propertySourceProperties = '{}', resourceBasePath = 'src/main/webapp', contextLoader = 'org.springframework.test.context.web.WebDelegatingSmartContextLoader', parent = [null]]], class annotated with @DirtiesContext [false] with mode [null], method annotated with @DirtiesContext [false] with mode [null].
11:14:49.817 [Test worker] DEBUG org.springframework.test.web.servlet.TestDispatcherServlet - Initializing servlet ''
11:14:49.818 [Test worker] DEBUG org.springframework.web.context.support.StandardServletEnvironment - Adding [servletConfigInitParams] PropertySource with lowest search precedence
11:14:49.818 [Test worker] DEBUG org.springframework.web.context.support.StandardServletEnvironment - Adding [servletContextInitParams] PropertySource with lowest search precedence
11:14:49.819 [Test worker] DEBUG org.springframework.web.context.support.StandardServletEnvironment - Adding [systemProperties] PropertySource with lowest search precedence
11:14:49.819 [Test worker] DEBUG org.springframework.web.context.support.StandardServletEnvironment - Adding [systemEnvironment] PropertySource with lowest search precedence
11:14:49.819 [Test worker] DEBUG org.springframework.web.context.support.StandardServletEnvironment - Initialized StandardServletEnvironment with PropertySources [servletConfigInitParams,servletContextInitParams,systemProperties,systemEnvironment]
11:14:49.819 [Test worker] INFO org.springframework.mock.web.MockServletContext - Initializing Spring FrameworkServlet ''
11:14:49.819 [Test worker] INFO org.springframework.test.web.servlet.TestDispatcherServlet - FrameworkServlet '': initialization started
11:14:49.820 [Test worker] DEBUG org.springframework.beans.factory.support.DefaultListableBeanFactory - Returning cached instance of singleton bean 'multipartResolver'
11:14:49.820 [Test worker] DEBUG org.springframework.test.web.servlet.TestDispatcherServlet - Using MultipartResolver [org.springframework.web.multipart.support.StandardServletMultipartResolver@42d0e202]
11:14:49.820 [Test worker] DEBUG org.springframework.beans.factory.support.DefaultListableBeanFactory - Creating instance of bean 'org.springframework.web.servlet.i18n.AcceptHeaderLocaleResolver'
11:14:49.821 [Test worker] DEBUG org.springframework.beans.factory.support.DefaultListableBeanFactory - Finished creating instance of bean 'org.springframework.web.servlet.i18n.AcceptHeaderLocaleResolver'
11:14:49.821 [Test worker] DEBUG org.springframework.test.web.servlet.TestDispatcherServlet - Unable to locate LocaleResolver with name 'localeResolver': using default [org.springframework.web.servlet.i18n.AcceptHeaderLocaleResolver@1a885f40]
11:14:49.821 [Test worker] DEBUG org.springframework.beans.factory.support.DefaultListableBeanFactory - Creating instance of bean 'org.springframework.web.servlet.theme.FixedThemeResolver'
11:14:49.822 [Test worker] DEBUG org.springframework.beans.factory.support.DefaultListableBeanFactory - Finished creating instance of bean 'org.springframework.web.servlet.theme.FixedThemeResolver'
11:14:49.822 [Test worker] DEBUG org.springframework.test.web.servlet.TestDispatcherServlet - Unable to locate ThemeResolver with name 'themeResolver': using default [org.springframework.web.servlet.theme.FixedThemeResolver@35186a9f]
11:14:49.823 [Test worker] DEBUG org.springframework.beans.factory.support.DefaultListableBeanFactory - Returning cached instance of singleton bean 'requestMappingHandlerMapping'
11:14:49.823 [Test worker] DEBUG org.springframework.beans.factory.support.DefaultListableBeanFactory - Returning cached instance of singleton bean 'viewControllerHandlerMapping'
11:14:49.823 [Test worker] DEBUG org.springframework.beans.factory.support.DefaultListableBeanFactory - Returning cached instance of singleton bean 'beanNameHandlerMapping'
11:14:49.823 [Test worker] DEBUG org.springframework.beans.factory.support.DefaultListableBeanFactory - Returning cached instance of singleton bean 'resourceHandlerMapping'
11:14:49.823 [Test worker] DEBUG org.springframework.beans.factory.support.DefaultListableBeanFactory - Returning cached instance of singleton bean 'defaultServletHandlerMapping'
11:14:49.823 [Test worker] DEBUG org.springframework.beans.factory.support.DefaultListableBeanFactory - Returning cached instance of singleton bean 'faviconHandlerMapping'
11:14:49.824 [Test worker] DEBUG org.springframework.beans.factory.support.DefaultListableBeanFactory - Returning cached instance of singleton bean 'requestMappingHandlerAdapter'
11:14:49.824 [Test worker] DEBUG org.springframework.beans.factory.support.DefaultListableBeanFactory - Returning cached instance of singleton bean 'httpRequestHandlerAdapter'
11:14:49.824 [Test worker] DEBUG org.springframework.beans.factory.support.DefaultListableBeanFactory - Returning cached instance of singleton bean 'simpleControllerHandlerAdapter'
11:14:49.825 [Test worker] DEBUG org.springframework.beans.factory.support.DefaultListableBeanFactory - Returning cached instance of singleton bean 'errorAttributes'
11:14:49.825 [Test worker] DEBUG org.springframework.beans.factory.support.DefaultListableBeanFactory - Returning cached instance of singleton bean 'handlerExceptionResolver'
11:14:49.826 [Test worker] DEBUG org.springframework.beans.factory.support.DefaultListableBeanFactory - Creating instance of bean 'org.springframework.web.servlet.view.DefaultRequestToViewNameTranslator'
11:14:49.826 [Test worker] DEBUG org.springframework.beans.factory.support.DefaultListableBeanFactory - Finished creating instance of bean 'org.springframework.web.servlet.view.DefaultRequestToViewNameTranslator'
11:14:49.826 [Test worker] DEBUG org.springframework.test.web.servlet.TestDispatcherServlet - Unable to locate RequestToViewNameTranslator with name 'viewNameTranslator': using default [org.springframework.web.servlet.view.DefaultRequestToViewNameTranslator@236f90ce]
11:14:49.827 [Test worker] DEBUG org.springframework.beans.factory.support.DefaultListableBeanFactory - Returning cached instance of singleton bean 'beanNameViewResolver'
11:14:49.827 [Test worker] DEBUG org.springframework.beans.factory.support.DefaultListableBeanFactory - Returning cached instance of singleton bean 'mvcViewResolver'
11:14:49.827 [Test worker] DEBUG org.springframework.beans.factory.support.DefaultListableBeanFactory - Returning cached instance of singleton bean 'defaultViewResolver'
11:14:49.827 [Test worker] DEBUG org.springframework.beans.factory.support.DefaultListableBeanFactory - Returning cached instance of singleton bean 'viewResolver'
11:14:49.828 [Test worker] DEBUG org.springframework.beans.factory.support.DefaultListableBeanFactory - Creating instance of bean 'org.springframework.web.servlet.support.SessionFlashMapManager'
11:14:49.828 [Test worker] DEBUG org.springframework.beans.factory.support.DefaultListableBeanFactory - Finished creating instance of bean 'org.springframework.web.servlet.support.SessionFlashMapManager'
11:14:49.828 [Test worker] DEBUG org.springframework.test.web.servlet.TestDispatcherServlet - Unable to locate FlashMapManager with name 'flashMapManager': using default [org.springframework.web.servlet.support.SessionFlashMapManager@75e564be]
11:14:49.828 [Test worker] DEBUG org.springframework.test.web.servlet.TestDispatcherServlet - Published WebApplicationContext of servlet '' as ServletContext attribute with name [org.springframework.web.servlet.FrameworkServlet.CONTEXT.]
11:14:49.828 [Test worker] INFO org.springframework.test.web.servlet.TestDispatcherServlet - FrameworkServlet '': initialization completed in 8 ms
11:14:49.828 [Test worker] DEBUG org.springframework.test.web.servlet.TestDispatcherServlet - Servlet '' configured successfully
11:14:49.838 [Test worker] DEBUG org.springframework.test.web.servlet.TestDispatcherServlet - DispatcherServlet with name '' processing POST request for [/api/shops]
11:14:49.838 [Test worker] DEBUG org.springframework.web.servlet.mvc.method.annotation.RequestMappingHandlerMapping - Looking up handler method for path /api/shops
11:14:49.839 [Test worker] DEBUG org.springframework.web.servlet.mvc.method.annotation.RequestMappingHandlerMapping - Returning handler method [public org.springframework.http.ResponseEntity<org.retailmanager.api.response.ShopsResponseVO> org.retailmanager.api.RetailsManagerController.addShop(org.retailmanager.api.request.ShopRequestVO)]
11:14:49.839 [Test worker] DEBUG org.springframework.beans.factory.support.DefaultListableBeanFactory - Returning cached instance of singleton bean 'retailsManagerController'
11:14:49.921 [Test worker] DEBUG org.springframework.web.servlet.mvc.method.annotation.RequestResponseBodyMethodProcessor - Read [class org.retailmanager.api.request.ShopRequestVO] as "application/json" with [org.springframework.http.converter.json.MappingJackson2HttpMessageConverter@78a02c4e]
11:14:49.950 [Test worker] INFO org.retailmanager.api.RetailsManagerController - addShop called : org.retailmanager.api.request.ShopRequestVO@32f3e20e
shopName : testShop111
11:14:49.951 [Test worker] INFO org.retailmanager.rest.bs.RetailManagerService - addShop called
11:14:49.951 [Test worker] INFO org.retailmanager.geocode.restclient.GoogleGeoCodeClient - number : 3456	 postCode :124577
11:14:49.951 [Test worker] INFO org.retailmanager.geocode.restclient.GoogleGeoCodeClient - lat : 124.0	 lng :577.0
11:14:49.951 [Test worker] INFO org.retailmanager.rest.repository.ShopsRepository - save called
11:14:49.954 [Test worker] DEBUG org.springframework.web.servlet.mvc.method.annotation.HttpEntityMethodProcessor - Written [org.retailmanager.api.response.ShopsResponseVO@4069552e] as "application/json" using [org.springframework.http.converter.json.MappingJackson2HttpMessageConverter@78a02c4e]
11:14:49.955 [Test worker] DEBUG org.springframework.test.web.servlet.TestDispatcherServlet - Null ModelAndView returned to DispatcherServlet with name '': assuming HandlerAdapter completed request handling
11:14:49.955 [Test worker] DEBUG org.springframework.test.web.servlet.TestDispatcherServlet - Successfully completed request
11:14:49.966 [Test worker] DEBUG org.springframework.test.context.support.AbstractDirtiesContextTestExecutionListener - After test method: context [DefaultTestContext@5d1680aa testClass = RetailManagerControllerTest, testInstance = org.retailmanager.init.RetailManagerControllerTest@414ae56f, testMethod = testCreateShops@RetailManagerControllerTest, testException = [null], mergedContextConfiguration = [WebMergedContextConfiguration@409d89a8 testClass = RetailManagerControllerTest, locations = '{}', classes = '{class org.retailmanager.init.Application}', contextInitializerClasses = '[]', activeProfiles = '{}', propertySourceLocations = '{}', propertySourceProperties = '{}', resourceBasePath = 'src/main/webapp', contextLoader = 'org.springframework.test.context.web.WebDelegatingSmartContextLoader', parent = [null]]], class annotated with @DirtiesContext [false] with mode [null], method annotated with @DirtiesContext [false] with mode [null].
11:14:49.966 [Test worker] DEBUG org.springframework.test.context.web.ServletTestExecutionListener - Resetting RequestContextHolder for test context [DefaultTestContext@5d1680aa testClass = RetailManagerControllerTest, testInstance = org.retailmanager.init.RetailManagerControllerTest@414ae56f, testMethod = testCreateShops@RetailManagerControllerTest, testException = [null], mergedContextConfiguration = [WebMergedContextConfiguration@409d89a8 testClass = RetailManagerControllerTest, locations = '{}', classes = '{class org.retailmanager.init.Application}', contextInitializerClasses = '[]', activeProfiles = '{}', propertySourceLocations = '{}', propertySourceProperties = '{}', resourceBasePath = 'src/main/webapp', contextLoader = 'org.springframework.test.context.web.WebDelegatingSmartContextLoader', parent = [null]]].
11:14:49.966 [Test worker] DEBUG org.springframework.test.annotation.ProfileValueUtils - Retrieved @ProfileValueSourceConfiguration [null] for test class [org.retailmanager.init.RetailManagerControllerTest]
11:14:49.966 [Test worker] DEBUG org.springframework.test.annotation.ProfileValueUtils - Retrieved ProfileValueSource type [class org.springframework.test.annotation.SystemProfileValueSource] for class [org.retailmanager.init.RetailManagerControllerTest]
11:14:49.967 [Test worker] DEBUG org.springframework.test.context.cache.DefaultCacheAwareContextLoaderDelegate - Retrieved ApplicationContext from cache with key [[WebMergedContextConfiguration@409d89a8 testClass = RetailManagerControllerTest, locations = '{}', classes = '{class org.retailmanager.init.Application}', contextInitializerClasses = '[]', activeProfiles = '{}', propertySourceLocations = '{}', propertySourceProperties = '{}', resourceBasePath = 'src/main/webapp', contextLoader = 'org.springframework.test.context.web.WebDelegatingSmartContextLoader', parent = [null]]]
11:14:49.968 [Test worker] DEBUG org.springframework.test.context.cache - Spring test ApplicationContext cache statistics: [DefaultContextCache@7c5390ce size = 1, parentContextCount = 0, hitCount = 4, missCount = 1]
11:14:49.968 [Test worker] DEBUG org.springframework.test.context.web.ServletTestExecutionListener - Setting up MockHttpServletRequest, MockHttpServletResponse, ServletWebRequest, and RequestContextHolder for test context [DefaultTestContext@5d1680aa testClass = RetailManagerControllerTest, testInstance = org.retailmanager.init.RetailManagerControllerTest@147c76c0, testMethod = [null], testException = [null], mergedContextConfiguration = [WebMergedContextConfiguration@409d89a8 testClass = RetailManagerControllerTest, locations = '{}', classes = '{class org.retailmanager.init.Application}', contextInitializerClasses = '[]', activeProfiles = '{}', propertySourceLocations = '{}', propertySourceProperties = '{}', resourceBasePath = 'src/main/webapp', contextLoader = 'org.springframework.test.context.web.WebDelegatingSmartContextLoader', parent = [null]]].
11:14:49.969 [Test worker] DEBUG org.springframework.test.context.support.DependencyInjectionTestExecutionListener - Performing dependency injection for test context [[DefaultTestContext@5d1680aa testClass = RetailManagerControllerTest, testInstance = org.retailmanager.init.RetailManagerControllerTest@147c76c0, testMethod = [null], testException = [null], mergedContextConfiguration = [WebMergedContextConfiguration@409d89a8 testClass = RetailManagerControllerTest, locations = '{}', classes = '{class org.retailmanager.init.Application}', contextInitializerClasses = '[]', activeProfiles = '{}', propertySourceLocations = '{}', propertySourceProperties = '{}', resourceBasePath = 'src/main/webapp', contextLoader = 'org.springframework.test.context.web.WebDelegatingSmartContextLoader', parent = [null]]]].
11:14:49.970 [Test worker] DEBUG org.springframework.test.context.cache.DefaultCacheAwareContextLoaderDelegate - Retrieved ApplicationContext from cache with key [[WebMergedContextConfiguration@409d89a8 testClass = RetailManagerControllerTest, locations = '{}', classes = '{class org.retailmanager.init.Application}', contextInitializerClasses = '[]', activeProfiles = '{}', propertySourceLocations = '{}', propertySourceProperties = '{}', resourceBasePath = 'src/main/webapp', contextLoader = 'org.springframework.test.context.web.WebDelegatingSmartContextLoader', parent = [null]]]
11:14:49.970 [Test worker] DEBUG org.springframework.test.context.cache - Spring test ApplicationContext cache statistics: [DefaultContextCache@7c5390ce size = 1, parentContextCount = 0, hitCount = 5, missCount = 1]
11:14:49.971 [Test worker] DEBUG org.springframework.beans.factory.annotation.InjectionMetadata - Processing injected element of bean 'org.retailmanager.init.RetailManagerControllerTest': AutowiredFieldElement for protected org.springframework.web.context.WebApplicationContext org.retailmanager.init.BaseControllerTest.webApplicationContext
11:14:49.974 [Test worker] DEBUG org.springframework.test.context.support.AbstractDirtiesContextTestExecutionListener - Before test method: context [DefaultTestContext@5d1680aa testClass = RetailManagerControllerTest, testInstance = org.retailmanager.init.RetailManagerControllerTest@147c76c0, testMethod = testGetShopsNotFound@RetailManagerControllerTest, testException = [null], mergedContextConfiguration = [WebMergedContextConfiguration@409d89a8 testClass = RetailManagerControllerTest, locations = '{}', classes = '{class org.retailmanager.init.Application}', contextInitializerClasses = '[]', activeProfiles = '{}', propertySourceLocations = '{}', propertySourceProperties = '{}', resourceBasePath = 'src/main/webapp', contextLoader = 'org.springframework.test.context.web.WebDelegatingSmartContextLoader', parent = [null]]], class annotated with @DirtiesContext [false] with mode [null], method annotated with @DirtiesContext [false] with mode [null].
11:14:49.974 [Test worker] DEBUG org.springframework.test.web.servlet.TestDispatcherServlet - Initializing servlet ''
11:14:49.975 [Test worker] DEBUG org.springframework.web.context.support.StandardServletEnvironment - Adding [servletConfigInitParams] PropertySource with lowest search precedence
11:14:49.975 [Test worker] DEBUG org.springframework.web.context.support.StandardServletEnvironment - Adding [servletContextInitParams] PropertySource with lowest search precedence
11:14:49.976 [Test worker] DEBUG org.springframework.web.context.support.StandardServletEnvironment - Adding [systemProperties] PropertySource with lowest search precedence
11:14:49.976 [Test worker] DEBUG org.springframework.web.context.support.StandardServletEnvironment - Adding [systemEnvironment] PropertySource with lowest search precedence
11:14:49.976 [Test worker] DEBUG org.springframework.web.context.support.StandardServletEnvironment - Initialized StandardServletEnvironment with PropertySources [servletConfigInitParams,servletContextInitParams,systemProperties,systemEnvironment]
11:14:49.976 [Test worker] INFO org.springframework.mock.web.MockServletContext - Initializing Spring FrameworkServlet ''
11:14:49.976 [Test worker] INFO org.springframework.test.web.servlet.TestDispatcherServlet - FrameworkServlet '': initialization started
11:14:49.976 [Test worker] DEBUG org.springframework.beans.factory.support.DefaultListableBeanFactory - Returning cached instance of singleton bean 'multipartResolver'
11:14:49.977 [Test worker] DEBUG org.springframework.test.web.servlet.TestDispatcherServlet - Using MultipartResolver [org.springframework.web.multipart.support.StandardServletMultipartResolver@42d0e202]
11:14:49.977 [Test worker] DEBUG org.springframework.beans.factory.support.DefaultListableBeanFactory - Creating instance of bean 'org.springframework.web.servlet.i18n.AcceptHeaderLocaleResolver'
11:14:49.978 [Test worker] DEBUG org.springframework.beans.factory.support.DefaultListableBeanFactory - Finished creating instance of bean 'org.springframework.web.servlet.i18n.AcceptHeaderLocaleResolver'
11:14:49.978 [Test worker] DEBUG org.springframework.test.web.servlet.TestDispatcherServlet - Unable to locate LocaleResolver with name 'localeResolver': using default [org.springframework.web.servlet.i18n.AcceptHeaderLocaleResolver@33f8e7ee]
11:14:49.978 [Test worker] DEBUG org.springframework.beans.factory.support.DefaultListableBeanFactory - Creating instance of bean 'org.springframework.web.servlet.theme.FixedThemeResolver'
11:14:49.979 [Test worker] DEBUG org.springframework.beans.factory.support.DefaultListableBeanFactory - Finished creating instance of bean 'org.springframework.web.servlet.theme.FixedThemeResolver'
11:14:49.979 [Test worker] DEBUG org.springframework.test.web.servlet.TestDispatcherServlet - Unable to locate ThemeResolver with name 'themeResolver': using default [org.springframework.web.servlet.theme.FixedThemeResolver@51525bb7]
11:14:49.980 [Test worker] DEBUG org.springframework.beans.factory.support.DefaultListableBeanFactory - Returning cached instance of singleton bean 'requestMappingHandlerMapping'
11:14:49.980 [Test worker] DEBUG org.springframework.beans.factory.support.DefaultListableBeanFactory - Returning cached instance of singleton bean 'viewControllerHandlerMapping'
11:14:49.980 [Test worker] DEBUG org.springframework.beans.factory.support.DefaultListableBeanFactory - Returning cached instance of singleton bean 'beanNameHandlerMapping'
11:14:49.980 [Test worker] DEBUG org.springframework.beans.factory.support.DefaultListableBeanFactory - Returning cached instance of singleton bean 'resourceHandlerMapping'
11:14:49.980 [Test worker] DEBUG org.springframework.beans.factory.support.DefaultListableBeanFactory - Returning cached instance of singleton bean 'defaultServletHandlerMapping'
11:14:49.980 [Test worker] DEBUG org.springframework.beans.factory.support.DefaultListableBeanFactory - Returning cached instance of singleton bean 'faviconHandlerMapping'
11:14:49.981 [Test worker] DEBUG org.springframework.beans.factory.support.DefaultListableBeanFactory - Returning cached instance of singleton bean 'requestMappingHandlerAdapter'
11:14:49.981 [Test worker] DEBUG org.springframework.beans.factory.support.DefaultListableBeanFactory - Returning cached instance of singleton bean 'httpRequestHandlerAdapter'
11:14:49.981 [Test worker] DEBUG org.springframework.beans.factory.support.DefaultListableBeanFactory - Returning cached instance of singleton bean 'simpleControllerHandlerAdapter'
11:14:49.982 [Test worker] DEBUG org.springframework.beans.factory.support.DefaultListableBeanFactory - Returning cached instance of singleton bean 'errorAttributes'
11:14:49.982 [Test worker] DEBUG org.springframework.beans.factory.support.DefaultListableBeanFactory - Returning cached instance of singleton bean 'handlerExceptionResolver'
11:14:49.983 [Test worker] DEBUG org.springframework.beans.factory.support.DefaultListableBeanFactory - Creating instance of bean 'org.springframework.web.servlet.view.DefaultRequestToViewNameTranslator'
11:14:49.983 [Test worker] DEBUG org.springframework.beans.factory.support.DefaultListableBeanFactory - Finished creating instance of bean 'org.springframework.web.servlet.view.DefaultRequestToViewNameTranslator'
11:14:49.983 [Test worker] DEBUG org.springframework.test.web.servlet.TestDispatcherServlet - Unable to locate RequestToViewNameTranslator with name 'viewNameTranslator': using default [org.springframework.web.servlet.view.DefaultRequestToViewNameTranslator@26effd2b]
11:14:49.984 [Test worker] DEBUG org.springframework.beans.factory.support.DefaultListableBeanFactory - Returning cached instance of singleton bean 'beanNameViewResolver'
11:14:49.984 [Test worker] DEBUG org.springframework.beans.factory.support.DefaultListableBeanFactory - Returning cached instance of singleton bean 'mvcViewResolver'
11:14:49.984 [Test worker] DEBUG org.springframework.beans.factory.support.DefaultListableBeanFactory - Returning cached instance of singleton bean 'defaultViewResolver'
11:14:49.984 [Test worker] DEBUG org.springframework.beans.factory.support.DefaultListableBeanFactory - Returning cached instance of singleton bean 'viewResolver'
11:14:49.985 [Test worker] DEBUG org.springframework.beans.factory.support.DefaultListableBeanFactory - Creating instance of bean 'org.springframework.web.servlet.support.SessionFlashMapManager'
11:14:49.986 [Test worker] DEBUG org.springframework.beans.factory.support.DefaultListableBeanFactory - Finished creating instance of bean 'org.springframework.web.servlet.support.SessionFlashMapManager'
11:14:49.986 [Test worker] DEBUG org.springframework.test.web.servlet.TestDispatcherServlet - Unable to locate FlashMapManager with name 'flashMapManager': using default [org.springframework.web.servlet.support.SessionFlashMapManager@fda78a8]
11:14:49.986 [Test worker] DEBUG org.springframework.test.web.servlet.TestDispatcherServlet - Published WebApplicationContext of servlet '' as ServletContext attribute with name [org.springframework.web.servlet.FrameworkServlet.CONTEXT.]
11:14:49.986 [Test worker] INFO org.springframework.test.web.servlet.TestDispatcherServlet - FrameworkServlet '': initialization completed in 10 ms
11:14:49.986 [Test worker] DEBUG org.springframework.test.web.servlet.TestDispatcherServlet - Servlet '' configured successfully
11:14:49.988 [Test worker] DEBUG org.springframework.test.web.servlet.TestDispatcherServlet - DispatcherServlet with name '' processing GET request for [/api/shops]
11:14:49.988 [Test worker] DEBUG org.springframework.web.servlet.mvc.method.annotation.RequestMappingHandlerMapping - Looking up handler method for path /api/shops
11:14:49.989 [Test worker] DEBUG org.springframework.web.servlet.mvc.method.annotation.RequestMappingHandlerMapping - Returning handler method [public org.springframework.http.ResponseEntity<java.util.Collection<org.retailmanager.api.response.ShopsResponseVO>> org.retailmanager.api.RetailsManagerController.getShops(java.lang.Float,java.lang.Float)]
11:14:49.990 [Test worker] DEBUG org.springframework.beans.factory.support.DefaultListableBeanFactory - Returning cached instance of singleton bean 'retailsManagerController'
11:14:49.990 [Test worker] DEBUG org.springframework.test.web.servlet.TestDispatcherServlet - Last-Modified value for [/api/shops] is: -1
11:14:49.992 [Test worker] INFO org.retailmanager.api.RetailsManagerController - getShops called
11:14:49.992 [Test worker] INFO org.retailmanager.rest.bs.RetailManagerService - getShops called
11:14:49.992 [Test worker] INFO org.retailmanager.geocode.restclient.GoogleGeoCodeClient - lat : 9.223372036854776E18	 lng :9.223372036854776E18
11:14:49.993 [Test worker] INFO org.retailmanager.geocode.restclient.GoogleGeoCodeClient - postCode : 21474836472147483647
11:14:49.993 [Test worker] INFO org.retailmanager.rest.repository.ShopsRepository - find all called
11:14:49.993 [Test worker] INFO org.retailmanager.api.RetailsManagerController - >>>>> getShops
11:14:49.994 [Test worker] DEBUG org.springframework.test.web.servlet.TestDispatcherServlet - Null ModelAndView returned to DispatcherServlet with name '': assuming HandlerAdapter completed request handling
11:14:49.994 [Test worker] DEBUG org.springframework.test.web.servlet.TestDispatcherServlet - Successfully completed request
11:14:49.995 [Test worker] INFO org.retailmanager.init.RetailManagerControllerTest - >>>>>204
11:14:49.996 [Test worker] DEBUG org.springframework.test.context.support.AbstractDirtiesContextTestExecutionListener - After test method: context [DefaultTestContext@5d1680aa testClass = RetailManagerControllerTest, testInstance = org.retailmanager.init.RetailManagerControllerTest@147c76c0, testMethod = testGetShopsNotFound@RetailManagerControllerTest, testException = [null], mergedContextConfiguration = [WebMergedContextConfiguration@409d89a8 testClass = RetailManagerControllerTest, locations = '{}', classes = '{class org.retailmanager.init.Application}', contextInitializerClasses = '[]', activeProfiles = '{}', propertySourceLocations = '{}', propertySourceProperties = '{}', resourceBasePath = 'src/main/webapp', contextLoader = 'org.springframework.test.context.web.WebDelegatingSmartContextLoader', parent = [null]]], class annotated with @DirtiesContext [false] with mode [null], method annotated with @DirtiesContext [false] with mode [null].
11:14:49.996 [Test worker] DEBUG org.springframework.test.context.web.ServletTestExecutionListener - Resetting RequestContextHolder for test context [DefaultTestContext@5d1680aa testClass = RetailManagerControllerTest, testInstance = org.retailmanager.init.RetailManagerControllerTest@147c76c0, testMethod = testGetShopsNotFound@RetailManagerControllerTest, testException = [null], mergedContextConfiguration = [WebMergedContextConfiguration@409d89a8 testClass = RetailManagerControllerTest, locations = '{}', classes = '{class org.retailmanager.init.Application}', contextInitializerClasses = '[]', activeProfiles = '{}', propertySourceLocations = '{}', propertySourceProperties = '{}', resourceBasePath = 'src/main/webapp', contextLoader = 'org.springframework.test.context.web.WebDelegatingSmartContextLoader', parent = [null]]].
11:14:49.999 [Test worker] DEBUG org.springframework.test.context.support.AbstractDirtiesContextTestExecutionListener - After test class: context [DefaultTestContext@5d1680aa testClass = RetailManagerControllerTest, testInstance = [null], testMethod = [null], testException = [null], mergedContextConfiguration = [WebMergedContextConfiguration@409d89a8 testClass = RetailManagerControllerTest, locations = '{}', classes = '{class org.retailmanager.init.Application}', contextInitializerClasses = '[]', activeProfiles = '{}', propertySourceLocations = '{}', propertySourceProperties = '{}', resourceBasePath = 'src/main/webapp', contextLoader = 'org.springframework.test.context.web.WebDelegatingSmartContextLoader', parent = [null]]], class annotated with @DirtiesContext [false] with mode [null].
]]></system-out>
  <system-err><![CDATA[]]></system-err>
</testsuite>
