<?xml version="1.0" encoding="UTF-8"?>
<testsuite name="org.retailmanager.init.RetailManagerControllerTest" tests="4" skipped="0" failures="0" errors="0" timestamp="2016-09-05T18:38:43" hostname="L-MAA-00438839" time="2.086">
  <properties/>
  <testcase name="testGetShops" classname="org.retailmanager.init.RetailManagerControllerTest" time="1.8"/>
  <testcase name="testCreateShops" classname="org.retailmanager.init.RetailManagerControllerTest" time="0.203"/>
  <testcase name="testGetShopsNotFound" classname="org.retailmanager.init.RetailManagerControllerTest" time="0.073"/>
  <testcase name="contextLoads" classname="org.retailmanager.init.RetailManagerControllerTest" time="0.006"/>
  <system-out><![CDATA[00:08:39.824 [Test worker] DEBUG org.springframework.test.context.junit4.SpringJUnit4ClassRunner - SpringJUnit4ClassRunner constructor called with [class org.retailmanager.init.RetailManagerControllerTest]
00:08:39.830 [Test worker] DEBUG org.springframework.test.context.BootstrapUtils - Instantiating CacheAwareContextLoaderDelegate from class [org.springframework.test.context.cache.DefaultCacheAwareContextLoaderDelegate]
00:08:39.835 [Test worker] DEBUG org.springframework.test.context.BootstrapUtils - Instantiating BootstrapContext using constructor [public org.springframework.test.context.support.DefaultBootstrapContext(java.lang.Class,org.springframework.test.context.CacheAwareContextLoaderDelegate)]
00:08:39.858 [Test worker] DEBUG org.springframework.test.context.BootstrapUtils - Instantiating TestContextBootstrapper for test class [org.retailmanager.init.RetailManagerControllerTest] from class [org.springframework.test.context.web.WebTestContextBootstrapper]
00:08:39.889 [Test worker] DEBUG org.springframework.test.context.web.WebTestContextBootstrapper - Found explicit ContextLoader class [org.springframework.boot.test.SpringApplicationContextLoader] for context configuration attributes [ContextConfigurationAttributes@5b89182e declaringClass = 'org.retailmanager.init.BaseTestController', classes = '{class org.retailmanager.init.Application}', locations = '{}', inheritLocations = true, initializers = '{}', inheritInitializers = true, name = [null], contextLoaderClass = 'org.springframework.boot.test.SpringApplicationContextLoader']
00:08:39.895 [Test worker] DEBUG org.springframework.test.context.support.AbstractContextLoader - Did not detect default resource location for test class [org.retailmanager.init.BaseTestController]: class path resource [org/retailmanager/init/BaseTestController-context.xml] does not exist
00:08:39.895 [Test worker] DEBUG org.springframework.test.context.support.AbstractContextLoader - Did not detect default resource location for test class [org.retailmanager.init.BaseTestController]: class path resource [org/retailmanager/init/BaseTestControllerContext.groovy] does not exist
00:08:39.895 [Test worker] INFO org.springframework.test.context.support.AbstractContextLoader - Could not detect default resource locations for test class [org.retailmanager.init.BaseTestController]: no resource found for suffixes {-context.xml, Context.groovy}.
00:08:39.897 [Test worker] DEBUG org.springframework.test.context.support.ActiveProfilesUtils - Could not find an 'annotation declaring class' for annotation type [org.springframework.test.context.ActiveProfiles] and class [org.retailmanager.init.RetailManagerControllerTest]
00:08:39.908 [Test worker] DEBUG org.springframework.test.context.web.WebTestContextBootstrapper - @TestExecutionListeners is not present for class [org.retailmanager.init.RetailManagerControllerTest]: using defaults.
00:08:39.915 [Test worker] INFO org.springframework.test.context.web.WebTestContextBootstrapper - Loaded default TestExecutionListener class names from location [META-INF/spring.factories]: [org.springframework.test.context.web.ServletTestExecutionListener, org.springframework.test.context.support.DirtiesContextBeforeModesTestExecutionListener, org.springframework.test.context.support.DependencyInjectionTestExecutionListener, org.springframework.test.context.support.DirtiesContextTestExecutionListener, org.springframework.test.context.transaction.TransactionalTestExecutionListener, org.springframework.test.context.jdbc.SqlScriptsTestExecutionListener]
00:08:39.924 [Test worker] INFO org.springframework.test.context.web.WebTestContextBootstrapper - Could not instantiate TestExecutionListener [org.springframework.test.context.jdbc.SqlScriptsTestExecutionListener]. Specify custom listener classes or make the default listener classes (and their required dependencies) available. Offending class: [org/springframework/transaction/interceptor/TransactionAttribute]
00:08:39.932 [Test worker] INFO org.springframework.test.context.web.WebTestContextBootstrapper - Could not instantiate TestExecutionListener [org.springframework.test.context.transaction.TransactionalTestExecutionListener]. Specify custom listener classes or make the default listener classes (and their required dependencies) available. Offending class: [org/springframework/transaction/interceptor/TransactionAttributeSource]
00:08:39.935 [Test worker] INFO org.springframework.test.context.web.WebTestContextBootstrapper - Using TestExecutionListeners: [org.springframework.test.context.web.ServletTestExecutionListener@3ed89ad2, org.springframework.test.context.support.DirtiesContextBeforeModesTestExecutionListener@62d321df, org.springframework.test.context.support.DependencyInjectionTestExecutionListener@47e50e05, org.springframework.test.context.support.DirtiesContextTestExecutionListener@25a682c6]
00:08:39.940 [Test worker] DEBUG org.springframework.test.annotation.ProfileValueUtils - Retrieved @ProfileValueSourceConfiguration [null] for test class [org.retailmanager.init.RetailManagerControllerTest]
00:08:39.941 [Test worker] DEBUG org.springframework.test.annotation.ProfileValueUtils - Retrieved ProfileValueSource type [class org.springframework.test.annotation.SystemProfileValueSource] for class [org.retailmanager.init.RetailManagerControllerTest]
00:08:39.945 [Test worker] DEBUG org.springframework.test.annotation.ProfileValueUtils - Retrieved @ProfileValueSourceConfiguration [null] for test class [org.retailmanager.init.RetailManagerControllerTest]
00:08:39.945 [Test worker] DEBUG org.springframework.test.annotation.ProfileValueUtils - Retrieved ProfileValueSource type [class org.springframework.test.annotation.SystemProfileValueSource] for class [org.retailmanager.init.RetailManagerControllerTest]
00:08:39.949 [Test worker] DEBUG org.springframework.test.context.support.AbstractDirtiesContextTestExecutionListener - Before test class: context [DefaultTestContext@51bbf839 testClass = RetailManagerControllerTest, testInstance = [null], testMethod = [null], testException = [null], mergedContextConfiguration = [WebMergedContextConfiguration@4538826f testClass = RetailManagerControllerTest, locations = '{}', classes = '{class org.retailmanager.init.Application}', contextInitializerClasses = '[]', activeProfiles = '{}', propertySourceLocations = '{}', propertySourceProperties = '{}', resourceBasePath = 'src/main/webapp', contextLoader = 'org.springframework.boot.test.SpringApplicationContextLoader', parent = [null]]], class annotated with @DirtiesContext [false] with mode [null].
00:08:39.952 [Test worker] DEBUG org.springframework.test.annotation.ProfileValueUtils - Retrieved @ProfileValueSourceConfiguration [null] for test class [org.retailmanager.init.RetailManagerControllerTest]
00:08:39.952 [Test worker] DEBUG org.springframework.test.annotation.ProfileValueUtils - Retrieved ProfileValueSource type [class org.springframework.test.annotation.SystemProfileValueSource] for class [org.retailmanager.init.RetailManagerControllerTest]
00:08:40.045 [Test worker] DEBUG org.springframework.core.env.StandardEnvironment - Adding [systemProperties] PropertySource with lowest search precedence
00:08:40.046 [Test worker] DEBUG org.springframework.core.env.StandardEnvironment - Adding [systemEnvironment] PropertySource with lowest search precedence
00:08:40.046 [Test worker] DEBUG org.springframework.core.env.StandardEnvironment - Initialized StandardEnvironment with PropertySources [systemProperties,systemEnvironment]
00:08:40.048 [Test worker] DEBUG org.springframework.core.env.StandardEnvironment - Adding [integrationTest] PropertySource with search precedence immediately lower than [systemEnvironment]

  .   ____          _            __ _ _
 /\\ / ___'_ __ _ _(_)_ __  __ _ \ \ \ \
( ( )\___ | '_ | '_| | '_ \/ _` | \ \ \ \
 \\/  ___)| |_)| | | | | || (_| |  ) ) ) )
  '  |____| .__|_| |_|_| |_\__, | / / / /
 =========|_|==============|___/=/_/_/_/
 :: Spring Boot ::        (v1.3.5.RELEASE)

2016-09-06 00:08:40.391  INFO 9196 --- [    Test worker] o.r.init.RetailManagerControllerTest     : Starting RetailManagerControllerTest on L-MAA-00438839 with PID 9196 (C:\Viru\Personal\gittest\retailmanager\build\classes\test started by vpratap in C:\Viru\Personal\gittest\retailmanager)
2016-09-06 00:08:40.393  INFO 9196 --- [    Test worker] o.r.init.RetailManagerControllerTest     : No active profile set, falling back to default profiles: default
2016-09-06 00:08:40.510  INFO 9196 --- [    Test worker] o.s.w.c.s.GenericWebApplicationContext   : Refreshing org.springframework.web.context.support.GenericWebApplicationContext@4c9ab18e: startup date [Tue Sep 06 00:08:40 IST 2016]; root of context hierarchy
2016-09-06 00:08:42.030  INFO 9196 --- [    Test worker] o.r.api.RetailsManagerController         : google key returning :null
2016-09-06 00:08:42.031  INFO 9196 --- [    Test worker] o.r.api.RetailsManagerController         : google key from properties :AIzaSyC-64Ak-bFu7EzcvOvX584RojVP1E6fbSM
2016-09-06 00:08:43.024  INFO 9196 --- [    Test worker] s.w.s.m.m.a.RequestMappingHandlerAdapter : Looking for @ControllerAdvice: org.springframework.web.context.support.GenericWebApplicationContext@4c9ab18e: startup date [Tue Sep 06 00:08:40 IST 2016]; root of context hierarchy
2016-09-06 00:08:43.106  INFO 9196 --- [    Test worker] s.w.s.m.m.a.RequestMappingHandlerMapping : Mapped "{[/api/shops],methods=[POST],consumes=[application/json],produces=[application/json]}" onto public org.springframework.http.ResponseEntity<org.retailmanager.api.response.ShopsResponse> org.retailmanager.api.RetailsManagerController.addShop(org.retailmanager.api.request.ShopRequest)
2016-09-06 00:08:43.107  INFO 9196 --- [    Test worker] s.w.s.m.m.a.RequestMappingHandlerMapping : Mapped "{[/api/shops],methods=[GET],produces=[application/json]}" onto public org.springframework.http.ResponseEntity<java.util.Collection<org.retailmanager.api.response.ShopsResponse>> org.retailmanager.api.RetailsManagerController.getShops(java.lang.Float,java.lang.Float,java.lang.Integer)
2016-09-06 00:08:43.110  INFO 9196 --- [    Test worker] s.w.s.m.m.a.RequestMappingHandlerMapping : Mapped "{[/error]}" onto public org.springframework.http.ResponseEntity<java.util.Map<java.lang.String, java.lang.Object>> org.springframework.boot.autoconfigure.web.BasicErrorController.error(javax.servlet.http.HttpServletRequest)
2016-09-06 00:08:43.110  INFO 9196 --- [    Test worker] s.w.s.m.m.a.RequestMappingHandlerMapping : Mapped "{[/error],produces=[text/html]}" onto public org.springframework.web.servlet.ModelAndView org.springframework.boot.autoconfigure.web.BasicErrorController.errorHtml(javax.servlet.http.HttpServletRequest,javax.servlet.http.HttpServletResponse)
2016-09-06 00:08:43.115  INFO 9196 --- [    Test worker] o.s.w.s.c.a.WebMvcConfigurerAdapter      : Adding welcome page: ServletContext resource [/index.html]
2016-09-06 00:08:43.131  INFO 9196 --- [    Test worker] o.s.w.s.handler.SimpleUrlHandlerMapping  : Root mapping to handler of type [class org.springframework.web.servlet.mvc.ParameterizableViewController]
2016-09-06 00:08:43.146  INFO 9196 --- [    Test worker] o.s.w.s.handler.SimpleUrlHandlerMapping  : Mapped URL path [/webjars/**] onto handler of type [class org.springframework.web.servlet.resource.ResourceHttpRequestHandler]
2016-09-06 00:08:43.146  INFO 9196 --- [    Test worker] o.s.w.s.handler.SimpleUrlHandlerMapping  : Mapped URL path [/**] onto handler of type [class org.springframework.web.servlet.resource.ResourceHttpRequestHandler]
2016-09-06 00:08:43.174  INFO 9196 --- [    Test worker] .m.m.a.ExceptionHandlerExceptionResolver : Detected @ExceptionHandler methods in globalExceptionHandler
2016-09-06 00:08:43.205  INFO 9196 --- [    Test worker] o.s.w.s.handler.SimpleUrlHandlerMapping  : Mapped URL path [/**/favicon.ico] onto handler of type [class org.springframework.web.servlet.resource.ResourceHttpRequestHandler]
2016-09-06 00:08:43.585  INFO 9196 --- [    Test worker] o.r.init.RetailManagerControllerTest     : Started RetailManagerControllerTest in 3.528 seconds (JVM running for 4.647)
2016-09-06 00:08:43.615  INFO 9196 --- [    Test worker] o.s.b.test.SpringBootMockServletContext  : Initializing Spring FrameworkServlet ''
2016-09-06 00:08:43.616  INFO 9196 --- [    Test worker] o.s.t.web.servlet.TestDispatcherServlet  : FrameworkServlet '': initialization started
2016-09-06 00:08:43.631  INFO 9196 --- [    Test worker] o.s.t.web.servlet.TestDispatcherServlet  : FrameworkServlet '': initialization completed in 15 ms
2016-09-06 00:08:43.703  INFO 9196 --- [    Test worker] o.r.api.RetailsManagerController         : getShops called
2016-09-06 00:08:43.703  INFO 9196 --- [    Test worker] o.r.api.RetailsManagerController         : Loading search data
2016-09-06 00:08:43.704  INFO 9196 --- [    Test worker] o.r.rest.bs.RetailManagerService         : getShops called
2016-09-06 00:08:43.740  INFO 9196 --- [    Test worker] o.r.api.RetailsManagerController         : google key returning :AIzaSyC-64Ak-bFu7EzcvOvX584RojVP1E6fbSM
2016-09-06 00:08:43.835  INFO 9196 --- [    Test worker] com.google.maps.OkHttpRequestHandler     : Request: https://maps.googleapis.com/maps/api/geocode/json?key=AIzaSyC-64Ak-bFu7EzcvOvX584RojVP1E6fbSM&latlng=12.79494762%2C80.19866180
2016-09-06 00:08:45.335  INFO 9196 --- [    Test worker] o.r.g.restclient.GoogleGeoCodeClient     : Vandalur-Kelambakkam Rd, Egattur, Tamil Nadu 603103, India
2016-09-06 00:08:45.336  INFO 9196 --- [    Test worker] o.r.rest.repository.ShopsRepository      : find all called : 603103
2016-09-06 00:08:45.336  INFO 9196 --- [    Test worker] o.r.api.RetailsManagerController         : Returning shops count :1
2016-09-06 00:08:45.410  INFO 9196 --- [    Test worker] o.s.b.test.SpringBootMockServletContext  : Initializing Spring FrameworkServlet ''
2016-09-06 00:08:45.410  INFO 9196 --- [    Test worker] o.s.t.web.servlet.TestDispatcherServlet  : FrameworkServlet '': initialization started
2016-09-06 00:08:45.413  INFO 9196 --- [    Test worker] o.s.t.web.servlet.TestDispatcherServlet  : FrameworkServlet '': initialization completed in 3 ms
2016-09-06 00:08:45.489  INFO 9196 --- [    Test worker] o.r.api.RetailsManagerController         : addShop called : org.retailmanager.api.request.ShopRequest@3993d78d
2016-09-06 00:08:45.490  INFO 9196 --- [    Test worker] o.r.rest.bs.RetailManagerService         : addShop called
2016-09-06 00:08:45.490  INFO 9196 --- [    Test worker] o.r.api.RetailsManagerController         : google key returning :AIzaSyC-64Ak-bFu7EzcvOvX584RojVP1E6fbSM
2016-09-06 00:08:45.490  INFO 9196 --- [    Test worker] o.r.g.restclient.GoogleGeoCodeClient     : google key is :AIzaSyC-64Ak-bFu7EzcvOvX584RojVP1E6fbSM
2016-09-06 00:08:45.490  INFO 9196 --- [    Test worker] o.r.api.RetailsManagerController         : google key returning :AIzaSyC-64Ak-bFu7EzcvOvX584RojVP1E6fbSM
2016-09-06 00:08:45.492  INFO 9196 --- [    Test worker] com.google.maps.OkHttpRequestHandler     : Request: https://maps.googleapis.com/maps/api/geocode/json?key=AIzaSyC-64Ak-bFu7EzcvOvX584RojVP1E6fbSM&components=postal_code%3A603103&address=1600+ags+cinema
2016-09-06 00:08:45.608  INFO 9196 --- [    Test worker] o.r.g.restclient.GoogleGeoCodeClient     : address compoenent :603103	 type :[Lcom.google.maps.model.AddressComponentType;@35259f17
2016-09-06 00:08:45.608  INFO 9196 --- [    Test worker] o.r.rest.repository.ShopsRepository      : save called
2016-09-06 00:08:45.614  INFO 9196 --- [    Test worker] o.s.b.test.SpringBootMockServletContext  : Initializing Spring FrameworkServlet ''
2016-09-06 00:08:45.614  INFO 9196 --- [    Test worker] o.s.t.web.servlet.TestDispatcherServlet  : FrameworkServlet '': initialization started
2016-09-06 00:08:45.616  INFO 9196 --- [    Test worker] o.s.t.web.servlet.TestDispatcherServlet  : FrameworkServlet '': initialization completed in 2 ms
2016-09-06 00:08:45.617  INFO 9196 --- [    Test worker] o.r.api.RetailsManagerController         : getShops called
2016-09-06 00:08:45.617  INFO 9196 --- [    Test worker] o.r.api.RetailsManagerController         : Loading search data
2016-09-06 00:08:45.617  INFO 9196 --- [    Test worker] o.r.rest.bs.RetailManagerService         : getShops called
2016-09-06 00:08:45.617  INFO 9196 --- [    Test worker] o.r.api.RetailsManagerController         : google key returning :AIzaSyC-64Ak-bFu7EzcvOvX584RojVP1E6fbSM
2016-09-06 00:08:45.618  INFO 9196 --- [    Test worker] com.google.maps.OkHttpRequestHandler     : Request: https://maps.googleapis.com/maps/api/geocode/json?key=AIzaSyC-64Ak-bFu7EzcvOvX584RojVP1E6fbSM&latlng=9223372036854776000.00000000%2C9223372036854776000.00000000
2016-09-06 00:08:45.683  INFO 9196 --- [    Test worker] o.r.api.RetailsManagerController         : No shop found
2016-09-06 00:08:45.689  INFO 9196 --- [    Test worker] o.s.b.test.SpringBootMockServletContext  : Initializing Spring FrameworkServlet ''
2016-09-06 00:08:45.689  INFO 9196 --- [    Test worker] o.s.t.web.servlet.TestDispatcherServlet  : FrameworkServlet '': initialization started
2016-09-06 00:08:45.693  INFO 9196 --- [    Test worker] o.s.t.web.servlet.TestDispatcherServlet  : FrameworkServlet '': initialization completed in 4 ms
2016-09-06 00:08:45.693  INFO 9196 --- [    Test worker] o.retailmanager.init.BaseTestController  : context loaded successfully
]]></system-out>
  <system-err><![CDATA[]]></system-err>
</testsuite>
